<?xml version="1.0" encoding="UTF-8"?>
<!-- Generated by org.testng.reporters.JUnitXMLReporter -->
<testsuite ignored="0" hostname="LTP11" failures="0" tests="33" name="AAS Extra PT Test" time="179.842" errors="0" timestamp="22 Nov 2020 10:49:54 GMT">
  <testcase classname="AASProductTestCase.AASProductTest.qa.testcases.ExtraPTPageTest" name="ExtraPTTest" time="6.896"/>
  <testcase classname="AASProductTestCase.AASProductTest.qa.testcases.ExtraPTPageTest" name="ExtraPTTest" time="6.722"/>
  <testcase classname="AASProductTestCase.AASProductTest.qa.testcases.ExtraPTPageTest" name="ExtraPTTest" time="6.797"/>
  <testcase classname="AASProductTestCase.AASProductTest.qa.testcases.ExtraPTPageTest" name="ExtraPTTest" time="6.705"/>
  <testcase classname="AASProductTestCase.AASProductTest.qa.testcases.ExtraPTPageTest" name="ExtraPTTest" time="6.692"/>
  <testcase classname="AASProductTestCase.AASProductTest.qa.testcases.ExtraPTPageTest" name="ExtraPTTest" time="6.816"/>
  <testcase classname="AASProductTestCase.AASProductTest.qa.testcases.ExtraPTPageTest" name="ExtraPTTest" time="6.662"/>
  <testcase classname="AASProductTestCase.AASProductTest.qa.testcases.ExtraPTPageTest" name="ExtraPTTest" time="6.669"/>
  <testcase classname="AASProductTestCase.AASProductTest.qa.testcases.ExtraPTPageTest" name="ExtraPTTest" time="6.686"/>
  <testcase classname="AASProductTestCase.AASProductTest.qa.testcases.ExtraPTPageTest" name="ExtraPTTest" time="6.665"/>
  <testcase classname="AASProductTestCase.AASProductTest.qa.testcases.ExtraPTPageTest" name="ExtraPTTest" time="6.729"/>
  <testcase classname="AASProductTestCase.AASProductTest.qa.testcases.ExtraPTPageTest" name="ExtraPTTest" time="6.73"/>
  <testcase classname="AASProductTestCase.AASProductTest.qa.testcases.ExtraPTPageTest" name="ExtraPTTest" time="6.728"/>
  <testcase classname="AASProductTestCase.AASProductTest.qa.testcases.ExtraPTPageTest" name="ExtraPTTest" time="6.651"/>
  <testcase classname="AASProductTestCase.AASProductTest.qa.testcases.ExtraPTPageTest" name="ExtraPTTest" time="6.732"/>
  <testcase classname="AASProductTestCase.AASProductTest.qa.testcases.ExtraPTPageTest" name="ExtraPTGroupUpdate" time="10.823"/>
  <testcase classname="AASProductTestCase.AASProductTest.qa.testcases.ExtraPTPageTest" name="ExtraPTTest02" time="3.034"/>
  <testcase classname="AASProductTestCase.AASProductTest.qa.testcases.ExtraPTPageTest" name="ExtraPTTest02" time="3.024"/>
  <testcase classname="AASProductTestCase.AASProductTest.qa.testcases.ExtraPTPageTest" name="ExtraPTTest02" time="3.022"/>
  <testcase classname="AASProductTestCase.AASProductTest.qa.testcases.ExtraPTPageTest" name="ExtraPTTest02" time="3.026"/>
  <testcase classname="AASProductTestCase.AASProductTest.qa.testcases.ExtraPTPageTest" name="ExtraPTTest02" time="3.03"/>
  <testcase classname="AASProductTestCase.AASProductTest.qa.testcases.ExtraPTPageTest" name="ExtraPTTest02" time="3.036"/>
  <testcase classname="AASProductTestCase.AASProductTest.qa.testcases.ExtraPTPageTest" name="ExtraPTTest02" time="3.034"/>
  <testcase classname="AASProductTestCase.AASProductTest.qa.testcases.ExtraPTPageTest" name="ExtraPTTest02" time="3.024"/>
  <testcase classname="AASProductTestCase.AASProductTest.qa.testcases.ExtraPTPageTest" name="ExtraPTTest02" time="3.042"/>
  <testcase classname="AASProductTestCase.AASProductTest.qa.testcases.ExtraPTPageTest" name="ExtraPTTest02" time="3.027"/>
  <testcase classname="AASProductTestCase.AASProductTest.qa.testcases.ExtraPTPageTest" name="ExtraPTTest02" time="3.033"/>
  <testcase classname="AASProductTestCase.AASProductTest.qa.testcases.ExtraPTPageTest" name="ExtraPTTest02" time="3.024"/>
  <testcase classname="AASProductTestCase.AASProductTest.qa.testcases.ExtraPTPageTest" name="ExtraPTTest02" time="3.025"/>
  <testcase classname="AASProductTestCase.AASProductTest.qa.testcases.ExtraPTPageTest" name="ExtraPTTest02" time="3.032"/>
  <testcase classname="AASProductTestCase.AASProductTest.qa.testcases.ExtraPTPageTest" name="ExtraPTTest02" time="3.025"/>
  <testcase classname="AASProductTestCase.AASProductTest.qa.testcases.ExtraPTPageTest" name="ExtraPTTest02" time="3.026"/>
  <testcase classname="AASProductTestCase.AASProductTest.qa.testcases.ExtraPTPageTest" name="ExtraPTTest02" time="3.043"/>
</testsuite> <!-- AAS Extra PT Test -->
