<?xml version="1.0" encoding="UTF-8"?>
<!-- Generated by org.testng.reporters.JUnitXMLReporter -->
<testsuite ignored="0" hostname="LTP11" failures="46" tests="200" name="AAS PT Setting Test" time="705.388" errors="0" timestamp="16 Oct 2020 09:19:33 GMT">
  <testcase classname="AASProductTestCase.AASProductTest.qa.testcases.PTSettingPageTest" name="PTSettingCAPositiveTest01" time="4.905"/>
  <testcase classname="AASProductTestCase.AASProductTest.qa.testcases.PTSettingPageTest" name="PTSettingCAPositiveTest01" time="4.75"/>
  <testcase classname="AASProductTestCase.AASProductTest.qa.testcases.PTSettingPageTest" name="PTSettingCAPositiveTest01" time="4.85"/>
  <testcase classname="AASProductTestCase.AASProductTest.qa.testcases.PTSettingPageTest" name="PTSettingCAPositiveTest01" time="4.726"/>
  <testcase classname="AASProductTestCase.AASProductTest.qa.testcases.PTSettingPageTest" name="PTSettingCAPositiveTest01" time="4.817"/>
  <testcase classname="AASProductTestCase.AASProductTest.qa.testcases.PTSettingPageTest" name="PTSettingCAPositiveTest01" time="4.732"/>
  <testcase classname="AASProductTestCase.AASProductTest.qa.testcases.PTSettingPageTest" name="PTSettingCAPositiveTest01" time="4.974">
    <failure type="java.lang.AssertionError" message="expected [70] but found [50.5]">
      <![CDATA[java.lang.AssertionError: expected [70] but found [50.5]
	at AASProductTestCase.AASProductTest.qa.testcases.PTSettingPageTest.PTSettingCAPositiveTest01(PTSettingPageTest.java:112)
... Removed 36 stack frames]]>
    </failure>
  </testcase> <!-- PTSettingCAPositiveTest01 -->
  <testcase classname="AASProductTestCase.AASProductTest.qa.testcases.PTSettingPageTest" name="PTSettingCAPositiveTest01" time="4.932"/>
  <testcase classname="AASProductTestCase.AASProductTest.qa.testcases.PTSettingPageTest" name="PTSettingCAPositiveTest01" time="4.947"/>
  <testcase classname="AASProductTestCase.AASProductTest.qa.testcases.PTSettingPageTest" name="PTSettingCAPositiveTest01" time="4.751"/>
  <testcase classname="AASProductTestCase.AASProductTest.qa.testcases.PTSettingPageTest" name="PTSettingCAPositiveTest01" time="4.746"/>
  <testcase classname="AASProductTestCase.AASProductTest.qa.testcases.PTSettingPageTest" name="PTSettingCAPositiveTest01" time="4.74"/>
  <testcase classname="AASProductTestCase.AASProductTest.qa.testcases.PTSettingPageTest" name="PTSettingCAPositiveTest01" time="4.758"/>
  <testcase classname="AASProductTestCase.AASProductTest.qa.testcases.PTSettingPageTest" name="PTSettingCAPositiveTest01" time="4.773"/>
  <testcase classname="AASProductTestCase.AASProductTest.qa.testcases.PTSettingPageTest" name="PTSettingCAPositiveTest01" time="4.804"/>
  <testcase classname="AASProductTestCase.AASProductTest.qa.testcases.PTSettingPageTest" name="PTSettingCAGroupUpdate" time="8.633"/>
  <testcase classname="AASProductTestCase.AASProductTest.qa.testcases.PTSettingPageTest" name="PTSettingCAPositiveTest02" time="1.05"/>
  <testcase classname="AASProductTestCase.AASProductTest.qa.testcases.PTSettingPageTest" name="PTSettingCAPositiveTest02" time="1.053"/>
  <testcase classname="AASProductTestCase.AASProductTest.qa.testcases.PTSettingPageTest" name="PTSettingCAPositiveTest02" time="1.05"/>
  <testcase classname="AASProductTestCase.AASProductTest.qa.testcases.PTSettingPageTest" name="PTSettingCAPositiveTest02" time="1.064"/>
  <testcase classname="AASProductTestCase.AASProductTest.qa.testcases.PTSettingPageTest" name="PTSettingCAPositiveTest02" time="1.071"/>
  <testcase classname="AASProductTestCase.AASProductTest.qa.testcases.PTSettingPageTest" name="PTSettingCAPositiveTest02" time="1.05"/>
  <testcase classname="AASProductTestCase.AASProductTest.qa.testcases.PTSettingPageTest" name="PTSettingCAPositiveTest02" time="1.052"/>
  <testcase classname="AASProductTestCase.AASProductTest.qa.testcases.PTSettingPageTest" name="PTSettingCAPositiveTest02" time="1.052"/>
  <testcase classname="AASProductTestCase.AASProductTest.qa.testcases.PTSettingPageTest" name="PTSettingCAPositiveTest02" time="1.053"/>
  <testcase classname="AASProductTestCase.AASProductTest.qa.testcases.PTSettingPageTest" name="PTSettingCAPositiveTest02" time="1.054"/>
  <testcase classname="AASProductTestCase.AASProductTest.qa.testcases.PTSettingPageTest" name="PTSettingCAPositiveTest02" time="1.053"/>
  <testcase classname="AASProductTestCase.AASProductTest.qa.testcases.PTSettingPageTest" name="PTSettingCAPositiveTest02" time="1.054"/>
  <testcase classname="AASProductTestCase.AASProductTest.qa.testcases.PTSettingPageTest" name="PTSettingCAPositiveTest02" time="1.049"/>
  <testcase classname="AASProductTestCase.AASProductTest.qa.testcases.PTSettingPageTest" name="PTSettingCAPositiveTest02" time="1.048"/>
  <testcase classname="AASProductTestCase.AASProductTest.qa.testcases.PTSettingPageTest" name="PTSettingCAPositiveTest02" time="1.052"/>
  <testcase classname="AASProductTestCase.AASProductTest.qa.testcases.PTSettingPageTest" name="PTSettingCANegativeTest01" time="4.682"/>
  <testcase classname="AASProductTestCase.AASProductTest.qa.testcases.PTSettingPageTest" name="PTSettingCANegativeTest01" time="4.763"/>
  <testcase classname="AASProductTestCase.AASProductTest.qa.testcases.PTSettingPageTest" name="PTSettingCANegativeTest01" time="4.844"/>
  <testcase classname="AASProductTestCase.AASProductTest.qa.testcases.PTSettingPageTest" name="PTSettingCANegativeTest01" time="5.013"/>
  <testcase classname="AASProductTestCase.AASProductTest.qa.testcases.PTSettingPageTest" name="PTSettingCANegativeTest01" time="4.654"/>
  <testcase classname="AASProductTestCase.AASProductTest.qa.testcases.PTSettingPageTest" name="PTSettingCANegativeTest01" time="4.693"/>
  <testcase classname="AASProductTestCase.AASProductTest.qa.testcases.PTSettingPageTest" name="PTSettingCANegativeTest01" time="4.669"/>
  <testcase classname="AASProductTestCase.AASProductTest.qa.testcases.PTSettingPageTest" name="PTSettingCANegativeTest01" time="4.652"/>
  <testcase classname="AASProductTestCase.AASProductTest.qa.testcases.PTSettingPageTest" name="PTSettingCANegativeTest01" time="4.681"/>
  <testcase classname="AASProductTestCase.AASProductTest.qa.testcases.PTSettingPageTest" name="PTSettingCANegativeTest01" time="4.689"/>
  <testcase classname="AASProductTestCase.AASProductTest.qa.testcases.PTSettingPageTest" name="PTSettingCANegativeTest01" time="4.691"/>
  <testcase classname="AASProductTestCase.AASProductTest.qa.testcases.PTSettingPageTest" name="PTSettingCANegativeTest01" time="4.696"/>
  <testcase classname="AASProductTestCase.AASProductTest.qa.testcases.PTSettingPageTest" name="PTSettingCANegativeTest01" time="4.736"/>
  <testcase classname="AASProductTestCase.AASProductTest.qa.testcases.PTSettingPageTest" name="PTSettingCANegativeTest01" time="4.671"/>
  <testcase classname="AASProductTestCase.AASProductTest.qa.testcases.PTSettingPageTest" name="PTSettingCANegativeTest01" time="4.687"/>
  <testcase classname="AASProductTestCase.AASProductTest.qa.testcases.PTSettingPageTest" name="PTSettingCANegativeTest02" time="4.658"/>
  <testcase classname="AASProductTestCase.AASProductTest.qa.testcases.PTSettingPageTest" name="PTSettingCANegativeTest02" time="4.665"/>
  <testcase classname="AASProductTestCase.AASProductTest.qa.testcases.PTSettingPageTest" name="PTSettingCANegativeTest02" time="4.669"/>
  <testcase classname="AASProductTestCase.AASProductTest.qa.testcases.PTSettingPageTest" name="PTSettingCANegativeTest02" time="4.665"/>
  <testcase classname="AASProductTestCase.AASProductTest.qa.testcases.PTSettingPageTest" name="PTSettingCANegativeTest02" time="4.746"/>
  <testcase classname="AASProductTestCase.AASProductTest.qa.testcases.PTSettingPageTest" name="PTSettingCANegativeTest02" time="4.73"/>
  <testcase classname="AASProductTestCase.AASProductTest.qa.testcases.PTSettingPageTest" name="PTSettingCANegativeTest02" time="4.74"/>
  <testcase classname="AASProductTestCase.AASProductTest.qa.testcases.PTSettingPageTest" name="PTSettingCANegativeTest02" time="4.671"/>
  <testcase classname="AASProductTestCase.AASProductTest.qa.testcases.PTSettingPageTest" name="PTSettingCANegativeTest02" time="4.665"/>
  <testcase classname="AASProductTestCase.AASProductTest.qa.testcases.PTSettingPageTest" name="PTSettingCANegativeTest02" time="4.7"/>
  <testcase classname="AASProductTestCase.AASProductTest.qa.testcases.PTSettingPageTest" name="PTSettingCANegativeTest02" time="4.699"/>
  <testcase classname="AASProductTestCase.AASProductTest.qa.testcases.PTSettingPageTest" name="PTSettingCANegativeTest02" time="4.7"/>
  <testcase classname="AASProductTestCase.AASProductTest.qa.testcases.PTSettingPageTest" name="PTSettingCANegativeTest02" time="4.684"/>
  <testcase classname="AASProductTestCase.AASProductTest.qa.testcases.PTSettingPageTest" name="PTSettingCANegativeTest02" time="4.663"/>
  <testcase classname="AASProductTestCase.AASProductTest.qa.testcases.PTSettingPageTest" name="PTSettingCANegativeTest02" time="4.664"/>
  <testcase classname="AASProductTestCase.AASProductTest.qa.testcases.PTSettingPageTest" name="ProceedSMACheck" time="4.575"/>
  <testcase classname="AASProductTestCase.AASProductTest.qa.testcases.PTSettingPageTest" name="PTSettingSMAGivenPTCheck" time="1.051"/>
  <testcase classname="AASProductTestCase.AASProductTest.qa.testcases.PTSettingPageTest" name="PTSettingSMAGivenPTCheck" time="1.051"/>
  <testcase classname="AASProductTestCase.AASProductTest.qa.testcases.PTSettingPageTest" name="PTSettingSMAGivenPTCheck" time="1.054"/>
  <testcase classname="AASProductTestCase.AASProductTest.qa.testcases.PTSettingPageTest" name="PTSettingSMAGivenPTCheck" time="1.049"/>
  <testcase classname="AASProductTestCase.AASProductTest.qa.testcases.PTSettingPageTest" name="PTSettingSMAGivenPTCheck" time="1.049"/>
  <testcase classname="AASProductTestCase.AASProductTest.qa.testcases.PTSettingPageTest" name="PTSettingSMAGivenPTCheck" time="1.05"/>
  <testcase classname="AASProductTestCase.AASProductTest.qa.testcases.PTSettingPageTest" name="PTSettingSMAGivenPTCheck" time="1.057"/>
  <testcase classname="AASProductTestCase.AASProductTest.qa.testcases.PTSettingPageTest" name="PTSettingSMAGivenPTCheck" time="1.053"/>
  <testcase classname="AASProductTestCase.AASProductTest.qa.testcases.PTSettingPageTest" name="PTSettingSMAGivenPTCheck" time="1.053"/>
  <testcase classname="AASProductTestCase.AASProductTest.qa.testcases.PTSettingPageTest" name="PTSettingSMAGivenPTCheck" time="1.049"/>
  <testcase classname="AASProductTestCase.AASProductTest.qa.testcases.PTSettingPageTest" name="PTSettingSMAGivenPTCheck" time="1.047"/>
  <testcase classname="AASProductTestCase.AASProductTest.qa.testcases.PTSettingPageTest" name="PTSettingSMAGivenPTCheck" time="1.068"/>
  <testcase classname="AASProductTestCase.AASProductTest.qa.testcases.PTSettingPageTest" name="PTSettingSMAGivenPTCheck" time="1.051"/>
  <testcase classname="AASProductTestCase.AASProductTest.qa.testcases.PTSettingPageTest" name="PTSettingSMAGivenPTCheck" time="1.059"/>
  <testcase classname="AASProductTestCase.AASProductTest.qa.testcases.PTSettingPageTest" name="PTSettingSMAGivenPTCheck" time="1.058"/>
  <testcase classname="AASProductTestCase.AASProductTest.qa.testcases.PTSettingPageTest" name="PTSettingSMAPositiveTest01" time="5.012"/>
  <testcase classname="AASProductTestCase.AASProductTest.qa.testcases.PTSettingPageTest" name="PTSettingSMAPositiveTest01" time="4.679"/>
  <testcase classname="AASProductTestCase.AASProductTest.qa.testcases.PTSettingPageTest" name="PTSettingSMAPositiveTest01" time="4.695"/>
  <testcase classname="AASProductTestCase.AASProductTest.qa.testcases.PTSettingPageTest" name="PTSettingSMAPositiveTest01" time="4.665"/>
  <testcase classname="AASProductTestCase.AASProductTest.qa.testcases.PTSettingPageTest" name="PTSettingSMAPositiveTest01" time="4.657"/>
  <testcase classname="AASProductTestCase.AASProductTest.qa.testcases.PTSettingPageTest" name="PTSettingSMAPositiveTest01" time="4.689"/>
  <testcase classname="AASProductTestCase.AASProductTest.qa.testcases.PTSettingPageTest" name="PTSettingSMAPositiveTest01" time="4.645">
    <failure type="java.lang.AssertionError" message="expected [50] but found [20.5]">
      <![CDATA[java.lang.AssertionError: expected [50] but found [20.5]
	at AASProductTestCase.AASProductTest.qa.testcases.PTSettingPageTest.PTSettingSMAPositiveTest01(PTSettingPageTest.java:225)
... Removed 36 stack frames]]>
    </failure>
  </testcase> <!-- PTSettingSMAPositiveTest01 -->
  <testcase classname="AASProductTestCase.AASProductTest.qa.testcases.PTSettingPageTest" name="PTSettingSMAPositiveTest01" time="4.676"/>
  <testcase classname="AASProductTestCase.AASProductTest.qa.testcases.PTSettingPageTest" name="PTSettingSMAPositiveTest01" time="4.77"/>
  <testcase classname="AASProductTestCase.AASProductTest.qa.testcases.PTSettingPageTest" name="PTSettingSMAPositiveTest01" time="4.718"/>
  <testcase classname="AASProductTestCase.AASProductTest.qa.testcases.PTSettingPageTest" name="PTSettingSMAPositiveTest01" time="4.685"/>
  <testcase classname="AASProductTestCase.AASProductTest.qa.testcases.PTSettingPageTest" name="PTSettingSMAPositiveTest01" time="4.69"/>
  <testcase classname="AASProductTestCase.AASProductTest.qa.testcases.PTSettingPageTest" name="PTSettingSMAPositiveTest01" time="4.683"/>
  <testcase classname="AASProductTestCase.AASProductTest.qa.testcases.PTSettingPageTest" name="PTSettingSMAPositiveTest01" time="4.687"/>
  <testcase classname="AASProductTestCase.AASProductTest.qa.testcases.PTSettingPageTest" name="PTSettingSMAPositiveTest01" time="4.684"/>
  <testcase classname="AASProductTestCase.AASProductTest.qa.testcases.PTSettingPageTest" name="PTSettingSMANegativeTest01" time="4.656"/>
  <testcase classname="AASProductTestCase.AASProductTest.qa.testcases.PTSettingPageTest" name="PTSettingSMANegativeTest01" time="4.671"/>
  <testcase classname="AASProductTestCase.AASProductTest.qa.testcases.PTSettingPageTest" name="PTSettingSMANegativeTest01" time="4.73"/>
  <testcase classname="AASProductTestCase.AASProductTest.qa.testcases.PTSettingPageTest" name="PTSettingSMANegativeTest01" time="4.664"/>
  <testcase classname="AASProductTestCase.AASProductTest.qa.testcases.PTSettingPageTest" name="PTSettingSMANegativeTest01" time="4.673"/>
  <testcase classname="AASProductTestCase.AASProductTest.qa.testcases.PTSettingPageTest" name="PTSettingSMANegativeTest01" time="4.664"/>
  <testcase classname="AASProductTestCase.AASProductTest.qa.testcases.PTSettingPageTest" name="PTSettingSMANegativeTest01" time="4.678"/>
  <testcase classname="AASProductTestCase.AASProductTest.qa.testcases.PTSettingPageTest" name="PTSettingSMANegativeTest01" time="4.67"/>
  <testcase classname="AASProductTestCase.AASProductTest.qa.testcases.PTSettingPageTest" name="PTSettingSMANegativeTest01" time="4.714"/>
  <testcase classname="AASProductTestCase.AASProductTest.qa.testcases.PTSettingPageTest" name="PTSettingSMANegativeTest01" time="4.652"/>
  <testcase classname="AASProductTestCase.AASProductTest.qa.testcases.PTSettingPageTest" name="PTSettingSMANegativeTest01" time="4.676"/>
  <testcase classname="AASProductTestCase.AASProductTest.qa.testcases.PTSettingPageTest" name="PTSettingSMANegativeTest01" time="4.674"/>
  <testcase classname="AASProductTestCase.AASProductTest.qa.testcases.PTSettingPageTest" name="PTSettingSMANegativeTest01" time="4.664"/>
  <testcase classname="AASProductTestCase.AASProductTest.qa.testcases.PTSettingPageTest" name="PTSettingSMANegativeTest01" time="4.72"/>
  <testcase classname="AASProductTestCase.AASProductTest.qa.testcases.PTSettingPageTest" name="PTSettingSMANegativeTest01" time="4.69"/>
  <testcase classname="AASProductTestCase.AASProductTest.qa.testcases.PTSettingPageTest" name="PTSettingSMANegativeTest02" time="4.663"/>
  <testcase classname="AASProductTestCase.AASProductTest.qa.testcases.PTSettingPageTest" name="PTSettingSMANegativeTest02" time="4.656"/>
  <testcase classname="AASProductTestCase.AASProductTest.qa.testcases.PTSettingPageTest" name="PTSettingSMANegativeTest02" time="4.642"/>
  <testcase classname="AASProductTestCase.AASProductTest.qa.testcases.PTSettingPageTest" name="PTSettingSMANegativeTest02" time="4.675"/>
  <testcase classname="AASProductTestCase.AASProductTest.qa.testcases.PTSettingPageTest" name="PTSettingSMANegativeTest02" time="4.654"/>
  <testcase classname="AASProductTestCase.AASProductTest.qa.testcases.PTSettingPageTest" name="PTSettingSMANegativeTest02" time="4.691"/>
  <testcase classname="AASProductTestCase.AASProductTest.qa.testcases.PTSettingPageTest" name="PTSettingSMANegativeTest02" time="4.659"/>
  <testcase classname="AASProductTestCase.AASProductTest.qa.testcases.PTSettingPageTest" name="PTSettingSMANegativeTest02" time="4.711"/>
  <testcase classname="AASProductTestCase.AASProductTest.qa.testcases.PTSettingPageTest" name="PTSettingSMANegativeTest02" time="4.674"/>
  <testcase classname="AASProductTestCase.AASProductTest.qa.testcases.PTSettingPageTest" name="PTSettingSMANegativeTest02" time="4.639"/>
  <testcase classname="AASProductTestCase.AASProductTest.qa.testcases.PTSettingPageTest" name="PTSettingSMANegativeTest02" time="4.711"/>
  <testcase classname="AASProductTestCase.AASProductTest.qa.testcases.PTSettingPageTest" name="PTSettingSMANegativeTest02" time="4.657"/>
  <testcase classname="AASProductTestCase.AASProductTest.qa.testcases.PTSettingPageTest" name="PTSettingSMANegativeTest02" time="4.647"/>
  <testcase classname="AASProductTestCase.AASProductTest.qa.testcases.PTSettingPageTest" name="PTSettingSMANegativeTest02" time="4.784"/>
  <testcase classname="AASProductTestCase.AASProductTest.qa.testcases.PTSettingPageTest" name="PTSettingSMANegativeTest02" time="4.731"/>
  <testcase classname="AASProductTestCase.AASProductTest.qa.testcases.PTSettingPageTest" name="PTSettingSMAGroupUpdate" time="8.716"/>
  <testcase classname="AASProductTestCase.AASProductTest.qa.testcases.PTSettingPageTest" name="PTSettingSMAPositiveTest02" time="1.05"/>
  <testcase classname="AASProductTestCase.AASProductTest.qa.testcases.PTSettingPageTest" name="PTSettingSMAPositiveTest02" time="1.056"/>
  <testcase classname="AASProductTestCase.AASProductTest.qa.testcases.PTSettingPageTest" name="PTSettingSMAPositiveTest02" time="1.055"/>
  <testcase classname="AASProductTestCase.AASProductTest.qa.testcases.PTSettingPageTest" name="PTSettingSMAPositiveTest02" time="1.048"/>
  <testcase classname="AASProductTestCase.AASProductTest.qa.testcases.PTSettingPageTest" name="PTSettingSMAPositiveTest02" time="1.049"/>
  <testcase classname="AASProductTestCase.AASProductTest.qa.testcases.PTSettingPageTest" name="PTSettingSMAPositiveTest02" time="1.051"/>
  <testcase classname="AASProductTestCase.AASProductTest.qa.testcases.PTSettingPageTest" name="PTSettingSMAPositiveTest02" time="1.056"/>
  <testcase classname="AASProductTestCase.AASProductTest.qa.testcases.PTSettingPageTest" name="PTSettingSMAPositiveTest02" time="1.053"/>
  <testcase classname="AASProductTestCase.AASProductTest.qa.testcases.PTSettingPageTest" name="PTSettingSMAPositiveTest02" time="1.068"/>
  <testcase classname="AASProductTestCase.AASProductTest.qa.testcases.PTSettingPageTest" name="PTSettingSMAPositiveTest02" time="1.072"/>
  <testcase classname="AASProductTestCase.AASProductTest.qa.testcases.PTSettingPageTest" name="PTSettingSMAPositiveTest02" time="1.047"/>
  <testcase classname="AASProductTestCase.AASProductTest.qa.testcases.PTSettingPageTest" name="PTSettingSMAPositiveTest02" time="1.05"/>
  <testcase classname="AASProductTestCase.AASProductTest.qa.testcases.PTSettingPageTest" name="PTSettingSMAPositiveTest02" time="1.06"/>
  <testcase classname="AASProductTestCase.AASProductTest.qa.testcases.PTSettingPageTest" name="PTSettingSMAPositiveTest02" time="1.048"/>
  <testcase classname="AASProductTestCase.AASProductTest.qa.testcases.PTSettingPageTest" name="PTSettingSMAPositiveTest02" time="1.047"/>
  <testcase classname="AASProductTestCase.AASProductTest.qa.testcases.PTSettingPageTest" name="ProceedMACheck" time="4.443"/>
  <testcase classname="AASProductTestCase.AASProductTest.qa.testcases.PTSettingPageTest" name="PTSettingMAGivenPTCheck" time="1.051"/>
  <testcase classname="AASProductTestCase.AASProductTest.qa.testcases.PTSettingPageTest" name="PTSettingMAGivenPTCheck" time="1.045"/>
  <testcase classname="AASProductTestCase.AASProductTest.qa.testcases.PTSettingPageTest" name="PTSettingMAGivenPTCheck" time="1.051"/>
  <testcase classname="AASProductTestCase.AASProductTest.qa.testcases.PTSettingPageTest" name="PTSettingMAGivenPTCheck" time="1.048"/>
  <testcase classname="AASProductTestCase.AASProductTest.qa.testcases.PTSettingPageTest" name="PTSettingMAGivenPTCheck" time="1.049"/>
  <testcase classname="AASProductTestCase.AASProductTest.qa.testcases.PTSettingPageTest" name="PTSettingMAGivenPTCheck" time="1.05"/>
  <testcase classname="AASProductTestCase.AASProductTest.qa.testcases.PTSettingPageTest" name="PTSettingMAGivenPTCheck" time="1.055"/>
  <testcase classname="AASProductTestCase.AASProductTest.qa.testcases.PTSettingPageTest" name="PTSettingMAGivenPTCheck" time="1.062"/>
  <testcase classname="AASProductTestCase.AASProductTest.qa.testcases.PTSettingPageTest" name="PTSettingMAGivenPTCheck" time="1.047"/>
  <testcase classname="AASProductTestCase.AASProductTest.qa.testcases.PTSettingPageTest" name="PTSettingMAGivenPTCheck" time="1.048"/>
  <testcase classname="AASProductTestCase.AASProductTest.qa.testcases.PTSettingPageTest" name="PTSettingMAGivenPTCheck" time="1.058"/>
  <testcase classname="AASProductTestCase.AASProductTest.qa.testcases.PTSettingPageTest" name="PTSettingMAGivenPTCheck" time="1.05"/>
  <testcase classname="AASProductTestCase.AASProductTest.qa.testcases.PTSettingPageTest" name="PTSettingMAGivenPTCheck" time="1.051"/>
  <testcase classname="AASProductTestCase.AASProductTest.qa.testcases.PTSettingPageTest" name="PTSettingMAGivenPTCheck" time="1.048"/>
  <testcase classname="AASProductTestCase.AASProductTest.qa.testcases.PTSettingPageTest" name="PTSettingMAGivenPTCheck" time="1.056"/>
  <testcase classname="AASProductTestCase.AASProductTest.qa.testcases.PTSettingPageTest" name="PTSettingMAPositiveTest01" time="4.768">
    <failure type="java.lang.StringIndexOutOfBoundsException" message="begin 0, end -2, length 4">
      <![CDATA[java.lang.StringIndexOutOfBoundsException: begin 0, end -2, length 4
	at java.base/java.lang.String.checkBoundsBeginEnd(String.java:3756)
	at java.base/java.lang.String.substring(String.java:1902)
	at AASProductTestCase.AASProductTest.qa.pages.PTSettingPage.getGivenPTResultAG(PTSettingPage.java:548)
	at AASProductTestCase.AASProductTest.qa.testcases.PTSettingPageTest.PTSettingMAPositiveTest01(PTSettingPageTest.java:331)
... Removed 30 stack frames]]>
    </failure>
  </testcase> <!-- PTSettingMAPositiveTest01 -->
  <testcase classname="AASProductTestCase.AASProductTest.qa.testcases.PTSettingPageTest" name="PTSettingMAPositiveTest01" time="4.642">
    <failure type="java.lang.StringIndexOutOfBoundsException" message="begin 0, end -2, length 4">
      <![CDATA[java.lang.StringIndexOutOfBoundsException: begin 0, end -2, length 4
	at java.base/java.lang.String.checkBoundsBeginEnd(String.java:3756)
	at java.base/java.lang.String.substring(String.java:1902)
	at AASProductTestCase.AASProductTest.qa.pages.PTSettingPage.getGivenPTResultAG(PTSettingPage.java:548)
	at AASProductTestCase.AASProductTest.qa.testcases.PTSettingPageTest.PTSettingMAPositiveTest01(PTSettingPageTest.java:331)
... Removed 30 stack frames]]>
    </failure>
  </testcase> <!-- PTSettingMAPositiveTest01 -->
  <testcase classname="AASProductTestCase.AASProductTest.qa.testcases.PTSettingPageTest" name="PTSettingMAPositiveTest01" time="4.639">
    <failure type="java.lang.StringIndexOutOfBoundsException" message="begin 0, end -2, length 4">
      <![CDATA[java.lang.StringIndexOutOfBoundsException: begin 0, end -2, length 4
	at java.base/java.lang.String.checkBoundsBeginEnd(String.java:3756)
	at java.base/java.lang.String.substring(String.java:1902)
	at AASProductTestCase.AASProductTest.qa.pages.PTSettingPage.getGivenPTResultAG(PTSettingPage.java:548)
	at AASProductTestCase.AASProductTest.qa.testcases.PTSettingPageTest.PTSettingMAPositiveTest01(PTSettingPageTest.java:331)
... Removed 30 stack frames]]>
    </failure>
  </testcase> <!-- PTSettingMAPositiveTest01 -->
  <testcase classname="AASProductTestCase.AASProductTest.qa.testcases.PTSettingPageTest" name="PTSettingMAPositiveTest01" time="4.67">
    <failure type="java.lang.StringIndexOutOfBoundsException" message="begin 0, end -2, length 4">
      <![CDATA[java.lang.StringIndexOutOfBoundsException: begin 0, end -2, length 4
	at java.base/java.lang.String.checkBoundsBeginEnd(String.java:3756)
	at java.base/java.lang.String.substring(String.java:1902)
	at AASProductTestCase.AASProductTest.qa.pages.PTSettingPage.getGivenPTResultAG(PTSettingPage.java:548)
	at AASProductTestCase.AASProductTest.qa.testcases.PTSettingPageTest.PTSettingMAPositiveTest01(PTSettingPageTest.java:331)
... Removed 30 stack frames]]>
    </failure>
  </testcase> <!-- PTSettingMAPositiveTest01 -->
  <testcase classname="AASProductTestCase.AASProductTest.qa.testcases.PTSettingPageTest" name="PTSettingMAPositiveTest01" time="4.646">
    <failure type="java.lang.StringIndexOutOfBoundsException" message="begin 0, end -2, length 4">
      <![CDATA[java.lang.StringIndexOutOfBoundsException: begin 0, end -2, length 4
	at java.base/java.lang.String.checkBoundsBeginEnd(String.java:3756)
	at java.base/java.lang.String.substring(String.java:1902)
	at AASProductTestCase.AASProductTest.qa.pages.PTSettingPage.getGivenPTResultAG(PTSettingPage.java:548)
	at AASProductTestCase.AASProductTest.qa.testcases.PTSettingPageTest.PTSettingMAPositiveTest01(PTSettingPageTest.java:331)
... Removed 30 stack frames]]>
    </failure>
  </testcase> <!-- PTSettingMAPositiveTest01 -->
  <testcase classname="AASProductTestCase.AASProductTest.qa.testcases.PTSettingPageTest" name="PTSettingMAPositiveTest01" time="4.658">
    <failure type="java.lang.StringIndexOutOfBoundsException" message="begin 0, end -2, length 4">
      <![CDATA[java.lang.StringIndexOutOfBoundsException: begin 0, end -2, length 4
	at java.base/java.lang.String.checkBoundsBeginEnd(String.java:3756)
	at java.base/java.lang.String.substring(String.java:1902)
	at AASProductTestCase.AASProductTest.qa.pages.PTSettingPage.getGivenPTResultAG(PTSettingPage.java:548)
	at AASProductTestCase.AASProductTest.qa.testcases.PTSettingPageTest.PTSettingMAPositiveTest01(PTSettingPageTest.java:331)
... Removed 30 stack frames]]>
    </failure>
  </testcase> <!-- PTSettingMAPositiveTest01 -->
  <testcase classname="AASProductTestCase.AASProductTest.qa.testcases.PTSettingPageTest" name="PTSettingMAPositiveTest01" time="4.682">
    <failure type="java.lang.AssertionError" message="expected [20] but found [30.5]">
      <![CDATA[java.lang.AssertionError: expected [20] but found [30.5]
	at AASProductTestCase.AASProductTest.qa.testcases.PTSettingPageTest.PTSettingMAPositiveTest01(PTSettingPageTest.java:338)
... Removed 36 stack frames]]>
    </failure>
  </testcase> <!-- PTSettingMAPositiveTest01 -->
  <testcase classname="AASProductTestCase.AASProductTest.qa.testcases.PTSettingPageTest" name="PTSettingMAPositiveTest01" time="0.024">
    <failure type="java.lang.StringIndexOutOfBoundsException" message="begin 0, end -2, length 4">
      <![CDATA[java.lang.StringIndexOutOfBoundsException: begin 0, end -2, length 4
	at java.base/java.lang.String.checkBoundsBeginEnd(String.java:3756)
	at java.base/java.lang.String.substring(String.java:1902)
	at AASProductTestCase.AASProductTest.qa.pages.PTSettingPage.getGivenPTResultAG(PTSettingPage.java:548)
	at AASProductTestCase.AASProductTest.qa.testcases.PTSettingPageTest.PTSettingMAPositiveTest01(PTSettingPageTest.java:324)
... Removed 30 stack frames]]>
    </failure>
  </testcase> <!-- PTSettingMAPositiveTest01 -->
  <testcase classname="AASProductTestCase.AASProductTest.qa.testcases.PTSettingPageTest" name="PTSettingMAPositiveTest01" time="4.651">
    <failure type="java.lang.StringIndexOutOfBoundsException" message="begin 0, end -2, length 4">
      <![CDATA[java.lang.StringIndexOutOfBoundsException: begin 0, end -2, length 4
	at java.base/java.lang.String.checkBoundsBeginEnd(String.java:3756)
	at java.base/java.lang.String.substring(String.java:1902)
	at AASProductTestCase.AASProductTest.qa.pages.PTSettingPage.getGivenPTResultAG(PTSettingPage.java:548)
	at AASProductTestCase.AASProductTest.qa.testcases.PTSettingPageTest.PTSettingMAPositiveTest01(PTSettingPageTest.java:331)
... Removed 30 stack frames]]>
    </failure>
  </testcase> <!-- PTSettingMAPositiveTest01 -->
  <testcase classname="AASProductTestCase.AASProductTest.qa.testcases.PTSettingPageTest" name="PTSettingMAPositiveTest01" time="4.7">
    <failure type="java.lang.StringIndexOutOfBoundsException" message="begin 0, end -2, length 4">
      <![CDATA[java.lang.StringIndexOutOfBoundsException: begin 0, end -2, length 4
	at java.base/java.lang.String.checkBoundsBeginEnd(String.java:3756)
	at java.base/java.lang.String.substring(String.java:1902)
	at AASProductTestCase.AASProductTest.qa.pages.PTSettingPage.getGivenPTResultAG(PTSettingPage.java:548)
	at AASProductTestCase.AASProductTest.qa.testcases.PTSettingPageTest.PTSettingMAPositiveTest01(PTSettingPageTest.java:331)
... Removed 30 stack frames]]>
    </failure>
  </testcase> <!-- PTSettingMAPositiveTest01 -->
  <testcase classname="AASProductTestCase.AASProductTest.qa.testcases.PTSettingPageTest" name="PTSettingMAPositiveTest01" time="4.624">
    <failure type="java.lang.StringIndexOutOfBoundsException" message="begin 0, end -2, length 4">
      <![CDATA[java.lang.StringIndexOutOfBoundsException: begin 0, end -2, length 4
	at java.base/java.lang.String.checkBoundsBeginEnd(String.java:3756)
	at java.base/java.lang.String.substring(String.java:1902)
	at AASProductTestCase.AASProductTest.qa.pages.PTSettingPage.getGivenPTResultAG(PTSettingPage.java:548)
	at AASProductTestCase.AASProductTest.qa.testcases.PTSettingPageTest.PTSettingMAPositiveTest01(PTSettingPageTest.java:331)
... Removed 30 stack frames]]>
    </failure>
  </testcase> <!-- PTSettingMAPositiveTest01 -->
  <testcase classname="AASProductTestCase.AASProductTest.qa.testcases.PTSettingPageTest" name="PTSettingMAPositiveTest01" time="4.662">
    <failure type="java.lang.StringIndexOutOfBoundsException" message="begin 0, end -2, length 4">
      <![CDATA[java.lang.StringIndexOutOfBoundsException: begin 0, end -2, length 4
	at java.base/java.lang.String.checkBoundsBeginEnd(String.java:3756)
	at java.base/java.lang.String.substring(String.java:1902)
	at AASProductTestCase.AASProductTest.qa.pages.PTSettingPage.getGivenPTResultAG(PTSettingPage.java:548)
	at AASProductTestCase.AASProductTest.qa.testcases.PTSettingPageTest.PTSettingMAPositiveTest01(PTSettingPageTest.java:331)
... Removed 30 stack frames]]>
    </failure>
  </testcase> <!-- PTSettingMAPositiveTest01 -->
  <testcase classname="AASProductTestCase.AASProductTest.qa.testcases.PTSettingPageTest" name="PTSettingMAPositiveTest01" time="4.649">
    <failure type="java.lang.StringIndexOutOfBoundsException" message="begin 0, end -2, length 4">
      <![CDATA[java.lang.StringIndexOutOfBoundsException: begin 0, end -2, length 4
	at java.base/java.lang.String.checkBoundsBeginEnd(String.java:3756)
	at java.base/java.lang.String.substring(String.java:1902)
	at AASProductTestCase.AASProductTest.qa.pages.PTSettingPage.getGivenPTResultAG(PTSettingPage.java:548)
	at AASProductTestCase.AASProductTest.qa.testcases.PTSettingPageTest.PTSettingMAPositiveTest01(PTSettingPageTest.java:331)
... Removed 30 stack frames]]>
    </failure>
  </testcase> <!-- PTSettingMAPositiveTest01 -->
  <testcase classname="AASProductTestCase.AASProductTest.qa.testcases.PTSettingPageTest" name="PTSettingMAPositiveTest01" time="4.638">
    <failure type="java.lang.StringIndexOutOfBoundsException" message="begin 0, end -2, length 4">
      <![CDATA[java.lang.StringIndexOutOfBoundsException: begin 0, end -2, length 4
	at java.base/java.lang.String.checkBoundsBeginEnd(String.java:3756)
	at java.base/java.lang.String.substring(String.java:1902)
	at AASProductTestCase.AASProductTest.qa.pages.PTSettingPage.getGivenPTResultAG(PTSettingPage.java:548)
	at AASProductTestCase.AASProductTest.qa.testcases.PTSettingPageTest.PTSettingMAPositiveTest01(PTSettingPageTest.java:331)
... Removed 30 stack frames]]>
    </failure>
  </testcase> <!-- PTSettingMAPositiveTest01 -->
  <testcase classname="AASProductTestCase.AASProductTest.qa.testcases.PTSettingPageTest" name="PTSettingMAPositiveTest01" time="4.639">
    <failure type="java.lang.StringIndexOutOfBoundsException" message="begin 0, end -2, length 4">
      <![CDATA[java.lang.StringIndexOutOfBoundsException: begin 0, end -2, length 4
	at java.base/java.lang.String.checkBoundsBeginEnd(String.java:3756)
	at java.base/java.lang.String.substring(String.java:1902)
	at AASProductTestCase.AASProductTest.qa.pages.PTSettingPage.getGivenPTResultAG(PTSettingPage.java:548)
	at AASProductTestCase.AASProductTest.qa.testcases.PTSettingPageTest.PTSettingMAPositiveTest01(PTSettingPageTest.java:331)
... Removed 30 stack frames]]>
    </failure>
  </testcase> <!-- PTSettingMAPositiveTest01 -->
  <testcase classname="AASProductTestCase.AASProductTest.qa.testcases.PTSettingPageTest" name="PTSettingMANegativeTest01" time="4.647">
    <failure type="java.lang.StringIndexOutOfBoundsException" message="begin 0, end -2, length 4">
      <![CDATA[java.lang.StringIndexOutOfBoundsException: begin 0, end -2, length 4
	at java.base/java.lang.String.checkBoundsBeginEnd(String.java:3756)
	at java.base/java.lang.String.substring(String.java:1902)
	at AASProductTestCase.AASProductTest.qa.pages.PTSettingPage.getGivenPTResultAG(PTSettingPage.java:548)
	at AASProductTestCase.AASProductTest.qa.testcases.PTSettingPageTest.PTSettingMANegativeTest01(PTSettingPageTest.java:351)
... Removed 30 stack frames]]>
    </failure>
  </testcase> <!-- PTSettingMANegativeTest01 -->
  <testcase classname="AASProductTestCase.AASProductTest.qa.testcases.PTSettingPageTest" name="PTSettingMANegativeTest01" time="4.635">
    <failure type="java.lang.StringIndexOutOfBoundsException" message="begin 0, end -2, length 4">
      <![CDATA[java.lang.StringIndexOutOfBoundsException: begin 0, end -2, length 4
	at java.base/java.lang.String.checkBoundsBeginEnd(String.java:3756)
	at java.base/java.lang.String.substring(String.java:1902)
	at AASProductTestCase.AASProductTest.qa.pages.PTSettingPage.getGivenPTResultAG(PTSettingPage.java:548)
	at AASProductTestCase.AASProductTest.qa.testcases.PTSettingPageTest.PTSettingMANegativeTest01(PTSettingPageTest.java:351)
... Removed 30 stack frames]]>
    </failure>
  </testcase> <!-- PTSettingMANegativeTest01 -->
  <testcase classname="AASProductTestCase.AASProductTest.qa.testcases.PTSettingPageTest" name="PTSettingMANegativeTest01" time="4.687">
    <failure type="java.lang.StringIndexOutOfBoundsException" message="begin 0, end -2, length 4">
      <![CDATA[java.lang.StringIndexOutOfBoundsException: begin 0, end -2, length 4
	at java.base/java.lang.String.checkBoundsBeginEnd(String.java:3756)
	at java.base/java.lang.String.substring(String.java:1902)
	at AASProductTestCase.AASProductTest.qa.pages.PTSettingPage.getGivenPTResultAG(PTSettingPage.java:548)
	at AASProductTestCase.AASProductTest.qa.testcases.PTSettingPageTest.PTSettingMANegativeTest01(PTSettingPageTest.java:351)
... Removed 30 stack frames]]>
    </failure>
  </testcase> <!-- PTSettingMANegativeTest01 -->
  <testcase classname="AASProductTestCase.AASProductTest.qa.testcases.PTSettingPageTest" name="PTSettingMANegativeTest01" time="4.656">
    <failure type="java.lang.StringIndexOutOfBoundsException" message="begin 0, end -2, length 4">
      <![CDATA[java.lang.StringIndexOutOfBoundsException: begin 0, end -2, length 4
	at java.base/java.lang.String.checkBoundsBeginEnd(String.java:3756)
	at java.base/java.lang.String.substring(String.java:1902)
	at AASProductTestCase.AASProductTest.qa.pages.PTSettingPage.getGivenPTResultAG(PTSettingPage.java:548)
	at AASProductTestCase.AASProductTest.qa.testcases.PTSettingPageTest.PTSettingMANegativeTest01(PTSettingPageTest.java:351)
... Removed 30 stack frames]]>
    </failure>
  </testcase> <!-- PTSettingMANegativeTest01 -->
  <testcase classname="AASProductTestCase.AASProductTest.qa.testcases.PTSettingPageTest" name="PTSettingMANegativeTest01" time="4.688">
    <failure type="java.lang.StringIndexOutOfBoundsException" message="begin 0, end -2, length 4">
      <![CDATA[java.lang.StringIndexOutOfBoundsException: begin 0, end -2, length 4
	at java.base/java.lang.String.checkBoundsBeginEnd(String.java:3756)
	at java.base/java.lang.String.substring(String.java:1902)
	at AASProductTestCase.AASProductTest.qa.pages.PTSettingPage.getGivenPTResultAG(PTSettingPage.java:548)
	at AASProductTestCase.AASProductTest.qa.testcases.PTSettingPageTest.PTSettingMANegativeTest01(PTSettingPageTest.java:351)
... Removed 30 stack frames]]>
    </failure>
  </testcase> <!-- PTSettingMANegativeTest01 -->
  <testcase classname="AASProductTestCase.AASProductTest.qa.testcases.PTSettingPageTest" name="PTSettingMANegativeTest01" time="4.671">
    <failure type="java.lang.StringIndexOutOfBoundsException" message="begin 0, end -2, length 4">
      <![CDATA[java.lang.StringIndexOutOfBoundsException: begin 0, end -2, length 4
	at java.base/java.lang.String.checkBoundsBeginEnd(String.java:3756)
	at java.base/java.lang.String.substring(String.java:1902)
	at AASProductTestCase.AASProductTest.qa.pages.PTSettingPage.getGivenPTResultAG(PTSettingPage.java:548)
	at AASProductTestCase.AASProductTest.qa.testcases.PTSettingPageTest.PTSettingMANegativeTest01(PTSettingPageTest.java:351)
... Removed 30 stack frames]]>
    </failure>
  </testcase> <!-- PTSettingMANegativeTest01 -->
  <testcase classname="AASProductTestCase.AASProductTest.qa.testcases.PTSettingPageTest" name="PTSettingMANegativeTest01" time="4.644"/>
  <testcase classname="AASProductTestCase.AASProductTest.qa.testcases.PTSettingPageTest" name="PTSettingMANegativeTest01" time="0.023">
    <failure type="java.lang.StringIndexOutOfBoundsException" message="begin 0, end -2, length 4">
      <![CDATA[java.lang.StringIndexOutOfBoundsException: begin 0, end -2, length 4
	at java.base/java.lang.String.checkBoundsBeginEnd(String.java:3756)
	at java.base/java.lang.String.substring(String.java:1902)
	at AASProductTestCase.AASProductTest.qa.pages.PTSettingPage.getGivenPTResultAG(PTSettingPage.java:548)
	at AASProductTestCase.AASProductTest.qa.testcases.PTSettingPageTest.PTSettingMANegativeTest01(PTSettingPageTest.java:344)
... Removed 30 stack frames]]>
    </failure>
  </testcase> <!-- PTSettingMANegativeTest01 -->
  <testcase classname="AASProductTestCase.AASProductTest.qa.testcases.PTSettingPageTest" name="PTSettingMANegativeTest01" time="4.637">
    <failure type="java.lang.StringIndexOutOfBoundsException" message="begin 0, end -2, length 4">
      <![CDATA[java.lang.StringIndexOutOfBoundsException: begin 0, end -2, length 4
	at java.base/java.lang.String.checkBoundsBeginEnd(String.java:3756)
	at java.base/java.lang.String.substring(String.java:1902)
	at AASProductTestCase.AASProductTest.qa.pages.PTSettingPage.getGivenPTResultAG(PTSettingPage.java:548)
	at AASProductTestCase.AASProductTest.qa.testcases.PTSettingPageTest.PTSettingMANegativeTest01(PTSettingPageTest.java:351)
... Removed 30 stack frames]]>
    </failure>
  </testcase> <!-- PTSettingMANegativeTest01 -->
  <testcase classname="AASProductTestCase.AASProductTest.qa.testcases.PTSettingPageTest" name="PTSettingMANegativeTest01" time="4.635">
    <failure type="java.lang.StringIndexOutOfBoundsException" message="begin 0, end -2, length 4">
      <![CDATA[java.lang.StringIndexOutOfBoundsException: begin 0, end -2, length 4
	at java.base/java.lang.String.checkBoundsBeginEnd(String.java:3756)
	at java.base/java.lang.String.substring(String.java:1902)
	at AASProductTestCase.AASProductTest.qa.pages.PTSettingPage.getGivenPTResultAG(PTSettingPage.java:548)
	at AASProductTestCase.AASProductTest.qa.testcases.PTSettingPageTest.PTSettingMANegativeTest01(PTSettingPageTest.java:351)
... Removed 30 stack frames]]>
    </failure>
  </testcase> <!-- PTSettingMANegativeTest01 -->
  <testcase classname="AASProductTestCase.AASProductTest.qa.testcases.PTSettingPageTest" name="PTSettingMANegativeTest01" time="4.629">
    <failure type="java.lang.StringIndexOutOfBoundsException" message="begin 0, end -2, length 4">
      <![CDATA[java.lang.StringIndexOutOfBoundsException: begin 0, end -2, length 4
	at java.base/java.lang.String.checkBoundsBeginEnd(String.java:3756)
	at java.base/java.lang.String.substring(String.java:1902)
	at AASProductTestCase.AASProductTest.qa.pages.PTSettingPage.getGivenPTResultAG(PTSettingPage.java:548)
	at AASProductTestCase.AASProductTest.qa.testcases.PTSettingPageTest.PTSettingMANegativeTest01(PTSettingPageTest.java:351)
... Removed 30 stack frames]]>
    </failure>
  </testcase> <!-- PTSettingMANegativeTest01 -->
  <testcase classname="AASProductTestCase.AASProductTest.qa.testcases.PTSettingPageTest" name="PTSettingMANegativeTest01" time="4.64">
    <failure type="java.lang.StringIndexOutOfBoundsException" message="begin 0, end -2, length 4">
      <![CDATA[java.lang.StringIndexOutOfBoundsException: begin 0, end -2, length 4
	at java.base/java.lang.String.checkBoundsBeginEnd(String.java:3756)
	at java.base/java.lang.String.substring(String.java:1902)
	at AASProductTestCase.AASProductTest.qa.pages.PTSettingPage.getGivenPTResultAG(PTSettingPage.java:548)
	at AASProductTestCase.AASProductTest.qa.testcases.PTSettingPageTest.PTSettingMANegativeTest01(PTSettingPageTest.java:351)
... Removed 30 stack frames]]>
    </failure>
  </testcase> <!-- PTSettingMANegativeTest01 -->
  <testcase classname="AASProductTestCase.AASProductTest.qa.testcases.PTSettingPageTest" name="PTSettingMANegativeTest01" time="4.7">
    <failure type="java.lang.StringIndexOutOfBoundsException" message="begin 0, end -2, length 4">
      <![CDATA[java.lang.StringIndexOutOfBoundsException: begin 0, end -2, length 4
	at java.base/java.lang.String.checkBoundsBeginEnd(String.java:3756)
	at java.base/java.lang.String.substring(String.java:1902)
	at AASProductTestCase.AASProductTest.qa.pages.PTSettingPage.getGivenPTResultAG(PTSettingPage.java:548)
	at AASProductTestCase.AASProductTest.qa.testcases.PTSettingPageTest.PTSettingMANegativeTest01(PTSettingPageTest.java:351)
... Removed 30 stack frames]]>
    </failure>
  </testcase> <!-- PTSettingMANegativeTest01 -->
  <testcase classname="AASProductTestCase.AASProductTest.qa.testcases.PTSettingPageTest" name="PTSettingMANegativeTest01" time="4.644">
    <failure type="java.lang.StringIndexOutOfBoundsException" message="begin 0, end -2, length 4">
      <![CDATA[java.lang.StringIndexOutOfBoundsException: begin 0, end -2, length 4
	at java.base/java.lang.String.checkBoundsBeginEnd(String.java:3756)
	at java.base/java.lang.String.substring(String.java:1902)
	at AASProductTestCase.AASProductTest.qa.pages.PTSettingPage.getGivenPTResultAG(PTSettingPage.java:548)
	at AASProductTestCase.AASProductTest.qa.testcases.PTSettingPageTest.PTSettingMANegativeTest01(PTSettingPageTest.java:351)
... Removed 30 stack frames]]>
    </failure>
  </testcase> <!-- PTSettingMANegativeTest01 -->
  <testcase classname="AASProductTestCase.AASProductTest.qa.testcases.PTSettingPageTest" name="PTSettingMANegativeTest01" time="4.779">
    <failure type="java.lang.StringIndexOutOfBoundsException" message="begin 0, end -2, length 4">
      <![CDATA[java.lang.StringIndexOutOfBoundsException: begin 0, end -2, length 4
	at java.base/java.lang.String.checkBoundsBeginEnd(String.java:3756)
	at java.base/java.lang.String.substring(String.java:1902)
	at AASProductTestCase.AASProductTest.qa.pages.PTSettingPage.getGivenPTResultAG(PTSettingPage.java:548)
	at AASProductTestCase.AASProductTest.qa.testcases.PTSettingPageTest.PTSettingMANegativeTest01(PTSettingPageTest.java:351)
... Removed 30 stack frames]]>
    </failure>
  </testcase> <!-- PTSettingMANegativeTest01 -->
  <testcase classname="AASProductTestCase.AASProductTest.qa.testcases.PTSettingPageTest" name="PTSettingMAGroupUpdate" time="8.654"/>
  <testcase classname="AASProductTestCase.AASProductTest.qa.testcases.PTSettingPageTest" name="PTSettingMAPositiveTest02" time="1.027">
    <failure type="java.lang.StringIndexOutOfBoundsException" message="begin 0, end -2, length 2">
      <![CDATA[java.lang.StringIndexOutOfBoundsException: begin 0, end -2, length 2
	at java.base/java.lang.String.checkBoundsBeginEnd(String.java:3756)
	at java.base/java.lang.String.substring(String.java:1902)
	at AASProductTestCase.AASProductTest.qa.pages.PTSettingPage.getGivenPTResultAG(PTSettingPage.java:548)
	at AASProductTestCase.AASProductTest.qa.testcases.PTSettingPageTest.PTSettingMAPositiveTest02(PTSettingPageTest.java:376)
... Removed 30 stack frames]]>
    </failure>
  </testcase> <!-- PTSettingMAPositiveTest02 -->
  <testcase classname="AASProductTestCase.AASProductTest.qa.testcases.PTSettingPageTest" name="PTSettingMAPositiveTest02" time="1.025">
    <failure type="java.lang.StringIndexOutOfBoundsException" message="begin 0, end -2, length 2">
      <![CDATA[java.lang.StringIndexOutOfBoundsException: begin 0, end -2, length 2
	at java.base/java.lang.String.checkBoundsBeginEnd(String.java:3756)
	at java.base/java.lang.String.substring(String.java:1902)
	at AASProductTestCase.AASProductTest.qa.pages.PTSettingPage.getGivenPTResultAG(PTSettingPage.java:548)
	at AASProductTestCase.AASProductTest.qa.testcases.PTSettingPageTest.PTSettingMAPositiveTest02(PTSettingPageTest.java:376)
... Removed 30 stack frames]]>
    </failure>
  </testcase> <!-- PTSettingMAPositiveTest02 -->
  <testcase classname="AASProductTestCase.AASProductTest.qa.testcases.PTSettingPageTest" name="PTSettingMAPositiveTest02" time="1.024">
    <failure type="java.lang.StringIndexOutOfBoundsException" message="begin 0, end -2, length 2">
      <![CDATA[java.lang.StringIndexOutOfBoundsException: begin 0, end -2, length 2
	at java.base/java.lang.String.checkBoundsBeginEnd(String.java:3756)
	at java.base/java.lang.String.substring(String.java:1902)
	at AASProductTestCase.AASProductTest.qa.pages.PTSettingPage.getGivenPTResultAG(PTSettingPage.java:548)
	at AASProductTestCase.AASProductTest.qa.testcases.PTSettingPageTest.PTSettingMAPositiveTest02(PTSettingPageTest.java:376)
... Removed 30 stack frames]]>
    </failure>
  </testcase> <!-- PTSettingMAPositiveTest02 -->
  <testcase classname="AASProductTestCase.AASProductTest.qa.testcases.PTSettingPageTest" name="PTSettingMAPositiveTest02" time="1.03">
    <failure type="java.lang.StringIndexOutOfBoundsException" message="begin 0, end -2, length 2">
      <![CDATA[java.lang.StringIndexOutOfBoundsException: begin 0, end -2, length 2
	at java.base/java.lang.String.checkBoundsBeginEnd(String.java:3756)
	at java.base/java.lang.String.substring(String.java:1902)
	at AASProductTestCase.AASProductTest.qa.pages.PTSettingPage.getGivenPTResultAG(PTSettingPage.java:548)
	at AASProductTestCase.AASProductTest.qa.testcases.PTSettingPageTest.PTSettingMAPositiveTest02(PTSettingPageTest.java:376)
... Removed 30 stack frames]]>
    </failure>
  </testcase> <!-- PTSettingMAPositiveTest02 -->
  <testcase classname="AASProductTestCase.AASProductTest.qa.testcases.PTSettingPageTest" name="PTSettingMAPositiveTest02" time="1.026">
    <failure type="java.lang.StringIndexOutOfBoundsException" message="begin 0, end -2, length 2">
      <![CDATA[java.lang.StringIndexOutOfBoundsException: begin 0, end -2, length 2
	at java.base/java.lang.String.checkBoundsBeginEnd(String.java:3756)
	at java.base/java.lang.String.substring(String.java:1902)
	at AASProductTestCase.AASProductTest.qa.pages.PTSettingPage.getGivenPTResultAG(PTSettingPage.java:548)
	at AASProductTestCase.AASProductTest.qa.testcases.PTSettingPageTest.PTSettingMAPositiveTest02(PTSettingPageTest.java:376)
... Removed 30 stack frames]]>
    </failure>
  </testcase> <!-- PTSettingMAPositiveTest02 -->
  <testcase classname="AASProductTestCase.AASProductTest.qa.testcases.PTSettingPageTest" name="PTSettingMAPositiveTest02" time="1.024">
    <failure type="java.lang.StringIndexOutOfBoundsException" message="begin 0, end -2, length 2">
      <![CDATA[java.lang.StringIndexOutOfBoundsException: begin 0, end -2, length 2
	at java.base/java.lang.String.checkBoundsBeginEnd(String.java:3756)
	at java.base/java.lang.String.substring(String.java:1902)
	at AASProductTestCase.AASProductTest.qa.pages.PTSettingPage.getGivenPTResultAG(PTSettingPage.java:548)
	at AASProductTestCase.AASProductTest.qa.testcases.PTSettingPageTest.PTSettingMAPositiveTest02(PTSettingPageTest.java:376)
... Removed 30 stack frames]]>
    </failure>
  </testcase> <!-- PTSettingMAPositiveTest02 -->
  <testcase classname="AASProductTestCase.AASProductTest.qa.testcases.PTSettingPageTest" name="PTSettingMAPositiveTest02" time="1.031">
    <failure type="java.lang.StringIndexOutOfBoundsException" message="begin 0, end -2, length 2">
      <![CDATA[java.lang.StringIndexOutOfBoundsException: begin 0, end -2, length 2
	at java.base/java.lang.String.checkBoundsBeginEnd(String.java:3756)
	at java.base/java.lang.String.substring(String.java:1902)
	at AASProductTestCase.AASProductTest.qa.pages.PTSettingPage.getGivenPTResultAG(PTSettingPage.java:548)
	at AASProductTestCase.AASProductTest.qa.testcases.PTSettingPageTest.PTSettingMAPositiveTest02(PTSettingPageTest.java:376)
... Removed 30 stack frames]]>
    </failure>
  </testcase> <!-- PTSettingMAPositiveTest02 -->
  <testcase classname="AASProductTestCase.AASProductTest.qa.testcases.PTSettingPageTest" name="PTSettingMAPositiveTest02" time="1.024">
    <failure type="java.lang.StringIndexOutOfBoundsException" message="begin 0, end -2, length 2">
      <![CDATA[java.lang.StringIndexOutOfBoundsException: begin 0, end -2, length 2
	at java.base/java.lang.String.checkBoundsBeginEnd(String.java:3756)
	at java.base/java.lang.String.substring(String.java:1902)
	at AASProductTestCase.AASProductTest.qa.pages.PTSettingPage.getGivenPTResultAG(PTSettingPage.java:548)
	at AASProductTestCase.AASProductTest.qa.testcases.PTSettingPageTest.PTSettingMAPositiveTest02(PTSettingPageTest.java:376)
... Removed 30 stack frames]]>
    </failure>
  </testcase> <!-- PTSettingMAPositiveTest02 -->
  <testcase classname="AASProductTestCase.AASProductTest.qa.testcases.PTSettingPageTest" name="PTSettingMAPositiveTest02" time="1.03">
    <failure type="java.lang.StringIndexOutOfBoundsException" message="begin 0, end -2, length 2">
      <![CDATA[java.lang.StringIndexOutOfBoundsException: begin 0, end -2, length 2
	at java.base/java.lang.String.checkBoundsBeginEnd(String.java:3756)
	at java.base/java.lang.String.substring(String.java:1902)
	at AASProductTestCase.AASProductTest.qa.pages.PTSettingPage.getGivenPTResultAG(PTSettingPage.java:548)
	at AASProductTestCase.AASProductTest.qa.testcases.PTSettingPageTest.PTSettingMAPositiveTest02(PTSettingPageTest.java:376)
... Removed 30 stack frames]]>
    </failure>
  </testcase> <!-- PTSettingMAPositiveTest02 -->
  <testcase classname="AASProductTestCase.AASProductTest.qa.testcases.PTSettingPageTest" name="PTSettingMAPositiveTest02" time="1.023">
    <failure type="java.lang.StringIndexOutOfBoundsException" message="begin 0, end -2, length 2">
      <![CDATA[java.lang.StringIndexOutOfBoundsException: begin 0, end -2, length 2
	at java.base/java.lang.String.checkBoundsBeginEnd(String.java:3756)
	at java.base/java.lang.String.substring(String.java:1902)
	at AASProductTestCase.AASProductTest.qa.pages.PTSettingPage.getGivenPTResultAG(PTSettingPage.java:548)
	at AASProductTestCase.AASProductTest.qa.testcases.PTSettingPageTest.PTSettingMAPositiveTest02(PTSettingPageTest.java:376)
... Removed 30 stack frames]]>
    </failure>
  </testcase> <!-- PTSettingMAPositiveTest02 -->
  <testcase classname="AASProductTestCase.AASProductTest.qa.testcases.PTSettingPageTest" name="PTSettingMAPositiveTest02" time="1.025">
    <failure type="java.lang.StringIndexOutOfBoundsException" message="begin 0, end -2, length 2">
      <![CDATA[java.lang.StringIndexOutOfBoundsException: begin 0, end -2, length 2
	at java.base/java.lang.String.checkBoundsBeginEnd(String.java:3756)
	at java.base/java.lang.String.substring(String.java:1902)
	at AASProductTestCase.AASProductTest.qa.pages.PTSettingPage.getGivenPTResultAG(PTSettingPage.java:548)
	at AASProductTestCase.AASProductTest.qa.testcases.PTSettingPageTest.PTSettingMAPositiveTest02(PTSettingPageTest.java:376)
... Removed 30 stack frames]]>
    </failure>
  </testcase> <!-- PTSettingMAPositiveTest02 -->
  <testcase classname="AASProductTestCase.AASProductTest.qa.testcases.PTSettingPageTest" name="PTSettingMAPositiveTest02" time="1.031">
    <failure type="java.lang.StringIndexOutOfBoundsException" message="begin 0, end -2, length 2">
      <![CDATA[java.lang.StringIndexOutOfBoundsException: begin 0, end -2, length 2
	at java.base/java.lang.String.checkBoundsBeginEnd(String.java:3756)
	at java.base/java.lang.String.substring(String.java:1902)
	at AASProductTestCase.AASProductTest.qa.pages.PTSettingPage.getGivenPTResultAG(PTSettingPage.java:548)
	at AASProductTestCase.AASProductTest.qa.testcases.PTSettingPageTest.PTSettingMAPositiveTest02(PTSettingPageTest.java:376)
... Removed 30 stack frames]]>
    </failure>
  </testcase> <!-- PTSettingMAPositiveTest02 -->
  <testcase classname="AASProductTestCase.AASProductTest.qa.testcases.PTSettingPageTest" name="PTSettingMAPositiveTest02" time="1.03">
    <failure type="java.lang.StringIndexOutOfBoundsException" message="begin 0, end -2, length 2">
      <![CDATA[java.lang.StringIndexOutOfBoundsException: begin 0, end -2, length 2
	at java.base/java.lang.String.checkBoundsBeginEnd(String.java:3756)
	at java.base/java.lang.String.substring(String.java:1902)
	at AASProductTestCase.AASProductTest.qa.pages.PTSettingPage.getGivenPTResultAG(PTSettingPage.java:548)
	at AASProductTestCase.AASProductTest.qa.testcases.PTSettingPageTest.PTSettingMAPositiveTest02(PTSettingPageTest.java:376)
... Removed 30 stack frames]]>
    </failure>
  </testcase> <!-- PTSettingMAPositiveTest02 -->
  <testcase classname="AASProductTestCase.AASProductTest.qa.testcases.PTSettingPageTest" name="PTSettingMAPositiveTest02" time="1.021">
    <failure type="java.lang.StringIndexOutOfBoundsException" message="begin 0, end -2, length 2">
      <![CDATA[java.lang.StringIndexOutOfBoundsException: begin 0, end -2, length 2
	at java.base/java.lang.String.checkBoundsBeginEnd(String.java:3756)
	at java.base/java.lang.String.substring(String.java:1902)
	at AASProductTestCase.AASProductTest.qa.pages.PTSettingPage.getGivenPTResultAG(PTSettingPage.java:548)
	at AASProductTestCase.AASProductTest.qa.testcases.PTSettingPageTest.PTSettingMAPositiveTest02(PTSettingPageTest.java:376)
... Removed 30 stack frames]]>
    </failure>
  </testcase> <!-- PTSettingMAPositiveTest02 -->
  <testcase classname="AASProductTestCase.AASProductTest.qa.testcases.PTSettingPageTest" name="PTSettingMAPositiveTest02" time="1.024">
    <failure type="java.lang.StringIndexOutOfBoundsException" message="begin 0, end -2, length 2">
      <![CDATA[java.lang.StringIndexOutOfBoundsException: begin 0, end -2, length 2
	at java.base/java.lang.String.checkBoundsBeginEnd(String.java:3756)
	at java.base/java.lang.String.substring(String.java:1902)
	at AASProductTestCase.AASProductTest.qa.pages.PTSettingPage.getGivenPTResultAG(PTSettingPage.java:548)
	at AASProductTestCase.AASProductTest.qa.testcases.PTSettingPageTest.PTSettingMAPositiveTest02(PTSettingPageTest.java:376)
... Removed 30 stack frames]]>
    </failure>
  </testcase> <!-- PTSettingMAPositiveTest02 -->
</testsuite> <!-- AAS PT Setting Test -->
