<?xml version="1.0" encoding="UTF-8"?>
<!-- Generated by org.testng.reporters.JUnitXMLReporter -->
<testsuite ignored="0" hostname="LTP11" failures="15" tests="200" name="AAS PT Setting Test" time="693.005" errors="0" timestamp="31 Aug 2020 10:34:08 GMT">
  <testcase classname="AASProductTestCase.AASProductTest.qa.testcases.PTSettingPageTest" name="PTSettingCAPositiveTest01" time="4.731"/>
  <testcase classname="AASProductTestCase.AASProductTest.qa.testcases.PTSettingPageTest" name="PTSettingCAPositiveTest01" time="4.638"/>
  <testcase classname="AASProductTestCase.AASProductTest.qa.testcases.PTSettingPageTest" name="PTSettingCAPositiveTest01" time="4.671"/>
  <testcase classname="AASProductTestCase.AASProductTest.qa.testcases.PTSettingPageTest" name="PTSettingCAPositiveTest01" time="4.648"/>
  <testcase classname="AASProductTestCase.AASProductTest.qa.testcases.PTSettingPageTest" name="PTSettingCAPositiveTest01" time="4.619"/>
  <testcase classname="AASProductTestCase.AASProductTest.qa.testcases.PTSettingPageTest" name="PTSettingCAPositiveTest01" time="4.642"/>
  <testcase classname="AASProductTestCase.AASProductTest.qa.testcases.PTSettingPageTest" name="PTSettingCAPositiveTest01" time="4.863"/>
  <testcase classname="AASProductTestCase.AASProductTest.qa.testcases.PTSettingPageTest" name="PTSettingCAPositiveTest01" time="4.635"/>
  <testcase classname="AASProductTestCase.AASProductTest.qa.testcases.PTSettingPageTest" name="PTSettingCAPositiveTest01" time="4.623"/>
  <testcase classname="AASProductTestCase.AASProductTest.qa.testcases.PTSettingPageTest" name="PTSettingCAPositiveTest01" time="4.613"/>
  <testcase classname="AASProductTestCase.AASProductTest.qa.testcases.PTSettingPageTest" name="PTSettingCAPositiveTest01" time="4.624"/>
  <testcase classname="AASProductTestCase.AASProductTest.qa.testcases.PTSettingPageTest" name="PTSettingCAPositiveTest01" time="4.61"/>
  <testcase classname="AASProductTestCase.AASProductTest.qa.testcases.PTSettingPageTest" name="PTSettingCAPositiveTest01" time="4.579"/>
  <testcase classname="AASProductTestCase.AASProductTest.qa.testcases.PTSettingPageTest" name="PTSettingCAPositiveTest01" time="4.591"/>
  <testcase classname="AASProductTestCase.AASProductTest.qa.testcases.PTSettingPageTest" name="PTSettingCAPositiveTest01" time="4.609"/>
  <testcase classname="AASProductTestCase.AASProductTest.qa.testcases.PTSettingPageTest" name="PTSettingCAGroupUpdate" time="8.393"/>
  <testcase classname="AASProductTestCase.AASProductTest.qa.testcases.PTSettingPageTest" name="PTSettingCAPositiveTest02" time="1.047"/>
  <testcase classname="AASProductTestCase.AASProductTest.qa.testcases.PTSettingPageTest" name="PTSettingCAPositiveTest02" time="1.041"/>
  <testcase classname="AASProductTestCase.AASProductTest.qa.testcases.PTSettingPageTest" name="PTSettingCAPositiveTest02" time="1.045"/>
  <testcase classname="AASProductTestCase.AASProductTest.qa.testcases.PTSettingPageTest" name="PTSettingCAPositiveTest02" time="1.057"/>
  <testcase classname="AASProductTestCase.AASProductTest.qa.testcases.PTSettingPageTest" name="PTSettingCAPositiveTest02" time="1.04"/>
  <testcase classname="AASProductTestCase.AASProductTest.qa.testcases.PTSettingPageTest" name="PTSettingCAPositiveTest02" time="1.046"/>
  <testcase classname="AASProductTestCase.AASProductTest.qa.testcases.PTSettingPageTest" name="PTSettingCAPositiveTest02" time="1.046"/>
  <testcase classname="AASProductTestCase.AASProductTest.qa.testcases.PTSettingPageTest" name="PTSettingCAPositiveTest02" time="1.05"/>
  <testcase classname="AASProductTestCase.AASProductTest.qa.testcases.PTSettingPageTest" name="PTSettingCAPositiveTest02" time="1.051"/>
  <testcase classname="AASProductTestCase.AASProductTest.qa.testcases.PTSettingPageTest" name="PTSettingCAPositiveTest02" time="1.053"/>
  <testcase classname="AASProductTestCase.AASProductTest.qa.testcases.PTSettingPageTest" name="PTSettingCAPositiveTest02" time="1.045"/>
  <testcase classname="AASProductTestCase.AASProductTest.qa.testcases.PTSettingPageTest" name="PTSettingCAPositiveTest02" time="1.043"/>
  <testcase classname="AASProductTestCase.AASProductTest.qa.testcases.PTSettingPageTest" name="PTSettingCAPositiveTest02" time="1.042"/>
  <testcase classname="AASProductTestCase.AASProductTest.qa.testcases.PTSettingPageTest" name="PTSettingCAPositiveTest02" time="1.043"/>
  <testcase classname="AASProductTestCase.AASProductTest.qa.testcases.PTSettingPageTest" name="PTSettingCAPositiveTest02" time="1.044"/>
  <testcase classname="AASProductTestCase.AASProductTest.qa.testcases.PTSettingPageTest" name="PTSettingCANegativeTest01" time="4.707"/>
  <testcase classname="AASProductTestCase.AASProductTest.qa.testcases.PTSettingPageTest" name="PTSettingCANegativeTest01" time="4.583"/>
  <testcase classname="AASProductTestCase.AASProductTest.qa.testcases.PTSettingPageTest" name="PTSettingCANegativeTest01" time="4.674"/>
  <testcase classname="AASProductTestCase.AASProductTest.qa.testcases.PTSettingPageTest" name="PTSettingCANegativeTest01" time="4.77"/>
  <testcase classname="AASProductTestCase.AASProductTest.qa.testcases.PTSettingPageTest" name="PTSettingCANegativeTest01" time="4.582"/>
  <testcase classname="AASProductTestCase.AASProductTest.qa.testcases.PTSettingPageTest" name="PTSettingCANegativeTest01" time="4.64"/>
  <testcase classname="AASProductTestCase.AASProductTest.qa.testcases.PTSettingPageTest" name="PTSettingCANegativeTest01" time="4.666"/>
  <testcase classname="AASProductTestCase.AASProductTest.qa.testcases.PTSettingPageTest" name="PTSettingCANegativeTest01" time="4.607"/>
  <testcase classname="AASProductTestCase.AASProductTest.qa.testcases.PTSettingPageTest" name="PTSettingCANegativeTest01" time="4.585"/>
  <testcase classname="AASProductTestCase.AASProductTest.qa.testcases.PTSettingPageTest" name="PTSettingCANegativeTest01" time="4.571"/>
  <testcase classname="AASProductTestCase.AASProductTest.qa.testcases.PTSettingPageTest" name="PTSettingCANegativeTest01" time="4.634"/>
  <testcase classname="AASProductTestCase.AASProductTest.qa.testcases.PTSettingPageTest" name="PTSettingCANegativeTest01" time="4.611"/>
  <testcase classname="AASProductTestCase.AASProductTest.qa.testcases.PTSettingPageTest" name="PTSettingCANegativeTest01" time="4.63"/>
  <testcase classname="AASProductTestCase.AASProductTest.qa.testcases.PTSettingPageTest" name="PTSettingCANegativeTest01" time="4.603"/>
  <testcase classname="AASProductTestCase.AASProductTest.qa.testcases.PTSettingPageTest" name="PTSettingCANegativeTest01" time="4.585"/>
  <testcase classname="AASProductTestCase.AASProductTest.qa.testcases.PTSettingPageTest" name="PTSettingCANegativeTest02" time="4.583"/>
  <testcase classname="AASProductTestCase.AASProductTest.qa.testcases.PTSettingPageTest" name="PTSettingCANegativeTest02" time="4.577"/>
  <testcase classname="AASProductTestCase.AASProductTest.qa.testcases.PTSettingPageTest" name="PTSettingCANegativeTest02" time="4.603"/>
  <testcase classname="AASProductTestCase.AASProductTest.qa.testcases.PTSettingPageTest" name="PTSettingCANegativeTest02" time="4.579"/>
  <testcase classname="AASProductTestCase.AASProductTest.qa.testcases.PTSettingPageTest" name="PTSettingCANegativeTest02" time="4.803"/>
  <testcase classname="AASProductTestCase.AASProductTest.qa.testcases.PTSettingPageTest" name="PTSettingCANegativeTest02" time="4.564"/>
  <testcase classname="AASProductTestCase.AASProductTest.qa.testcases.PTSettingPageTest" name="PTSettingCANegativeTest02" time="4.663"/>
  <testcase classname="AASProductTestCase.AASProductTest.qa.testcases.PTSettingPageTest" name="PTSettingCANegativeTest02" time="4.567"/>
  <testcase classname="AASProductTestCase.AASProductTest.qa.testcases.PTSettingPageTest" name="PTSettingCANegativeTest02" time="4.59"/>
  <testcase classname="AASProductTestCase.AASProductTest.qa.testcases.PTSettingPageTest" name="PTSettingCANegativeTest02" time="4.908"/>
  <testcase classname="AASProductTestCase.AASProductTest.qa.testcases.PTSettingPageTest" name="PTSettingCANegativeTest02" time="4.583"/>
  <testcase classname="AASProductTestCase.AASProductTest.qa.testcases.PTSettingPageTest" name="PTSettingCANegativeTest02" time="4.666"/>
  <testcase classname="AASProductTestCase.AASProductTest.qa.testcases.PTSettingPageTest" name="PTSettingCANegativeTest02" time="4.652"/>
  <testcase classname="AASProductTestCase.AASProductTest.qa.testcases.PTSettingPageTest" name="PTSettingCANegativeTest02" time="4.683"/>
  <testcase classname="AASProductTestCase.AASProductTest.qa.testcases.PTSettingPageTest" name="PTSettingCANegativeTest02" time="4.611"/>
  <testcase classname="AASProductTestCase.AASProductTest.qa.testcases.PTSettingPageTest" name="ProceedSMACheck" time="4.388"/>
  <testcase classname="AASProductTestCase.AASProductTest.qa.testcases.PTSettingPageTest" name="PTSettingSMAGivenPTCheck" time="1.053"/>
  <testcase classname="AASProductTestCase.AASProductTest.qa.testcases.PTSettingPageTest" name="PTSettingSMAGivenPTCheck" time="1.06"/>
  <testcase classname="AASProductTestCase.AASProductTest.qa.testcases.PTSettingPageTest" name="PTSettingSMAGivenPTCheck" time="1.051"/>
  <testcase classname="AASProductTestCase.AASProductTest.qa.testcases.PTSettingPageTest" name="PTSettingSMAGivenPTCheck" time="1.047"/>
  <testcase classname="AASProductTestCase.AASProductTest.qa.testcases.PTSettingPageTest" name="PTSettingSMAGivenPTCheck" time="1.042"/>
  <testcase classname="AASProductTestCase.AASProductTest.qa.testcases.PTSettingPageTest" name="PTSettingSMAGivenPTCheck" time="1.056"/>
  <testcase classname="AASProductTestCase.AASProductTest.qa.testcases.PTSettingPageTest" name="PTSettingSMAGivenPTCheck" time="1.043"/>
  <testcase classname="AASProductTestCase.AASProductTest.qa.testcases.PTSettingPageTest" name="PTSettingSMAGivenPTCheck" time="1.043"/>
  <testcase classname="AASProductTestCase.AASProductTest.qa.testcases.PTSettingPageTest" name="PTSettingSMAGivenPTCheck" time="1.042"/>
  <testcase classname="AASProductTestCase.AASProductTest.qa.testcases.PTSettingPageTest" name="PTSettingSMAGivenPTCheck" time="1.047"/>
  <testcase classname="AASProductTestCase.AASProductTest.qa.testcases.PTSettingPageTest" name="PTSettingSMAGivenPTCheck" time="1.043"/>
  <testcase classname="AASProductTestCase.AASProductTest.qa.testcases.PTSettingPageTest" name="PTSettingSMAGivenPTCheck" time="1.045"/>
  <testcase classname="AASProductTestCase.AASProductTest.qa.testcases.PTSettingPageTest" name="PTSettingSMAGivenPTCheck" time="1.043"/>
  <testcase classname="AASProductTestCase.AASProductTest.qa.testcases.PTSettingPageTest" name="PTSettingSMAGivenPTCheck" time="1.051"/>
  <testcase classname="AASProductTestCase.AASProductTest.qa.testcases.PTSettingPageTest" name="PTSettingSMAGivenPTCheck" time="1.05"/>
  <testcase classname="AASProductTestCase.AASProductTest.qa.testcases.PTSettingPageTest" name="PTSettingSMAPositiveTest01" time="4.663"/>
  <testcase classname="AASProductTestCase.AASProductTest.qa.testcases.PTSettingPageTest" name="PTSettingSMAPositiveTest01" time="4.574"/>
  <testcase classname="AASProductTestCase.AASProductTest.qa.testcases.PTSettingPageTest" name="PTSettingSMAPositiveTest01" time="4.588"/>
  <testcase classname="AASProductTestCase.AASProductTest.qa.testcases.PTSettingPageTest" name="PTSettingSMAPositiveTest01" time="4.581"/>
  <testcase classname="AASProductTestCase.AASProductTest.qa.testcases.PTSettingPageTest" name="PTSettingSMAPositiveTest01" time="4.589"/>
  <testcase classname="AASProductTestCase.AASProductTest.qa.testcases.PTSettingPageTest" name="PTSettingSMAPositiveTest01" time="4.59"/>
  <testcase classname="AASProductTestCase.AASProductTest.qa.testcases.PTSettingPageTest" name="PTSettingSMAPositiveTest01" time="4.587"/>
  <testcase classname="AASProductTestCase.AASProductTest.qa.testcases.PTSettingPageTest" name="PTSettingSMAPositiveTest01" time="4.545"/>
  <testcase classname="AASProductTestCase.AASProductTest.qa.testcases.PTSettingPageTest" name="PTSettingSMAPositiveTest01" time="4.57"/>
  <testcase classname="AASProductTestCase.AASProductTest.qa.testcases.PTSettingPageTest" name="PTSettingSMAPositiveTest01" time="4.579"/>
  <testcase classname="AASProductTestCase.AASProductTest.qa.testcases.PTSettingPageTest" name="PTSettingSMAPositiveTest01" time="4.602"/>
  <testcase classname="AASProductTestCase.AASProductTest.qa.testcases.PTSettingPageTest" name="PTSettingSMAPositiveTest01" time="4.567"/>
  <testcase classname="AASProductTestCase.AASProductTest.qa.testcases.PTSettingPageTest" name="PTSettingSMAPositiveTest01" time="4.599"/>
  <testcase classname="AASProductTestCase.AASProductTest.qa.testcases.PTSettingPageTest" name="PTSettingSMAPositiveTest01" time="4.646"/>
  <testcase classname="AASProductTestCase.AASProductTest.qa.testcases.PTSettingPageTest" name="PTSettingSMAPositiveTest01" time="4.65"/>
  <testcase classname="AASProductTestCase.AASProductTest.qa.testcases.PTSettingPageTest" name="PTSettingSMANegativeTest01" time="4.58">
    <failure type="java.lang.AssertionError" message="null">
      <![CDATA[java.lang.AssertionError: null
	at AASProductTestCase.AASProductTest.qa.testcases.PTSettingPageTest.PTSettingSMANegativeTest01(PTSettingPageTest.java:240)
... Removed 33 stack frames]]>
    </failure>
  </testcase> <!-- PTSettingSMANegativeTest01 -->
  <testcase classname="AASProductTestCase.AASProductTest.qa.testcases.PTSettingPageTest" name="PTSettingSMANegativeTest01" time="4.577">
    <failure type="java.lang.AssertionError" message="null">
      <![CDATA[java.lang.AssertionError: null
	at AASProductTestCase.AASProductTest.qa.testcases.PTSettingPageTest.PTSettingSMANegativeTest01(PTSettingPageTest.java:240)
... Removed 33 stack frames]]>
    </failure>
  </testcase> <!-- PTSettingSMANegativeTest01 -->
  <testcase classname="AASProductTestCase.AASProductTest.qa.testcases.PTSettingPageTest" name="PTSettingSMANegativeTest01" time="4.593">
    <failure type="java.lang.AssertionError" message="null">
      <![CDATA[java.lang.AssertionError: null
	at AASProductTestCase.AASProductTest.qa.testcases.PTSettingPageTest.PTSettingSMANegativeTest01(PTSettingPageTest.java:240)
... Removed 33 stack frames]]>
    </failure>
  </testcase> <!-- PTSettingSMANegativeTest01 -->
  <testcase classname="AASProductTestCase.AASProductTest.qa.testcases.PTSettingPageTest" name="PTSettingSMANegativeTest01" time="4.58">
    <failure type="java.lang.AssertionError" message="null">
      <![CDATA[java.lang.AssertionError: null
	at AASProductTestCase.AASProductTest.qa.testcases.PTSettingPageTest.PTSettingSMANegativeTest01(PTSettingPageTest.java:240)
... Removed 33 stack frames]]>
    </failure>
  </testcase> <!-- PTSettingSMANegativeTest01 -->
  <testcase classname="AASProductTestCase.AASProductTest.qa.testcases.PTSettingPageTest" name="PTSettingSMANegativeTest01" time="4.574">
    <failure type="java.lang.AssertionError" message="null">
      <![CDATA[java.lang.AssertionError: null
	at AASProductTestCase.AASProductTest.qa.testcases.PTSettingPageTest.PTSettingSMANegativeTest01(PTSettingPageTest.java:240)
... Removed 33 stack frames]]>
    </failure>
  </testcase> <!-- PTSettingSMANegativeTest01 -->
  <testcase classname="AASProductTestCase.AASProductTest.qa.testcases.PTSettingPageTest" name="PTSettingSMANegativeTest01" time="4.597">
    <failure type="java.lang.AssertionError" message="null">
      <![CDATA[java.lang.AssertionError: null
	at AASProductTestCase.AASProductTest.qa.testcases.PTSettingPageTest.PTSettingSMANegativeTest01(PTSettingPageTest.java:240)
... Removed 33 stack frames]]>
    </failure>
  </testcase> <!-- PTSettingSMANegativeTest01 -->
  <testcase classname="AASProductTestCase.AASProductTest.qa.testcases.PTSettingPageTest" name="PTSettingSMANegativeTest01" time="4.575">
    <failure type="java.lang.AssertionError" message="null">
      <![CDATA[java.lang.AssertionError: null
	at AASProductTestCase.AASProductTest.qa.testcases.PTSettingPageTest.PTSettingSMANegativeTest01(PTSettingPageTest.java:240)
... Removed 33 stack frames]]>
    </failure>
  </testcase> <!-- PTSettingSMANegativeTest01 -->
  <testcase classname="AASProductTestCase.AASProductTest.qa.testcases.PTSettingPageTest" name="PTSettingSMANegativeTest01" time="4.571">
    <failure type="java.lang.AssertionError" message="null">
      <![CDATA[java.lang.AssertionError: null
	at AASProductTestCase.AASProductTest.qa.testcases.PTSettingPageTest.PTSettingSMANegativeTest01(PTSettingPageTest.java:240)
... Removed 33 stack frames]]>
    </failure>
  </testcase> <!-- PTSettingSMANegativeTest01 -->
  <testcase classname="AASProductTestCase.AASProductTest.qa.testcases.PTSettingPageTest" name="PTSettingSMANegativeTest01" time="4.579">
    <failure type="java.lang.AssertionError" message="null">
      <![CDATA[java.lang.AssertionError: null
	at AASProductTestCase.AASProductTest.qa.testcases.PTSettingPageTest.PTSettingSMANegativeTest01(PTSettingPageTest.java:240)
... Removed 33 stack frames]]>
    </failure>
  </testcase> <!-- PTSettingSMANegativeTest01 -->
  <testcase classname="AASProductTestCase.AASProductTest.qa.testcases.PTSettingPageTest" name="PTSettingSMANegativeTest01" time="4.64">
    <failure type="java.lang.AssertionError" message="null">
      <![CDATA[java.lang.AssertionError: null
	at AASProductTestCase.AASProductTest.qa.testcases.PTSettingPageTest.PTSettingSMANegativeTest01(PTSettingPageTest.java:240)
... Removed 33 stack frames]]>
    </failure>
  </testcase> <!-- PTSettingSMANegativeTest01 -->
  <testcase classname="AASProductTestCase.AASProductTest.qa.testcases.PTSettingPageTest" name="PTSettingSMANegativeTest01" time="4.567">
    <failure type="java.lang.AssertionError" message="null">
      <![CDATA[java.lang.AssertionError: null
	at AASProductTestCase.AASProductTest.qa.testcases.PTSettingPageTest.PTSettingSMANegativeTest01(PTSettingPageTest.java:240)
... Removed 33 stack frames]]>
    </failure>
  </testcase> <!-- PTSettingSMANegativeTest01 -->
  <testcase classname="AASProductTestCase.AASProductTest.qa.testcases.PTSettingPageTest" name="PTSettingSMANegativeTest01" time="4.581">
    <failure type="java.lang.AssertionError" message="null">
      <![CDATA[java.lang.AssertionError: null
	at AASProductTestCase.AASProductTest.qa.testcases.PTSettingPageTest.PTSettingSMANegativeTest01(PTSettingPageTest.java:240)
... Removed 33 stack frames]]>
    </failure>
  </testcase> <!-- PTSettingSMANegativeTest01 -->
  <testcase classname="AASProductTestCase.AASProductTest.qa.testcases.PTSettingPageTest" name="PTSettingSMANegativeTest01" time="4.663">
    <failure type="java.lang.AssertionError" message="null">
      <![CDATA[java.lang.AssertionError: null
	at AASProductTestCase.AASProductTest.qa.testcases.PTSettingPageTest.PTSettingSMANegativeTest01(PTSettingPageTest.java:240)
... Removed 33 stack frames]]>
    </failure>
  </testcase> <!-- PTSettingSMANegativeTest01 -->
  <testcase classname="AASProductTestCase.AASProductTest.qa.testcases.PTSettingPageTest" name="PTSettingSMANegativeTest01" time="4.616">
    <failure type="java.lang.AssertionError" message="null">
      <![CDATA[java.lang.AssertionError: null
	at AASProductTestCase.AASProductTest.qa.testcases.PTSettingPageTest.PTSettingSMANegativeTest01(PTSettingPageTest.java:240)
... Removed 33 stack frames]]>
    </failure>
  </testcase> <!-- PTSettingSMANegativeTest01 -->
  <testcase classname="AASProductTestCase.AASProductTest.qa.testcases.PTSettingPageTest" name="PTSettingSMANegativeTest01" time="4.585">
    <failure type="java.lang.AssertionError" message="null">
      <![CDATA[java.lang.AssertionError: null
	at AASProductTestCase.AASProductTest.qa.testcases.PTSettingPageTest.PTSettingSMANegativeTest01(PTSettingPageTest.java:240)
... Removed 33 stack frames]]>
    </failure>
  </testcase> <!-- PTSettingSMANegativeTest01 -->
  <testcase classname="AASProductTestCase.AASProductTest.qa.testcases.PTSettingPageTest" name="PTSettingSMANegativeTest02" time="4.672"/>
  <testcase classname="AASProductTestCase.AASProductTest.qa.testcases.PTSettingPageTest" name="PTSettingSMANegativeTest02" time="4.655"/>
  <testcase classname="AASProductTestCase.AASProductTest.qa.testcases.PTSettingPageTest" name="PTSettingSMANegativeTest02" time="4.564"/>
  <testcase classname="AASProductTestCase.AASProductTest.qa.testcases.PTSettingPageTest" name="PTSettingSMANegativeTest02" time="4.578"/>
  <testcase classname="AASProductTestCase.AASProductTest.qa.testcases.PTSettingPageTest" name="PTSettingSMANegativeTest02" time="4.751"/>
  <testcase classname="AASProductTestCase.AASProductTest.qa.testcases.PTSettingPageTest" name="PTSettingSMANegativeTest02" time="4.696"/>
  <testcase classname="AASProductTestCase.AASProductTest.qa.testcases.PTSettingPageTest" name="PTSettingSMANegativeTest02" time="4.663"/>
  <testcase classname="AASProductTestCase.AASProductTest.qa.testcases.PTSettingPageTest" name="PTSettingSMANegativeTest02" time="4.624"/>
  <testcase classname="AASProductTestCase.AASProductTest.qa.testcases.PTSettingPageTest" name="PTSettingSMANegativeTest02" time="4.596"/>
  <testcase classname="AASProductTestCase.AASProductTest.qa.testcases.PTSettingPageTest" name="PTSettingSMANegativeTest02" time="4.686"/>
  <testcase classname="AASProductTestCase.AASProductTest.qa.testcases.PTSettingPageTest" name="PTSettingSMANegativeTest02" time="4.585"/>
  <testcase classname="AASProductTestCase.AASProductTest.qa.testcases.PTSettingPageTest" name="PTSettingSMANegativeTest02" time="4.575"/>
  <testcase classname="AASProductTestCase.AASProductTest.qa.testcases.PTSettingPageTest" name="PTSettingSMANegativeTest02" time="4.59"/>
  <testcase classname="AASProductTestCase.AASProductTest.qa.testcases.PTSettingPageTest" name="PTSettingSMANegativeTest02" time="4.573"/>
  <testcase classname="AASProductTestCase.AASProductTest.qa.testcases.PTSettingPageTest" name="PTSettingSMANegativeTest02" time="4.693"/>
  <testcase classname="AASProductTestCase.AASProductTest.qa.testcases.PTSettingPageTest" name="PTSettingSMAGroupUpdate" time="8.576"/>
  <testcase classname="AASProductTestCase.AASProductTest.qa.testcases.PTSettingPageTest" name="PTSettingSMAPositiveTest02" time="1.069"/>
  <testcase classname="AASProductTestCase.AASProductTest.qa.testcases.PTSettingPageTest" name="PTSettingSMAPositiveTest02" time="1.051"/>
  <testcase classname="AASProductTestCase.AASProductTest.qa.testcases.PTSettingPageTest" name="PTSettingSMAPositiveTest02" time="1.054"/>
  <testcase classname="AASProductTestCase.AASProductTest.qa.testcases.PTSettingPageTest" name="PTSettingSMAPositiveTest02" time="1.045"/>
  <testcase classname="AASProductTestCase.AASProductTest.qa.testcases.PTSettingPageTest" name="PTSettingSMAPositiveTest02" time="1.044"/>
  <testcase classname="AASProductTestCase.AASProductTest.qa.testcases.PTSettingPageTest" name="PTSettingSMAPositiveTest02" time="1.051"/>
  <testcase classname="AASProductTestCase.AASProductTest.qa.testcases.PTSettingPageTest" name="PTSettingSMAPositiveTest02" time="1.24"/>
  <testcase classname="AASProductTestCase.AASProductTest.qa.testcases.PTSettingPageTest" name="PTSettingSMAPositiveTest02" time="1.043"/>
  <testcase classname="AASProductTestCase.AASProductTest.qa.testcases.PTSettingPageTest" name="PTSettingSMAPositiveTest02" time="1.049"/>
  <testcase classname="AASProductTestCase.AASProductTest.qa.testcases.PTSettingPageTest" name="PTSettingSMAPositiveTest02" time="1.045"/>
  <testcase classname="AASProductTestCase.AASProductTest.qa.testcases.PTSettingPageTest" name="PTSettingSMAPositiveTest02" time="1.048"/>
  <testcase classname="AASProductTestCase.AASProductTest.qa.testcases.PTSettingPageTest" name="PTSettingSMAPositiveTest02" time="1.046"/>
  <testcase classname="AASProductTestCase.AASProductTest.qa.testcases.PTSettingPageTest" name="PTSettingSMAPositiveTest02" time="1.052"/>
  <testcase classname="AASProductTestCase.AASProductTest.qa.testcases.PTSettingPageTest" name="PTSettingSMAPositiveTest02" time="1.051"/>
  <testcase classname="AASProductTestCase.AASProductTest.qa.testcases.PTSettingPageTest" name="PTSettingSMAPositiveTest02" time="1.043"/>
  <testcase classname="AASProductTestCase.AASProductTest.qa.testcases.PTSettingPageTest" name="ProceedMACheck" time="4.478"/>
  <testcase classname="AASProductTestCase.AASProductTest.qa.testcases.PTSettingPageTest" name="PTSettingMAGivenPTCheck" time="1.043"/>
  <testcase classname="AASProductTestCase.AASProductTest.qa.testcases.PTSettingPageTest" name="PTSettingMAGivenPTCheck" time="1.05"/>
  <testcase classname="AASProductTestCase.AASProductTest.qa.testcases.PTSettingPageTest" name="PTSettingMAGivenPTCheck" time="1.046"/>
  <testcase classname="AASProductTestCase.AASProductTest.qa.testcases.PTSettingPageTest" name="PTSettingMAGivenPTCheck" time="1.044"/>
  <testcase classname="AASProductTestCase.AASProductTest.qa.testcases.PTSettingPageTest" name="PTSettingMAGivenPTCheck" time="1.041"/>
  <testcase classname="AASProductTestCase.AASProductTest.qa.testcases.PTSettingPageTest" name="PTSettingMAGivenPTCheck" time="1.046"/>
  <testcase classname="AASProductTestCase.AASProductTest.qa.testcases.PTSettingPageTest" name="PTSettingMAGivenPTCheck" time="1.044"/>
  <testcase classname="AASProductTestCase.AASProductTest.qa.testcases.PTSettingPageTest" name="PTSettingMAGivenPTCheck" time="1.043"/>
  <testcase classname="AASProductTestCase.AASProductTest.qa.testcases.PTSettingPageTest" name="PTSettingMAGivenPTCheck" time="1.044"/>
  <testcase classname="AASProductTestCase.AASProductTest.qa.testcases.PTSettingPageTest" name="PTSettingMAGivenPTCheck" time="1.053"/>
  <testcase classname="AASProductTestCase.AASProductTest.qa.testcases.PTSettingPageTest" name="PTSettingMAGivenPTCheck" time="1.043"/>
  <testcase classname="AASProductTestCase.AASProductTest.qa.testcases.PTSettingPageTest" name="PTSettingMAGivenPTCheck" time="1.046"/>
  <testcase classname="AASProductTestCase.AASProductTest.qa.testcases.PTSettingPageTest" name="PTSettingMAGivenPTCheck" time="1.047"/>
  <testcase classname="AASProductTestCase.AASProductTest.qa.testcases.PTSettingPageTest" name="PTSettingMAGivenPTCheck" time="1.051"/>
  <testcase classname="AASProductTestCase.AASProductTest.qa.testcases.PTSettingPageTest" name="PTSettingMAGivenPTCheck" time="1.061"/>
  <testcase classname="AASProductTestCase.AASProductTest.qa.testcases.PTSettingPageTest" name="PTSettingMAPositiveTest01" time="4.662"/>
  <testcase classname="AASProductTestCase.AASProductTest.qa.testcases.PTSettingPageTest" name="PTSettingMAPositiveTest01" time="4.586"/>
  <testcase classname="AASProductTestCase.AASProductTest.qa.testcases.PTSettingPageTest" name="PTSettingMAPositiveTest01" time="4.582"/>
  <testcase classname="AASProductTestCase.AASProductTest.qa.testcases.PTSettingPageTest" name="PTSettingMAPositiveTest01" time="4.58"/>
  <testcase classname="AASProductTestCase.AASProductTest.qa.testcases.PTSettingPageTest" name="PTSettingMAPositiveTest01" time="4.605"/>
  <testcase classname="AASProductTestCase.AASProductTest.qa.testcases.PTSettingPageTest" name="PTSettingMAPositiveTest01" time="4.583"/>
  <testcase classname="AASProductTestCase.AASProductTest.qa.testcases.PTSettingPageTest" name="PTSettingMAPositiveTest01" time="4.58"/>
  <testcase classname="AASProductTestCase.AASProductTest.qa.testcases.PTSettingPageTest" name="PTSettingMAPositiveTest01" time="4.564"/>
  <testcase classname="AASProductTestCase.AASProductTest.qa.testcases.PTSettingPageTest" name="PTSettingMAPositiveTest01" time="4.581"/>
  <testcase classname="AASProductTestCase.AASProductTest.qa.testcases.PTSettingPageTest" name="PTSettingMAPositiveTest01" time="4.567"/>
  <testcase classname="AASProductTestCase.AASProductTest.qa.testcases.PTSettingPageTest" name="PTSettingMAPositiveTest01" time="4.645"/>
  <testcase classname="AASProductTestCase.AASProductTest.qa.testcases.PTSettingPageTest" name="PTSettingMAPositiveTest01" time="4.624"/>
  <testcase classname="AASProductTestCase.AASProductTest.qa.testcases.PTSettingPageTest" name="PTSettingMAPositiveTest01" time="4.575"/>
  <testcase classname="AASProductTestCase.AASProductTest.qa.testcases.PTSettingPageTest" name="PTSettingMAPositiveTest01" time="4.587"/>
  <testcase classname="AASProductTestCase.AASProductTest.qa.testcases.PTSettingPageTest" name="PTSettingMAPositiveTest01" time="4.584"/>
  <testcase classname="AASProductTestCase.AASProductTest.qa.testcases.PTSettingPageTest" name="PTSettingMANegativeTest01" time="4.584"/>
  <testcase classname="AASProductTestCase.AASProductTest.qa.testcases.PTSettingPageTest" name="PTSettingMANegativeTest01" time="4.657"/>
  <testcase classname="AASProductTestCase.AASProductTest.qa.testcases.PTSettingPageTest" name="PTSettingMANegativeTest01" time="4.591"/>
  <testcase classname="AASProductTestCase.AASProductTest.qa.testcases.PTSettingPageTest" name="PTSettingMANegativeTest01" time="4.616"/>
  <testcase classname="AASProductTestCase.AASProductTest.qa.testcases.PTSettingPageTest" name="PTSettingMANegativeTest01" time="4.587"/>
  <testcase classname="AASProductTestCase.AASProductTest.qa.testcases.PTSettingPageTest" name="PTSettingMANegativeTest01" time="4.6"/>
  <testcase classname="AASProductTestCase.AASProductTest.qa.testcases.PTSettingPageTest" name="PTSettingMANegativeTest01" time="4.596"/>
  <testcase classname="AASProductTestCase.AASProductTest.qa.testcases.PTSettingPageTest" name="PTSettingMANegativeTest01" time="4.617"/>
  <testcase classname="AASProductTestCase.AASProductTest.qa.testcases.PTSettingPageTest" name="PTSettingMANegativeTest01" time="4.57"/>
  <testcase classname="AASProductTestCase.AASProductTest.qa.testcases.PTSettingPageTest" name="PTSettingMANegativeTest01" time="4.583"/>
  <testcase classname="AASProductTestCase.AASProductTest.qa.testcases.PTSettingPageTest" name="PTSettingMANegativeTest01" time="4.584"/>
  <testcase classname="AASProductTestCase.AASProductTest.qa.testcases.PTSettingPageTest" name="PTSettingMANegativeTest01" time="4.76"/>
  <testcase classname="AASProductTestCase.AASProductTest.qa.testcases.PTSettingPageTest" name="PTSettingMANegativeTest01" time="4.581"/>
  <testcase classname="AASProductTestCase.AASProductTest.qa.testcases.PTSettingPageTest" name="PTSettingMANegativeTest01" time="4.591"/>
  <testcase classname="AASProductTestCase.AASProductTest.qa.testcases.PTSettingPageTest" name="PTSettingMANegativeTest01" time="4.609"/>
  <testcase classname="AASProductTestCase.AASProductTest.qa.testcases.PTSettingPageTest" name="PTSettingMAGroupUpdate" time="8.328"/>
  <testcase classname="AASProductTestCase.AASProductTest.qa.testcases.PTSettingPageTest" name="PTSettingMAPositiveTest02" time="1.045"/>
  <testcase classname="AASProductTestCase.AASProductTest.qa.testcases.PTSettingPageTest" name="PTSettingMAPositiveTest02" time="1.046"/>
  <testcase classname="AASProductTestCase.AASProductTest.qa.testcases.PTSettingPageTest" name="PTSettingMAPositiveTest02" time="1.044"/>
  <testcase classname="AASProductTestCase.AASProductTest.qa.testcases.PTSettingPageTest" name="PTSettingMAPositiveTest02" time="1.043"/>
  <testcase classname="AASProductTestCase.AASProductTest.qa.testcases.PTSettingPageTest" name="PTSettingMAPositiveTest02" time="1.046"/>
  <testcase classname="AASProductTestCase.AASProductTest.qa.testcases.PTSettingPageTest" name="PTSettingMAPositiveTest02" time="1.048"/>
  <testcase classname="AASProductTestCase.AASProductTest.qa.testcases.PTSettingPageTest" name="PTSettingMAPositiveTest02" time="1.06"/>
  <testcase classname="AASProductTestCase.AASProductTest.qa.testcases.PTSettingPageTest" name="PTSettingMAPositiveTest02" time="1.045"/>
  <testcase classname="AASProductTestCase.AASProductTest.qa.testcases.PTSettingPageTest" name="PTSettingMAPositiveTest02" time="1.047"/>
  <testcase classname="AASProductTestCase.AASProductTest.qa.testcases.PTSettingPageTest" name="PTSettingMAPositiveTest02" time="1.044"/>
  <testcase classname="AASProductTestCase.AASProductTest.qa.testcases.PTSettingPageTest" name="PTSettingMAPositiveTest02" time="1.042"/>
  <testcase classname="AASProductTestCase.AASProductTest.qa.testcases.PTSettingPageTest" name="PTSettingMAPositiveTest02" time="1.051"/>
  <testcase classname="AASProductTestCase.AASProductTest.qa.testcases.PTSettingPageTest" name="PTSettingMAPositiveTest02" time="1.044"/>
  <testcase classname="AASProductTestCase.AASProductTest.qa.testcases.PTSettingPageTest" name="PTSettingMAPositiveTest02" time="1.043"/>
  <testcase classname="AASProductTestCase.AASProductTest.qa.testcases.PTSettingPageTest" name="PTSettingMAPositiveTest02" time="1.048"/>
</testsuite> <!-- AAS PT Setting Test -->
