<?xml version="1.0" encoding="UTF-8"?>
<testng-results ignored="0" total="3" passed="2" failed="0" skipped="1">
  <reporter-output>
  </reporter-output>
  <suite started-at="2020-08-15T14:19:18Z" name="AAS Product Test Suite" finished-at="2020-08-15T14:19:33Z" duration-ms="15465">
    <groups>
    </groups>
    <test started-at="2020-08-15T14:19:18Z" name="AAS Login Test" finished-at="2020-08-15T14:19:26Z" duration-ms="7806">
      <class name="AASProductTestCase.AASProductTest.qa.testcases.LoginPageTest">
        <test-method is-config="true" signature="setUp()[pri:0, instance:AASProductTestCase.AASProductTest.qa.testcases.LoginPageTest@6f3b5d16]" started-at="2020-08-15T22:19:18Z" name="setUp" finished-at="2020-08-15T22:19:24Z" duration-ms="6141" status="PASS">
          <reporter-output>
          </reporter-output>
        </test-method> <!-- setUp -->
        <test-method signature="loginPageTitleTest()[pri:1, instance:AASProductTestCase.AASProductTest.qa.testcases.LoginPageTest@6f3b5d16]" started-at="2020-08-15T22:19:24Z" name="loginPageTitleTest" finished-at="2020-08-15T22:19:24Z" duration-ms="23" status="PASS">
          <reporter-output>
          </reporter-output>
        </test-method> <!-- loginPageTitleTest -->
        <test-method signature="loginTest()[pri:2, instance:AASProductTestCase.AASProductTest.qa.testcases.LoginPageTest@6f3b5d16]" started-at="2020-08-15T22:19:24Z" name="loginTest" finished-at="2020-08-15T22:19:26Z" duration-ms="1527" status="PASS">
          <reporter-output>
          </reporter-output>
        </test-method> <!-- loginTest -->
        <test-method is-config="true" signature="tearDown()[pri:0, instance:AASProductTestCase.AASProductTest.qa.testcases.LoginPageTest@6f3b5d16]" started-at="2020-08-15T22:19:26Z" name="tearDown" finished-at="2020-08-15T22:19:26Z" duration-ms="101" status="PASS">
          <reporter-output>
          </reporter-output>
        </test-method> <!-- tearDown -->
      </class> <!-- AASProductTestCase.AASProductTest.qa.testcases.LoginPageTest -->
    </test> <!-- AAS Login Test -->
    <test started-at="2020-08-15T14:19:26Z" name="AAS Product Test" finished-at="2020-08-15T14:19:33Z" duration-ms="7557">
      <class name="AASProductTestCase.AASProductTest.qa.testcases.ExtraPTPageTest">
        <test-method is-config="true" signature="setUp()[pri:0, instance:AASProductTestCase.AASProductTest.qa.testcases.ExtraPTPageTest@7fc229ab]" started-at="2020-08-15T22:19:26Z" name="setUp" finished-at="2020-08-15T22:19:33Z" duration-ms="7472" status="PASS">
          <reporter-output>
          </reporter-output>
        </test-method> <!-- setUp -->
        <test-method signature="ExtraPTTest(java.lang.String, java.lang.String, java.lang.String)[pri:0, instance:AASProductTestCase.AASProductTest.qa.testcases.ExtraPTPageTest@7fc229ab]" started-at="2020-08-15T22:19:33Z" name="ExtraPTTest" data-provider="getExtraPTPositiveData" finished-at="2020-08-15T22:19:33Z" duration-ms="0" status="SKIP">
          <exception class="java.lang.RuntimeException">
            <message>
              <![CDATA[java.lang.NullPointerException]]>
            </message>
            <full-stacktrace>
              <![CDATA[java.lang.RuntimeException: java.lang.NullPointerException
	at org.testng.internal.MethodInvocationHelper.invokeMethodNoCheckedException(MethodInvocationHelper.java:49)
	at org.testng.internal.MethodInvocationHelper.invokeDataProvider(MethodInvocationHelper.java:115)
	at org.testng.internal.Parameters.handleParameters(Parameters.java:509)
	at org.testng.internal.Invoker.handleParameters(Invoker.java:1308)
	at org.testng.internal.Invoker.createParameters(Invoker.java:1036)
	at org.testng.internal.Invoker.invokeTestMethods(Invoker.java:1126)
	at org.testng.internal.TestMethodWorker.invokeTestMethods(TestMethodWorker.java:126)
	at org.testng.internal.TestMethodWorker.run(TestMethodWorker.java:109)
	at org.testng.TestRunner.privateRun(TestRunner.java:744)
	at org.testng.TestRunner.run(TestRunner.java:602)
	at org.testng.SuiteRunner.runTest(SuiteRunner.java:380)
	at org.testng.SuiteRunner.runSequentially(SuiteRunner.java:375)
	at org.testng.SuiteRunner.privateRun(SuiteRunner.java:340)
	at org.testng.SuiteRunner.run(SuiteRunner.java:289)
	at org.testng.SuiteRunnerWorker.runSuite(SuiteRunnerWorker.java:52)
	at org.testng.SuiteRunnerWorker.run(SuiteRunnerWorker.java:86)
	at org.testng.TestNG.runSuitesSequentially(TestNG.java:1301)
	at org.testng.TestNG.runSuitesLocally(TestNG.java:1226)
	at org.testng.TestNG.runSuites(TestNG.java:1144)
	at org.testng.TestNG.run(TestNG.java:1115)
	at org.testng.remote.AbstractRemoteTestNG.run(AbstractRemoteTestNG.java:115)
	at org.testng.remote.RemoteTestNG.initAndRun(RemoteTestNG.java:251)
	at org.testng.remote.RemoteTestNG.main(RemoteTestNG.java:77)
Caused by: java.lang.NullPointerException
	at org.apache.poi.ss.usermodel.WorkbookFactory.create(WorkbookFactory.java:65)
	at AASProductTestCase.AASProductTest.qa.util.TestUtil.getTestData(TestUtil.java:49)
	at AASProductTestCase.AASProductTest.qa.testcases.ExtraPTPageTest.getExtraPTPositiveData(ExtraPTPageTest.java:57)
	at java.base/jdk.internal.reflect.NativeMethodAccessorImpl.invoke0(Native Method)
	at java.base/jdk.internal.reflect.NativeMethodAccessorImpl.invoke(NativeMethodAccessorImpl.java:62)
	at java.base/jdk.internal.reflect.DelegatingMethodAccessorImpl.invoke(DelegatingMethodAccessorImpl.java:43)
	at java.base/java.lang.reflect.Method.invoke(Method.java:564)
	at org.testng.internal.MethodInvocationHelper.invokeMethod(MethodInvocationHelper.java:108)
	at org.testng.internal.MethodInvocationHelper.invokeMethod(MethodInvocationHelper.java:55)
	at org.testng.internal.MethodInvocationHelper.invokeMethodNoCheckedException(MethodInvocationHelper.java:45)
	... 22 more
]]>
            </full-stacktrace>
          </exception> <!-- java.lang.RuntimeException -->
          <reporter-output>
          </reporter-output>
        </test-method> <!-- ExtraPTTest -->
        <test-method is-config="true" signature="tearDown()[pri:0, instance:AASProductTestCase.AASProductTest.qa.testcases.ExtraPTPageTest@7fc229ab]" started-at="2020-08-15T22:19:33Z" name="tearDown" finished-at="2020-08-15T22:19:33Z" duration-ms="77" status="PASS">
          <reporter-output>
          </reporter-output>
        </test-method> <!-- tearDown -->
      </class> <!-- AASProductTestCase.AASProductTest.qa.testcases.ExtraPTPageTest -->
    </test> <!-- AAS Product Test -->
  </suite> <!-- AAS Product Test Suite -->
</testng-results>
