-------------------------------------------------------------------------------
Test set: TestSuite
-------------------------------------------------------------------------------
Tests run: 306, Failures: 19, Errors: 0, Skipped: 0, Time elapsed: 1,104.682 s <<< FAILURE! - in TestSuite
PTSettingSMANegativeTest01(AASProductTestCase.AASProductTest.qa.testcases.PTSettingPageTest)  Time elapsed: 4.586 s  <<< FAILURE!
java.lang.AssertionError: null
	at AASProductTestCase.AASProductTest.qa.testcases.PTSettingPageTest.PTSettingSMANegativeTest01(PTSettingPageTest.java:240)

PTSettingSMANegativeTest01(AASProductTestCase.AASProductTest.qa.testcases.PTSettingPageTest)  Time elapsed: 4.577 s  <<< FAILURE!
java.lang.AssertionError: null
	at AASProductTestCase.AASProductTest.qa.testcases.PTSettingPageTest.PTSettingSMANegativeTest01(PTSettingPageTest.java:240)

PTSettingSMANegativeTest01(AASProductTestCase.AASProductTest.qa.testcases.PTSettingPageTest)  Time elapsed: 4.592 s  <<< FAILURE!
java.lang.AssertionError: null
	at AASProductTestCase.AASProductTest.qa.testcases.PTSettingPageTest.PTSettingSMANegativeTest01(PTSettingPageTest.java:240)

PTSettingSMANegativeTest01(AASProductTestCase.AASProductTest.qa.testcases.PTSettingPageTest)  Time elapsed: 4.58 s  <<< FAILURE!
java.lang.AssertionError: null
	at AASProductTestCase.AASProductTest.qa.testcases.PTSettingPageTest.PTSettingSMANegativeTest01(PTSettingPageTest.java:240)

PTSettingSMANegativeTest01(AASProductTestCase.AASProductTest.qa.testcases.PTSettingPageTest)  Time elapsed: 4.575 s  <<< FAILURE!
java.lang.AssertionError: null
	at AASProductTestCase.AASProductTest.qa.testcases.PTSettingPageTest.PTSettingSMANegativeTest01(PTSettingPageTest.java:240)

PTSettingSMANegativeTest01(AASProductTestCase.AASProductTest.qa.testcases.PTSettingPageTest)  Time elapsed: 4.596 s  <<< FAILURE!
java.lang.AssertionError: null
	at AASProductTestCase.AASProductTest.qa.testcases.PTSettingPageTest.PTSettingSMANegativeTest01(PTSettingPageTest.java:240)

PTSettingSMANegativeTest01(AASProductTestCase.AASProductTest.qa.testcases.PTSettingPageTest)  Time elapsed: 4.575 s  <<< FAILURE!
java.lang.AssertionError: null
	at AASProductTestCase.AASProductTest.qa.testcases.PTSettingPageTest.PTSettingSMANegativeTest01(PTSettingPageTest.java:240)

PTSettingSMANegativeTest01(AASProductTestCase.AASProductTest.qa.testcases.PTSettingPageTest)  Time elapsed: 4.571 s  <<< FAILURE!
java.lang.AssertionError: null
	at AASProductTestCase.AASProductTest.qa.testcases.PTSettingPageTest.PTSettingSMANegativeTest01(PTSettingPageTest.java:240)

PTSettingSMANegativeTest01(AASProductTestCase.AASProductTest.qa.testcases.PTSettingPageTest)  Time elapsed: 4.579 s  <<< FAILURE!
java.lang.AssertionError: null
	at AASProductTestCase.AASProductTest.qa.testcases.PTSettingPageTest.PTSettingSMANegativeTest01(PTSettingPageTest.java:240)

PTSettingSMANegativeTest01(AASProductTestCase.AASProductTest.qa.testcases.PTSettingPageTest)  Time elapsed: 4.641 s  <<< FAILURE!
java.lang.AssertionError: null
	at AASProductTestCase.AASProductTest.qa.testcases.PTSettingPageTest.PTSettingSMANegativeTest01(PTSettingPageTest.java:240)

PTSettingSMANegativeTest01(AASProductTestCase.AASProductTest.qa.testcases.PTSettingPageTest)  Time elapsed: 4.568 s  <<< FAILURE!
java.lang.AssertionError: null
	at AASProductTestCase.AASProductTest.qa.testcases.PTSettingPageTest.PTSettingSMANegativeTest01(PTSettingPageTest.java:240)

PTSettingSMANegativeTest01(AASProductTestCase.AASProductTest.qa.testcases.PTSettingPageTest)  Time elapsed: 4.582 s  <<< FAILURE!
java.lang.AssertionError: null
	at AASProductTestCase.AASProductTest.qa.testcases.PTSettingPageTest.PTSettingSMANegativeTest01(PTSettingPageTest.java:240)

PTSettingSMANegativeTest01(AASProductTestCase.AASProductTest.qa.testcases.PTSettingPageTest)  Time elapsed: 4.663 s  <<< FAILURE!
java.lang.AssertionError: null
	at AASProductTestCase.AASProductTest.qa.testcases.PTSettingPageTest.PTSettingSMANegativeTest01(PTSettingPageTest.java:240)

PTSettingSMANegativeTest01(AASProductTestCase.AASProductTest.qa.testcases.PTSettingPageTest)  Time elapsed: 4.616 s  <<< FAILURE!
java.lang.AssertionError: null
	at AASProductTestCase.AASProductTest.qa.testcases.PTSettingPageTest.PTSettingSMANegativeTest01(PTSettingPageTest.java:240)

PTSettingSMANegativeTest01(AASProductTestCase.AASProductTest.qa.testcases.PTSettingPageTest)  Time elapsed: 4.586 s  <<< FAILURE!
java.lang.AssertionError: null
	at AASProductTestCase.AASProductTest.qa.testcases.PTSettingPageTest.PTSettingSMANegativeTest01(PTSettingPageTest.java:240)

ProductStatusPositiveTest01(AASProductTestCase.AASProductTest.qa.testcases.ProductSettingPageTest)  Time elapsed: 5.452 s  <<< FAILURE!
java.lang.AssertionError: expected [] but found [Disabled]
	at AASProductTestCase.AASProductTest.qa.testcases.ProductSettingPageTest.ProductStatusPositiveTest01(ProductSettingPageTest.java:87)

ProductStatusDownlineCheck_MA(AASProductTestCase.AASProductTest.qa.testcases.ProductSettingPageTest)  Time elapsed: 1.001 s  <<< FAILURE!
java.lang.AssertionError: expected [] but found [Disabled]
	at AASProductTestCase.AASProductTest.qa.testcases.ProductSettingPageTest.ProductStatusDownlineCheck_MA(ProductSettingPageTest.java:106)

ProductStatusDownlineCheck_AG(AASProductTestCase.AASProductTest.qa.testcases.ProductSettingPageTest)  Time elapsed: 1.002 s  <<< FAILURE!
java.lang.AssertionError: expected [] but found [Disabled]
	at AASProductTestCase.AASProductTest.qa.testcases.ProductSettingPageTest.ProductStatusDownlineCheck_AG(ProductSettingPageTest.java:125)

ProductStatusActiveTest(AASProductTestCase.AASProductTest.qa.testcases.ProductSettingPageTest)  Time elapsed: 2.002 s  <<< FAILURE!
java.lang.AssertionError: expected [] but found [Active]
	at AASProductTestCase.AASProductTest.qa.testcases.ProductSettingPageTest.ProductStatusActiveTest(ProductSettingPageTest.java:148)

