<?xml version="1.0" encoding="UTF-8"?>
<testsuite xmlns:xsi="http://www.w3.org/2001/XMLSchema-instance" xsi:noNamespaceSchemaLocation="https://maven.apache.org/surefire/maven-surefire-plugin/xsd/surefire-test-report.xsd" name="TestSuite" time="765.263" tests="226" errors="0" skipped="0" failures="0">
  <properties>
[...]
</properties>
  <testcase name="PTSettingCAPositiveTest01" classname="AASProductTestCase.AASProductTest.qa.testcases.PTSettingPageTest" time="5.727"/>
  <testcase name="PTSettingCAPositiveTest01" classname="AASProductTestCase.AASProductTest.qa.testcases.PTSettingPageTest" time="5.428"/>
  <testcase name="PTSettingCAPositiveTest01" classname="AASProductTestCase.AASProductTest.qa.testcases.PTSettingPageTest" time="5.417"/>
  <testcase name="PTSettingCAPositiveTest01" classname="AASProductTestCase.AASProductTest.qa.testcases.PTSettingPageTest" time="5.396"/>
  <testcase name="PTSettingCAPositiveTest01" classname="AASProductTestCase.AASProductTest.qa.testcases.PTSettingPageTest" time="5.569"/>
  <testcase name="PTSettingCAPositiveTest01" classname="AASProductTestCase.AASProductTest.qa.testcases.PTSettingPageTest" time="5.723"/>
  <testcase name="PTSettingCAPositiveTest01" classname="AASProductTestCase.AASProductTest.qa.testcases.PTSettingPageTest" time="5.318"/>
  <testcase name="PTSettingCAPositiveTest01" classname="AASProductTestCase.AASProductTest.qa.testcases.PTSettingPageTest" time="5.273"/>
  <testcase name="PTSettingCAPositiveTest01" classname="AASProductTestCase.AASProductTest.qa.testcases.PTSettingPageTest" time="5.267"/>
  <testcase name="PTSettingCAPositiveTest01" classname="AASProductTestCase.AASProductTest.qa.testcases.PTSettingPageTest" time="5.27"/>
  <testcase name="PTSettingCAPositiveTest01" classname="AASProductTestCase.AASProductTest.qa.testcases.PTSettingPageTest" time="5.278"/>
  <testcase name="PTSettingCAPositiveTest01" classname="AASProductTestCase.AASProductTest.qa.testcases.PTSettingPageTest" time="5.334"/>
  <testcase name="PTSettingCAPositiveTest01" classname="AASProductTestCase.AASProductTest.qa.testcases.PTSettingPageTest" time="5.239"/>
  <testcase name="PTSettingCAPositiveTest01" classname="AASProductTestCase.AASProductTest.qa.testcases.PTSettingPageTest" time="5.25"/>
  <testcase name="PTSettingCAPositiveTest01" classname="AASProductTestCase.AASProductTest.qa.testcases.PTSettingPageTest" time="5.251"/>
  <testcase name="PTSettingCAPositiveTest01" classname="AASProductTestCase.AASProductTest.qa.testcases.PTSettingPageTest" time="5.256"/>
  <testcase name="PTSettingCAPositiveTest01" classname="AASProductTestCase.AASProductTest.qa.testcases.PTSettingPageTest" time="5.28"/>
  <testcase name="PTSettingCAGroupUpdate" classname="AASProductTestCase.AASProductTest.qa.testcases.PTSettingPageTest" time="9.453"/>
  <testcase name="PTSettingCAPositiveTest02" classname="AASProductTestCase.AASProductTest.qa.testcases.PTSettingPageTest" time="1.071"/>
  <testcase name="PTSettingCAPositiveTest02" classname="AASProductTestCase.AASProductTest.qa.testcases.PTSettingPageTest" time="1.082"/>
  <testcase name="PTSettingCAPositiveTest02" classname="AASProductTestCase.AASProductTest.qa.testcases.PTSettingPageTest" time="1.098"/>
  <testcase name="PTSettingCAPositiveTest02" classname="AASProductTestCase.AASProductTest.qa.testcases.PTSettingPageTest" time="1.076"/>
  <testcase name="PTSettingCAPositiveTest02" classname="AASProductTestCase.AASProductTest.qa.testcases.PTSettingPageTest" time="1.096"/>
  <testcase name="PTSettingCAPositiveTest02" classname="AASProductTestCase.AASProductTest.qa.testcases.PTSettingPageTest" time="1.094"/>
  <testcase name="PTSettingCAPositiveTest02" classname="AASProductTestCase.AASProductTest.qa.testcases.PTSettingPageTest" time="1.068"/>
  <testcase name="PTSettingCAPositiveTest02" classname="AASProductTestCase.AASProductTest.qa.testcases.PTSettingPageTest" time="1.062"/>
  <testcase name="PTSettingCAPositiveTest02" classname="AASProductTestCase.AASProductTest.qa.testcases.PTSettingPageTest" time="1.073"/>
  <testcase name="PTSettingCAPositiveTest02" classname="AASProductTestCase.AASProductTest.qa.testcases.PTSettingPageTest" time="1.046"/>
  <testcase name="PTSettingCAPositiveTest02" classname="AASProductTestCase.AASProductTest.qa.testcases.PTSettingPageTest" time="1.049"/>
  <testcase name="PTSettingCAPositiveTest02" classname="AASProductTestCase.AASProductTest.qa.testcases.PTSettingPageTest" time="1.049"/>
  <testcase name="PTSettingCAPositiveTest02" classname="AASProductTestCase.AASProductTest.qa.testcases.PTSettingPageTest" time="1.055"/>
  <testcase name="PTSettingCAPositiveTest02" classname="AASProductTestCase.AASProductTest.qa.testcases.PTSettingPageTest" time="1.056"/>
  <testcase name="PTSettingCAPositiveTest02" classname="AASProductTestCase.AASProductTest.qa.testcases.PTSettingPageTest" time="1.057"/>
  <testcase name="PTSettingCAPositiveTest02" classname="AASProductTestCase.AASProductTest.qa.testcases.PTSettingPageTest" time="1.049"/>
  <testcase name="PTSettingCAPositiveTest02" classname="AASProductTestCase.AASProductTest.qa.testcases.PTSettingPageTest" time="1.052"/>
  <testcase name="PTSettingCANegativeTest01" classname="AASProductTestCase.AASProductTest.qa.testcases.PTSettingPageTest" time="5.436"/>
  <testcase name="PTSettingCANegativeTest01" classname="AASProductTestCase.AASProductTest.qa.testcases.PTSettingPageTest" time="5.304"/>
  <testcase name="PTSettingCANegativeTest01" classname="AASProductTestCase.AASProductTest.qa.testcases.PTSettingPageTest" time="5.365"/>
  <testcase name="PTSettingCANegativeTest01" classname="AASProductTestCase.AASProductTest.qa.testcases.PTSettingPageTest" time="5.354"/>
  <testcase name="PTSettingCANegativeTest01" classname="AASProductTestCase.AASProductTest.qa.testcases.PTSettingPageTest" time="5.29"/>
  <testcase name="PTSettingCANegativeTest01" classname="AASProductTestCase.AASProductTest.qa.testcases.PTSettingPageTest" time="5.411"/>
  <testcase name="PTSettingCANegativeTest01" classname="AASProductTestCase.AASProductTest.qa.testcases.PTSettingPageTest" time="5.324"/>
  <testcase name="PTSettingCANegativeTest01" classname="AASProductTestCase.AASProductTest.qa.testcases.PTSettingPageTest" time="5.337"/>
  <testcase name="PTSettingCANegativeTest01" classname="AASProductTestCase.AASProductTest.qa.testcases.PTSettingPageTest" time="5.322"/>
  <testcase name="PTSettingCANegativeTest01" classname="AASProductTestCase.AASProductTest.qa.testcases.PTSettingPageTest" time="5.245"/>
  <testcase name="PTSettingCANegativeTest01" classname="AASProductTestCase.AASProductTest.qa.testcases.PTSettingPageTest" time="5.335"/>
  <testcase name="PTSettingCANegativeTest01" classname="AASProductTestCase.AASProductTest.qa.testcases.PTSettingPageTest" time="5.32"/>
  <testcase name="PTSettingCANegativeTest01" classname="AASProductTestCase.AASProductTest.qa.testcases.PTSettingPageTest" time="5.272"/>
  <testcase name="PTSettingCANegativeTest01" classname="AASProductTestCase.AASProductTest.qa.testcases.PTSettingPageTest" time="5.276"/>
  <testcase name="PTSettingCANegativeTest01" classname="AASProductTestCase.AASProductTest.qa.testcases.PTSettingPageTest" time="5.236"/>
  <testcase name="PTSettingCANegativeTest01" classname="AASProductTestCase.AASProductTest.qa.testcases.PTSettingPageTest" time="5.265"/>
  <testcase name="PTSettingCANegativeTest01" classname="AASProductTestCase.AASProductTest.qa.testcases.PTSettingPageTest" time="5.237"/>
  <testcase name="PTSettingCANegativeTest02" classname="AASProductTestCase.AASProductTest.qa.testcases.PTSettingPageTest" time="4.24"/>
  <testcase name="PTSettingCANegativeTest02" classname="AASProductTestCase.AASProductTest.qa.testcases.PTSettingPageTest" time="4.269"/>
  <testcase name="PTSettingCANegativeTest02" classname="AASProductTestCase.AASProductTest.qa.testcases.PTSettingPageTest" time="4.352"/>
  <testcase name="PTSettingCANegativeTest02" classname="AASProductTestCase.AASProductTest.qa.testcases.PTSettingPageTest" time="4.342"/>
  <testcase name="PTSettingCANegativeTest02" classname="AASProductTestCase.AASProductTest.qa.testcases.PTSettingPageTest" time="4.225"/>
  <testcase name="PTSettingCANegativeTest02" classname="AASProductTestCase.AASProductTest.qa.testcases.PTSettingPageTest" time="4.229"/>
  <testcase name="PTSettingCANegativeTest02" classname="AASProductTestCase.AASProductTest.qa.testcases.PTSettingPageTest" time="4.211"/>
  <testcase name="PTSettingCANegativeTest02" classname="AASProductTestCase.AASProductTest.qa.testcases.PTSettingPageTest" time="4.244"/>
  <testcase name="PTSettingCANegativeTest02" classname="AASProductTestCase.AASProductTest.qa.testcases.PTSettingPageTest" time="4.24"/>
  <testcase name="PTSettingCANegativeTest02" classname="AASProductTestCase.AASProductTest.qa.testcases.PTSettingPageTest" time="4.229"/>
  <testcase name="PTSettingCANegativeTest02" classname="AASProductTestCase.AASProductTest.qa.testcases.PTSettingPageTest" time="4.298"/>
  <testcase name="PTSettingCANegativeTest02" classname="AASProductTestCase.AASProductTest.qa.testcases.PTSettingPageTest" time="4.264"/>
  <testcase name="PTSettingCANegativeTest02" classname="AASProductTestCase.AASProductTest.qa.testcases.PTSettingPageTest" time="4.317"/>
  <testcase name="PTSettingCANegativeTest02" classname="AASProductTestCase.AASProductTest.qa.testcases.PTSettingPageTest" time="4.238"/>
  <testcase name="PTSettingCANegativeTest02" classname="AASProductTestCase.AASProductTest.qa.testcases.PTSettingPageTest" time="4.271"/>
  <testcase name="PTSettingCANegativeTest02" classname="AASProductTestCase.AASProductTest.qa.testcases.PTSettingPageTest" time="4.225"/>
  <testcase name="PTSettingCANegativeTest02" classname="AASProductTestCase.AASProductTest.qa.testcases.PTSettingPageTest" time="4.225"/>
  <testcase name="ProceedSMACheck" classname="AASProductTestCase.AASProductTest.qa.testcases.PTSettingPageTest" time="4.536"/>
  <testcase name="PTSettingSMAGivenPTCheck" classname="AASProductTestCase.AASProductTest.qa.testcases.PTSettingPageTest" time="1.075"/>
  <testcase name="PTSettingSMAGivenPTCheck" classname="AASProductTestCase.AASProductTest.qa.testcases.PTSettingPageTest" time="1.06"/>
  <testcase name="PTSettingSMAGivenPTCheck" classname="AASProductTestCase.AASProductTest.qa.testcases.PTSettingPageTest" time="1.049"/>
  <testcase name="PTSettingSMAGivenPTCheck" classname="AASProductTestCase.AASProductTest.qa.testcases.PTSettingPageTest" time="1.047"/>
  <testcase name="PTSettingSMAGivenPTCheck" classname="AASProductTestCase.AASProductTest.qa.testcases.PTSettingPageTest" time="1.054"/>
  <testcase name="PTSettingSMAGivenPTCheck" classname="AASProductTestCase.AASProductTest.qa.testcases.PTSettingPageTest" time="1.056"/>
  <testcase name="PTSettingSMAGivenPTCheck" classname="AASProductTestCase.AASProductTest.qa.testcases.PTSettingPageTest" time="1.054"/>
  <testcase name="PTSettingSMAGivenPTCheck" classname="AASProductTestCase.AASProductTest.qa.testcases.PTSettingPageTest" time="1.055"/>
  <testcase name="PTSettingSMAGivenPTCheck" classname="AASProductTestCase.AASProductTest.qa.testcases.PTSettingPageTest" time="1.066"/>
  <testcase name="PTSettingSMAGivenPTCheck" classname="AASProductTestCase.AASProductTest.qa.testcases.PTSettingPageTest" time="1.054"/>
  <testcase name="PTSettingSMAGivenPTCheck" classname="AASProductTestCase.AASProductTest.qa.testcases.PTSettingPageTest" time="1.052"/>
  <testcase name="PTSettingSMAGivenPTCheck" classname="AASProductTestCase.AASProductTest.qa.testcases.PTSettingPageTest" time="1.065"/>
  <testcase name="PTSettingSMAGivenPTCheck" classname="AASProductTestCase.AASProductTest.qa.testcases.PTSettingPageTest" time="1.048"/>
  <testcase name="PTSettingSMAGivenPTCheck" classname="AASProductTestCase.AASProductTest.qa.testcases.PTSettingPageTest" time="1.048"/>
  <testcase name="PTSettingSMAGivenPTCheck" classname="AASProductTestCase.AASProductTest.qa.testcases.PTSettingPageTest" time="1.047"/>
  <testcase name="PTSettingSMAGivenPTCheck" classname="AASProductTestCase.AASProductTest.qa.testcases.PTSettingPageTest" time="1.059"/>
  <testcase name="PTSettingSMAGivenPTCheck" classname="AASProductTestCase.AASProductTest.qa.testcases.PTSettingPageTest" time="1.071"/>
  <testcase name="PTSettingSMAPositiveTest01" classname="AASProductTestCase.AASProductTest.qa.testcases.PTSettingPageTest" time="4.307"/>
  <testcase name="PTSettingSMAPositiveTest01" classname="AASProductTestCase.AASProductTest.qa.testcases.PTSettingPageTest" time="4.23"/>
  <testcase name="PTSettingSMAPositiveTest01" classname="AASProductTestCase.AASProductTest.qa.testcases.PTSettingPageTest" time="4.21"/>
  <testcase name="PTSettingSMAPositiveTest01" classname="AASProductTestCase.AASProductTest.qa.testcases.PTSettingPageTest" time="4.236"/>
  <testcase name="PTSettingSMAPositiveTest01" classname="AASProductTestCase.AASProductTest.qa.testcases.PTSettingPageTest" time="4.234"/>
  <testcase name="PTSettingSMAPositiveTest01" classname="AASProductTestCase.AASProductTest.qa.testcases.PTSettingPageTest" time="4.237"/>
  <testcase name="PTSettingSMAPositiveTest01" classname="AASProductTestCase.AASProductTest.qa.testcases.PTSettingPageTest" time="4.225"/>
  <testcase name="PTSettingSMAPositiveTest01" classname="AASProductTestCase.AASProductTest.qa.testcases.PTSettingPageTest" time="4.27"/>
  <testcase name="PTSettingSMAPositiveTest01" classname="AASProductTestCase.AASProductTest.qa.testcases.PTSettingPageTest" time="4.209"/>
  <testcase name="PTSettingSMAPositiveTest01" classname="AASProductTestCase.AASProductTest.qa.testcases.PTSettingPageTest" time="4.239"/>
  <testcase name="PTSettingSMAPositiveTest01" classname="AASProductTestCase.AASProductTest.qa.testcases.PTSettingPageTest" time="4.276"/>
  <testcase name="PTSettingSMAPositiveTest01" classname="AASProductTestCase.AASProductTest.qa.testcases.PTSettingPageTest" time="4.241"/>
  <testcase name="PTSettingSMAPositiveTest01" classname="AASProductTestCase.AASProductTest.qa.testcases.PTSettingPageTest" time="4.237"/>
  <testcase name="PTSettingSMAPositiveTest01" classname="AASProductTestCase.AASProductTest.qa.testcases.PTSettingPageTest" time="4.225"/>
  <testcase name="PTSettingSMAPositiveTest01" classname="AASProductTestCase.AASProductTest.qa.testcases.PTSettingPageTest" time="4.236"/>
  <testcase name="PTSettingSMAPositiveTest01" classname="AASProductTestCase.AASProductTest.qa.testcases.PTSettingPageTest" time="4.235"/>
  <testcase name="PTSettingSMAPositiveTest01" classname="AASProductTestCase.AASProductTest.qa.testcases.PTSettingPageTest" time="4.233"/>
  <testcase name="PTSettingSMANegativeTest01" classname="AASProductTestCase.AASProductTest.qa.testcases.PTSettingPageTest" time="4.204"/>
  <testcase name="PTSettingSMANegativeTest01" classname="AASProductTestCase.AASProductTest.qa.testcases.PTSettingPageTest" time="4.238"/>
  <testcase name="PTSettingSMANegativeTest01" classname="AASProductTestCase.AASProductTest.qa.testcases.PTSettingPageTest" time="4.253"/>
  <testcase name="PTSettingSMANegativeTest01" classname="AASProductTestCase.AASProductTest.qa.testcases.PTSettingPageTest" time="4.201"/>
  <testcase name="PTSettingSMANegativeTest01" classname="AASProductTestCase.AASProductTest.qa.testcases.PTSettingPageTest" time="4.196"/>
  <testcase name="PTSettingSMANegativeTest01" classname="AASProductTestCase.AASProductTest.qa.testcases.PTSettingPageTest" time="4.232"/>
  <testcase name="PTSettingSMANegativeTest01" classname="AASProductTestCase.AASProductTest.qa.testcases.PTSettingPageTest" time="4.213"/>
  <testcase name="PTSettingSMANegativeTest01" classname="AASProductTestCase.AASProductTest.qa.testcases.PTSettingPageTest" time="4.228"/>
  <testcase name="PTSettingSMANegativeTest01" classname="AASProductTestCase.AASProductTest.qa.testcases.PTSettingPageTest" time="4.208"/>
  <testcase name="PTSettingSMANegativeTest01" classname="AASProductTestCase.AASProductTest.qa.testcases.PTSettingPageTest" time="4.345"/>
  <testcase name="PTSettingSMANegativeTest01" classname="AASProductTestCase.AASProductTest.qa.testcases.PTSettingPageTest" time="4.214"/>
  <testcase name="PTSettingSMANegativeTest01" classname="AASProductTestCase.AASProductTest.qa.testcases.PTSettingPageTest" time="4.177"/>
  <testcase name="PTSettingSMANegativeTest01" classname="AASProductTestCase.AASProductTest.qa.testcases.PTSettingPageTest" time="4.195"/>
  <testcase name="PTSettingSMANegativeTest01" classname="AASProductTestCase.AASProductTest.qa.testcases.PTSettingPageTest" time="4.252"/>
  <testcase name="PTSettingSMANegativeTest01" classname="AASProductTestCase.AASProductTest.qa.testcases.PTSettingPageTest" time="4.226"/>
  <testcase name="PTSettingSMANegativeTest01" classname="AASProductTestCase.AASProductTest.qa.testcases.PTSettingPageTest" time="4.259"/>
  <testcase name="PTSettingSMANegativeTest01" classname="AASProductTestCase.AASProductTest.qa.testcases.PTSettingPageTest" time="4.255"/>
  <testcase name="PTSettingSMANegativeTest02" classname="AASProductTestCase.AASProductTest.qa.testcases.PTSettingPageTest" time="4.251"/>
  <testcase name="PTSettingSMANegativeTest02" classname="AASProductTestCase.AASProductTest.qa.testcases.PTSettingPageTest" time="4.307"/>
  <testcase name="PTSettingSMANegativeTest02" classname="AASProductTestCase.AASProductTest.qa.testcases.PTSettingPageTest" time="4.225"/>
  <testcase name="PTSettingSMANegativeTest02" classname="AASProductTestCase.AASProductTest.qa.testcases.PTSettingPageTest" time="4.236"/>
  <testcase name="PTSettingSMANegativeTest02" classname="AASProductTestCase.AASProductTest.qa.testcases.PTSettingPageTest" time="4.22"/>
  <testcase name="PTSettingSMANegativeTest02" classname="AASProductTestCase.AASProductTest.qa.testcases.PTSettingPageTest" time="4.205"/>
  <testcase name="PTSettingSMANegativeTest02" classname="AASProductTestCase.AASProductTest.qa.testcases.PTSettingPageTest" time="4.225"/>
  <testcase name="PTSettingSMANegativeTest02" classname="AASProductTestCase.AASProductTest.qa.testcases.PTSettingPageTest" time="4.218"/>
  <testcase name="PTSettingSMANegativeTest02" classname="AASProductTestCase.AASProductTest.qa.testcases.PTSettingPageTest" time="4.285"/>
  <testcase name="PTSettingSMANegativeTest02" classname="AASProductTestCase.AASProductTest.qa.testcases.PTSettingPageTest" time="4.24"/>
  <testcase name="PTSettingSMANegativeTest02" classname="AASProductTestCase.AASProductTest.qa.testcases.PTSettingPageTest" time="4.27"/>
  <testcase name="PTSettingSMANegativeTest02" classname="AASProductTestCase.AASProductTest.qa.testcases.PTSettingPageTest" time="4.228"/>
  <testcase name="PTSettingSMANegativeTest02" classname="AASProductTestCase.AASProductTest.qa.testcases.PTSettingPageTest" time="4.244"/>
  <testcase name="PTSettingSMANegativeTest02" classname="AASProductTestCase.AASProductTest.qa.testcases.PTSettingPageTest" time="4.204"/>
  <testcase name="PTSettingSMANegativeTest02" classname="AASProductTestCase.AASProductTest.qa.testcases.PTSettingPageTest" time="4.228"/>
  <testcase name="PTSettingSMANegativeTest02" classname="AASProductTestCase.AASProductTest.qa.testcases.PTSettingPageTest" time="4.206"/>
  <testcase name="PTSettingSMANegativeTest02" classname="AASProductTestCase.AASProductTest.qa.testcases.PTSettingPageTest" time="4.24"/>
  <testcase name="PTSettingSMAGroupUpdate" classname="AASProductTestCase.AASProductTest.qa.testcases.PTSettingPageTest" time="9.394"/>
  <testcase name="PTSettingSMAPositiveTest02" classname="AASProductTestCase.AASProductTest.qa.testcases.PTSettingPageTest" time="1.062"/>
  <testcase name="PTSettingSMAPositiveTest02" classname="AASProductTestCase.AASProductTest.qa.testcases.PTSettingPageTest" time="1.062"/>
  <testcase name="PTSettingSMAPositiveTest02" classname="AASProductTestCase.AASProductTest.qa.testcases.PTSettingPageTest" time="1.079"/>
  <testcase name="PTSettingSMAPositiveTest02" classname="AASProductTestCase.AASProductTest.qa.testcases.PTSettingPageTest" time="1.056"/>
  <testcase name="PTSettingSMAPositiveTest02" classname="AASProductTestCase.AASProductTest.qa.testcases.PTSettingPageTest" time="1.057"/>
  <testcase name="PTSettingSMAPositiveTest02" classname="AASProductTestCase.AASProductTest.qa.testcases.PTSettingPageTest" time="1.081"/>
  <testcase name="PTSettingSMAPositiveTest02" classname="AASProductTestCase.AASProductTest.qa.testcases.PTSettingPageTest" time="1.076"/>
  <testcase name="PTSettingSMAPositiveTest02" classname="AASProductTestCase.AASProductTest.qa.testcases.PTSettingPageTest" time="1.052"/>
  <testcase name="PTSettingSMAPositiveTest02" classname="AASProductTestCase.AASProductTest.qa.testcases.PTSettingPageTest" time="1.052"/>
  <testcase name="PTSettingSMAPositiveTest02" classname="AASProductTestCase.AASProductTest.qa.testcases.PTSettingPageTest" time="1.052"/>
  <testcase name="PTSettingSMAPositiveTest02" classname="AASProductTestCase.AASProductTest.qa.testcases.PTSettingPageTest" time="1.071"/>
  <testcase name="PTSettingSMAPositiveTest02" classname="AASProductTestCase.AASProductTest.qa.testcases.PTSettingPageTest" time="1.053"/>
  <testcase name="PTSettingSMAPositiveTest02" classname="AASProductTestCase.AASProductTest.qa.testcases.PTSettingPageTest" time="1.05"/>
  <testcase name="PTSettingSMAPositiveTest02" classname="AASProductTestCase.AASProductTest.qa.testcases.PTSettingPageTest" time="1.056"/>
  <testcase name="PTSettingSMAPositiveTest02" classname="AASProductTestCase.AASProductTest.qa.testcases.PTSettingPageTest" time="1.054"/>
  <testcase name="PTSettingSMAPositiveTest02" classname="AASProductTestCase.AASProductTest.qa.testcases.PTSettingPageTest" time="1.054"/>
  <testcase name="PTSettingSMAPositiveTest02" classname="AASProductTestCase.AASProductTest.qa.testcases.PTSettingPageTest" time="1.051"/>
  <testcase name="ProceedMACheck" classname="AASProductTestCase.AASProductTest.qa.testcases.PTSettingPageTest" time="4.538"/>
  <testcase name="PTSettingMAGivenPTCheck" classname="AASProductTestCase.AASProductTest.qa.testcases.PTSettingPageTest" time="1.062"/>
  <testcase name="PTSettingMAGivenPTCheck" classname="AASProductTestCase.AASProductTest.qa.testcases.PTSettingPageTest" time="1.047"/>
  <testcase name="PTSettingMAGivenPTCheck" classname="AASProductTestCase.AASProductTest.qa.testcases.PTSettingPageTest" time="1.048"/>
  <testcase name="PTSettingMAGivenPTCheck" classname="AASProductTestCase.AASProductTest.qa.testcases.PTSettingPageTest" time="1.054"/>
  <testcase name="PTSettingMAGivenPTCheck" classname="AASProductTestCase.AASProductTest.qa.testcases.PTSettingPageTest" time="1.063"/>
  <testcase name="PTSettingMAGivenPTCheck" classname="AASProductTestCase.AASProductTest.qa.testcases.PTSettingPageTest" time="1.052"/>
  <testcase name="PTSettingMAGivenPTCheck" classname="AASProductTestCase.AASProductTest.qa.testcases.PTSettingPageTest" time="1.051"/>
  <testcase name="PTSettingMAGivenPTCheck" classname="AASProductTestCase.AASProductTest.qa.testcases.PTSettingPageTest" time="1.06"/>
  <testcase name="PTSettingMAGivenPTCheck" classname="AASProductTestCase.AASProductTest.qa.testcases.PTSettingPageTest" time="1.056"/>
  <testcase name="PTSettingMAGivenPTCheck" classname="AASProductTestCase.AASProductTest.qa.testcases.PTSettingPageTest" time="1.047"/>
  <testcase name="PTSettingMAGivenPTCheck" classname="AASProductTestCase.AASProductTest.qa.testcases.PTSettingPageTest" time="1.06"/>
  <testcase name="PTSettingMAGivenPTCheck" classname="AASProductTestCase.AASProductTest.qa.testcases.PTSettingPageTest" time="1.049"/>
  <testcase name="PTSettingMAGivenPTCheck" classname="AASProductTestCase.AASProductTest.qa.testcases.PTSettingPageTest" time="1.046"/>
  <testcase name="PTSettingMAGivenPTCheck" classname="AASProductTestCase.AASProductTest.qa.testcases.PTSettingPageTest" time="1.052"/>
  <testcase name="PTSettingMAGivenPTCheck" classname="AASProductTestCase.AASProductTest.qa.testcases.PTSettingPageTest" time="1.05"/>
  <testcase name="PTSettingMAGivenPTCheck" classname="AASProductTestCase.AASProductTest.qa.testcases.PTSettingPageTest" time="1.05"/>
  <testcase name="PTSettingMAGivenPTCheck" classname="AASProductTestCase.AASProductTest.qa.testcases.PTSettingPageTest" time="1.07"/>
  <testcase name="PTSettingMAPositiveTest01" classname="AASProductTestCase.AASProductTest.qa.testcases.PTSettingPageTest" time="4.341"/>
  <testcase name="PTSettingMAPositiveTest01" classname="AASProductTestCase.AASProductTest.qa.testcases.PTSettingPageTest" time="4.2"/>
  <testcase name="PTSettingMAPositiveTest01" classname="AASProductTestCase.AASProductTest.qa.testcases.PTSettingPageTest" time="4.193"/>
  <testcase name="PTSettingMAPositiveTest01" classname="AASProductTestCase.AASProductTest.qa.testcases.PTSettingPageTest" time="4.219"/>
  <testcase name="PTSettingMAPositiveTest01" classname="AASProductTestCase.AASProductTest.qa.testcases.PTSettingPageTest" time="4.202"/>
  <testcase name="PTSettingMAPositiveTest01" classname="AASProductTestCase.AASProductTest.qa.testcases.PTSettingPageTest" time="4.202"/>
  <testcase name="PTSettingMAPositiveTest01" classname="AASProductTestCase.AASProductTest.qa.testcases.PTSettingPageTest" time="4.229"/>
  <testcase name="PTSettingMAPositiveTest01" classname="AASProductTestCase.AASProductTest.qa.testcases.PTSettingPageTest" time="4.217"/>
  <testcase name="PTSettingMAPositiveTest01" classname="AASProductTestCase.AASProductTest.qa.testcases.PTSettingPageTest" time="4.199"/>
  <testcase name="PTSettingMAPositiveTest01" classname="AASProductTestCase.AASProductTest.qa.testcases.PTSettingPageTest" time="4.212"/>
  <testcase name="PTSettingMAPositiveTest01" classname="AASProductTestCase.AASProductTest.qa.testcases.PTSettingPageTest" time="4.224"/>
  <testcase name="PTSettingMAPositiveTest01" classname="AASProductTestCase.AASProductTest.qa.testcases.PTSettingPageTest" time="4.258"/>
  <testcase name="PTSettingMAPositiveTest01" classname="AASProductTestCase.AASProductTest.qa.testcases.PTSettingPageTest" time="4.236"/>
  <testcase name="PTSettingMAPositiveTest01" classname="AASProductTestCase.AASProductTest.qa.testcases.PTSettingPageTest" time="4.218"/>
  <testcase name="PTSettingMAPositiveTest01" classname="AASProductTestCase.AASProductTest.qa.testcases.PTSettingPageTest" time="4.205"/>
  <testcase name="PTSettingMAPositiveTest01" classname="AASProductTestCase.AASProductTest.qa.testcases.PTSettingPageTest" time="4.261"/>
  <testcase name="PTSettingMAPositiveTest01" classname="AASProductTestCase.AASProductTest.qa.testcases.PTSettingPageTest" time="4.226"/>
  <testcase name="PTSettingMANegativeTest01" classname="AASProductTestCase.AASProductTest.qa.testcases.PTSettingPageTest" time="4.206"/>
  <testcase name="PTSettingMANegativeTest01" classname="AASProductTestCase.AASProductTest.qa.testcases.PTSettingPageTest" time="4.275"/>
  <testcase name="PTSettingMANegativeTest01" classname="AASProductTestCase.AASProductTest.qa.testcases.PTSettingPageTest" time="4.212"/>
  <testcase name="PTSettingMANegativeTest01" classname="AASProductTestCase.AASProductTest.qa.testcases.PTSettingPageTest" time="4.212"/>
  <testcase name="PTSettingMANegativeTest01" classname="AASProductTestCase.AASProductTest.qa.testcases.PTSettingPageTest" time="4.226"/>
  <testcase name="PTSettingMANegativeTest01" classname="AASProductTestCase.AASProductTest.qa.testcases.PTSettingPageTest" time="4.243"/>
  <testcase name="PTSettingMANegativeTest01" classname="AASProductTestCase.AASProductTest.qa.testcases.PTSettingPageTest" time="4.204"/>
  <testcase name="PTSettingMANegativeTest01" classname="AASProductTestCase.AASProductTest.qa.testcases.PTSettingPageTest" time="4.257"/>
  <testcase name="PTSettingMANegativeTest01" classname="AASProductTestCase.AASProductTest.qa.testcases.PTSettingPageTest" time="4.183"/>
  <testcase name="PTSettingMANegativeTest01" classname="AASProductTestCase.AASProductTest.qa.testcases.PTSettingPageTest" time="4.221"/>
  <testcase name="PTSettingMANegativeTest01" classname="AASProductTestCase.AASProductTest.qa.testcases.PTSettingPageTest" time="4.204"/>
  <testcase name="PTSettingMANegativeTest01" classname="AASProductTestCase.AASProductTest.qa.testcases.PTSettingPageTest" time="4.201"/>
  <testcase name="PTSettingMANegativeTest01" classname="AASProductTestCase.AASProductTest.qa.testcases.PTSettingPageTest" time="4.215"/>
  <testcase name="PTSettingMANegativeTest01" classname="AASProductTestCase.AASProductTest.qa.testcases.PTSettingPageTest" time="4.21"/>
  <testcase name="PTSettingMANegativeTest01" classname="AASProductTestCase.AASProductTest.qa.testcases.PTSettingPageTest" time="4.253"/>
  <testcase name="PTSettingMANegativeTest01" classname="AASProductTestCase.AASProductTest.qa.testcases.PTSettingPageTest" time="4.22"/>
  <testcase name="PTSettingMANegativeTest01" classname="AASProductTestCase.AASProductTest.qa.testcases.PTSettingPageTest" time="4.264"/>
  <testcase name="PTSettingMAGroupUpdate" classname="AASProductTestCase.AASProductTest.qa.testcases.PTSettingPageTest" time="9.348"/>
  <testcase name="PTSettingMAPositiveTest02" classname="AASProductTestCase.AASProductTest.qa.testcases.PTSettingPageTest" time="1.052"/>
  <testcase name="PTSettingMAPositiveTest02" classname="AASProductTestCase.AASProductTest.qa.testcases.PTSettingPageTest" time="1.068"/>
  <testcase name="PTSettingMAPositiveTest02" classname="AASProductTestCase.AASProductTest.qa.testcases.PTSettingPageTest" time="1.051"/>
  <testcase name="PTSettingMAPositiveTest02" classname="AASProductTestCase.AASProductTest.qa.testcases.PTSettingPageTest" time="1.053"/>
  <testcase name="PTSettingMAPositiveTest02" classname="AASProductTestCase.AASProductTest.qa.testcases.PTSettingPageTest" time="1.052"/>
  <testcase name="PTSettingMAPositiveTest02" classname="AASProductTestCase.AASProductTest.qa.testcases.PTSettingPageTest" time="1.064"/>
  <testcase name="PTSettingMAPositiveTest02" classname="AASProductTestCase.AASProductTest.qa.testcases.PTSettingPageTest" time="1.06"/>
  <testcase name="PTSettingMAPositiveTest02" classname="AASProductTestCase.AASProductTest.qa.testcases.PTSettingPageTest" time="1.052"/>
  <testcase name="PTSettingMAPositiveTest02" classname="AASProductTestCase.AASProductTest.qa.testcases.PTSettingPageTest" time="1.061"/>
  <testcase name="PTSettingMAPositiveTest02" classname="AASProductTestCase.AASProductTest.qa.testcases.PTSettingPageTest" time="1.062"/>
  <testcase name="PTSettingMAPositiveTest02" classname="AASProductTestCase.AASProductTest.qa.testcases.PTSettingPageTest" time="1.046"/>
  <testcase name="PTSettingMAPositiveTest02" classname="AASProductTestCase.AASProductTest.qa.testcases.PTSettingPageTest" time="1.049"/>
  <testcase name="PTSettingMAPositiveTest02" classname="AASProductTestCase.AASProductTest.qa.testcases.PTSettingPageTest" time="1.051"/>
  <testcase name="PTSettingMAPositiveTest02" classname="AASProductTestCase.AASProductTest.qa.testcases.PTSettingPageTest" time="1.066"/>
  <testcase name="PTSettingMAPositiveTest02" classname="AASProductTestCase.AASProductTest.qa.testcases.PTSettingPageTest" time="1.055"/>
  <testcase name="PTSettingMAPositiveTest02" classname="AASProductTestCase.AASProductTest.qa.testcases.PTSettingPageTest" time="1.067"/>
  <testcase name="PTSettingMAPositiveTest02" classname="AASProductTestCase.AASProductTest.qa.testcases.PTSettingPageTest" time="1.056"/>
</testsuite>