<?xml version="1.0" encoding="UTF-8"?>
<testsuite xmlns:xsi="http://www.w3.org/2001/XMLSchema-instance" xsi:noNamespaceSchemaLocation="https://maven.apache.org/surefire/maven-surefire-plugin/xsd/surefire-test-report.xsd" name="TestSuite" time="1,104.682" tests="306" errors="0" skipped="0" failures="19">
  <properties>
[...]
</properties>
  <testcase name="LoginPageTitleTest" classname="AASProductTestCase.AASProductTest.qa.testcases.LoginPageTest" time="0.009"/>
  <testcase name="loginTestNegative01" classname="AASProductTestCase.AASProductTest.qa.testcases.LoginPageTest" time="1.025"/>
  <testcase name="loginTestNegative02" classname="AASProductTestCase.AASProductTest.qa.testcases.LoginPageTest" time="0.566"/>
  <testcase name="LoginTest" classname="AASProductTestCase.AASProductTest.qa.testcases.LoginPageTest" time="0.478"/>
  <testcase name="PTSettingCAPositiveTest01" classname="AASProductTestCase.AASProductTest.qa.testcases.PTSettingPageTest" time="4.731"/>
  <testcase name="PTSettingCAPositiveTest01" classname="AASProductTestCase.AASProductTest.qa.testcases.PTSettingPageTest" time="4.639"/>
  <testcase name="PTSettingCAPositiveTest01" classname="AASProductTestCase.AASProductTest.qa.testcases.PTSettingPageTest" time="4.671"/>
  <testcase name="PTSettingCAPositiveTest01" classname="AASProductTestCase.AASProductTest.qa.testcases.PTSettingPageTest" time="4.648"/>
  <testcase name="PTSettingCAPositiveTest01" classname="AASProductTestCase.AASProductTest.qa.testcases.PTSettingPageTest" time="4.619"/>
  <testcase name="PTSettingCAPositiveTest01" classname="AASProductTestCase.AASProductTest.qa.testcases.PTSettingPageTest" time="4.643"/>
  <testcase name="PTSettingCAPositiveTest01" classname="AASProductTestCase.AASProductTest.qa.testcases.PTSettingPageTest" time="4.863"/>
  <testcase name="PTSettingCAPositiveTest01" classname="AASProductTestCase.AASProductTest.qa.testcases.PTSettingPageTest" time="4.635"/>
  <testcase name="PTSettingCAPositiveTest01" classname="AASProductTestCase.AASProductTest.qa.testcases.PTSettingPageTest" time="4.623"/>
  <testcase name="PTSettingCAPositiveTest01" classname="AASProductTestCase.AASProductTest.qa.testcases.PTSettingPageTest" time="4.613"/>
  <testcase name="PTSettingCAPositiveTest01" classname="AASProductTestCase.AASProductTest.qa.testcases.PTSettingPageTest" time="4.624"/>
  <testcase name="PTSettingCAPositiveTest01" classname="AASProductTestCase.AASProductTest.qa.testcases.PTSettingPageTest" time="4.611"/>
  <testcase name="PTSettingCAPositiveTest01" classname="AASProductTestCase.AASProductTest.qa.testcases.PTSettingPageTest" time="4.579"/>
  <testcase name="PTSettingCAPositiveTest01" classname="AASProductTestCase.AASProductTest.qa.testcases.PTSettingPageTest" time="4.591"/>
  <testcase name="PTSettingCAPositiveTest01" classname="AASProductTestCase.AASProductTest.qa.testcases.PTSettingPageTest" time="4.61"/>
  <testcase name="PTSettingCAGroupUpdate" classname="AASProductTestCase.AASProductTest.qa.testcases.PTSettingPageTest" time="8.393"/>
  <testcase name="PTSettingCAPositiveTest02" classname="AASProductTestCase.AASProductTest.qa.testcases.PTSettingPageTest" time="1.048"/>
  <testcase name="PTSettingCAPositiveTest02" classname="AASProductTestCase.AASProductTest.qa.testcases.PTSettingPageTest" time="1.041"/>
  <testcase name="PTSettingCAPositiveTest02" classname="AASProductTestCase.AASProductTest.qa.testcases.PTSettingPageTest" time="1.045"/>
  <testcase name="PTSettingCAPositiveTest02" classname="AASProductTestCase.AASProductTest.qa.testcases.PTSettingPageTest" time="1.057"/>
  <testcase name="PTSettingCAPositiveTest02" classname="AASProductTestCase.AASProductTest.qa.testcases.PTSettingPageTest" time="1.04"/>
  <testcase name="PTSettingCAPositiveTest02" classname="AASProductTestCase.AASProductTest.qa.testcases.PTSettingPageTest" time="1.046"/>
  <testcase name="PTSettingCAPositiveTest02" classname="AASProductTestCase.AASProductTest.qa.testcases.PTSettingPageTest" time="1.046"/>
  <testcase name="PTSettingCAPositiveTest02" classname="AASProductTestCase.AASProductTest.qa.testcases.PTSettingPageTest" time="1.05"/>
  <testcase name="PTSettingCAPositiveTest02" classname="AASProductTestCase.AASProductTest.qa.testcases.PTSettingPageTest" time="1.051"/>
  <testcase name="PTSettingCAPositiveTest02" classname="AASProductTestCase.AASProductTest.qa.testcases.PTSettingPageTest" time="1.053"/>
  <testcase name="PTSettingCAPositiveTest02" classname="AASProductTestCase.AASProductTest.qa.testcases.PTSettingPageTest" time="1.045"/>
  <testcase name="PTSettingCAPositiveTest02" classname="AASProductTestCase.AASProductTest.qa.testcases.PTSettingPageTest" time="1.044"/>
  <testcase name="PTSettingCAPositiveTest02" classname="AASProductTestCase.AASProductTest.qa.testcases.PTSettingPageTest" time="1.042"/>
  <testcase name="PTSettingCAPositiveTest02" classname="AASProductTestCase.AASProductTest.qa.testcases.PTSettingPageTest" time="1.044"/>
  <testcase name="PTSettingCAPositiveTest02" classname="AASProductTestCase.AASProductTest.qa.testcases.PTSettingPageTest" time="1.045"/>
  <testcase name="PTSettingCANegativeTest01" classname="AASProductTestCase.AASProductTest.qa.testcases.PTSettingPageTest" time="4.707"/>
  <testcase name="PTSettingCANegativeTest01" classname="AASProductTestCase.AASProductTest.qa.testcases.PTSettingPageTest" time="4.582"/>
  <testcase name="PTSettingCANegativeTest01" classname="AASProductTestCase.AASProductTest.qa.testcases.PTSettingPageTest" time="4.674"/>
  <testcase name="PTSettingCANegativeTest01" classname="AASProductTestCase.AASProductTest.qa.testcases.PTSettingPageTest" time="4.77"/>
  <testcase name="PTSettingCANegativeTest01" classname="AASProductTestCase.AASProductTest.qa.testcases.PTSettingPageTest" time="4.581"/>
  <testcase name="PTSettingCANegativeTest01" classname="AASProductTestCase.AASProductTest.qa.testcases.PTSettingPageTest" time="4.639"/>
  <testcase name="PTSettingCANegativeTest01" classname="AASProductTestCase.AASProductTest.qa.testcases.PTSettingPageTest" time="4.667"/>
  <testcase name="PTSettingCANegativeTest01" classname="AASProductTestCase.AASProductTest.qa.testcases.PTSettingPageTest" time="4.607"/>
  <testcase name="PTSettingCANegativeTest01" classname="AASProductTestCase.AASProductTest.qa.testcases.PTSettingPageTest" time="4.586"/>
  <testcase name="PTSettingCANegativeTest01" classname="AASProductTestCase.AASProductTest.qa.testcases.PTSettingPageTest" time="4.571"/>
  <testcase name="PTSettingCANegativeTest01" classname="AASProductTestCase.AASProductTest.qa.testcases.PTSettingPageTest" time="4.634"/>
  <testcase name="PTSettingCANegativeTest01" classname="AASProductTestCase.AASProductTest.qa.testcases.PTSettingPageTest" time="4.611"/>
  <testcase name="PTSettingCANegativeTest01" classname="AASProductTestCase.AASProductTest.qa.testcases.PTSettingPageTest" time="4.63"/>
  <testcase name="PTSettingCANegativeTest01" classname="AASProductTestCase.AASProductTest.qa.testcases.PTSettingPageTest" time="4.603"/>
  <testcase name="PTSettingCANegativeTest01" classname="AASProductTestCase.AASProductTest.qa.testcases.PTSettingPageTest" time="4.586"/>
  <testcase name="PTSettingCANegativeTest02" classname="AASProductTestCase.AASProductTest.qa.testcases.PTSettingPageTest" time="4.582"/>
  <testcase name="PTSettingCANegativeTest02" classname="AASProductTestCase.AASProductTest.qa.testcases.PTSettingPageTest" time="4.577"/>
  <testcase name="PTSettingCANegativeTest02" classname="AASProductTestCase.AASProductTest.qa.testcases.PTSettingPageTest" time="4.603"/>
  <testcase name="PTSettingCANegativeTest02" classname="AASProductTestCase.AASProductTest.qa.testcases.PTSettingPageTest" time="4.579"/>
  <testcase name="PTSettingCANegativeTest02" classname="AASProductTestCase.AASProductTest.qa.testcases.PTSettingPageTest" time="4.803"/>
  <testcase name="PTSettingCANegativeTest02" classname="AASProductTestCase.AASProductTest.qa.testcases.PTSettingPageTest" time="4.564"/>
  <testcase name="PTSettingCANegativeTest02" classname="AASProductTestCase.AASProductTest.qa.testcases.PTSettingPageTest" time="4.663"/>
  <testcase name="PTSettingCANegativeTest02" classname="AASProductTestCase.AASProductTest.qa.testcases.PTSettingPageTest" time="4.567"/>
  <testcase name="PTSettingCANegativeTest02" classname="AASProductTestCase.AASProductTest.qa.testcases.PTSettingPageTest" time="4.59"/>
  <testcase name="PTSettingCANegativeTest02" classname="AASProductTestCase.AASProductTest.qa.testcases.PTSettingPageTest" time="4.909"/>
  <testcase name="PTSettingCANegativeTest02" classname="AASProductTestCase.AASProductTest.qa.testcases.PTSettingPageTest" time="4.583"/>
  <testcase name="PTSettingCANegativeTest02" classname="AASProductTestCase.AASProductTest.qa.testcases.PTSettingPageTest" time="4.667"/>
  <testcase name="PTSettingCANegativeTest02" classname="AASProductTestCase.AASProductTest.qa.testcases.PTSettingPageTest" time="4.652"/>
  <testcase name="PTSettingCANegativeTest02" classname="AASProductTestCase.AASProductTest.qa.testcases.PTSettingPageTest" time="4.684"/>
  <testcase name="PTSettingCANegativeTest02" classname="AASProductTestCase.AASProductTest.qa.testcases.PTSettingPageTest" time="4.611"/>
  <testcase name="ProceedSMACheck" classname="AASProductTestCase.AASProductTest.qa.testcases.PTSettingPageTest" time="4.388"/>
  <testcase name="PTSettingSMAGivenPTCheck" classname="AASProductTestCase.AASProductTest.qa.testcases.PTSettingPageTest" time="1.053"/>
  <testcase name="PTSettingSMAGivenPTCheck" classname="AASProductTestCase.AASProductTest.qa.testcases.PTSettingPageTest" time="1.061"/>
  <testcase name="PTSettingSMAGivenPTCheck" classname="AASProductTestCase.AASProductTest.qa.testcases.PTSettingPageTest" time="1.051"/>
  <testcase name="PTSettingSMAGivenPTCheck" classname="AASProductTestCase.AASProductTest.qa.testcases.PTSettingPageTest" time="1.047"/>
  <testcase name="PTSettingSMAGivenPTCheck" classname="AASProductTestCase.AASProductTest.qa.testcases.PTSettingPageTest" time="1.043"/>
  <testcase name="PTSettingSMAGivenPTCheck" classname="AASProductTestCase.AASProductTest.qa.testcases.PTSettingPageTest" time="1.056"/>
  <testcase name="PTSettingSMAGivenPTCheck" classname="AASProductTestCase.AASProductTest.qa.testcases.PTSettingPageTest" time="1.042"/>
  <testcase name="PTSettingSMAGivenPTCheck" classname="AASProductTestCase.AASProductTest.qa.testcases.PTSettingPageTest" time="1.043"/>
  <testcase name="PTSettingSMAGivenPTCheck" classname="AASProductTestCase.AASProductTest.qa.testcases.PTSettingPageTest" time="1.042"/>
  <testcase name="PTSettingSMAGivenPTCheck" classname="AASProductTestCase.AASProductTest.qa.testcases.PTSettingPageTest" time="1.048"/>
  <testcase name="PTSettingSMAGivenPTCheck" classname="AASProductTestCase.AASProductTest.qa.testcases.PTSettingPageTest" time="1.044"/>
  <testcase name="PTSettingSMAGivenPTCheck" classname="AASProductTestCase.AASProductTest.qa.testcases.PTSettingPageTest" time="1.045"/>
  <testcase name="PTSettingSMAGivenPTCheck" classname="AASProductTestCase.AASProductTest.qa.testcases.PTSettingPageTest" time="1.043"/>
  <testcase name="PTSettingSMAGivenPTCheck" classname="AASProductTestCase.AASProductTest.qa.testcases.PTSettingPageTest" time="1.051"/>
  <testcase name="PTSettingSMAGivenPTCheck" classname="AASProductTestCase.AASProductTest.qa.testcases.PTSettingPageTest" time="1.05"/>
  <testcase name="PTSettingSMAPositiveTest01" classname="AASProductTestCase.AASProductTest.qa.testcases.PTSettingPageTest" time="4.663"/>
  <testcase name="PTSettingSMAPositiveTest01" classname="AASProductTestCase.AASProductTest.qa.testcases.PTSettingPageTest" time="4.574"/>
  <testcase name="PTSettingSMAPositiveTest01" classname="AASProductTestCase.AASProductTest.qa.testcases.PTSettingPageTest" time="4.588"/>
  <testcase name="PTSettingSMAPositiveTest01" classname="AASProductTestCase.AASProductTest.qa.testcases.PTSettingPageTest" time="4.58"/>
  <testcase name="PTSettingSMAPositiveTest01" classname="AASProductTestCase.AASProductTest.qa.testcases.PTSettingPageTest" time="4.589"/>
  <testcase name="PTSettingSMAPositiveTest01" classname="AASProductTestCase.AASProductTest.qa.testcases.PTSettingPageTest" time="4.59"/>
  <testcase name="PTSettingSMAPositiveTest01" classname="AASProductTestCase.AASProductTest.qa.testcases.PTSettingPageTest" time="4.587"/>
  <testcase name="PTSettingSMAPositiveTest01" classname="AASProductTestCase.AASProductTest.qa.testcases.PTSettingPageTest" time="4.545"/>
  <testcase name="PTSettingSMAPositiveTest01" classname="AASProductTestCase.AASProductTest.qa.testcases.PTSettingPageTest" time="4.57"/>
  <testcase name="PTSettingSMAPositiveTest01" classname="AASProductTestCase.AASProductTest.qa.testcases.PTSettingPageTest" time="4.579"/>
  <testcase name="PTSettingSMAPositiveTest01" classname="AASProductTestCase.AASProductTest.qa.testcases.PTSettingPageTest" time="4.602"/>
  <testcase name="PTSettingSMAPositiveTest01" classname="AASProductTestCase.AASProductTest.qa.testcases.PTSettingPageTest" time="4.567"/>
  <testcase name="PTSettingSMAPositiveTest01" classname="AASProductTestCase.AASProductTest.qa.testcases.PTSettingPageTest" time="4.6"/>
  <testcase name="PTSettingSMAPositiveTest01" classname="AASProductTestCase.AASProductTest.qa.testcases.PTSettingPageTest" time="4.646"/>
  <testcase name="PTSettingSMAPositiveTest01" classname="AASProductTestCase.AASProductTest.qa.testcases.PTSettingPageTest" time="4.651"/>
  <testcase name="PTSettingSMANegativeTest01" classname="AASProductTestCase.AASProductTest.qa.testcases.PTSettingPageTest" time="4.586">
    <failure type="java.lang.AssertionError:">java.lang.AssertionError: null
	at AASProductTestCase.AASProductTest.qa.testcases.PTSettingPageTest.PTSettingSMANegativeTest01(PTSettingPageTest.java:240)
</failure>
    <system-out><![CDATA[Trying to find Element By : By.xpath: //div[contains(@class,'table-responsive')]/table/tbody/tr/td[5]
Found Element By : By.xpath: //div[contains(@class,'table-responsive')]/table/tbody/tr/td[5]
Trying to find Element By : By.xpath: //div[contains(@class,'table-responsive')]/table/tbody/tr/td[6]
Found Element By : By.xpath: //div[contains(@class,'table-responsive')]/table/tbody/tr/td[6]
Trying to find Element By : By.id: check_3
Found Element By : By.id: check_3
Trying to click on: [[ChromeDriver: chrome on WINDOWS (0c972ef20bcf058fbe8de342cd0b406c)] -> id: check_3]
Clicked on: [[ChromeDriver: chrome on WINDOWS (0c972ef20bcf058fbe8de342cd0b406c)] -> id: check_3]
Trying to find Element By : By.xpath: //select[contains(@name,'evo_pt')]
Found Element By : By.xpath: //select[contains(@name,'evo_pt')]
Trying to find Element By : By.xpath: //select[contains(@name,'evo_pt')]
Found Element By : By.xpath: //select[contains(@name,'evo_pt')]
Trying to find Element By : By.xpath: //select[contains(@name,'bg_pt')]
Found Element By : By.xpath: //select[contains(@name,'bg_pt')]
Trying to find Element By : By.xpath: //select[contains(@name,'bg_pt')]
Found Element By : By.xpath: //select[contains(@name,'bg_pt')]
Trying to find Element By : By.xpath: //select[contains(@name,'titanium_pt')]
Found Element By : By.xpath: //select[contains(@name,'titanium_pt')]
Trying to find Element By : By.xpath: //select[contains(@name,'titanium_pt')]
Found Element By : By.xpath: //select[contains(@name,'titanium_pt')]
Trying to find Element By : By.xpath: //select[contains(@name,'asg_pt')]
Found Element By : By.xpath: //select[contains(@name,'asg_pt')]
Trying to find Element By : By.xpath: //select[contains(@name,'asg_pt')]
Found Element By : By.xpath: //select[contains(@name,'asg_pt')]
Trying to find Element By : By.xpath: //select[contains(@name,'dg_pt')]
Found Element By : By.xpath: //select[contains(@name,'dg_pt')]
Trying to find Element By : By.xpath: //select[contains(@name,'dg_pt')]
Found Element By : By.xpath: //select[contains(@name,'dg_pt')]
Trying to find Element By : By.xpath: //select[contains(@name,'av_pt')]
Found Element By : By.xpath: //select[contains(@name,'av_pt')]
Trying to find Element By : By.xpath: //select[contains(@name,'av_pt')]
Found Element By : By.xpath: //select[contains(@name,'av_pt')]
Trying to find Element By : By.xpath: //select[contains(@name,'pp_pt')]
Found Element By : By.xpath: //select[contains(@name,'pp_pt')]
Trying to find Element By : By.xpath: //select[contains(@name,'pp_pt')]
Found Element By : By.xpath: //select[contains(@name,'pp_pt')]
Trying to find Element By : By.xpath: //select[contains(@name,'sxg_pt')]
Found Element By : By.xpath: //select[contains(@name,'sxg_pt')]
Trying to find Element By : By.xpath: //select[contains(@name,'sxg_pt')]
Found Element By : By.xpath: //select[contains(@name,'sxg_pt')]
Trying to find Element By : By.xpath: //select[contains(@name,'pps_pt')]
Found Element By : By.xpath: //select[contains(@name,'pps_pt')]
Trying to find Element By : By.xpath: //select[contains(@name,'pps_pt')]
Found Element By : By.xpath: //select[contains(@name,'pps_pt')]
Trying to find Element By : By.xpath: //select[contains(@name,'haba_pt')]
Found Element By : By.xpath: //select[contains(@name,'haba_pt')]
Trying to find Element By : By.xpath: //select[contains(@name,'haba_pt')]
Found Element By : By.xpath: //select[contains(@name,'haba_pt')]
Trying to find Element By : By.xpath: //select[contains(@name,'mv_pt')]
Found Element By : By.xpath: //select[contains(@name,'mv_pt')]
Trying to find Element By : By.xpath: //select[contains(@name,'mv_pt')]
Found Element By : By.xpath: //select[contains(@name,'mv_pt')]
Trying to find Element By : By.xpath: //select[contains(@name,'nt_pt')]
Found Element By : By.xpath: //select[contains(@name,'nt_pt')]
Trying to find Element By : By.xpath: //select[contains(@name,'nt_pt')]
Found Element By : By.xpath: //select[contains(@name,'nt_pt')]
Trying to find Element By : By.xpath: //select[contains(@name,'qs_pt')]
Found Element By : By.xpath: //select[contains(@name,'qs_pt')]
Trying to find Element By : By.xpath: //select[contains(@name,'qs_pt')]
Found Element By : By.xpath: //select[contains(@name,'qs_pt')]
Trying to find Element By : By.xpath: //div[contains(@class,'table-responsive')]/table/tfoot/tr/td[31]/select
Found Element By : By.xpath: //div[contains(@class,'table-responsive')]/table/tfoot/tr/td[31]/select
Trying to find Element By : By.xpath: //div[contains(@class,'table-responsive')]/table/tfoot/tr/td[31]/select
Found Element By : By.xpath: //div[contains(@class,'table-responsive')]/table/tfoot/tr/td[31]/select
Trying to find Element By : By.xpath: //select[contains(@name,'png_pt')]
Found Element By : By.xpath: //select[contains(@name,'png_pt')]
Trying to find Element By : By.xpath: //select[contains(@name,'png_pt')]
Found Element By : By.xpath: //select[contains(@name,'png_pt')]
Trying to find Element By : By.xpath: //select[contains(@name,'evo_pt')]
Found Element By : By.xpath: //select[contains(@name,'evo_pt')]
Trying to find Element By : By.xpath: .//option[normalize-space(.) = "19"]
Found Element By : By.xpath: .//option[normalize-space(.) = "19"]
Trying to click on: [[[[ChromeDriver: chrome on WINDOWS (0c972ef20bcf058fbe8de342cd0b406c)] -> xpath: //select[contains(@name,'evo_pt')]]] -> xpath: .//option[normalize-space(.) = "19"]]
Clicked on: [[[[ChromeDriver: chrome on WINDOWS (0c972ef20bcf058fbe8de342cd0b406c)] -> xpath: //select[contains(@name,'evo_pt')]]] -> xpath: .//option[normalize-space(.) = "19"]]
Trying to find Element By : By.id: btnSubmit
Found Element By : By.id: btnSubmit
Trying to click on: [[ChromeDriver: chrome on WINDOWS (0c972ef20bcf058fbe8de342cd0b406c)] -> id: btnSubmit]
Clicked on: [[ChromeDriver: chrome on WINDOWS (0c972ef20bcf058fbe8de342cd0b406c)] -> id: btnSubmit]
Trying to find Element By : By.xpath: //div[contains(@class,'table-responsive')]/table/tbody/tr/td[5]
Found Element By : By.xpath: //div[contains(@class,'table-responsive')]/table/tbody/tr/td[5]
Trying to find Element By : By.xpath: //div[contains(@class,'table-responsive')]/table/tbody/tr/td[6]
Found Element By : By.xpath: //div[contains(@class,'table-responsive')]/table/tbody/tr/td[6]
]]></system-out>
  </testcase>
  <testcase name="PTSettingSMANegativeTest01" classname="AASProductTestCase.AASProductTest.qa.testcases.PTSettingPageTest" time="4.577">
    <failure type="java.lang.AssertionError:">java.lang.AssertionError: null
	at AASProductTestCase.AASProductTest.qa.testcases.PTSettingPageTest.PTSettingSMANegativeTest01(PTSettingPageTest.java:240)
</failure>
    <system-out><![CDATA[***************************
Screenshot stored at C:\Users\User\git\AASStagingTest\AASProductTestTools/screenshots/PTSettingSMANegativeTest01_Mon_Aug_31_18_28_21_SGT_2020.png
***************************
Trying to find Element By : By.xpath: //div[contains(@class,'table-responsive')]/table/tbody/tr/td[7]
Found Element By : By.xpath: //div[contains(@class,'table-responsive')]/table/tbody/tr/td[7]
Trying to find Element By : By.xpath: //div[contains(@class,'table-responsive')]/table/tbody/tr/td[8]
Found Element By : By.xpath: //div[contains(@class,'table-responsive')]/table/tbody/tr/td[8]
Trying to find Element By : By.id: check_3
Found Element By : By.id: check_3
Trying to click on: [[ChromeDriver: chrome on WINDOWS (0c972ef20bcf058fbe8de342cd0b406c)] -> id: check_3]
Clicked on: [[ChromeDriver: chrome on WINDOWS (0c972ef20bcf058fbe8de342cd0b406c)] -> id: check_3]
Trying to find Element By : By.xpath: //select[contains(@name,'evo_pt')]
Found Element By : By.xpath: //select[contains(@name,'evo_pt')]
Trying to find Element By : By.xpath: //select[contains(@name,'evo_pt')]
Found Element By : By.xpath: //select[contains(@name,'evo_pt')]
Trying to find Element By : By.xpath: //select[contains(@name,'bg_pt')]
Found Element By : By.xpath: //select[contains(@name,'bg_pt')]
Trying to find Element By : By.xpath: //select[contains(@name,'bg_pt')]
Found Element By : By.xpath: //select[contains(@name,'bg_pt')]
Trying to find Element By : By.xpath: //select[contains(@name,'titanium_pt')]
Found Element By : By.xpath: //select[contains(@name,'titanium_pt')]
Trying to find Element By : By.xpath: //select[contains(@name,'titanium_pt')]
Found Element By : By.xpath: //select[contains(@name,'titanium_pt')]
Trying to find Element By : By.xpath: //select[contains(@name,'asg_pt')]
Found Element By : By.xpath: //select[contains(@name,'asg_pt')]
Trying to find Element By : By.xpath: //select[contains(@name,'asg_pt')]
Found Element By : By.xpath: //select[contains(@name,'asg_pt')]
Trying to find Element By : By.xpath: //select[contains(@name,'dg_pt')]
Found Element By : By.xpath: //select[contains(@name,'dg_pt')]
Trying to find Element By : By.xpath: //select[contains(@name,'dg_pt')]
Found Element By : By.xpath: //select[contains(@name,'dg_pt')]
Trying to find Element By : By.xpath: //select[contains(@name,'av_pt')]
Found Element By : By.xpath: //select[contains(@name,'av_pt')]
Trying to find Element By : By.xpath: //select[contains(@name,'av_pt')]
Found Element By : By.xpath: //select[contains(@name,'av_pt')]
Trying to find Element By : By.xpath: //select[contains(@name,'pp_pt')]
Found Element By : By.xpath: //select[contains(@name,'pp_pt')]
Trying to find Element By : By.xpath: //select[contains(@name,'pp_pt')]
Found Element By : By.xpath: //select[contains(@name,'pp_pt')]
Trying to find Element By : By.xpath: //select[contains(@name,'sxg_pt')]
Found Element By : By.xpath: //select[contains(@name,'sxg_pt')]
Trying to find Element By : By.xpath: //select[contains(@name,'sxg_pt')]
Found Element By : By.xpath: //select[contains(@name,'sxg_pt')]
Trying to find Element By : By.xpath: //select[contains(@name,'pps_pt')]
Found Element By : By.xpath: //select[contains(@name,'pps_pt')]
Trying to find Element By : By.xpath: //select[contains(@name,'pps_pt')]
Found Element By : By.xpath: //select[contains(@name,'pps_pt')]
Trying to find Element By : By.xpath: //select[contains(@name,'haba_pt')]
Found Element By : By.xpath: //select[contains(@name,'haba_pt')]
Trying to find Element By : By.xpath: //select[contains(@name,'haba_pt')]
Found Element By : By.xpath: //select[contains(@name,'haba_pt')]
Trying to find Element By : By.xpath: //select[contains(@name,'mv_pt')]
Found Element By : By.xpath: //select[contains(@name,'mv_pt')]
Trying to find Element By : By.xpath: //select[contains(@name,'mv_pt')]
Found Element By : By.xpath: //select[contains(@name,'mv_pt')]
Trying to find Element By : By.xpath: //select[contains(@name,'nt_pt')]
Found Element By : By.xpath: //select[contains(@name,'nt_pt')]
Trying to find Element By : By.xpath: //select[contains(@name,'nt_pt')]
Found Element By : By.xpath: //select[contains(@name,'nt_pt')]
Trying to find Element By : By.xpath: //select[contains(@name,'qs_pt')]
Found Element By : By.xpath: //select[contains(@name,'qs_pt')]
Trying to find Element By : By.xpath: //select[contains(@name,'qs_pt')]
Found Element By : By.xpath: //select[contains(@name,'qs_pt')]
Trying to find Element By : By.xpath: //div[contains(@class,'table-responsive')]/table/tfoot/tr/td[31]/select
Found Element By : By.xpath: //div[contains(@class,'table-responsive')]/table/tfoot/tr/td[31]/select
Trying to find Element By : By.xpath: //div[contains(@class,'table-responsive')]/table/tfoot/tr/td[31]/select
Found Element By : By.xpath: //div[contains(@class,'table-responsive')]/table/tfoot/tr/td[31]/select
Trying to find Element By : By.xpath: //select[contains(@name,'png_pt')]
Found Element By : By.xpath: //select[contains(@name,'png_pt')]
Trying to find Element By : By.xpath: //select[contains(@name,'png_pt')]
Found Element By : By.xpath: //select[contains(@name,'png_pt')]
Trying to find Element By : By.xpath: //select[contains(@name,'bg_pt')]
Found Element By : By.xpath: //select[contains(@name,'bg_pt')]
Trying to find Element By : By.xpath: .//option[normalize-space(.) = "19"]
Found Element By : By.xpath: .//option[normalize-space(.) = "19"]
Trying to click on: [[[[ChromeDriver: chrome on WINDOWS (0c972ef20bcf058fbe8de342cd0b406c)] -> xpath: //select[contains(@name,'bg_pt')]]] -> xpath: .//option[normalize-space(.) = "19"]]
Clicked on: [[[[ChromeDriver: chrome on WINDOWS (0c972ef20bcf058fbe8de342cd0b406c)] -> xpath: //select[contains(@name,'bg_pt')]]] -> xpath: .//option[normalize-space(.) = "19"]]
Trying to find Element By : By.id: btnSubmit
Found Element By : By.id: btnSubmit
Trying to click on: [[ChromeDriver: chrome on WINDOWS (0c972ef20bcf058fbe8de342cd0b406c)] -> id: btnSubmit]
Clicked on: [[ChromeDriver: chrome on WINDOWS (0c972ef20bcf058fbe8de342cd0b406c)] -> id: btnSubmit]
Trying to find Element By : By.xpath: //div[contains(@class,'table-responsive')]/table/tbody/tr/td[7]
Found Element By : By.xpath: //div[contains(@class,'table-responsive')]/table/tbody/tr/td[7]
Trying to find Element By : By.xpath: //div[contains(@class,'table-responsive')]/table/tbody/tr/td[8]
Found Element By : By.xpath: //div[contains(@class,'table-responsive')]/table/tbody/tr/td[8]
]]></system-out>
  </testcase>
  <testcase name="PTSettingSMANegativeTest01" classname="AASProductTestCase.AASProductTest.qa.testcases.PTSettingPageTest" time="4.592">
    <failure type="java.lang.AssertionError:">java.lang.AssertionError: null
	at AASProductTestCase.AASProductTest.qa.testcases.PTSettingPageTest.PTSettingSMANegativeTest01(PTSettingPageTest.java:240)
</failure>
    <system-out><![CDATA[***************************
Screenshot stored at C:\Users\User\git\AASStagingTest\AASProductTestTools/screenshots/PTSettingSMANegativeTest01_Mon_Aug_31_18_28_27_SGT_2020.png
***************************
Trying to find Element By : By.xpath: //div[contains(@class,'table-responsive')]/table/tbody/tr/td[9]
Found Element By : By.xpath: //div[contains(@class,'table-responsive')]/table/tbody/tr/td[9]
Trying to find Element By : By.xpath: //div[contains(@class,'table-responsive')]/table/tbody/tr/td[10]
Found Element By : By.xpath: //div[contains(@class,'table-responsive')]/table/tbody/tr/td[10]
Trying to find Element By : By.id: check_3
Found Element By : By.id: check_3
Trying to click on: [[ChromeDriver: chrome on WINDOWS (0c972ef20bcf058fbe8de342cd0b406c)] -> id: check_3]
Clicked on: [[ChromeDriver: chrome on WINDOWS (0c972ef20bcf058fbe8de342cd0b406c)] -> id: check_3]
Trying to find Element By : By.xpath: //select[contains(@name,'evo_pt')]
Found Element By : By.xpath: //select[contains(@name,'evo_pt')]
Trying to find Element By : By.xpath: //select[contains(@name,'evo_pt')]
Found Element By : By.xpath: //select[contains(@name,'evo_pt')]
Trying to find Element By : By.xpath: //select[contains(@name,'bg_pt')]
Found Element By : By.xpath: //select[contains(@name,'bg_pt')]
Trying to find Element By : By.xpath: //select[contains(@name,'bg_pt')]
Found Element By : By.xpath: //select[contains(@name,'bg_pt')]
Trying to find Element By : By.xpath: //select[contains(@name,'titanium_pt')]
Found Element By : By.xpath: //select[contains(@name,'titanium_pt')]
Trying to find Element By : By.xpath: //select[contains(@name,'titanium_pt')]
Found Element By : By.xpath: //select[contains(@name,'titanium_pt')]
Trying to find Element By : By.xpath: //select[contains(@name,'asg_pt')]
Found Element By : By.xpath: //select[contains(@name,'asg_pt')]
Trying to find Element By : By.xpath: //select[contains(@name,'asg_pt')]
Found Element By : By.xpath: //select[contains(@name,'asg_pt')]
Trying to find Element By : By.xpath: //select[contains(@name,'dg_pt')]
Found Element By : By.xpath: //select[contains(@name,'dg_pt')]
Trying to find Element By : By.xpath: //select[contains(@name,'dg_pt')]
Found Element By : By.xpath: //select[contains(@name,'dg_pt')]
Trying to find Element By : By.xpath: //select[contains(@name,'av_pt')]
Found Element By : By.xpath: //select[contains(@name,'av_pt')]
Trying to find Element By : By.xpath: //select[contains(@name,'av_pt')]
Found Element By : By.xpath: //select[contains(@name,'av_pt')]
Trying to find Element By : By.xpath: //select[contains(@name,'pp_pt')]
Found Element By : By.xpath: //select[contains(@name,'pp_pt')]
Trying to find Element By : By.xpath: //select[contains(@name,'pp_pt')]
Found Element By : By.xpath: //select[contains(@name,'pp_pt')]
Trying to find Element By : By.xpath: //select[contains(@name,'sxg_pt')]
Found Element By : By.xpath: //select[contains(@name,'sxg_pt')]
Trying to find Element By : By.xpath: //select[contains(@name,'sxg_pt')]
Found Element By : By.xpath: //select[contains(@name,'sxg_pt')]
Trying to find Element By : By.xpath: //select[contains(@name,'pps_pt')]
Found Element By : By.xpath: //select[contains(@name,'pps_pt')]
Trying to find Element By : By.xpath: //select[contains(@name,'pps_pt')]
Found Element By : By.xpath: //select[contains(@name,'pps_pt')]
Trying to find Element By : By.xpath: //select[contains(@name,'haba_pt')]
Found Element By : By.xpath: //select[contains(@name,'haba_pt')]
Trying to find Element By : By.xpath: //select[contains(@name,'haba_pt')]
Found Element By : By.xpath: //select[contains(@name,'haba_pt')]
Trying to find Element By : By.xpath: //select[contains(@name,'mv_pt')]
Found Element By : By.xpath: //select[contains(@name,'mv_pt')]
Trying to find Element By : By.xpath: //select[contains(@name,'mv_pt')]
Found Element By : By.xpath: //select[contains(@name,'mv_pt')]
Trying to find Element By : By.xpath: //select[contains(@name,'nt_pt')]
Found Element By : By.xpath: //select[contains(@name,'nt_pt')]
Trying to find Element By : By.xpath: //select[contains(@name,'nt_pt')]
Found Element By : By.xpath: //select[contains(@name,'nt_pt')]
Trying to find Element By : By.xpath: //select[contains(@name,'qs_pt')]
Found Element By : By.xpath: //select[contains(@name,'qs_pt')]
Trying to find Element By : By.xpath: //select[contains(@name,'qs_pt')]
Found Element By : By.xpath: //select[contains(@name,'qs_pt')]
Trying to find Element By : By.xpath: //div[contains(@class,'table-responsive')]/table/tfoot/tr/td[31]/select
Found Element By : By.xpath: //div[contains(@class,'table-responsive')]/table/tfoot/tr/td[31]/select
Trying to find Element By : By.xpath: //div[contains(@class,'table-responsive')]/table/tfoot/tr/td[31]/select
Found Element By : By.xpath: //div[contains(@class,'table-responsive')]/table/tfoot/tr/td[31]/select
Trying to find Element By : By.xpath: //select[contains(@name,'png_pt')]
Found Element By : By.xpath: //select[contains(@name,'png_pt')]
Trying to find Element By : By.xpath: //select[contains(@name,'png_pt')]
Found Element By : By.xpath: //select[contains(@name,'png_pt')]
Trying to find Element By : By.xpath: //select[contains(@name,'titanium_pt')]
Found Element By : By.xpath: //select[contains(@name,'titanium_pt')]
Trying to find Element By : By.xpath: .//option[normalize-space(.) = "19"]
Found Element By : By.xpath: .//option[normalize-space(.) = "19"]
Trying to click on: [[[[ChromeDriver: chrome on WINDOWS (0c972ef20bcf058fbe8de342cd0b406c)] -> xpath: //select[contains(@name,'titanium_pt')]]] -> xpath: .//option[normalize-space(.) = "19"]]
Clicked on: [[[[ChromeDriver: chrome on WINDOWS (0c972ef20bcf058fbe8de342cd0b406c)] -> xpath: //select[contains(@name,'titanium_pt')]]] -> xpath: .//option[normalize-space(.) = "19"]]
Trying to find Element By : By.id: btnSubmit
Found Element By : By.id: btnSubmit
Trying to click on: [[ChromeDriver: chrome on WINDOWS (0c972ef20bcf058fbe8de342cd0b406c)] -> id: btnSubmit]
Clicked on: [[ChromeDriver: chrome on WINDOWS (0c972ef20bcf058fbe8de342cd0b406c)] -> id: btnSubmit]
Trying to find Element By : By.xpath: //div[contains(@class,'table-responsive')]/table/tbody/tr/td[9]
Found Element By : By.xpath: //div[contains(@class,'table-responsive')]/table/tbody/tr/td[9]
Trying to find Element By : By.xpath: //div[contains(@class,'table-responsive')]/table/tbody/tr/td[10]
Found Element By : By.xpath: //div[contains(@class,'table-responsive')]/table/tbody/tr/td[10]
]]></system-out>
  </testcase>
  <testcase name="PTSettingSMANegativeTest01" classname="AASProductTestCase.AASProductTest.qa.testcases.PTSettingPageTest" time="4.58">
    <failure type="java.lang.AssertionError:">java.lang.AssertionError: null
	at AASProductTestCase.AASProductTest.qa.testcases.PTSettingPageTest.PTSettingSMANegativeTest01(PTSettingPageTest.java:240)
</failure>
    <system-out><![CDATA[***************************
Screenshot stored at C:\Users\User\git\AASStagingTest\AASProductTestTools/screenshots/PTSettingSMANegativeTest01_Mon_Aug_31_18_28_31_SGT_2020.png
***************************
Trying to find Element By : By.xpath: //div[contains(@class,'table-responsive')]/table/tbody/tr/td[11]
Found Element By : By.xpath: //div[contains(@class,'table-responsive')]/table/tbody/tr/td[11]
Trying to find Element By : By.xpath: //div[contains(@class,'table-responsive')]/table/tbody/tr/td[12]
Found Element By : By.xpath: //div[contains(@class,'table-responsive')]/table/tbody/tr/td[12]
Trying to find Element By : By.id: check_3
Found Element By : By.id: check_3
Trying to click on: [[ChromeDriver: chrome on WINDOWS (0c972ef20bcf058fbe8de342cd0b406c)] -> id: check_3]
Clicked on: [[ChromeDriver: chrome on WINDOWS (0c972ef20bcf058fbe8de342cd0b406c)] -> id: check_3]
Trying to find Element By : By.xpath: //select[contains(@name,'evo_pt')]
Found Element By : By.xpath: //select[contains(@name,'evo_pt')]
Trying to find Element By : By.xpath: //select[contains(@name,'evo_pt')]
Found Element By : By.xpath: //select[contains(@name,'evo_pt')]
Trying to find Element By : By.xpath: //select[contains(@name,'bg_pt')]
Found Element By : By.xpath: //select[contains(@name,'bg_pt')]
Trying to find Element By : By.xpath: //select[contains(@name,'bg_pt')]
Found Element By : By.xpath: //select[contains(@name,'bg_pt')]
Trying to find Element By : By.xpath: //select[contains(@name,'titanium_pt')]
Found Element By : By.xpath: //select[contains(@name,'titanium_pt')]
Trying to find Element By : By.xpath: //select[contains(@name,'titanium_pt')]
Found Element By : By.xpath: //select[contains(@name,'titanium_pt')]
Trying to find Element By : By.xpath: //select[contains(@name,'asg_pt')]
Found Element By : By.xpath: //select[contains(@name,'asg_pt')]
Trying to find Element By : By.xpath: //select[contains(@name,'asg_pt')]
Found Element By : By.xpath: //select[contains(@name,'asg_pt')]
Trying to find Element By : By.xpath: //select[contains(@name,'dg_pt')]
Found Element By : By.xpath: //select[contains(@name,'dg_pt')]
Trying to find Element By : By.xpath: //select[contains(@name,'dg_pt')]
Found Element By : By.xpath: //select[contains(@name,'dg_pt')]
Trying to find Element By : By.xpath: //select[contains(@name,'av_pt')]
Found Element By : By.xpath: //select[contains(@name,'av_pt')]
Trying to find Element By : By.xpath: //select[contains(@name,'av_pt')]
Found Element By : By.xpath: //select[contains(@name,'av_pt')]
Trying to find Element By : By.xpath: //select[contains(@name,'pp_pt')]
Found Element By : By.xpath: //select[contains(@name,'pp_pt')]
Trying to find Element By : By.xpath: //select[contains(@name,'pp_pt')]
Found Element By : By.xpath: //select[contains(@name,'pp_pt')]
Trying to find Element By : By.xpath: //select[contains(@name,'sxg_pt')]
Found Element By : By.xpath: //select[contains(@name,'sxg_pt')]
Trying to find Element By : By.xpath: //select[contains(@name,'sxg_pt')]
Found Element By : By.xpath: //select[contains(@name,'sxg_pt')]
Trying to find Element By : By.xpath: //select[contains(@name,'pps_pt')]
Found Element By : By.xpath: //select[contains(@name,'pps_pt')]
Trying to find Element By : By.xpath: //select[contains(@name,'pps_pt')]
Found Element By : By.xpath: //select[contains(@name,'pps_pt')]
Trying to find Element By : By.xpath: //select[contains(@name,'haba_pt')]
Found Element By : By.xpath: //select[contains(@name,'haba_pt')]
Trying to find Element By : By.xpath: //select[contains(@name,'haba_pt')]
Found Element By : By.xpath: //select[contains(@name,'haba_pt')]
Trying to find Element By : By.xpath: //select[contains(@name,'mv_pt')]
Found Element By : By.xpath: //select[contains(@name,'mv_pt')]
Trying to find Element By : By.xpath: //select[contains(@name,'mv_pt')]
Found Element By : By.xpath: //select[contains(@name,'mv_pt')]
Trying to find Element By : By.xpath: //select[contains(@name,'nt_pt')]
Found Element By : By.xpath: //select[contains(@name,'nt_pt')]
Trying to find Element By : By.xpath: //select[contains(@name,'nt_pt')]
Found Element By : By.xpath: //select[contains(@name,'nt_pt')]
Trying to find Element By : By.xpath: //select[contains(@name,'qs_pt')]
Found Element By : By.xpath: //select[contains(@name,'qs_pt')]
Trying to find Element By : By.xpath: //select[contains(@name,'qs_pt')]
Found Element By : By.xpath: //select[contains(@name,'qs_pt')]
Trying to find Element By : By.xpath: //div[contains(@class,'table-responsive')]/table/tfoot/tr/td[31]/select
Found Element By : By.xpath: //div[contains(@class,'table-responsive')]/table/tfoot/tr/td[31]/select
Trying to find Element By : By.xpath: //div[contains(@class,'table-responsive')]/table/tfoot/tr/td[31]/select
Found Element By : By.xpath: //div[contains(@class,'table-responsive')]/table/tfoot/tr/td[31]/select
Trying to find Element By : By.xpath: //select[contains(@name,'png_pt')]
Found Element By : By.xpath: //select[contains(@name,'png_pt')]
Trying to find Element By : By.xpath: //select[contains(@name,'png_pt')]
Found Element By : By.xpath: //select[contains(@name,'png_pt')]
Trying to find Element By : By.xpath: //select[contains(@name,'asg_pt')]
Found Element By : By.xpath: //select[contains(@name,'asg_pt')]
Trying to find Element By : By.xpath: .//option[normalize-space(.) = "19"]
Found Element By : By.xpath: .//option[normalize-space(.) = "19"]
Trying to click on: [[[[ChromeDriver: chrome on WINDOWS (0c972ef20bcf058fbe8de342cd0b406c)] -> xpath: //select[contains(@name,'asg_pt')]]] -> xpath: .//option[normalize-space(.) = "19"]]
Clicked on: [[[[ChromeDriver: chrome on WINDOWS (0c972ef20bcf058fbe8de342cd0b406c)] -> xpath: //select[contains(@name,'asg_pt')]]] -> xpath: .//option[normalize-space(.) = "19"]]
Trying to find Element By : By.id: btnSubmit
Found Element By : By.id: btnSubmit
Trying to click on: [[ChromeDriver: chrome on WINDOWS (0c972ef20bcf058fbe8de342cd0b406c)] -> id: btnSubmit]
Clicked on: [[ChromeDriver: chrome on WINDOWS (0c972ef20bcf058fbe8de342cd0b406c)] -> id: btnSubmit]
Trying to find Element By : By.xpath: //div[contains(@class,'table-responsive')]/table/tbody/tr/td[11]
Found Element By : By.xpath: //div[contains(@class,'table-responsive')]/table/tbody/tr/td[11]
Trying to find Element By : By.xpath: //div[contains(@class,'table-responsive')]/table/tbody/tr/td[12]
Found Element By : By.xpath: //div[contains(@class,'table-responsive')]/table/tbody/tr/td[12]
]]></system-out>
  </testcase>
  <testcase name="PTSettingSMANegativeTest01" classname="AASProductTestCase.AASProductTest.qa.testcases.PTSettingPageTest" time="4.575">
    <failure type="java.lang.AssertionError:">java.lang.AssertionError: null
	at AASProductTestCase.AASProductTest.qa.testcases.PTSettingPageTest.PTSettingSMANegativeTest01(PTSettingPageTest.java:240)
</failure>
    <system-out><![CDATA[***************************
Screenshot stored at C:\Users\User\git\AASStagingTest\AASProductTestTools/screenshots/PTSettingSMANegativeTest01_Mon_Aug_31_18_28_36_SGT_2020.png
***************************
Trying to find Element By : By.xpath: //div[contains(@class,'table-responsive')]/table/tbody/tr/td[13]
Found Element By : By.xpath: //div[contains(@class,'table-responsive')]/table/tbody/tr/td[13]
Trying to find Element By : By.xpath: //div[contains(@class,'table-responsive')]/table/tbody/tr/td[14]
Found Element By : By.xpath: //div[contains(@class,'table-responsive')]/table/tbody/tr/td[14]
Trying to find Element By : By.id: check_3
Found Element By : By.id: check_3
Trying to click on: [[ChromeDriver: chrome on WINDOWS (0c972ef20bcf058fbe8de342cd0b406c)] -> id: check_3]
Clicked on: [[ChromeDriver: chrome on WINDOWS (0c972ef20bcf058fbe8de342cd0b406c)] -> id: check_3]
Trying to find Element By : By.xpath: //select[contains(@name,'evo_pt')]
Found Element By : By.xpath: //select[contains(@name,'evo_pt')]
Trying to find Element By : By.xpath: //select[contains(@name,'evo_pt')]
Found Element By : By.xpath: //select[contains(@name,'evo_pt')]
Trying to find Element By : By.xpath: //select[contains(@name,'bg_pt')]
Found Element By : By.xpath: //select[contains(@name,'bg_pt')]
Trying to find Element By : By.xpath: //select[contains(@name,'bg_pt')]
Found Element By : By.xpath: //select[contains(@name,'bg_pt')]
Trying to find Element By : By.xpath: //select[contains(@name,'titanium_pt')]
Found Element By : By.xpath: //select[contains(@name,'titanium_pt')]
Trying to find Element By : By.xpath: //select[contains(@name,'titanium_pt')]
Found Element By : By.xpath: //select[contains(@name,'titanium_pt')]
Trying to find Element By : By.xpath: //select[contains(@name,'asg_pt')]
Found Element By : By.xpath: //select[contains(@name,'asg_pt')]
Trying to find Element By : By.xpath: //select[contains(@name,'asg_pt')]
Found Element By : By.xpath: //select[contains(@name,'asg_pt')]
Trying to find Element By : By.xpath: //select[contains(@name,'dg_pt')]
Found Element By : By.xpath: //select[contains(@name,'dg_pt')]
Trying to find Element By : By.xpath: //select[contains(@name,'dg_pt')]
Found Element By : By.xpath: //select[contains(@name,'dg_pt')]
Trying to find Element By : By.xpath: //select[contains(@name,'av_pt')]
Found Element By : By.xpath: //select[contains(@name,'av_pt')]
Trying to find Element By : By.xpath: //select[contains(@name,'av_pt')]
Found Element By : By.xpath: //select[contains(@name,'av_pt')]
Trying to find Element By : By.xpath: //select[contains(@name,'pp_pt')]
Found Element By : By.xpath: //select[contains(@name,'pp_pt')]
Trying to find Element By : By.xpath: //select[contains(@name,'pp_pt')]
Found Element By : By.xpath: //select[contains(@name,'pp_pt')]
Trying to find Element By : By.xpath: //select[contains(@name,'sxg_pt')]
Found Element By : By.xpath: //select[contains(@name,'sxg_pt')]
Trying to find Element By : By.xpath: //select[contains(@name,'sxg_pt')]
Found Element By : By.xpath: //select[contains(@name,'sxg_pt')]
Trying to find Element By : By.xpath: //select[contains(@name,'pps_pt')]
Found Element By : By.xpath: //select[contains(@name,'pps_pt')]
Trying to find Element By : By.xpath: //select[contains(@name,'pps_pt')]
Found Element By : By.xpath: //select[contains(@name,'pps_pt')]
Trying to find Element By : By.xpath: //select[contains(@name,'haba_pt')]
Found Element By : By.xpath: //select[contains(@name,'haba_pt')]
Trying to find Element By : By.xpath: //select[contains(@name,'haba_pt')]
Found Element By : By.xpath: //select[contains(@name,'haba_pt')]
Trying to find Element By : By.xpath: //select[contains(@name,'mv_pt')]
Found Element By : By.xpath: //select[contains(@name,'mv_pt')]
Trying to find Element By : By.xpath: //select[contains(@name,'mv_pt')]
Found Element By : By.xpath: //select[contains(@name,'mv_pt')]
Trying to find Element By : By.xpath: //select[contains(@name,'nt_pt')]
Found Element By : By.xpath: //select[contains(@name,'nt_pt')]
Trying to find Element By : By.xpath: //select[contains(@name,'nt_pt')]
Found Element By : By.xpath: //select[contains(@name,'nt_pt')]
Trying to find Element By : By.xpath: //select[contains(@name,'qs_pt')]
Found Element By : By.xpath: //select[contains(@name,'qs_pt')]
Trying to find Element By : By.xpath: //select[contains(@name,'qs_pt')]
Found Element By : By.xpath: //select[contains(@name,'qs_pt')]
Trying to find Element By : By.xpath: //div[contains(@class,'table-responsive')]/table/tfoot/tr/td[31]/select
Found Element By : By.xpath: //div[contains(@class,'table-responsive')]/table/tfoot/tr/td[31]/select
Trying to find Element By : By.xpath: //div[contains(@class,'table-responsive')]/table/tfoot/tr/td[31]/select
Found Element By : By.xpath: //div[contains(@class,'table-responsive')]/table/tfoot/tr/td[31]/select
Trying to find Element By : By.xpath: //select[contains(@name,'png_pt')]
Found Element By : By.xpath: //select[contains(@name,'png_pt')]
Trying to find Element By : By.xpath: //select[contains(@name,'png_pt')]
Found Element By : By.xpath: //select[contains(@name,'png_pt')]
Trying to find Element By : By.xpath: //select[contains(@name,'dg_pt')]
Found Element By : By.xpath: //select[contains(@name,'dg_pt')]
Trying to find Element By : By.xpath: .//option[normalize-space(.) = "19"]
Found Element By : By.xpath: .//option[normalize-space(.) = "19"]
Trying to click on: [[[[ChromeDriver: chrome on WINDOWS (0c972ef20bcf058fbe8de342cd0b406c)] -> xpath: //select[contains(@name,'dg_pt')]]] -> xpath: .//option[normalize-space(.) = "19"]]
Clicked on: [[[[ChromeDriver: chrome on WINDOWS (0c972ef20bcf058fbe8de342cd0b406c)] -> xpath: //select[contains(@name,'dg_pt')]]] -> xpath: .//option[normalize-space(.) = "19"]]
Trying to find Element By : By.id: btnSubmit
Found Element By : By.id: btnSubmit
Trying to click on: [[ChromeDriver: chrome on WINDOWS (0c972ef20bcf058fbe8de342cd0b406c)] -> id: btnSubmit]
Clicked on: [[ChromeDriver: chrome on WINDOWS (0c972ef20bcf058fbe8de342cd0b406c)] -> id: btnSubmit]
Trying to find Element By : By.xpath: //div[contains(@class,'table-responsive')]/table/tbody/tr/td[13]
Found Element By : By.xpath: //div[contains(@class,'table-responsive')]/table/tbody/tr/td[13]
Trying to find Element By : By.xpath: //div[contains(@class,'table-responsive')]/table/tbody/tr/td[14]
Found Element By : By.xpath: //div[contains(@class,'table-responsive')]/table/tbody/tr/td[14]
]]></system-out>
  </testcase>
  <testcase name="PTSettingSMANegativeTest01" classname="AASProductTestCase.AASProductTest.qa.testcases.PTSettingPageTest" time="4.596">
    <failure type="java.lang.AssertionError:">java.lang.AssertionError: null
	at AASProductTestCase.AASProductTest.qa.testcases.PTSettingPageTest.PTSettingSMANegativeTest01(PTSettingPageTest.java:240)
</failure>
    <system-out><![CDATA[***************************
Screenshot stored at C:\Users\User\git\AASStagingTest\AASProductTestTools/screenshots/PTSettingSMANegativeTest01_Mon_Aug_31_18_28_41_SGT_2020.png
***************************
Trying to find Element By : By.xpath: //div[contains(@class,'table-responsive')]/table/tbody/tr/td[15]
Found Element By : By.xpath: //div[contains(@class,'table-responsive')]/table/tbody/tr/td[15]
Trying to find Element By : By.xpath: //div[contains(@class,'table-responsive')]/table/tbody/tr/td[16]
Found Element By : By.xpath: //div[contains(@class,'table-responsive')]/table/tbody/tr/td[16]
Trying to find Element By : By.id: check_3
Found Element By : By.id: check_3
Trying to click on: [[ChromeDriver: chrome on WINDOWS (0c972ef20bcf058fbe8de342cd0b406c)] -> id: check_3]
Clicked on: [[ChromeDriver: chrome on WINDOWS (0c972ef20bcf058fbe8de342cd0b406c)] -> id: check_3]
Trying to find Element By : By.xpath: //select[contains(@name,'evo_pt')]
Found Element By : By.xpath: //select[contains(@name,'evo_pt')]
Trying to find Element By : By.xpath: //select[contains(@name,'evo_pt')]
Found Element By : By.xpath: //select[contains(@name,'evo_pt')]
Trying to find Element By : By.xpath: //select[contains(@name,'bg_pt')]
Found Element By : By.xpath: //select[contains(@name,'bg_pt')]
Trying to find Element By : By.xpath: //select[contains(@name,'bg_pt')]
Found Element By : By.xpath: //select[contains(@name,'bg_pt')]
Trying to find Element By : By.xpath: //select[contains(@name,'titanium_pt')]
Found Element By : By.xpath: //select[contains(@name,'titanium_pt')]
Trying to find Element By : By.xpath: //select[contains(@name,'titanium_pt')]
Found Element By : By.xpath: //select[contains(@name,'titanium_pt')]
Trying to find Element By : By.xpath: //select[contains(@name,'asg_pt')]
Found Element By : By.xpath: //select[contains(@name,'asg_pt')]
Trying to find Element By : By.xpath: //select[contains(@name,'asg_pt')]
Found Element By : By.xpath: //select[contains(@name,'asg_pt')]
Trying to find Element By : By.xpath: //select[contains(@name,'dg_pt')]
Found Element By : By.xpath: //select[contains(@name,'dg_pt')]
Trying to find Element By : By.xpath: //select[contains(@name,'dg_pt')]
Found Element By : By.xpath: //select[contains(@name,'dg_pt')]
Trying to find Element By : By.xpath: //select[contains(@name,'av_pt')]
Found Element By : By.xpath: //select[contains(@name,'av_pt')]
Trying to find Element By : By.xpath: //select[contains(@name,'av_pt')]
Found Element By : By.xpath: //select[contains(@name,'av_pt')]
Trying to find Element By : By.xpath: //select[contains(@name,'pp_pt')]
Found Element By : By.xpath: //select[contains(@name,'pp_pt')]
Trying to find Element By : By.xpath: //select[contains(@name,'pp_pt')]
Found Element By : By.xpath: //select[contains(@name,'pp_pt')]
Trying to find Element By : By.xpath: //select[contains(@name,'sxg_pt')]
Found Element By : By.xpath: //select[contains(@name,'sxg_pt')]
Trying to find Element By : By.xpath: //select[contains(@name,'sxg_pt')]
Found Element By : By.xpath: //select[contains(@name,'sxg_pt')]
Trying to find Element By : By.xpath: //select[contains(@name,'pps_pt')]
Found Element By : By.xpath: //select[contains(@name,'pps_pt')]
Trying to find Element By : By.xpath: //select[contains(@name,'pps_pt')]
Found Element By : By.xpath: //select[contains(@name,'pps_pt')]
Trying to find Element By : By.xpath: //select[contains(@name,'haba_pt')]
Found Element By : By.xpath: //select[contains(@name,'haba_pt')]
Trying to find Element By : By.xpath: //select[contains(@name,'haba_pt')]
Found Element By : By.xpath: //select[contains(@name,'haba_pt')]
Trying to find Element By : By.xpath: //select[contains(@name,'mv_pt')]
Found Element By : By.xpath: //select[contains(@name,'mv_pt')]
Trying to find Element By : By.xpath: //select[contains(@name,'mv_pt')]
Found Element By : By.xpath: //select[contains(@name,'mv_pt')]
Trying to find Element By : By.xpath: //select[contains(@name,'nt_pt')]
Found Element By : By.xpath: //select[contains(@name,'nt_pt')]
Trying to find Element By : By.xpath: //select[contains(@name,'nt_pt')]
Found Element By : By.xpath: //select[contains(@name,'nt_pt')]
Trying to find Element By : By.xpath: //select[contains(@name,'qs_pt')]
Found Element By : By.xpath: //select[contains(@name,'qs_pt')]
Trying to find Element By : By.xpath: //select[contains(@name,'qs_pt')]
Found Element By : By.xpath: //select[contains(@name,'qs_pt')]
Trying to find Element By : By.xpath: //div[contains(@class,'table-responsive')]/table/tfoot/tr/td[31]/select
Found Element By : By.xpath: //div[contains(@class,'table-responsive')]/table/tfoot/tr/td[31]/select
Trying to find Element By : By.xpath: //div[contains(@class,'table-responsive')]/table/tfoot/tr/td[31]/select
Found Element By : By.xpath: //div[contains(@class,'table-responsive')]/table/tfoot/tr/td[31]/select
Trying to find Element By : By.xpath: //select[contains(@name,'png_pt')]
Found Element By : By.xpath: //select[contains(@name,'png_pt')]
Trying to find Element By : By.xpath: //select[contains(@name,'png_pt')]
Found Element By : By.xpath: //select[contains(@name,'png_pt')]
Trying to find Element By : By.xpath: //select[contains(@name,'av_pt')]
Found Element By : By.xpath: //select[contains(@name,'av_pt')]
Trying to find Element By : By.xpath: .//option[normalize-space(.) = "19"]
Found Element By : By.xpath: .//option[normalize-space(.) = "19"]
Trying to click on: [[[[ChromeDriver: chrome on WINDOWS (0c972ef20bcf058fbe8de342cd0b406c)] -> xpath: //select[contains(@name,'av_pt')]]] -> xpath: .//option[normalize-space(.) = "19"]]
Clicked on: [[[[ChromeDriver: chrome on WINDOWS (0c972ef20bcf058fbe8de342cd0b406c)] -> xpath: //select[contains(@name,'av_pt')]]] -> xpath: .//option[normalize-space(.) = "19"]]
Trying to find Element By : By.id: btnSubmit
Found Element By : By.id: btnSubmit
Trying to click on: [[ChromeDriver: chrome on WINDOWS (0c972ef20bcf058fbe8de342cd0b406c)] -> id: btnSubmit]
Clicked on: [[ChromeDriver: chrome on WINDOWS (0c972ef20bcf058fbe8de342cd0b406c)] -> id: btnSubmit]
Trying to find Element By : By.xpath: //div[contains(@class,'table-responsive')]/table/tbody/tr/td[15]
Found Element By : By.xpath: //div[contains(@class,'table-responsive')]/table/tbody/tr/td[15]
Trying to find Element By : By.xpath: //div[contains(@class,'table-responsive')]/table/tbody/tr/td[16]
Found Element By : By.xpath: //div[contains(@class,'table-responsive')]/table/tbody/tr/td[16]
]]></system-out>
  </testcase>
  <testcase name="PTSettingSMANegativeTest01" classname="AASProductTestCase.AASProductTest.qa.testcases.PTSettingPageTest" time="4.575">
    <failure type="java.lang.AssertionError:">java.lang.AssertionError: null
	at AASProductTestCase.AASProductTest.qa.testcases.PTSettingPageTest.PTSettingSMANegativeTest01(PTSettingPageTest.java:240)
</failure>
    <system-out><![CDATA[***************************
Screenshot stored at C:\Users\User\git\AASStagingTest\AASProductTestTools/screenshots/PTSettingSMANegativeTest01_Mon_Aug_31_18_28_46_SGT_2020.png
***************************
Trying to find Element By : By.xpath: //div[contains(@class,'table-responsive')]/table/tbody/tr/td[17]
Found Element By : By.xpath: //div[contains(@class,'table-responsive')]/table/tbody/tr/td[17]
Trying to find Element By : By.xpath: //div[contains(@class,'table-responsive')]/table/tbody/tr/td[18]
Found Element By : By.xpath: //div[contains(@class,'table-responsive')]/table/tbody/tr/td[18]
Trying to find Element By : By.id: check_3
Found Element By : By.id: check_3
Trying to click on: [[ChromeDriver: chrome on WINDOWS (0c972ef20bcf058fbe8de342cd0b406c)] -> id: check_3]
Clicked on: [[ChromeDriver: chrome on WINDOWS (0c972ef20bcf058fbe8de342cd0b406c)] -> id: check_3]
Trying to find Element By : By.xpath: //select[contains(@name,'evo_pt')]
Found Element By : By.xpath: //select[contains(@name,'evo_pt')]
Trying to find Element By : By.xpath: //select[contains(@name,'evo_pt')]
Found Element By : By.xpath: //select[contains(@name,'evo_pt')]
Trying to find Element By : By.xpath: //select[contains(@name,'bg_pt')]
Found Element By : By.xpath: //select[contains(@name,'bg_pt')]
Trying to find Element By : By.xpath: //select[contains(@name,'bg_pt')]
Found Element By : By.xpath: //select[contains(@name,'bg_pt')]
Trying to find Element By : By.xpath: //select[contains(@name,'titanium_pt')]
Found Element By : By.xpath: //select[contains(@name,'titanium_pt')]
Trying to find Element By : By.xpath: //select[contains(@name,'titanium_pt')]
Found Element By : By.xpath: //select[contains(@name,'titanium_pt')]
Trying to find Element By : By.xpath: //select[contains(@name,'asg_pt')]
Found Element By : By.xpath: //select[contains(@name,'asg_pt')]
Trying to find Element By : By.xpath: //select[contains(@name,'asg_pt')]
Found Element By : By.xpath: //select[contains(@name,'asg_pt')]
Trying to find Element By : By.xpath: //select[contains(@name,'dg_pt')]
Found Element By : By.xpath: //select[contains(@name,'dg_pt')]
Trying to find Element By : By.xpath: //select[contains(@name,'dg_pt')]
Found Element By : By.xpath: //select[contains(@name,'dg_pt')]
Trying to find Element By : By.xpath: //select[contains(@name,'av_pt')]
Found Element By : By.xpath: //select[contains(@name,'av_pt')]
Trying to find Element By : By.xpath: //select[contains(@name,'av_pt')]
Found Element By : By.xpath: //select[contains(@name,'av_pt')]
Trying to find Element By : By.xpath: //select[contains(@name,'pp_pt')]
Found Element By : By.xpath: //select[contains(@name,'pp_pt')]
Trying to find Element By : By.xpath: //select[contains(@name,'pp_pt')]
Found Element By : By.xpath: //select[contains(@name,'pp_pt')]
Trying to find Element By : By.xpath: //select[contains(@name,'sxg_pt')]
Found Element By : By.xpath: //select[contains(@name,'sxg_pt')]
Trying to find Element By : By.xpath: //select[contains(@name,'sxg_pt')]
Found Element By : By.xpath: //select[contains(@name,'sxg_pt')]
Trying to find Element By : By.xpath: //select[contains(@name,'pps_pt')]
Found Element By : By.xpath: //select[contains(@name,'pps_pt')]
Trying to find Element By : By.xpath: //select[contains(@name,'pps_pt')]
Found Element By : By.xpath: //select[contains(@name,'pps_pt')]
Trying to find Element By : By.xpath: //select[contains(@name,'haba_pt')]
Found Element By : By.xpath: //select[contains(@name,'haba_pt')]
Trying to find Element By : By.xpath: //select[contains(@name,'haba_pt')]
Found Element By : By.xpath: //select[contains(@name,'haba_pt')]
Trying to find Element By : By.xpath: //select[contains(@name,'mv_pt')]
Found Element By : By.xpath: //select[contains(@name,'mv_pt')]
Trying to find Element By : By.xpath: //select[contains(@name,'mv_pt')]
Found Element By : By.xpath: //select[contains(@name,'mv_pt')]
Trying to find Element By : By.xpath: //select[contains(@name,'nt_pt')]
Found Element By : By.xpath: //select[contains(@name,'nt_pt')]
Trying to find Element By : By.xpath: //select[contains(@name,'nt_pt')]
Found Element By : By.xpath: //select[contains(@name,'nt_pt')]
Trying to find Element By : By.xpath: //select[contains(@name,'qs_pt')]
Found Element By : By.xpath: //select[contains(@name,'qs_pt')]
Trying to find Element By : By.xpath: //select[contains(@name,'qs_pt')]
Found Element By : By.xpath: //select[contains(@name,'qs_pt')]
Trying to find Element By : By.xpath: //div[contains(@class,'table-responsive')]/table/tfoot/tr/td[31]/select
Found Element By : By.xpath: //div[contains(@class,'table-responsive')]/table/tfoot/tr/td[31]/select
Trying to find Element By : By.xpath: //div[contains(@class,'table-responsive')]/table/tfoot/tr/td[31]/select
Found Element By : By.xpath: //div[contains(@class,'table-responsive')]/table/tfoot/tr/td[31]/select
Trying to find Element By : By.xpath: //select[contains(@name,'png_pt')]
Found Element By : By.xpath: //select[contains(@name,'png_pt')]
Trying to find Element By : By.xpath: //select[contains(@name,'png_pt')]
Found Element By : By.xpath: //select[contains(@name,'png_pt')]
Trying to find Element By : By.xpath: //select[contains(@name,'pp_pt')]
Found Element By : By.xpath: //select[contains(@name,'pp_pt')]
Trying to find Element By : By.xpath: .//option[normalize-space(.) = "19"]
Found Element By : By.xpath: .//option[normalize-space(.) = "19"]
Trying to click on: [[[[ChromeDriver: chrome on WINDOWS (0c972ef20bcf058fbe8de342cd0b406c)] -> xpath: //select[contains(@name,'pp_pt')]]] -> xpath: .//option[normalize-space(.) = "19"]]
Clicked on: [[[[ChromeDriver: chrome on WINDOWS (0c972ef20bcf058fbe8de342cd0b406c)] -> xpath: //select[contains(@name,'pp_pt')]]] -> xpath: .//option[normalize-space(.) = "19"]]
Trying to find Element By : By.id: btnSubmit
Found Element By : By.id: btnSubmit
Trying to click on: [[ChromeDriver: chrome on WINDOWS (0c972ef20bcf058fbe8de342cd0b406c)] -> id: btnSubmit]
Clicked on: [[ChromeDriver: chrome on WINDOWS (0c972ef20bcf058fbe8de342cd0b406c)] -> id: btnSubmit]
Trying to find Element By : By.xpath: //div[contains(@class,'table-responsive')]/table/tbody/tr/td[17]
Found Element By : By.xpath: //div[contains(@class,'table-responsive')]/table/tbody/tr/td[17]
Trying to find Element By : By.xpath: //div[contains(@class,'table-responsive')]/table/tbody/tr/td[18]
Found Element By : By.xpath: //div[contains(@class,'table-responsive')]/table/tbody/tr/td[18]
]]></system-out>
  </testcase>
  <testcase name="PTSettingSMANegativeTest01" classname="AASProductTestCase.AASProductTest.qa.testcases.PTSettingPageTest" time="4.571">
    <failure type="java.lang.AssertionError:">java.lang.AssertionError: null
	at AASProductTestCase.AASProductTest.qa.testcases.PTSettingPageTest.PTSettingSMANegativeTest01(PTSettingPageTest.java:240)
</failure>
    <system-out><![CDATA[***************************
Screenshot stored at C:\Users\User\git\AASStagingTest\AASProductTestTools/screenshots/PTSettingSMANegativeTest01_Mon_Aug_31_18_28_51_SGT_2020.png
***************************
Trying to find Element By : By.xpath: //div[contains(@class,'table-responsive')]/table/tbody/tr/td[19]
Found Element By : By.xpath: //div[contains(@class,'table-responsive')]/table/tbody/tr/td[19]
Trying to find Element By : By.xpath: //div[contains(@class,'table-responsive')]/table/tbody/tr/td[20]
Found Element By : By.xpath: //div[contains(@class,'table-responsive')]/table/tbody/tr/td[20]
Trying to find Element By : By.id: check_3
Found Element By : By.id: check_3
Trying to click on: [[ChromeDriver: chrome on WINDOWS (0c972ef20bcf058fbe8de342cd0b406c)] -> id: check_3]
Clicked on: [[ChromeDriver: chrome on WINDOWS (0c972ef20bcf058fbe8de342cd0b406c)] -> id: check_3]
Trying to find Element By : By.xpath: //select[contains(@name,'evo_pt')]
Found Element By : By.xpath: //select[contains(@name,'evo_pt')]
Trying to find Element By : By.xpath: //select[contains(@name,'evo_pt')]
Found Element By : By.xpath: //select[contains(@name,'evo_pt')]
Trying to find Element By : By.xpath: //select[contains(@name,'bg_pt')]
Found Element By : By.xpath: //select[contains(@name,'bg_pt')]
Trying to find Element By : By.xpath: //select[contains(@name,'bg_pt')]
Found Element By : By.xpath: //select[contains(@name,'bg_pt')]
Trying to find Element By : By.xpath: //select[contains(@name,'titanium_pt')]
Found Element By : By.xpath: //select[contains(@name,'titanium_pt')]
Trying to find Element By : By.xpath: //select[contains(@name,'titanium_pt')]
Found Element By : By.xpath: //select[contains(@name,'titanium_pt')]
Trying to find Element By : By.xpath: //select[contains(@name,'asg_pt')]
Found Element By : By.xpath: //select[contains(@name,'asg_pt')]
Trying to find Element By : By.xpath: //select[contains(@name,'asg_pt')]
Found Element By : By.xpath: //select[contains(@name,'asg_pt')]
Trying to find Element By : By.xpath: //select[contains(@name,'dg_pt')]
Found Element By : By.xpath: //select[contains(@name,'dg_pt')]
Trying to find Element By : By.xpath: //select[contains(@name,'dg_pt')]
Found Element By : By.xpath: //select[contains(@name,'dg_pt')]
Trying to find Element By : By.xpath: //select[contains(@name,'av_pt')]
Found Element By : By.xpath: //select[contains(@name,'av_pt')]
Trying to find Element By : By.xpath: //select[contains(@name,'av_pt')]
Found Element By : By.xpath: //select[contains(@name,'av_pt')]
Trying to find Element By : By.xpath: //select[contains(@name,'pp_pt')]
Found Element By : By.xpath: //select[contains(@name,'pp_pt')]
Trying to find Element By : By.xpath: //select[contains(@name,'pp_pt')]
Found Element By : By.xpath: //select[contains(@name,'pp_pt')]
Trying to find Element By : By.xpath: //select[contains(@name,'sxg_pt')]
Found Element By : By.xpath: //select[contains(@name,'sxg_pt')]
Trying to find Element By : By.xpath: //select[contains(@name,'sxg_pt')]
Found Element By : By.xpath: //select[contains(@name,'sxg_pt')]
Trying to find Element By : By.xpath: //select[contains(@name,'pps_pt')]
Found Element By : By.xpath: //select[contains(@name,'pps_pt')]
Trying to find Element By : By.xpath: //select[contains(@name,'pps_pt')]
Found Element By : By.xpath: //select[contains(@name,'pps_pt')]
Trying to find Element By : By.xpath: //select[contains(@name,'haba_pt')]
Found Element By : By.xpath: //select[contains(@name,'haba_pt')]
Trying to find Element By : By.xpath: //select[contains(@name,'haba_pt')]
Found Element By : By.xpath: //select[contains(@name,'haba_pt')]
Trying to find Element By : By.xpath: //select[contains(@name,'mv_pt')]
Found Element By : By.xpath: //select[contains(@name,'mv_pt')]
Trying to find Element By : By.xpath: //select[contains(@name,'mv_pt')]
Found Element By : By.xpath: //select[contains(@name,'mv_pt')]
Trying to find Element By : By.xpath: //select[contains(@name,'nt_pt')]
Found Element By : By.xpath: //select[contains(@name,'nt_pt')]
Trying to find Element By : By.xpath: //select[contains(@name,'nt_pt')]
Found Element By : By.xpath: //select[contains(@name,'nt_pt')]
Trying to find Element By : By.xpath: //select[contains(@name,'qs_pt')]
Found Element By : By.xpath: //select[contains(@name,'qs_pt')]
Trying to find Element By : By.xpath: //select[contains(@name,'qs_pt')]
Found Element By : By.xpath: //select[contains(@name,'qs_pt')]
Trying to find Element By : By.xpath: //div[contains(@class,'table-responsive')]/table/tfoot/tr/td[31]/select
Found Element By : By.xpath: //div[contains(@class,'table-responsive')]/table/tfoot/tr/td[31]/select
Trying to find Element By : By.xpath: //div[contains(@class,'table-responsive')]/table/tfoot/tr/td[31]/select
Found Element By : By.xpath: //div[contains(@class,'table-responsive')]/table/tfoot/tr/td[31]/select
Trying to find Element By : By.xpath: //select[contains(@name,'png_pt')]
Found Element By : By.xpath: //select[contains(@name,'png_pt')]
Trying to find Element By : By.xpath: //select[contains(@name,'png_pt')]
Found Element By : By.xpath: //select[contains(@name,'png_pt')]
Trying to find Element By : By.xpath: //select[contains(@name,'sxg_pt')]
Found Element By : By.xpath: //select[contains(@name,'sxg_pt')]
Trying to find Element By : By.xpath: .//option[normalize-space(.) = "19"]
Found Element By : By.xpath: .//option[normalize-space(.) = "19"]
Trying to click on: [[[[ChromeDriver: chrome on WINDOWS (0c972ef20bcf058fbe8de342cd0b406c)] -> xpath: //select[contains(@name,'sxg_pt')]]] -> xpath: .//option[normalize-space(.) = "19"]]
Clicked on: [[[[ChromeDriver: chrome on WINDOWS (0c972ef20bcf058fbe8de342cd0b406c)] -> xpath: //select[contains(@name,'sxg_pt')]]] -> xpath: .//option[normalize-space(.) = "19"]]
Trying to find Element By : By.id: btnSubmit
Found Element By : By.id: btnSubmit
Trying to click on: [[ChromeDriver: chrome on WINDOWS (0c972ef20bcf058fbe8de342cd0b406c)] -> id: btnSubmit]
Clicked on: [[ChromeDriver: chrome on WINDOWS (0c972ef20bcf058fbe8de342cd0b406c)] -> id: btnSubmit]
Trying to find Element By : By.xpath: //div[contains(@class,'table-responsive')]/table/tbody/tr/td[19]
Found Element By : By.xpath: //div[contains(@class,'table-responsive')]/table/tbody/tr/td[19]
Trying to find Element By : By.xpath: //div[contains(@class,'table-responsive')]/table/tbody/tr/td[20]
Found Element By : By.xpath: //div[contains(@class,'table-responsive')]/table/tbody/tr/td[20]
]]></system-out>
  </testcase>
  <testcase name="PTSettingSMANegativeTest01" classname="AASProductTestCase.AASProductTest.qa.testcases.PTSettingPageTest" time="4.579">
    <failure type="java.lang.AssertionError:">java.lang.AssertionError: null
	at AASProductTestCase.AASProductTest.qa.testcases.PTSettingPageTest.PTSettingSMANegativeTest01(PTSettingPageTest.java:240)
</failure>
    <system-out><![CDATA[***************************
Screenshot stored at C:\Users\User\git\AASStagingTest\AASProductTestTools/screenshots/PTSettingSMANegativeTest01_Mon_Aug_31_18_28_56_SGT_2020.png
***************************
Trying to find Element By : By.xpath: //div[contains(@class,'table-responsive')]/table/tbody/tr/td[21]
Found Element By : By.xpath: //div[contains(@class,'table-responsive')]/table/tbody/tr/td[21]
Trying to find Element By : By.xpath: //div[contains(@class,'table-responsive')]/table/tbody/tr/td[22]
Found Element By : By.xpath: //div[contains(@class,'table-responsive')]/table/tbody/tr/td[22]
Trying to find Element By : By.id: check_3
Found Element By : By.id: check_3
Trying to click on: [[ChromeDriver: chrome on WINDOWS (0c972ef20bcf058fbe8de342cd0b406c)] -> id: check_3]
Clicked on: [[ChromeDriver: chrome on WINDOWS (0c972ef20bcf058fbe8de342cd0b406c)] -> id: check_3]
Trying to find Element By : By.xpath: //select[contains(@name,'evo_pt')]
Found Element By : By.xpath: //select[contains(@name,'evo_pt')]
Trying to find Element By : By.xpath: //select[contains(@name,'evo_pt')]
Found Element By : By.xpath: //select[contains(@name,'evo_pt')]
Trying to find Element By : By.xpath: //select[contains(@name,'bg_pt')]
Found Element By : By.xpath: //select[contains(@name,'bg_pt')]
Trying to find Element By : By.xpath: //select[contains(@name,'bg_pt')]
Found Element By : By.xpath: //select[contains(@name,'bg_pt')]
Trying to find Element By : By.xpath: //select[contains(@name,'titanium_pt')]
Found Element By : By.xpath: //select[contains(@name,'titanium_pt')]
Trying to find Element By : By.xpath: //select[contains(@name,'titanium_pt')]
Found Element By : By.xpath: //select[contains(@name,'titanium_pt')]
Trying to find Element By : By.xpath: //select[contains(@name,'asg_pt')]
Found Element By : By.xpath: //select[contains(@name,'asg_pt')]
Trying to find Element By : By.xpath: //select[contains(@name,'asg_pt')]
Found Element By : By.xpath: //select[contains(@name,'asg_pt')]
Trying to find Element By : By.xpath: //select[contains(@name,'dg_pt')]
Found Element By : By.xpath: //select[contains(@name,'dg_pt')]
Trying to find Element By : By.xpath: //select[contains(@name,'dg_pt')]
Found Element By : By.xpath: //select[contains(@name,'dg_pt')]
Trying to find Element By : By.xpath: //select[contains(@name,'av_pt')]
Found Element By : By.xpath: //select[contains(@name,'av_pt')]
Trying to find Element By : By.xpath: //select[contains(@name,'av_pt')]
Found Element By : By.xpath: //select[contains(@name,'av_pt')]
Trying to find Element By : By.xpath: //select[contains(@name,'pp_pt')]
Found Element By : By.xpath: //select[contains(@name,'pp_pt')]
Trying to find Element By : By.xpath: //select[contains(@name,'pp_pt')]
Found Element By : By.xpath: //select[contains(@name,'pp_pt')]
Trying to find Element By : By.xpath: //select[contains(@name,'sxg_pt')]
Found Element By : By.xpath: //select[contains(@name,'sxg_pt')]
Trying to find Element By : By.xpath: //select[contains(@name,'sxg_pt')]
Found Element By : By.xpath: //select[contains(@name,'sxg_pt')]
Trying to find Element By : By.xpath: //select[contains(@name,'pps_pt')]
Found Element By : By.xpath: //select[contains(@name,'pps_pt')]
Trying to find Element By : By.xpath: //select[contains(@name,'pps_pt')]
Found Element By : By.xpath: //select[contains(@name,'pps_pt')]
Trying to find Element By : By.xpath: //select[contains(@name,'haba_pt')]
Found Element By : By.xpath: //select[contains(@name,'haba_pt')]
Trying to find Element By : By.xpath: //select[contains(@name,'haba_pt')]
Found Element By : By.xpath: //select[contains(@name,'haba_pt')]
Trying to find Element By : By.xpath: //select[contains(@name,'mv_pt')]
Found Element By : By.xpath: //select[contains(@name,'mv_pt')]
Trying to find Element By : By.xpath: //select[contains(@name,'mv_pt')]
Found Element By : By.xpath: //select[contains(@name,'mv_pt')]
Trying to find Element By : By.xpath: //select[contains(@name,'nt_pt')]
Found Element By : By.xpath: //select[contains(@name,'nt_pt')]
Trying to find Element By : By.xpath: //select[contains(@name,'nt_pt')]
Found Element By : By.xpath: //select[contains(@name,'nt_pt')]
Trying to find Element By : By.xpath: //select[contains(@name,'qs_pt')]
Found Element By : By.xpath: //select[contains(@name,'qs_pt')]
Trying to find Element By : By.xpath: //select[contains(@name,'qs_pt')]
Found Element By : By.xpath: //select[contains(@name,'qs_pt')]
Trying to find Element By : By.xpath: //div[contains(@class,'table-responsive')]/table/tfoot/tr/td[31]/select
Found Element By : By.xpath: //div[contains(@class,'table-responsive')]/table/tfoot/tr/td[31]/select
Trying to find Element By : By.xpath: //div[contains(@class,'table-responsive')]/table/tfoot/tr/td[31]/select
Found Element By : By.xpath: //div[contains(@class,'table-responsive')]/table/tfoot/tr/td[31]/select
Trying to find Element By : By.xpath: //select[contains(@name,'png_pt')]
Found Element By : By.xpath: //select[contains(@name,'png_pt')]
Trying to find Element By : By.xpath: //select[contains(@name,'png_pt')]
Found Element By : By.xpath: //select[contains(@name,'png_pt')]
Trying to find Element By : By.xpath: //select[contains(@name,'pps_pt')]
Found Element By : By.xpath: //select[contains(@name,'pps_pt')]
Trying to find Element By : By.xpath: .//option[normalize-space(.) = "19"]
Found Element By : By.xpath: .//option[normalize-space(.) = "19"]
Trying to click on: [[[[ChromeDriver: chrome on WINDOWS (0c972ef20bcf058fbe8de342cd0b406c)] -> xpath: //select[contains(@name,'pps_pt')]]] -> xpath: .//option[normalize-space(.) = "19"]]
Clicked on: [[[[ChromeDriver: chrome on WINDOWS (0c972ef20bcf058fbe8de342cd0b406c)] -> xpath: //select[contains(@name,'pps_pt')]]] -> xpath: .//option[normalize-space(.) = "19"]]
Trying to find Element By : By.id: btnSubmit
Found Element By : By.id: btnSubmit
Trying to click on: [[ChromeDriver: chrome on WINDOWS (0c972ef20bcf058fbe8de342cd0b406c)] -> id: btnSubmit]
Clicked on: [[ChromeDriver: chrome on WINDOWS (0c972ef20bcf058fbe8de342cd0b406c)] -> id: btnSubmit]
Trying to find Element By : By.xpath: //div[contains(@class,'table-responsive')]/table/tbody/tr/td[21]
Found Element By : By.xpath: //div[contains(@class,'table-responsive')]/table/tbody/tr/td[21]
Trying to find Element By : By.xpath: //div[contains(@class,'table-responsive')]/table/tbody/tr/td[22]
Found Element By : By.xpath: //div[contains(@class,'table-responsive')]/table/tbody/tr/td[22]
]]></system-out>
  </testcase>
  <testcase name="PTSettingSMANegativeTest01" classname="AASProductTestCase.AASProductTest.qa.testcases.PTSettingPageTest" time="4.641">
    <failure type="java.lang.AssertionError:">java.lang.AssertionError: null
	at AASProductTestCase.AASProductTest.qa.testcases.PTSettingPageTest.PTSettingSMANegativeTest01(PTSettingPageTest.java:240)
</failure>
    <system-out><![CDATA[***************************
Screenshot stored at C:\Users\User\git\AASStagingTest\AASProductTestTools/screenshots/PTSettingSMANegativeTest01_Mon_Aug_31_18_29_01_SGT_2020.png
***************************
Trying to find Element By : By.xpath: //div[contains(@class,'table-responsive')]/table/tbody/tr/td[23]
Found Element By : By.xpath: //div[contains(@class,'table-responsive')]/table/tbody/tr/td[23]
Trying to find Element By : By.xpath: //div[contains(@class,'table-responsive')]/table/tbody/tr/td[24]
Found Element By : By.xpath: //div[contains(@class,'table-responsive')]/table/tbody/tr/td[24]
Trying to find Element By : By.id: check_3
Found Element By : By.id: check_3
Trying to click on: [[ChromeDriver: chrome on WINDOWS (0c972ef20bcf058fbe8de342cd0b406c)] -> id: check_3]
Clicked on: [[ChromeDriver: chrome on WINDOWS (0c972ef20bcf058fbe8de342cd0b406c)] -> id: check_3]
Trying to find Element By : By.xpath: //select[contains(@name,'evo_pt')]
Found Element By : By.xpath: //select[contains(@name,'evo_pt')]
Trying to find Element By : By.xpath: //select[contains(@name,'evo_pt')]
Found Element By : By.xpath: //select[contains(@name,'evo_pt')]
Trying to find Element By : By.xpath: //select[contains(@name,'bg_pt')]
Found Element By : By.xpath: //select[contains(@name,'bg_pt')]
Trying to find Element By : By.xpath: //select[contains(@name,'bg_pt')]
Found Element By : By.xpath: //select[contains(@name,'bg_pt')]
Trying to find Element By : By.xpath: //select[contains(@name,'titanium_pt')]
Found Element By : By.xpath: //select[contains(@name,'titanium_pt')]
Trying to find Element By : By.xpath: //select[contains(@name,'titanium_pt')]
Found Element By : By.xpath: //select[contains(@name,'titanium_pt')]
Trying to find Element By : By.xpath: //select[contains(@name,'asg_pt')]
Found Element By : By.xpath: //select[contains(@name,'asg_pt')]
Trying to find Element By : By.xpath: //select[contains(@name,'asg_pt')]
Found Element By : By.xpath: //select[contains(@name,'asg_pt')]
Trying to find Element By : By.xpath: //select[contains(@name,'dg_pt')]
Found Element By : By.xpath: //select[contains(@name,'dg_pt')]
Trying to find Element By : By.xpath: //select[contains(@name,'dg_pt')]
Found Element By : By.xpath: //select[contains(@name,'dg_pt')]
Trying to find Element By : By.xpath: //select[contains(@name,'av_pt')]
Found Element By : By.xpath: //select[contains(@name,'av_pt')]
Trying to find Element By : By.xpath: //select[contains(@name,'av_pt')]
Found Element By : By.xpath: //select[contains(@name,'av_pt')]
Trying to find Element By : By.xpath: //select[contains(@name,'pp_pt')]
Found Element By : By.xpath: //select[contains(@name,'pp_pt')]
Trying to find Element By : By.xpath: //select[contains(@name,'pp_pt')]
Found Element By : By.xpath: //select[contains(@name,'pp_pt')]
Trying to find Element By : By.xpath: //select[contains(@name,'sxg_pt')]
Found Element By : By.xpath: //select[contains(@name,'sxg_pt')]
Trying to find Element By : By.xpath: //select[contains(@name,'sxg_pt')]
Found Element By : By.xpath: //select[contains(@name,'sxg_pt')]
Trying to find Element By : By.xpath: //select[contains(@name,'pps_pt')]
Found Element By : By.xpath: //select[contains(@name,'pps_pt')]
Trying to find Element By : By.xpath: //select[contains(@name,'pps_pt')]
Found Element By : By.xpath: //select[contains(@name,'pps_pt')]
Trying to find Element By : By.xpath: //select[contains(@name,'haba_pt')]
Found Element By : By.xpath: //select[contains(@name,'haba_pt')]
Trying to find Element By : By.xpath: //select[contains(@name,'haba_pt')]
Found Element By : By.xpath: //select[contains(@name,'haba_pt')]
Trying to find Element By : By.xpath: //select[contains(@name,'mv_pt')]
Found Element By : By.xpath: //select[contains(@name,'mv_pt')]
Trying to find Element By : By.xpath: //select[contains(@name,'mv_pt')]
Found Element By : By.xpath: //select[contains(@name,'mv_pt')]
Trying to find Element By : By.xpath: //select[contains(@name,'nt_pt')]
Found Element By : By.xpath: //select[contains(@name,'nt_pt')]
Trying to find Element By : By.xpath: //select[contains(@name,'nt_pt')]
Found Element By : By.xpath: //select[contains(@name,'nt_pt')]
Trying to find Element By : By.xpath: //select[contains(@name,'qs_pt')]
Found Element By : By.xpath: //select[contains(@name,'qs_pt')]
Trying to find Element By : By.xpath: //select[contains(@name,'qs_pt')]
Found Element By : By.xpath: //select[contains(@name,'qs_pt')]
Trying to find Element By : By.xpath: //div[contains(@class,'table-responsive')]/table/tfoot/tr/td[31]/select
Found Element By : By.xpath: //div[contains(@class,'table-responsive')]/table/tfoot/tr/td[31]/select
[...]
  <testcase name="ProductStatusPositiveTest01" classname="AASProductTestCase.AASProductTest.qa.testcases.ProductSettingPageTest" time="5.579"/>
  <testcase name="ProductStatusPositiveTest01" classname="AASProductTestCase.AASProductTest.qa.testcases.ProductSettingPageTest" time="5.487"/>
  <testcase name="ProductStatusPositiveTest01" classname="AASProductTestCase.AASProductTest.qa.testcases.ProductSettingPageTest" time="5.554"/>
  <testcase name="ProductStatusPositiveTest01" classname="AASProductTestCase.AASProductTest.qa.testcases.ProductSettingPageTest" time="5.558"/>
  <testcase name="ProductStatusPositiveTest01" classname="AASProductTestCase.AASProductTest.qa.testcases.ProductSettingPageTest" time="5.472"/>
  <testcase name="ProductStatusPositiveTest01" classname="AASProductTestCase.AASProductTest.qa.testcases.ProductSettingPageTest" time="5.48"/>
  <testcase name="ProductStatusPositiveTest01" classname="AASProductTestCase.AASProductTest.qa.testcases.ProductSettingPageTest" time="5.606"/>
  <testcase name="ProductStatusPositiveTest01" classname="AASProductTestCase.AASProductTest.qa.testcases.ProductSettingPageTest" time="5.521"/>
  <testcase name="ProductStatusPositiveTest01" classname="AASProductTestCase.AASProductTest.qa.testcases.ProductSettingPageTest" time="5.455"/>
  <testcase name="ProductStatusPositiveTest01" classname="AASProductTestCase.AASProductTest.qa.testcases.ProductSettingPageTest" time="5.486"/>
  <testcase name="ProductStatusPositiveTest01" classname="AASProductTestCase.AASProductTest.qa.testcases.ProductSettingPageTest" time="5.465"/>
  <testcase name="ProductStatusPositiveTest01" classname="AASProductTestCase.AASProductTest.qa.testcases.ProductSettingPageTest" time="5.488"/>
  <testcase name="ProductStatusPositiveTest01" classname="AASProductTestCase.AASProductTest.qa.testcases.ProductSettingPageTest" time="5.457"/>
  <testcase name="ProductStatusPositiveTest01" classname="AASProductTestCase.AASProductTest.qa.testcases.ProductSettingPageTest" time="5.48"/>
  <testcase name="ProductStatusPositiveTest01" classname="AASProductTestCase.AASProductTest.qa.testcases.ProductSettingPageTest" time="5.452">
    <failure message="expected [] but found [Disabled]" type="java.lang.AssertionError">java.lang.AssertionError: expected [] but found [Disabled]
	at AASProductTestCase.AASProductTest.qa.testcases.ProductSettingPageTest.ProductStatusPositiveTest01(ProductSettingPageTest.java:87)
</failure>
    <system-out><![CDATA[Trying to find Element By : By.id: check_1
Found Element By : By.id: check_1
Trying to click on: [[ChromeDriver: chrome on WINDOWS (5a06b50c4c6631f5888cab547f0964cc)] -> id: check_1]
Clicked on: [[ChromeDriver: chrome on WINDOWS (5a06b50c4c6631f5888cab547f0964cc)] -> id: check_1]
Trying to find Element By : By.xpath: //select[contains(@name,'evo_status')]
Found Element By : By.xpath: //select[contains(@name,'evo_status')]
Trying to find Element By : By.xpath: //select[contains(@name,'evo_status')]
Found Element By : By.xpath: //select[contains(@name,'evo_status')]
Trying to find Element By : By.xpath: //select[contains(@name,'bg_status')]
Found Element By : By.xpath: //select[contains(@name,'bg_status')]
Trying to find Element By : By.xpath: //select[contains(@name,'bg_status')]
Found Element By : By.xpath: //select[contains(@name,'bg_status')]
Trying to find Element By : By.xpath: //select[contains(@name,'titanium_status')]
Found Element By : By.xpath: //select[contains(@name,'titanium_status')]
Trying to find Element By : By.xpath: //select[contains(@name,'titanium_status')]
Found Element By : By.xpath: //select[contains(@name,'titanium_status')]
Trying to find Element By : By.xpath: //select[contains(@name,'asg_status')]
Found Element By : By.xpath: //select[contains(@name,'asg_status')]
Trying to find Element By : By.xpath: //select[contains(@name,'asg_status')]
Found Element By : By.xpath: //select[contains(@name,'asg_status')]
Trying to find Element By : By.xpath: //select[contains(@name,'dg_status')]
Found Element By : By.xpath: //select[contains(@name,'dg_status')]
Trying to find Element By : By.xpath: //select[contains(@name,'dg_status')]
Found Element By : By.xpath: //select[contains(@name,'dg_status')]
Trying to find Element By : By.xpath: //select[contains(@name,'av_status')]
Found Element By : By.xpath: //select[contains(@name,'av_status')]
Trying to find Element By : By.xpath: //select[contains(@name,'av_status')]
Found Element By : By.xpath: //select[contains(@name,'av_status')]
Trying to find Element By : By.xpath: //select[contains(@name,'pp_status')]
Found Element By : By.xpath: //select[contains(@name,'pp_status')]
Trying to find Element By : By.xpath: //select[contains(@name,'pp_status')]
Found Element By : By.xpath: //select[contains(@name,'pp_status')]
Trying to find Element By : By.xpath: //select[contains(@name,'sxg_status')]
Found Element By : By.xpath: //select[contains(@name,'sxg_status')]
Trying to find Element By : By.xpath: //select[contains(@name,'sxg_status')]
Found Element By : By.xpath: //select[contains(@name,'sxg_status')]
Trying to find Element By : By.xpath: //select[contains(@name,'pps_status')]
Found Element By : By.xpath: //select[contains(@name,'pps_status')]
Trying to find Element By : By.xpath: //select[contains(@name,'pps_status')]
Found Element By : By.xpath: //select[contains(@name,'pps_status')]
Trying to find Element By : By.xpath: //select[contains(@name,'haba_status')]
Found Element By : By.xpath: //select[contains(@name,'haba_status')]
Trying to find Element By : By.xpath: //select[contains(@name,'haba_status')]
Found Element By : By.xpath: //select[contains(@name,'haba_status')]
Trying to find Element By : By.xpath: //select[contains(@name,'mv_status')]
Found Element By : By.xpath: //select[contains(@name,'mv_status')]
Trying to find Element By : By.xpath: //select[contains(@name,'mv_status')]
Found Element By : By.xpath: //select[contains(@name,'mv_status')]
Trying to find Element By : By.xpath: //select[contains(@name,'nt_status')]
Found Element By : By.xpath: //select[contains(@name,'nt_status')]
Trying to find Element By : By.xpath: //select[contains(@name,'nt_status')]
Found Element By : By.xpath: //select[contains(@name,'nt_status')]
Trying to find Element By : By.xpath: //select[contains(@name,'qs_status')]
Found Element By : By.xpath: //select[contains(@name,'qs_status')]
Trying to find Element By : By.xpath: //select[contains(@name,'qs_status')]
Found Element By : By.xpath: //select[contains(@name,'qs_status')]
Trying to find Element By : By.xpath: //div[contains(@class,'table-responsive')]/table/tfoot/tr/td[18]/select
Found Element By : By.xpath: //div[contains(@class,'table-responsive')]/table/tfoot/tr/td[18]/select
Trying to find Element By : By.xpath: //div[contains(@class,'table-responsive')]/table/tfoot/tr/td[18]/select
Found Element By : By.xpath: //div[contains(@class,'table-responsive')]/table/tfoot/tr/td[18]/select
Trying to find Element By : By.id: btnSubmit
Found Element By : By.id: btnSubmit
Trying to click on: [[ChromeDriver: chrome on WINDOWS (5a06b50c4c6631f5888cab547f0964cc)] -> id: btnSubmit]
Clicked on: [[ChromeDriver: chrome on WINDOWS (5a06b50c4c6631f5888cab547f0964cc)] -> id: btnSubmit]
]]></system-out>
  </testcase>
  <testcase name="ProceedMACheck" classname="AASProductTestCase.AASProductTest.qa.testcases.ProductSettingPageTest" time="4.555"/>
  <testcase name="ProductStatusDownlineCheck_MA" classname="AASProductTestCase.AASProductTest.qa.testcases.ProductSettingPageTest" time="1.021"/>
  <testcase name="ProductStatusDownlineCheck_MA" classname="AASProductTestCase.AASProductTest.qa.testcases.ProductSettingPageTest" time="1.019"/>
  <testcase name="ProductStatusDownlineCheck_MA" classname="AASProductTestCase.AASProductTest.qa.testcases.ProductSettingPageTest" time="1.024"/>
  <testcase name="ProductStatusDownlineCheck_MA" classname="AASProductTestCase.AASProductTest.qa.testcases.ProductSettingPageTest" time="1.027"/>
  <testcase name="ProductStatusDownlineCheck_MA" classname="AASProductTestCase.AASProductTest.qa.testcases.ProductSettingPageTest" time="1.022"/>
  <testcase name="ProductStatusDownlineCheck_MA" classname="AASProductTestCase.AASProductTest.qa.testcases.ProductSettingPageTest" time="1.02"/>
  <testcase name="ProductStatusDownlineCheck_MA" classname="AASProductTestCase.AASProductTest.qa.testcases.ProductSettingPageTest" time="1.028"/>
  <testcase name="ProductStatusDownlineCheck_MA" classname="AASProductTestCase.AASProductTest.qa.testcases.ProductSettingPageTest" time="1.021"/>
  <testcase name="ProductStatusDownlineCheck_MA" classname="AASProductTestCase.AASProductTest.qa.testcases.ProductSettingPageTest" time="1.021"/>
  <testcase name="ProductStatusDownlineCheck_MA" classname="AASProductTestCase.AASProductTest.qa.testcases.ProductSettingPageTest" time="1.02"/>
  <testcase name="ProductStatusDownlineCheck_MA" classname="AASProductTestCase.AASProductTest.qa.testcases.ProductSettingPageTest" time="1.02"/>
  <testcase name="ProductStatusDownlineCheck_MA" classname="AASProductTestCase.AASProductTest.qa.testcases.ProductSettingPageTest" time="1.021"/>
  <testcase name="ProductStatusDownlineCheck_MA" classname="AASProductTestCase.AASProductTest.qa.testcases.ProductSettingPageTest" time="1.022"/>
  <testcase name="ProductStatusDownlineCheck_MA" classname="AASProductTestCase.AASProductTest.qa.testcases.ProductSettingPageTest" time="1.031"/>
  <testcase name="ProductStatusDownlineCheck_MA" classname="AASProductTestCase.AASProductTest.qa.testcases.ProductSettingPageTest" time="1.001">
    <failure message="expected [] but found [Disabled]" type="java.lang.AssertionError">java.lang.AssertionError: expected [] but found [Disabled]
	at AASProductTestCase.AASProductTest.qa.testcases.ProductSettingPageTest.ProductStatusDownlineCheck_MA(ProductSettingPageTest.java:106)
</failure>
  </testcase>
  <testcase name="ProceedAGCheck" classname="AASProductTestCase.AASProductTest.qa.testcases.ProductSettingPageTest" time="4.426"/>
  <testcase name="ProductStatusDownlineCheck_AG" classname="AASProductTestCase.AASProductTest.qa.testcases.ProductSettingPageTest" time="1.024"/>
  <testcase name="ProductStatusDownlineCheck_AG" classname="AASProductTestCase.AASProductTest.qa.testcases.ProductSettingPageTest" time="1.026"/>
  <testcase name="ProductStatusDownlineCheck_AG" classname="AASProductTestCase.AASProductTest.qa.testcases.ProductSettingPageTest" time="1.022"/>
  <testcase name="ProductStatusDownlineCheck_AG" classname="AASProductTestCase.AASProductTest.qa.testcases.ProductSettingPageTest" time="1.029"/>
  <testcase name="ProductStatusDownlineCheck_AG" classname="AASProductTestCase.AASProductTest.qa.testcases.ProductSettingPageTest" time="1.024"/>
  <testcase name="ProductStatusDownlineCheck_AG" classname="AASProductTestCase.AASProductTest.qa.testcases.ProductSettingPageTest" time="1.026"/>
  <testcase name="ProductStatusDownlineCheck_AG" classname="AASProductTestCase.AASProductTest.qa.testcases.ProductSettingPageTest" time="1.026"/>
  <testcase name="ProductStatusDownlineCheck_AG" classname="AASProductTestCase.AASProductTest.qa.testcases.ProductSettingPageTest" time="1.022"/>
  <testcase name="ProductStatusDownlineCheck_AG" classname="AASProductTestCase.AASProductTest.qa.testcases.ProductSettingPageTest" time="1.028"/>
  <testcase name="ProductStatusDownlineCheck_AG" classname="AASProductTestCase.AASProductTest.qa.testcases.ProductSettingPageTest" time="1.023"/>
  <testcase name="ProductStatusDownlineCheck_AG" classname="AASProductTestCase.AASProductTest.qa.testcases.ProductSettingPageTest" time="1.019"/>
  <testcase name="ProductStatusDownlineCheck_AG" classname="AASProductTestCase.AASProductTest.qa.testcases.ProductSettingPageTest" time="1.021"/>
  <testcase name="ProductStatusDownlineCheck_AG" classname="AASProductTestCase.AASProductTest.qa.testcases.ProductSettingPageTest" time="1.017"/>
  <testcase name="ProductStatusDownlineCheck_AG" classname="AASProductTestCase.AASProductTest.qa.testcases.ProductSettingPageTest" time="1.02"/>
  <testcase name="ProductStatusDownlineCheck_AG" classname="AASProductTestCase.AASProductTest.qa.testcases.ProductSettingPageTest" time="1.002">
    <failure message="expected [] but found [Disabled]" type="java.lang.AssertionError">java.lang.AssertionError: expected [] but found [Disabled]
	at AASProductTestCase.AASProductTest.qa.testcases.ProductSettingPageTest.ProductStatusDownlineCheck_AG(ProductSettingPageTest.java:125)
</failure>
  </testcase>
  <testcase name="ProceedProductStatusActiveTest" classname="AASProductTestCase.AASProductTest.qa.testcases.ProductSettingPageTest" time="10.671"/>
  <testcase name="ProductStatusActiveTest" classname="AASProductTestCase.AASProductTest.qa.testcases.ProductSettingPageTest" time="2.023"/>
  <testcase name="ProductStatusActiveTest" classname="AASProductTestCase.AASProductTest.qa.testcases.ProductSettingPageTest" time="2.023"/>
  <testcase name="ProductStatusActiveTest" classname="AASProductTestCase.AASProductTest.qa.testcases.ProductSettingPageTest" time="2.026"/>
  <testcase name="ProductStatusActiveTest" classname="AASProductTestCase.AASProductTest.qa.testcases.ProductSettingPageTest" time="2.023"/>
  <testcase name="ProductStatusActiveTest" classname="AASProductTestCase.AASProductTest.qa.testcases.ProductSettingPageTest" time="2.02"/>
  <testcase name="ProductStatusActiveTest" classname="AASProductTestCase.AASProductTest.qa.testcases.ProductSettingPageTest" time="2.024"/>
  <testcase name="ProductStatusActiveTest" classname="AASProductTestCase.AASProductTest.qa.testcases.ProductSettingPageTest" time="2.022"/>
  <testcase name="ProductStatusActiveTest" classname="AASProductTestCase.AASProductTest.qa.testcases.ProductSettingPageTest" time="2.021"/>
  <testcase name="ProductStatusActiveTest" classname="AASProductTestCase.AASProductTest.qa.testcases.ProductSettingPageTest" time="2.029"/>
  <testcase name="ProductStatusActiveTest" classname="AASProductTestCase.AASProductTest.qa.testcases.ProductSettingPageTest" time="2.02"/>
  <testcase name="ProductStatusActiveTest" classname="AASProductTestCase.AASProductTest.qa.testcases.ProductSettingPageTest" time="2.03"/>
  <testcase name="ProductStatusActiveTest" classname="AASProductTestCase.AASProductTest.qa.testcases.ProductSettingPageTest" time="2.033"/>
  <testcase name="ProductStatusActiveTest" classname="AASProductTestCase.AASProductTest.qa.testcases.ProductSettingPageTest" time="2.026"/>
  <testcase name="ProductStatusActiveTest" classname="AASProductTestCase.AASProductTest.qa.testcases.ProductSettingPageTest" time="2.024"/>
  <testcase name="ProductStatusActiveTest" classname="AASProductTestCase.AASProductTest.qa.testcases.ProductSettingPageTest" time="2.002">
    <failure message="expected [] but found [Active]" type="java.lang.AssertionError">java.lang.AssertionError: expected [] but found [Active]
	at AASProductTestCase.AASProductTest.qa.testcases.ProductSettingPageTest.ProductStatusActiveTest(ProductSettingPageTest.java:148)
</failure>
  </testcase>
  <testcase name="ProductSkinTest" classname="AASProductTestCase.AASProductTest.qa.testcases.ProductSkinPageTest" time="5.224"/>
  <testcase name="ProductSkinTest" classname="AASProductTestCase.AASProductTest.qa.testcases.ProductSkinPageTest" time="5.199"/>
  <testcase name="ProductSkinTest" classname="AASProductTestCase.AASProductTest.qa.testcases.ProductSkinPageTest" time="5.204"/>
  <testcase name="ProductSkinTest" classname="AASProductTestCase.AASProductTest.qa.testcases.ProductSkinPageTest" time="5.207"/>
  <testcase name="ProductSkinTest" classname="AASProductTestCase.AASProductTest.qa.testcases.ProductSkinPageTest" time="5.205"/>
  <testcase name="ProductSkinTest" classname="AASProductTestCase.AASProductTest.qa.testcases.ProductSkinPageTest" time="5.196"/>
  <testcase name="ProductSkinTest" classname="AASProductTestCase.AASProductTest.qa.testcases.ProductSkinPageTest" time="5.22"/>
  <testcase name="ProductSkinTest" classname="AASProductTestCase.AASProductTest.qa.testcases.ProductSkinPageTest" time="5.254"/>
  <testcase name="ExtraPTTest" classname="AASProductTestCase.AASProductTest.qa.testcases.ExtraPTPageTest" time="6.552"/>
  <testcase name="ExtraPTTest" classname="AASProductTestCase.AASProductTest.qa.testcases.ExtraPTPageTest" time="6.514"/>
  <testcase name="ExtraPTTest" classname="AASProductTestCase.AASProductTest.qa.testcases.ExtraPTPageTest" time="6.556"/>
  <testcase name="ExtraPTTest" classname="AASProductTestCase.AASProductTest.qa.testcases.ExtraPTPageTest" time="6.522"/>
  <testcase name="ExtraPTTest" classname="AASProductTestCase.AASProductTest.qa.testcases.ExtraPTPageTest" time="6.485"/>
  <testcase name="ExtraPTTest" classname="AASProductTestCase.AASProductTest.qa.testcases.ExtraPTPageTest" time="6.521"/>
  <testcase name="ExtraPTTest" classname="AASProductTestCase.AASProductTest.qa.testcases.ExtraPTPageTest" time="6.639"/>
  <testcase name="ExtraPTTest" classname="AASProductTestCase.AASProductTest.qa.testcases.ExtraPTPageTest" time="6.553"/>
  <testcase name="ExtraPTTest" classname="AASProductTestCase.AASProductTest.qa.testcases.ExtraPTPageTest" time="6.493"/>
  <testcase name="ExtraPTTest" classname="AASProductTestCase.AASProductTest.qa.testcases.ExtraPTPageTest" time="6.518"/>
  <testcase name="ExtraPTTest" classname="AASProductTestCase.AASProductTest.qa.testcases.ExtraPTPageTest" time="6.522"/>
  <testcase name="ExtraPTTest" classname="AASProductTestCase.AASProductTest.qa.testcases.ExtraPTPageTest" time="6.52"/>
  <testcase name="ExtraPTTest" classname="AASProductTestCase.AASProductTest.qa.testcases.ExtraPTPageTest" time="6.484"/>
  <testcase name="ExtraPTTest" classname="AASProductTestCase.AASProductTest.qa.testcases.ExtraPTPageTest" time="6.521"/>
  <testcase name="ExtraPTTest" classname="AASProductTestCase.AASProductTest.qa.testcases.ExtraPTPageTest" time="6.552"/>
  <testcase name="ExtraPTGroupUpdate" classname="AASProductTestCase.AASProductTest.qa.testcases.ExtraPTPageTest" time="9.713"/>
  <testcase name="ExtraPTTest02" classname="AASProductTestCase.AASProductTest.qa.testcases.ExtraPTPageTest" time="3.024"/>
  <testcase name="ExtraPTTest02" classname="AASProductTestCase.AASProductTest.qa.testcases.ExtraPTPageTest" time="3.028"/>
  <testcase name="ExtraPTTest02" classname="AASProductTestCase.AASProductTest.qa.testcases.ExtraPTPageTest" time="3.035"/>
  <testcase name="ExtraPTTest02" classname="AASProductTestCase.AASProductTest.qa.testcases.ExtraPTPageTest" time="3.021"/>
  <testcase name="ExtraPTTest02" classname="AASProductTestCase.AASProductTest.qa.testcases.ExtraPTPageTest" time="3.032"/>
  <testcase name="ExtraPTTest02" classname="AASProductTestCase.AASProductTest.qa.testcases.ExtraPTPageTest" time="3.02"/>
  <testcase name="ExtraPTTest02" classname="AASProductTestCase.AASProductTest.qa.testcases.ExtraPTPageTest" time="3.032"/>
  <testcase name="ExtraPTTest02" classname="AASProductTestCase.AASProductTest.qa.testcases.ExtraPTPageTest" time="3.032"/>
  <testcase name="ExtraPTTest02" classname="AASProductTestCase.AASProductTest.qa.testcases.ExtraPTPageTest" time="3.027"/>
  <testcase name="ExtraPTTest02" classname="AASProductTestCase.AASProductTest.qa.testcases.ExtraPTPageTest" time="3.026"/>
  <testcase name="ExtraPTTest02" classname="AASProductTestCase.AASProductTest.qa.testcases.ExtraPTPageTest" time="3.025"/>
  <testcase name="ExtraPTTest02" classname="AASProductTestCase.AASProductTest.qa.testcases.ExtraPTPageTest" time="3.026"/>
  <testcase name="ExtraPTTest02" classname="AASProductTestCase.AASProductTest.qa.testcases.ExtraPTPageTest" time="3.02"/>
  <testcase name="ExtraPTTest02" classname="AASProductTestCase.AASProductTest.qa.testcases.ExtraPTPageTest" time="3.031"/>
  <testcase name="ExtraPTTest02" classname="AASProductTestCase.AASProductTest.qa.testcases.ExtraPTPageTest" time="3.023"/>
</testsuite>