<?xml version="1.0" encoding="UTF-8"?>
<testsuite xmlns:xsi="http://www.w3.org/2001/XMLSchema-instance" xsi:noNamespaceSchemaLocation="https://maven.apache.org/surefire/maven-surefire-plugin/xsd/surefire-test-report.xsd" name="TestSuite" time="700.113" tests="200" errors="0" skipped="0" failures="15">
  <properties>
[...]
</properties>
  <testcase name="PTSettingCAPositiveTest01" classname="AASProductTestCase.AASProductTest.qa.testcases.PTSettingPageTest" time="4.777"/>
  <testcase name="PTSettingCAPositiveTest01" classname="AASProductTestCase.AASProductTest.qa.testcases.PTSettingPageTest" time="4.689"/>
  <testcase name="PTSettingCAPositiveTest01" classname="AASProductTestCase.AASProductTest.qa.testcases.PTSettingPageTest" time="4.659"/>
  <testcase name="PTSettingCAPositiveTest01" classname="AASProductTestCase.AASProductTest.qa.testcases.PTSettingPageTest" time="4.68"/>
  <testcase name="PTSettingCAPositiveTest01" classname="AASProductTestCase.AASProductTest.qa.testcases.PTSettingPageTest" time="4.648"/>
  <testcase name="PTSettingCAPositiveTest01" classname="AASProductTestCase.AASProductTest.qa.testcases.PTSettingPageTest" time="4.803"/>
  <testcase name="PTSettingCAPositiveTest01" classname="AASProductTestCase.AASProductTest.qa.testcases.PTSettingPageTest" time="4.645"/>
  <testcase name="PTSettingCAPositiveTest01" classname="AASProductTestCase.AASProductTest.qa.testcases.PTSettingPageTest" time="4.631"/>
  <testcase name="PTSettingCAPositiveTest01" classname="AASProductTestCase.AASProductTest.qa.testcases.PTSettingPageTest" time="4.629"/>
  <testcase name="PTSettingCAPositiveTest01" classname="AASProductTestCase.AASProductTest.qa.testcases.PTSettingPageTest" time="4.65"/>
  <testcase name="PTSettingCAPositiveTest01" classname="AASProductTestCase.AASProductTest.qa.testcases.PTSettingPageTest" time="4.636"/>
  <testcase name="PTSettingCAPositiveTest01" classname="AASProductTestCase.AASProductTest.qa.testcases.PTSettingPageTest" time="4.612"/>
  <testcase name="PTSettingCAPositiveTest01" classname="AASProductTestCase.AASProductTest.qa.testcases.PTSettingPageTest" time="4.627"/>
  <testcase name="PTSettingCAPositiveTest01" classname="AASProductTestCase.AASProductTest.qa.testcases.PTSettingPageTest" time="4.602"/>
  <testcase name="PTSettingCAPositiveTest01" classname="AASProductTestCase.AASProductTest.qa.testcases.PTSettingPageTest" time="4.602"/>
  <testcase name="PTSettingCAGroupUpdate" classname="AASProductTestCase.AASProductTest.qa.testcases.PTSettingPageTest" time="8.379"/>
  <testcase name="PTSettingCAPositiveTest02" classname="AASProductTestCase.AASProductTest.qa.testcases.PTSettingPageTest" time="1.045"/>
  <testcase name="PTSettingCAPositiveTest02" classname="AASProductTestCase.AASProductTest.qa.testcases.PTSettingPageTest" time="1.044"/>
  <testcase name="PTSettingCAPositiveTest02" classname="AASProductTestCase.AASProductTest.qa.testcases.PTSettingPageTest" time="1.047"/>
  <testcase name="PTSettingCAPositiveTest02" classname="AASProductTestCase.AASProductTest.qa.testcases.PTSettingPageTest" time="1.047"/>
  <testcase name="PTSettingCAPositiveTest02" classname="AASProductTestCase.AASProductTest.qa.testcases.PTSettingPageTest" time="1.05"/>
  <testcase name="PTSettingCAPositiveTest02" classname="AASProductTestCase.AASProductTest.qa.testcases.PTSettingPageTest" time="1.056"/>
  <testcase name="PTSettingCAPositiveTest02" classname="AASProductTestCase.AASProductTest.qa.testcases.PTSettingPageTest" time="1.044"/>
  <testcase name="PTSettingCAPositiveTest02" classname="AASProductTestCase.AASProductTest.qa.testcases.PTSettingPageTest" time="1.054"/>
  <testcase name="PTSettingCAPositiveTest02" classname="AASProductTestCase.AASProductTest.qa.testcases.PTSettingPageTest" time="1.042"/>
  <testcase name="PTSettingCAPositiveTest02" classname="AASProductTestCase.AASProductTest.qa.testcases.PTSettingPageTest" time="1.044"/>
  <testcase name="PTSettingCAPositiveTest02" classname="AASProductTestCase.AASProductTest.qa.testcases.PTSettingPageTest" time="1.048"/>
  <testcase name="PTSettingCAPositiveTest02" classname="AASProductTestCase.AASProductTest.qa.testcases.PTSettingPageTest" time="1.062"/>
  <testcase name="PTSettingCAPositiveTest02" classname="AASProductTestCase.AASProductTest.qa.testcases.PTSettingPageTest" time="1.048"/>
  <testcase name="PTSettingCAPositiveTest02" classname="AASProductTestCase.AASProductTest.qa.testcases.PTSettingPageTest" time="1.057"/>
  <testcase name="PTSettingCAPositiveTest02" classname="AASProductTestCase.AASProductTest.qa.testcases.PTSettingPageTest" time="1.046"/>
  <testcase name="PTSettingCANegativeTest01" classname="AASProductTestCase.AASProductTest.qa.testcases.PTSettingPageTest" time="4.719"/>
  <testcase name="PTSettingCANegativeTest01" classname="AASProductTestCase.AASProductTest.qa.testcases.PTSettingPageTest" time="4.827"/>
  <testcase name="PTSettingCANegativeTest01" classname="AASProductTestCase.AASProductTest.qa.testcases.PTSettingPageTest" time="4.615"/>
  <testcase name="PTSettingCANegativeTest01" classname="AASProductTestCase.AASProductTest.qa.testcases.PTSettingPageTest" time="4.601"/>
  <testcase name="PTSettingCANegativeTest01" classname="AASProductTestCase.AASProductTest.qa.testcases.PTSettingPageTest" time="4.584"/>
  <testcase name="PTSettingCANegativeTest01" classname="AASProductTestCase.AASProductTest.qa.testcases.PTSettingPageTest" time="4.603"/>
  <testcase name="PTSettingCANegativeTest01" classname="AASProductTestCase.AASProductTest.qa.testcases.PTSettingPageTest" time="4.581"/>
  <testcase name="PTSettingCANegativeTest01" classname="AASProductTestCase.AASProductTest.qa.testcases.PTSettingPageTest" time="4.634"/>
  <testcase name="PTSettingCANegativeTest01" classname="AASProductTestCase.AASProductTest.qa.testcases.PTSettingPageTest" time="4.733"/>
  <testcase name="PTSettingCANegativeTest01" classname="AASProductTestCase.AASProductTest.qa.testcases.PTSettingPageTest" time="4.606"/>
  <testcase name="PTSettingCANegativeTest01" classname="AASProductTestCase.AASProductTest.qa.testcases.PTSettingPageTest" time="4.615"/>
  <testcase name="PTSettingCANegativeTest01" classname="AASProductTestCase.AASProductTest.qa.testcases.PTSettingPageTest" time="4.605"/>
  <testcase name="PTSettingCANegativeTest01" classname="AASProductTestCase.AASProductTest.qa.testcases.PTSettingPageTest" time="4.586"/>
  <testcase name="PTSettingCANegativeTest01" classname="AASProductTestCase.AASProductTest.qa.testcases.PTSettingPageTest" time="4.63"/>
  <testcase name="PTSettingCANegativeTest01" classname="AASProductTestCase.AASProductTest.qa.testcases.PTSettingPageTest" time="4.785"/>
  <testcase name="PTSettingCANegativeTest02" classname="AASProductTestCase.AASProductTest.qa.testcases.PTSettingPageTest" time="4.598"/>
  <testcase name="PTSettingCANegativeTest02" classname="AASProductTestCase.AASProductTest.qa.testcases.PTSettingPageTest" time="4.596"/>
  <testcase name="PTSettingCANegativeTest02" classname="AASProductTestCase.AASProductTest.qa.testcases.PTSettingPageTest" time="4.605"/>
  <testcase name="PTSettingCANegativeTest02" classname="AASProductTestCase.AASProductTest.qa.testcases.PTSettingPageTest" time="4.591"/>
  <testcase name="PTSettingCANegativeTest02" classname="AASProductTestCase.AASProductTest.qa.testcases.PTSettingPageTest" time="4.617"/>
  <testcase name="PTSettingCANegativeTest02" classname="AASProductTestCase.AASProductTest.qa.testcases.PTSettingPageTest" time="4.624"/>
  <testcase name="PTSettingCANegativeTest02" classname="AASProductTestCase.AASProductTest.qa.testcases.PTSettingPageTest" time="4.591"/>
  <testcase name="PTSettingCANegativeTest02" classname="AASProductTestCase.AASProductTest.qa.testcases.PTSettingPageTest" time="4.716"/>
  <testcase name="PTSettingCANegativeTest02" classname="AASProductTestCase.AASProductTest.qa.testcases.PTSettingPageTest" time="4.62"/>
  <testcase name="PTSettingCANegativeTest02" classname="AASProductTestCase.AASProductTest.qa.testcases.PTSettingPageTest" time="4.699"/>
  <testcase name="PTSettingCANegativeTest02" classname="AASProductTestCase.AASProductTest.qa.testcases.PTSettingPageTest" time="4.603"/>
  <testcase name="PTSettingCANegativeTest02" classname="AASProductTestCase.AASProductTest.qa.testcases.PTSettingPageTest" time="4.818"/>
  <testcase name="PTSettingCANegativeTest02" classname="AASProductTestCase.AASProductTest.qa.testcases.PTSettingPageTest" time="4.596"/>
  <testcase name="PTSettingCANegativeTest02" classname="AASProductTestCase.AASProductTest.qa.testcases.PTSettingPageTest" time="4.577"/>
  <testcase name="PTSettingCANegativeTest02" classname="AASProductTestCase.AASProductTest.qa.testcases.PTSettingPageTest" time="4.831"/>
  <testcase name="ProceedSMACheck" classname="AASProductTestCase.AASProductTest.qa.testcases.PTSettingPageTest" time="4.432"/>
  <testcase name="PTSettingSMAGivenPTCheck" classname="AASProductTestCase.AASProductTest.qa.testcases.PTSettingPageTest" time="1.043"/>
  <testcase name="PTSettingSMAGivenPTCheck" classname="AASProductTestCase.AASProductTest.qa.testcases.PTSettingPageTest" time="1.066"/>
  <testcase name="PTSettingSMAGivenPTCheck" classname="AASProductTestCase.AASProductTest.qa.testcases.PTSettingPageTest" time="1.047"/>
  <testcase name="PTSettingSMAGivenPTCheck" classname="AASProductTestCase.AASProductTest.qa.testcases.PTSettingPageTest" time="1.046"/>
  <testcase name="PTSettingSMAGivenPTCheck" classname="AASProductTestCase.AASProductTest.qa.testcases.PTSettingPageTest" time="1.042"/>
  <testcase name="PTSettingSMAGivenPTCheck" classname="AASProductTestCase.AASProductTest.qa.testcases.PTSettingPageTest" time="1.047"/>
  <testcase name="PTSettingSMAGivenPTCheck" classname="AASProductTestCase.AASProductTest.qa.testcases.PTSettingPageTest" time="1.044"/>
  <testcase name="PTSettingSMAGivenPTCheck" classname="AASProductTestCase.AASProductTest.qa.testcases.PTSettingPageTest" time="1.042"/>
  <testcase name="PTSettingSMAGivenPTCheck" classname="AASProductTestCase.AASProductTest.qa.testcases.PTSettingPageTest" time="1.04"/>
  <testcase name="PTSettingSMAGivenPTCheck" classname="AASProductTestCase.AASProductTest.qa.testcases.PTSettingPageTest" time="1.051"/>
  <testcase name="PTSettingSMAGivenPTCheck" classname="AASProductTestCase.AASProductTest.qa.testcases.PTSettingPageTest" time="1.042"/>
  <testcase name="PTSettingSMAGivenPTCheck" classname="AASProductTestCase.AASProductTest.qa.testcases.PTSettingPageTest" time="1.043"/>
  <testcase name="PTSettingSMAGivenPTCheck" classname="AASProductTestCase.AASProductTest.qa.testcases.PTSettingPageTest" time="1.047"/>
  <testcase name="PTSettingSMAGivenPTCheck" classname="AASProductTestCase.AASProductTest.qa.testcases.PTSettingPageTest" time="1.061"/>
  <testcase name="PTSettingSMAGivenPTCheck" classname="AASProductTestCase.AASProductTest.qa.testcases.PTSettingPageTest" time="1.042"/>
  <testcase name="PTSettingSMAPositiveTest01" classname="AASProductTestCase.AASProductTest.qa.testcases.PTSettingPageTest" time="4.667"/>
  <testcase name="PTSettingSMAPositiveTest01" classname="AASProductTestCase.AASProductTest.qa.testcases.PTSettingPageTest" time="4.597"/>
  <testcase name="PTSettingSMAPositiveTest01" classname="AASProductTestCase.AASProductTest.qa.testcases.PTSettingPageTest" time="4.606"/>
  <testcase name="PTSettingSMAPositiveTest01" classname="AASProductTestCase.AASProductTest.qa.testcases.PTSettingPageTest" time="4.603"/>
  <testcase name="PTSettingSMAPositiveTest01" classname="AASProductTestCase.AASProductTest.qa.testcases.PTSettingPageTest" time="4.629"/>
  <testcase name="PTSettingSMAPositiveTest01" classname="AASProductTestCase.AASProductTest.qa.testcases.PTSettingPageTest" time="4.595"/>
  <testcase name="PTSettingSMAPositiveTest01" classname="AASProductTestCase.AASProductTest.qa.testcases.PTSettingPageTest" time="4.618"/>
  <testcase name="PTSettingSMAPositiveTest01" classname="AASProductTestCase.AASProductTest.qa.testcases.PTSettingPageTest" time="4.6"/>
  <testcase name="PTSettingSMAPositiveTest01" classname="AASProductTestCase.AASProductTest.qa.testcases.PTSettingPageTest" time="4.61"/>
  <testcase name="PTSettingSMAPositiveTest01" classname="AASProductTestCase.AASProductTest.qa.testcases.PTSettingPageTest" time="4.589"/>
  <testcase name="PTSettingSMAPositiveTest01" classname="AASProductTestCase.AASProductTest.qa.testcases.PTSettingPageTest" time="4.618"/>
  <testcase name="PTSettingSMAPositiveTest01" classname="AASProductTestCase.AASProductTest.qa.testcases.PTSettingPageTest" time="4.595"/>
  <testcase name="PTSettingSMAPositiveTest01" classname="AASProductTestCase.AASProductTest.qa.testcases.PTSettingPageTest" time="4.604"/>
  <testcase name="PTSettingSMAPositiveTest01" classname="AASProductTestCase.AASProductTest.qa.testcases.PTSettingPageTest" time="4.617"/>
  <testcase name="PTSettingSMAPositiveTest01" classname="AASProductTestCase.AASProductTest.qa.testcases.PTSettingPageTest" time="4.596"/>
  <testcase name="PTSettingSMANegativeTest01" classname="AASProductTestCase.AASProductTest.qa.testcases.PTSettingPageTest" time="4.573">
    <failure type="java.lang.AssertionError:">java.lang.AssertionError: null
	at AASProductTestCase.AASProductTest.qa.testcases.PTSettingPageTest.PTSettingSMANegativeTest01(PTSettingPageTest.java:240)
</failure>
    <system-out><![CDATA[Trying to find Element By : By.xpath: //div[contains(@class,'table-responsive')]/table/tbody/tr/td[5]
Found Element By : By.xpath: //div[contains(@class,'table-responsive')]/table/tbody/tr/td[5]
Trying to find Element By : By.xpath: //div[contains(@class,'table-responsive')]/table/tbody/tr/td[6]
Found Element By : By.xpath: //div[contains(@class,'table-responsive')]/table/tbody/tr/td[6]
Trying to find Element By : By.id: check_3
Found Element By : By.id: check_3
Trying to click on: [[ChromeDriver: chrome on WINDOWS (15c9a7a27bf3ad9a87345a7644c02216)] -> id: check_3]
Clicked on: [[ChromeDriver: chrome on WINDOWS (15c9a7a27bf3ad9a87345a7644c02216)] -> id: check_3]
Trying to find Element By : By.xpath: //select[contains(@name,'evo_pt')]
Found Element By : By.xpath: //select[contains(@name,'evo_pt')]
Trying to find Element By : By.xpath: //select[contains(@name,'evo_pt')]
Found Element By : By.xpath: //select[contains(@name,'evo_pt')]
Trying to find Element By : By.xpath: //select[contains(@name,'bg_pt')]
Found Element By : By.xpath: //select[contains(@name,'bg_pt')]
Trying to find Element By : By.xpath: //select[contains(@name,'bg_pt')]
Found Element By : By.xpath: //select[contains(@name,'bg_pt')]
Trying to find Element By : By.xpath: //select[contains(@name,'titanium_pt')]
Found Element By : By.xpath: //select[contains(@name,'titanium_pt')]
Trying to find Element By : By.xpath: //select[contains(@name,'titanium_pt')]
Found Element By : By.xpath: //select[contains(@name,'titanium_pt')]
Trying to find Element By : By.xpath: //select[contains(@name,'asg_pt')]
Found Element By : By.xpath: //select[contains(@name,'asg_pt')]
Trying to find Element By : By.xpath: //select[contains(@name,'asg_pt')]
Found Element By : By.xpath: //select[contains(@name,'asg_pt')]
Trying to find Element By : By.xpath: //select[contains(@name,'dg_pt')]
Found Element By : By.xpath: //select[contains(@name,'dg_pt')]
Trying to find Element By : By.xpath: //select[contains(@name,'dg_pt')]
Found Element By : By.xpath: //select[contains(@name,'dg_pt')]
Trying to find Element By : By.xpath: //select[contains(@name,'av_pt')]
Found Element By : By.xpath: //select[contains(@name,'av_pt')]
Trying to find Element By : By.xpath: //select[contains(@name,'av_pt')]
Found Element By : By.xpath: //select[contains(@name,'av_pt')]
Trying to find Element By : By.xpath: //select[contains(@name,'pp_pt')]
Found Element By : By.xpath: //select[contains(@name,'pp_pt')]
Trying to find Element By : By.xpath: //select[contains(@name,'pp_pt')]
Found Element By : By.xpath: //select[contains(@name,'pp_pt')]
Trying to find Element By : By.xpath: //select[contains(@name,'sxg_pt')]
Found Element By : By.xpath: //select[contains(@name,'sxg_pt')]
Trying to find Element By : By.xpath: //select[contains(@name,'sxg_pt')]
Found Element By : By.xpath: //select[contains(@name,'sxg_pt')]
Trying to find Element By : By.xpath: //select[contains(@name,'pps_pt')]
Found Element By : By.xpath: //select[contains(@name,'pps_pt')]
Trying to find Element By : By.xpath: //select[contains(@name,'pps_pt')]
Found Element By : By.xpath: //select[contains(@name,'pps_pt')]
Trying to find Element By : By.xpath: //select[contains(@name,'haba_pt')]
Found Element By : By.xpath: //select[contains(@name,'haba_pt')]
Trying to find Element By : By.xpath: //select[contains(@name,'haba_pt')]
Found Element By : By.xpath: //select[contains(@name,'haba_pt')]
Trying to find Element By : By.xpath: //select[contains(@name,'mv_pt')]
Found Element By : By.xpath: //select[contains(@name,'mv_pt')]
Trying to find Element By : By.xpath: //select[contains(@name,'mv_pt')]
Found Element By : By.xpath: //select[contains(@name,'mv_pt')]
Trying to find Element By : By.xpath: //select[contains(@name,'nt_pt')]
Found Element By : By.xpath: //select[contains(@name,'nt_pt')]
Trying to find Element By : By.xpath: //select[contains(@name,'nt_pt')]
Found Element By : By.xpath: //select[contains(@name,'nt_pt')]
Trying to find Element By : By.xpath: //select[contains(@name,'qs_pt')]
Found Element By : By.xpath: //select[contains(@name,'qs_pt')]
Trying to find Element By : By.xpath: //select[contains(@name,'qs_pt')]
Found Element By : By.xpath: //select[contains(@name,'qs_pt')]
Trying to find Element By : By.xpath: //div[contains(@class,'table-responsive')]/table/tfoot/tr/td[31]/select
Found Element By : By.xpath: //div[contains(@class,'table-responsive')]/table/tfoot/tr/td[31]/select
Trying to find Element By : By.xpath: //div[contains(@class,'table-responsive')]/table/tfoot/tr/td[31]/select
Found Element By : By.xpath: //div[contains(@class,'table-responsive')]/table/tfoot/tr/td[31]/select
Trying to find Element By : By.xpath: //select[contains(@name,'png_pt')]
Found Element By : By.xpath: //select[contains(@name,'png_pt')]
Trying to find Element By : By.xpath: //select[contains(@name,'png_pt')]
Found Element By : By.xpath: //select[contains(@name,'png_pt')]
Trying to find Element By : By.xpath: //select[contains(@name,'evo_pt')]
Found Element By : By.xpath: //select[contains(@name,'evo_pt')]
Trying to find Element By : By.xpath: .//option[normalize-space(.) = "19"]
Found Element By : By.xpath: .//option[normalize-space(.) = "19"]
Trying to click on: [[[[ChromeDriver: chrome on WINDOWS (15c9a7a27bf3ad9a87345a7644c02216)] -> xpath: //select[contains(@name,'evo_pt')]]] -> xpath: .//option[normalize-space(.) = "19"]]
Clicked on: [[[[ChromeDriver: chrome on WINDOWS (15c9a7a27bf3ad9a87345a7644c02216)] -> xpath: //select[contains(@name,'evo_pt')]]] -> xpath: .//option[normalize-space(.) = "19"]]
Trying to find Element By : By.id: btnSubmit
Found Element By : By.id: btnSubmit
Trying to click on: [[ChromeDriver: chrome on WINDOWS (15c9a7a27bf3ad9a87345a7644c02216)] -> id: btnSubmit]
Clicked on: [[ChromeDriver: chrome on WINDOWS (15c9a7a27bf3ad9a87345a7644c02216)] -> id: btnSubmit]
Trying to find Element By : By.xpath: //div[contains(@class,'table-responsive')]/table/tbody/tr/td[5]
Found Element By : By.xpath: //div[contains(@class,'table-responsive')]/table/tbody/tr/td[5]
Trying to find Element By : By.xpath: //div[contains(@class,'table-responsive')]/table/tbody/tr/td[6]
Found Element By : By.xpath: //div[contains(@class,'table-responsive')]/table/tbody/tr/td[6]
]]></system-out>
  </testcase>
  <testcase name="PTSettingSMANegativeTest01" classname="AASProductTestCase.AASProductTest.qa.testcases.PTSettingPageTest" time="4.61">
    <failure type="java.lang.AssertionError:">java.lang.AssertionError: null
	at AASProductTestCase.AASProductTest.qa.testcases.PTSettingPageTest.PTSettingSMANegativeTest01(PTSettingPageTest.java:240)
</failure>
    <system-out><![CDATA[***************************
Screenshot stored at C:\Users\User\git\AASStagingTest\AASProductTestTools/screenshots/PTSettingSMANegativeTest01_Sun_Aug_30_21_43_39_SGT_2020.png
***************************
Trying to find Element By : By.xpath: //div[contains(@class,'table-responsive')]/table/tbody/tr/td[7]
Found Element By : By.xpath: //div[contains(@class,'table-responsive')]/table/tbody/tr/td[7]
Trying to find Element By : By.xpath: //div[contains(@class,'table-responsive')]/table/tbody/tr/td[8]
Found Element By : By.xpath: //div[contains(@class,'table-responsive')]/table/tbody/tr/td[8]
Trying to find Element By : By.id: check_3
Found Element By : By.id: check_3
Trying to click on: [[ChromeDriver: chrome on WINDOWS (15c9a7a27bf3ad9a87345a7644c02216)] -> id: check_3]
Clicked on: [[ChromeDriver: chrome on WINDOWS (15c9a7a27bf3ad9a87345a7644c02216)] -> id: check_3]
Trying to find Element By : By.xpath: //select[contains(@name,'evo_pt')]
Found Element By : By.xpath: //select[contains(@name,'evo_pt')]
Trying to find Element By : By.xpath: //select[contains(@name,'evo_pt')]
Found Element By : By.xpath: //select[contains(@name,'evo_pt')]
Trying to find Element By : By.xpath: //select[contains(@name,'bg_pt')]
Found Element By : By.xpath: //select[contains(@name,'bg_pt')]
Trying to find Element By : By.xpath: //select[contains(@name,'bg_pt')]
Found Element By : By.xpath: //select[contains(@name,'bg_pt')]
Trying to find Element By : By.xpath: //select[contains(@name,'titanium_pt')]
Found Element By : By.xpath: //select[contains(@name,'titanium_pt')]
Trying to find Element By : By.xpath: //select[contains(@name,'titanium_pt')]
Found Element By : By.xpath: //select[contains(@name,'titanium_pt')]
Trying to find Element By : By.xpath: //select[contains(@name,'asg_pt')]
Found Element By : By.xpath: //select[contains(@name,'asg_pt')]
Trying to find Element By : By.xpath: //select[contains(@name,'asg_pt')]
Found Element By : By.xpath: //select[contains(@name,'asg_pt')]
Trying to find Element By : By.xpath: //select[contains(@name,'dg_pt')]
Found Element By : By.xpath: //select[contains(@name,'dg_pt')]
Trying to find Element By : By.xpath: //select[contains(@name,'dg_pt')]
Found Element By : By.xpath: //select[contains(@name,'dg_pt')]
Trying to find Element By : By.xpath: //select[contains(@name,'av_pt')]
Found Element By : By.xpath: //select[contains(@name,'av_pt')]
Trying to find Element By : By.xpath: //select[contains(@name,'av_pt')]
Found Element By : By.xpath: //select[contains(@name,'av_pt')]
Trying to find Element By : By.xpath: //select[contains(@name,'pp_pt')]
Found Element By : By.xpath: //select[contains(@name,'pp_pt')]
Trying to find Element By : By.xpath: //select[contains(@name,'pp_pt')]
Found Element By : By.xpath: //select[contains(@name,'pp_pt')]
Trying to find Element By : By.xpath: //select[contains(@name,'sxg_pt')]
Found Element By : By.xpath: //select[contains(@name,'sxg_pt')]
Trying to find Element By : By.xpath: //select[contains(@name,'sxg_pt')]
Found Element By : By.xpath: //select[contains(@name,'sxg_pt')]
Trying to find Element By : By.xpath: //select[contains(@name,'pps_pt')]
Found Element By : By.xpath: //select[contains(@name,'pps_pt')]
Trying to find Element By : By.xpath: //select[contains(@name,'pps_pt')]
Found Element By : By.xpath: //select[contains(@name,'pps_pt')]
Trying to find Element By : By.xpath: //select[contains(@name,'haba_pt')]
Found Element By : By.xpath: //select[contains(@name,'haba_pt')]
Trying to find Element By : By.xpath: //select[contains(@name,'haba_pt')]
Found Element By : By.xpath: //select[contains(@name,'haba_pt')]
Trying to find Element By : By.xpath: //select[contains(@name,'mv_pt')]
Found Element By : By.xpath: //select[contains(@name,'mv_pt')]
Trying to find Element By : By.xpath: //select[contains(@name,'mv_pt')]
Found Element By : By.xpath: //select[contains(@name,'mv_pt')]
Trying to find Element By : By.xpath: //select[contains(@name,'nt_pt')]
Found Element By : By.xpath: //select[contains(@name,'nt_pt')]
Trying to find Element By : By.xpath: //select[contains(@name,'nt_pt')]
Found Element By : By.xpath: //select[contains(@name,'nt_pt')]
Trying to find Element By : By.xpath: //select[contains(@name,'qs_pt')]
Found Element By : By.xpath: //select[contains(@name,'qs_pt')]
Trying to find Element By : By.xpath: //select[contains(@name,'qs_pt')]
Found Element By : By.xpath: //select[contains(@name,'qs_pt')]
Trying to find Element By : By.xpath: //div[contains(@class,'table-responsive')]/table/tfoot/tr/td[31]/select
Found Element By : By.xpath: //div[contains(@class,'table-responsive')]/table/tfoot/tr/td[31]/select
Trying to find Element By : By.xpath: //div[contains(@class,'table-responsive')]/table/tfoot/tr/td[31]/select
Found Element By : By.xpath: //div[contains(@class,'table-responsive')]/table/tfoot/tr/td[31]/select
Trying to find Element By : By.xpath: //select[contains(@name,'png_pt')]
Found Element By : By.xpath: //select[contains(@name,'png_pt')]
Trying to find Element By : By.xpath: //select[contains(@name,'png_pt')]
Found Element By : By.xpath: //select[contains(@name,'png_pt')]
Trying to find Element By : By.xpath: //select[contains(@name,'bg_pt')]
Found Element By : By.xpath: //select[contains(@name,'bg_pt')]
Trying to find Element By : By.xpath: .//option[normalize-space(.) = "19"]
Found Element By : By.xpath: .//option[normalize-space(.) = "19"]
Trying to click on: [[[[ChromeDriver: chrome on WINDOWS (15c9a7a27bf3ad9a87345a7644c02216)] -> xpath: //select[contains(@name,'bg_pt')]]] -> xpath: .//option[normalize-space(.) = "19"]]
Clicked on: [[[[ChromeDriver: chrome on WINDOWS (15c9a7a27bf3ad9a87345a7644c02216)] -> xpath: //select[contains(@name,'bg_pt')]]] -> xpath: .//option[normalize-space(.) = "19"]]
Trying to find Element By : By.id: btnSubmit
Found Element By : By.id: btnSubmit
Trying to click on: [[ChromeDriver: chrome on WINDOWS (15c9a7a27bf3ad9a87345a7644c02216)] -> id: btnSubmit]
Clicked on: [[ChromeDriver: chrome on WINDOWS (15c9a7a27bf3ad9a87345a7644c02216)] -> id: btnSubmit]
Trying to find Element By : By.xpath: //div[contains(@class,'table-responsive')]/table/tbody/tr/td[7]
Found Element By : By.xpath: //div[contains(@class,'table-responsive')]/table/tbody/tr/td[7]
Trying to find Element By : By.xpath: //div[contains(@class,'table-responsive')]/table/tbody/tr/td[8]
Found Element By : By.xpath: //div[contains(@class,'table-responsive')]/table/tbody/tr/td[8]
]]></system-out>
  </testcase>
  <testcase name="PTSettingSMANegativeTest01" classname="AASProductTestCase.AASProductTest.qa.testcases.PTSettingPageTest" time="4.589">
    <failure type="java.lang.AssertionError:">java.lang.AssertionError: null
	at AASProductTestCase.AASProductTest.qa.testcases.PTSettingPageTest.PTSettingSMANegativeTest01(PTSettingPageTest.java:240)
</failure>
    <system-out><![CDATA[***************************
Screenshot stored at C:\Users\User\git\AASStagingTest\AASProductTestTools/screenshots/PTSettingSMANegativeTest01_Sun_Aug_30_21_43_44_SGT_2020.png
***************************
Trying to find Element By : By.xpath: //div[contains(@class,'table-responsive')]/table/tbody/tr/td[9]
Found Element By : By.xpath: //div[contains(@class,'table-responsive')]/table/tbody/tr/td[9]
Trying to find Element By : By.xpath: //div[contains(@class,'table-responsive')]/table/tbody/tr/td[10]
Found Element By : By.xpath: //div[contains(@class,'table-responsive')]/table/tbody/tr/td[10]
Trying to find Element By : By.id: check_3
Found Element By : By.id: check_3
Trying to click on: [[ChromeDriver: chrome on WINDOWS (15c9a7a27bf3ad9a87345a7644c02216)] -> id: check_3]
Clicked on: [[ChromeDriver: chrome on WINDOWS (15c9a7a27bf3ad9a87345a7644c02216)] -> id: check_3]
Trying to find Element By : By.xpath: //select[contains(@name,'evo_pt')]
Found Element By : By.xpath: //select[contains(@name,'evo_pt')]
Trying to find Element By : By.xpath: //select[contains(@name,'evo_pt')]
Found Element By : By.xpath: //select[contains(@name,'evo_pt')]
Trying to find Element By : By.xpath: //select[contains(@name,'bg_pt')]
Found Element By : By.xpath: //select[contains(@name,'bg_pt')]
Trying to find Element By : By.xpath: //select[contains(@name,'bg_pt')]
Found Element By : By.xpath: //select[contains(@name,'bg_pt')]
Trying to find Element By : By.xpath: //select[contains(@name,'titanium_pt')]
Found Element By : By.xpath: //select[contains(@name,'titanium_pt')]
Trying to find Element By : By.xpath: //select[contains(@name,'titanium_pt')]
Found Element By : By.xpath: //select[contains(@name,'titanium_pt')]
Trying to find Element By : By.xpath: //select[contains(@name,'asg_pt')]
Found Element By : By.xpath: //select[contains(@name,'asg_pt')]
Trying to find Element By : By.xpath: //select[contains(@name,'asg_pt')]
Found Element By : By.xpath: //select[contains(@name,'asg_pt')]
Trying to find Element By : By.xpath: //select[contains(@name,'dg_pt')]
Found Element By : By.xpath: //select[contains(@name,'dg_pt')]
Trying to find Element By : By.xpath: //select[contains(@name,'dg_pt')]
Found Element By : By.xpath: //select[contains(@name,'dg_pt')]
Trying to find Element By : By.xpath: //select[contains(@name,'av_pt')]
Found Element By : By.xpath: //select[contains(@name,'av_pt')]
Trying to find Element By : By.xpath: //select[contains(@name,'av_pt')]
Found Element By : By.xpath: //select[contains(@name,'av_pt')]
Trying to find Element By : By.xpath: //select[contains(@name,'pp_pt')]
Found Element By : By.xpath: //select[contains(@name,'pp_pt')]
Trying to find Element By : By.xpath: //select[contains(@name,'pp_pt')]
Found Element By : By.xpath: //select[contains(@name,'pp_pt')]
Trying to find Element By : By.xpath: //select[contains(@name,'sxg_pt')]
Found Element By : By.xpath: //select[contains(@name,'sxg_pt')]
Trying to find Element By : By.xpath: //select[contains(@name,'sxg_pt')]
Found Element By : By.xpath: //select[contains(@name,'sxg_pt')]
Trying to find Element By : By.xpath: //select[contains(@name,'pps_pt')]
Found Element By : By.xpath: //select[contains(@name,'pps_pt')]
Trying to find Element By : By.xpath: //select[contains(@name,'pps_pt')]
Found Element By : By.xpath: //select[contains(@name,'pps_pt')]
Trying to find Element By : By.xpath: //select[contains(@name,'haba_pt')]
Found Element By : By.xpath: //select[contains(@name,'haba_pt')]
Trying to find Element By : By.xpath: //select[contains(@name,'haba_pt')]
Found Element By : By.xpath: //select[contains(@name,'haba_pt')]
Trying to find Element By : By.xpath: //select[contains(@name,'mv_pt')]
Found Element By : By.xpath: //select[contains(@name,'mv_pt')]
Trying to find Element By : By.xpath: //select[contains(@name,'mv_pt')]
Found Element By : By.xpath: //select[contains(@name,'mv_pt')]
Trying to find Element By : By.xpath: //select[contains(@name,'nt_pt')]
Found Element By : By.xpath: //select[contains(@name,'nt_pt')]
Trying to find Element By : By.xpath: //select[contains(@name,'nt_pt')]
Found Element By : By.xpath: //select[contains(@name,'nt_pt')]
Trying to find Element By : By.xpath: //select[contains(@name,'qs_pt')]
Found Element By : By.xpath: //select[contains(@name,'qs_pt')]
Trying to find Element By : By.xpath: //select[contains(@name,'qs_pt')]
Found Element By : By.xpath: //select[contains(@name,'qs_pt')]
Trying to find Element By : By.xpath: //div[contains(@class,'table-responsive')]/table/tfoot/tr/td[31]/select
Found Element By : By.xpath: //div[contains(@class,'table-responsive')]/table/tfoot/tr/td[31]/select
Trying to find Element By : By.xpath: //div[contains(@class,'table-responsive')]/table/tfoot/tr/td[31]/select
Found Element By : By.xpath: //div[contains(@class,'table-responsive')]/table/tfoot/tr/td[31]/select
Trying to find Element By : By.xpath: //select[contains(@name,'png_pt')]
Found Element By : By.xpath: //select[contains(@name,'png_pt')]
Trying to find Element By : By.xpath: //select[contains(@name,'png_pt')]
Found Element By : By.xpath: //select[contains(@name,'png_pt')]
Trying to find Element By : By.xpath: //select[contains(@name,'titanium_pt')]
Found Element By : By.xpath: //select[contains(@name,'titanium_pt')]
Trying to find Element By : By.xpath: .//option[normalize-space(.) = "19"]
Found Element By : By.xpath: .//option[normalize-space(.) = "19"]
Trying to click on: [[[[ChromeDriver: chrome on WINDOWS (15c9a7a27bf3ad9a87345a7644c02216)] -> xpath: //select[contains(@name,'titanium_pt')]]] -> xpath: .//option[normalize-space(.) = "19"]]
Clicked on: [[[[ChromeDriver: chrome on WINDOWS (15c9a7a27bf3ad9a87345a7644c02216)] -> xpath: //select[contains(@name,'titanium_pt')]]] -> xpath: .//option[normalize-space(.) = "19"]]
Trying to find Element By : By.id: btnSubmit
Found Element By : By.id: btnSubmit
Trying to click on: [[ChromeDriver: chrome on WINDOWS (15c9a7a27bf3ad9a87345a7644c02216)] -> id: btnSubmit]
Clicked on: [[ChromeDriver: chrome on WINDOWS (15c9a7a27bf3ad9a87345a7644c02216)] -> id: btnSubmit]
Trying to find Element By : By.xpath: //div[contains(@class,'table-responsive')]/table/tbody/tr/td[9]
Found Element By : By.xpath: //div[contains(@class,'table-responsive')]/table/tbody/tr/td[9]
Trying to find Element By : By.xpath: //div[contains(@class,'table-responsive')]/table/tbody/tr/td[10]
Found Element By : By.xpath: //div[contains(@class,'table-responsive')]/table/tbody/tr/td[10]
]]></system-out>
  </testcase>
  <testcase name="PTSettingSMANegativeTest01" classname="AASProductTestCase.AASProductTest.qa.testcases.PTSettingPageTest" time="4.577">
    <failure type="java.lang.AssertionError:">java.lang.AssertionError: null
	at AASProductTestCase.AASProductTest.qa.testcases.PTSettingPageTest.PTSettingSMANegativeTest01(PTSettingPageTest.java:240)
</failure>
    <system-out><![CDATA[***************************
Screenshot stored at C:\Users\User\git\AASStagingTest\AASProductTestTools/screenshots/PTSettingSMANegativeTest01_Sun_Aug_30_21_43_49_SGT_2020.png
***************************
Trying to find Element By : By.xpath: //div[contains(@class,'table-responsive')]/table/tbody/tr/td[11]
Found Element By : By.xpath: //div[contains(@class,'table-responsive')]/table/tbody/tr/td[11]
Trying to find Element By : By.xpath: //div[contains(@class,'table-responsive')]/table/tbody/tr/td[12]
Found Element By : By.xpath: //div[contains(@class,'table-responsive')]/table/tbody/tr/td[12]
Trying to find Element By : By.id: check_3
Found Element By : By.id: check_3
Trying to click on: [[ChromeDriver: chrome on WINDOWS (15c9a7a27bf3ad9a87345a7644c02216)] -> id: check_3]
Clicked on: [[ChromeDriver: chrome on WINDOWS (15c9a7a27bf3ad9a87345a7644c02216)] -> id: check_3]
Trying to find Element By : By.xpath: //select[contains(@name,'evo_pt')]
Found Element By : By.xpath: //select[contains(@name,'evo_pt')]
Trying to find Element By : By.xpath: //select[contains(@name,'evo_pt')]
Found Element By : By.xpath: //select[contains(@name,'evo_pt')]
Trying to find Element By : By.xpath: //select[contains(@name,'bg_pt')]
Found Element By : By.xpath: //select[contains(@name,'bg_pt')]
Trying to find Element By : By.xpath: //select[contains(@name,'bg_pt')]
Found Element By : By.xpath: //select[contains(@name,'bg_pt')]
Trying to find Element By : By.xpath: //select[contains(@name,'titanium_pt')]
Found Element By : By.xpath: //select[contains(@name,'titanium_pt')]
Trying to find Element By : By.xpath: //select[contains(@name,'titanium_pt')]
Found Element By : By.xpath: //select[contains(@name,'titanium_pt')]
Trying to find Element By : By.xpath: //select[contains(@name,'asg_pt')]
Found Element By : By.xpath: //select[contains(@name,'asg_pt')]
Trying to find Element By : By.xpath: //select[contains(@name,'asg_pt')]
Found Element By : By.xpath: //select[contains(@name,'asg_pt')]
Trying to find Element By : By.xpath: //select[contains(@name,'dg_pt')]
Found Element By : By.xpath: //select[contains(@name,'dg_pt')]
Trying to find Element By : By.xpath: //select[contains(@name,'dg_pt')]
Found Element By : By.xpath: //select[contains(@name,'dg_pt')]
Trying to find Element By : By.xpath: //select[contains(@name,'av_pt')]
Found Element By : By.xpath: //select[contains(@name,'av_pt')]
Trying to find Element By : By.xpath: //select[contains(@name,'av_pt')]
Found Element By : By.xpath: //select[contains(@name,'av_pt')]
Trying to find Element By : By.xpath: //select[contains(@name,'pp_pt')]
Found Element By : By.xpath: //select[contains(@name,'pp_pt')]
Trying to find Element By : By.xpath: //select[contains(@name,'pp_pt')]
Found Element By : By.xpath: //select[contains(@name,'pp_pt')]
Trying to find Element By : By.xpath: //select[contains(@name,'sxg_pt')]
Found Element By : By.xpath: //select[contains(@name,'sxg_pt')]
Trying to find Element By : By.xpath: //select[contains(@name,'sxg_pt')]
Found Element By : By.xpath: //select[contains(@name,'sxg_pt')]
Trying to find Element By : By.xpath: //select[contains(@name,'pps_pt')]
Found Element By : By.xpath: //select[contains(@name,'pps_pt')]
Trying to find Element By : By.xpath: //select[contains(@name,'pps_pt')]
Found Element By : By.xpath: //select[contains(@name,'pps_pt')]
Trying to find Element By : By.xpath: //select[contains(@name,'haba_pt')]
Found Element By : By.xpath: //select[contains(@name,'haba_pt')]
Trying to find Element By : By.xpath: //select[contains(@name,'haba_pt')]
Found Element By : By.xpath: //select[contains(@name,'haba_pt')]
Trying to find Element By : By.xpath: //select[contains(@name,'mv_pt')]
Found Element By : By.xpath: //select[contains(@name,'mv_pt')]
Trying to find Element By : By.xpath: //select[contains(@name,'mv_pt')]
Found Element By : By.xpath: //select[contains(@name,'mv_pt')]
Trying to find Element By : By.xpath: //select[contains(@name,'nt_pt')]
Found Element By : By.xpath: //select[contains(@name,'nt_pt')]
Trying to find Element By : By.xpath: //select[contains(@name,'nt_pt')]
Found Element By : By.xpath: //select[contains(@name,'nt_pt')]
Trying to find Element By : By.xpath: //select[contains(@name,'qs_pt')]
Found Element By : By.xpath: //select[contains(@name,'qs_pt')]
Trying to find Element By : By.xpath: //select[contains(@name,'qs_pt')]
Found Element By : By.xpath: //select[contains(@name,'qs_pt')]
Trying to find Element By : By.xpath: //div[contains(@class,'table-responsive')]/table/tfoot/tr/td[31]/select
Found Element By : By.xpath: //div[contains(@class,'table-responsive')]/table/tfoot/tr/td[31]/select
Trying to find Element By : By.xpath: //div[contains(@class,'table-responsive')]/table/tfoot/tr/td[31]/select
Found Element By : By.xpath: //div[contains(@class,'table-responsive')]/table/tfoot/tr/td[31]/select
Trying to find Element By : By.xpath: //select[contains(@name,'png_pt')]
Found Element By : By.xpath: //select[contains(@name,'png_pt')]
Trying to find Element By : By.xpath: //select[contains(@name,'png_pt')]
Found Element By : By.xpath: //select[contains(@name,'png_pt')]
Trying to find Element By : By.xpath: //select[contains(@name,'asg_pt')]
Found Element By : By.xpath: //select[contains(@name,'asg_pt')]
Trying to find Element By : By.xpath: .//option[normalize-space(.) = "19"]
Found Element By : By.xpath: .//option[normalize-space(.) = "19"]
Trying to click on: [[[[ChromeDriver: chrome on WINDOWS (15c9a7a27bf3ad9a87345a7644c02216)] -> xpath: //select[contains(@name,'asg_pt')]]] -> xpath: .//option[normalize-space(.) = "19"]]
Clicked on: [[[[ChromeDriver: chrome on WINDOWS (15c9a7a27bf3ad9a87345a7644c02216)] -> xpath: //select[contains(@name,'asg_pt')]]] -> xpath: .//option[normalize-space(.) = "19"]]
Trying to find Element By : By.id: btnSubmit
Found Element By : By.id: btnSubmit
Trying to click on: [[ChromeDriver: chrome on WINDOWS (15c9a7a27bf3ad9a87345a7644c02216)] -> id: btnSubmit]
Clicked on: [[ChromeDriver: chrome on WINDOWS (15c9a7a27bf3ad9a87345a7644c02216)] -> id: btnSubmit]
Trying to find Element By : By.xpath: //div[contains(@class,'table-responsive')]/table/tbody/tr/td[11]
Found Element By : By.xpath: //div[contains(@class,'table-responsive')]/table/tbody/tr/td[11]
Trying to find Element By : By.xpath: //div[contains(@class,'table-responsive')]/table/tbody/tr/td[12]
Found Element By : By.xpath: //div[contains(@class,'table-responsive')]/table/tbody/tr/td[12]
]]></system-out>
  </testcase>
  <testcase name="PTSettingSMANegativeTest01" classname="AASProductTestCase.AASProductTest.qa.testcases.PTSettingPageTest" time="4.634">
    <failure type="java.lang.AssertionError:">java.lang.AssertionError: null
	at AASProductTestCase.AASProductTest.qa.testcases.PTSettingPageTest.PTSettingSMANegativeTest01(PTSettingPageTest.java:240)
</failure>
    <system-out><![CDATA[***************************
Screenshot stored at C:\Users\User\git\AASStagingTest\AASProductTestTools/screenshots/PTSettingSMANegativeTest01_Sun_Aug_30_21_43_54_SGT_2020.png
***************************
Trying to find Element By : By.xpath: //div[contains(@class,'table-responsive')]/table/tbody/tr/td[13]
Found Element By : By.xpath: //div[contains(@class,'table-responsive')]/table/tbody/tr/td[13]
Trying to find Element By : By.xpath: //div[contains(@class,'table-responsive')]/table/tbody/tr/td[14]
Found Element By : By.xpath: //div[contains(@class,'table-responsive')]/table/tbody/tr/td[14]
Trying to find Element By : By.id: check_3
Found Element By : By.id: check_3
Trying to click on: [[ChromeDriver: chrome on WINDOWS (15c9a7a27bf3ad9a87345a7644c02216)] -> id: check_3]
Clicked on: [[ChromeDriver: chrome on WINDOWS (15c9a7a27bf3ad9a87345a7644c02216)] -> id: check_3]
Trying to find Element By : By.xpath: //select[contains(@name,'evo_pt')]
Found Element By : By.xpath: //select[contains(@name,'evo_pt')]
Trying to find Element By : By.xpath: //select[contains(@name,'evo_pt')]
Found Element By : By.xpath: //select[contains(@name,'evo_pt')]
Trying to find Element By : By.xpath: //select[contains(@name,'bg_pt')]
Found Element By : By.xpath: //select[contains(@name,'bg_pt')]
Trying to find Element By : By.xpath: //select[contains(@name,'bg_pt')]
Found Element By : By.xpath: //select[contains(@name,'bg_pt')]
Trying to find Element By : By.xpath: //select[contains(@name,'titanium_pt')]
Found Element By : By.xpath: //select[contains(@name,'titanium_pt')]
Trying to find Element By : By.xpath: //select[contains(@name,'titanium_pt')]
Found Element By : By.xpath: //select[contains(@name,'titanium_pt')]
Trying to find Element By : By.xpath: //select[contains(@name,'asg_pt')]
Found Element By : By.xpath: //select[contains(@name,'asg_pt')]
Trying to find Element By : By.xpath: //select[contains(@name,'asg_pt')]
Found Element By : By.xpath: //select[contains(@name,'asg_pt')]
Trying to find Element By : By.xpath: //select[contains(@name,'dg_pt')]
Found Element By : By.xpath: //select[contains(@name,'dg_pt')]
Trying to find Element By : By.xpath: //select[contains(@name,'dg_pt')]
Found Element By : By.xpath: //select[contains(@name,'dg_pt')]
Trying to find Element By : By.xpath: //select[contains(@name,'av_pt')]
Found Element By : By.xpath: //select[contains(@name,'av_pt')]
Trying to find Element By : By.xpath: //select[contains(@name,'av_pt')]
Found Element By : By.xpath: //select[contains(@name,'av_pt')]
Trying to find Element By : By.xpath: //select[contains(@name,'pp_pt')]
Found Element By : By.xpath: //select[contains(@name,'pp_pt')]
Trying to find Element By : By.xpath: //select[contains(@name,'pp_pt')]
Found Element By : By.xpath: //select[contains(@name,'pp_pt')]
Trying to find Element By : By.xpath: //select[contains(@name,'sxg_pt')]
Found Element By : By.xpath: //select[contains(@name,'sxg_pt')]
Trying to find Element By : By.xpath: //select[contains(@name,'sxg_pt')]
Found Element By : By.xpath: //select[contains(@name,'sxg_pt')]
Trying to find Element By : By.xpath: //select[contains(@name,'pps_pt')]
Found Element By : By.xpath: //select[contains(@name,'pps_pt')]
Trying to find Element By : By.xpath: //select[contains(@name,'pps_pt')]
Found Element By : By.xpath: //select[contains(@name,'pps_pt')]
Trying to find Element By : By.xpath: //select[contains(@name,'haba_pt')]
Found Element By : By.xpath: //select[contains(@name,'haba_pt')]
Trying to find Element By : By.xpath: //select[contains(@name,'haba_pt')]
Found Element By : By.xpath: //select[contains(@name,'haba_pt')]
Trying to find Element By : By.xpath: //select[contains(@name,'mv_pt')]
Found Element By : By.xpath: //select[contains(@name,'mv_pt')]
Trying to find Element By : By.xpath: //select[contains(@name,'mv_pt')]
Found Element By : By.xpath: //select[contains(@name,'mv_pt')]
Trying to find Element By : By.xpath: //select[contains(@name,'nt_pt')]
Found Element By : By.xpath: //select[contains(@name,'nt_pt')]
Trying to find Element By : By.xpath: //select[contains(@name,'nt_pt')]
Found Element By : By.xpath: //select[contains(@name,'nt_pt')]
Trying to find Element By : By.xpath: //select[contains(@name,'qs_pt')]
Found Element By : By.xpath: //select[contains(@name,'qs_pt')]
Trying to find Element By : By.xpath: //select[contains(@name,'qs_pt')]
Found Element By : By.xpath: //select[contains(@name,'qs_pt')]
Trying to find Element By : By.xpath: //div[contains(@class,'table-responsive')]/table/tfoot/tr/td[31]/select
Found Element By : By.xpath: //div[contains(@class,'table-responsive')]/table/tfoot/tr/td[31]/select
Trying to find Element By : By.xpath: //div[contains(@class,'table-responsive')]/table/tfoot/tr/td[31]/select
Found Element By : By.xpath: //div[contains(@class,'table-responsive')]/table/tfoot/tr/td[31]/select
Trying to find Element By : By.xpath: //select[contains(@name,'png_pt')]
Found Element By : By.xpath: //select[contains(@name,'png_pt')]
Trying to find Element By : By.xpath: //select[contains(@name,'png_pt')]
Found Element By : By.xpath: //select[contains(@name,'png_pt')]
Trying to find Element By : By.xpath: //select[contains(@name,'dg_pt')]
Found Element By : By.xpath: //select[contains(@name,'dg_pt')]
Trying to find Element By : By.xpath: .//option[normalize-space(.) = "19"]
Found Element By : By.xpath: .//option[normalize-space(.) = "19"]
Trying to click on: [[[[ChromeDriver: chrome on WINDOWS (15c9a7a27bf3ad9a87345a7644c02216)] -> xpath: //select[contains(@name,'dg_pt')]]] -> xpath: .//option[normalize-space(.) = "19"]]
Clicked on: [[[[ChromeDriver: chrome on WINDOWS (15c9a7a27bf3ad9a87345a7644c02216)] -> xpath: //select[contains(@name,'dg_pt')]]] -> xpath: .//option[normalize-space(.) = "19"]]
Trying to find Element By : By.id: btnSubmit
Found Element By : By.id: btnSubmit
Trying to click on: [[ChromeDriver: chrome on WINDOWS (15c9a7a27bf3ad9a87345a7644c02216)] -> id: btnSubmit]
Clicked on: [[ChromeDriver: chrome on WINDOWS (15c9a7a27bf3ad9a87345a7644c02216)] -> id: btnSubmit]
Trying to find Element By : By.xpath: //div[contains(@class,'table-responsive')]/table/tbody/tr/td[13]
Found Element By : By.xpath: //div[contains(@class,'table-responsive')]/table/tbody/tr/td[13]
Trying to find Element By : By.xpath: //div[contains(@class,'table-responsive')]/table/tbody/tr/td[14]
Found Element By : By.xpath: //div[contains(@class,'table-responsive')]/table/tbody/tr/td[14]
]]></system-out>
  </testcase>
  <testcase name="PTSettingSMANegativeTest01" classname="AASProductTestCase.AASProductTest.qa.testcases.PTSettingPageTest" time="4.642">
    <failure type="java.lang.AssertionError:">java.lang.AssertionError: null
	at AASProductTestCase.AASProductTest.qa.testcases.PTSettingPageTest.PTSettingSMANegativeTest01(PTSettingPageTest.java:240)
</failure>
    <system-out><![CDATA[***************************
Screenshot stored at C:\Users\User\git\AASStagingTest\AASProductTestTools/screenshots/PTSettingSMANegativeTest01_Sun_Aug_30_21_43_59_SGT_2020.png
***************************
Trying to find Element By : By.xpath: //div[contains(@class,'table-responsive')]/table/tbody/tr/td[15]
Found Element By : By.xpath: //div[contains(@class,'table-responsive')]/table/tbody/tr/td[15]
Trying to find Element By : By.xpath: //div[contains(@class,'table-responsive')]/table/tbody/tr/td[16]
Found Element By : By.xpath: //div[contains(@class,'table-responsive')]/table/tbody/tr/td[16]
Trying to find Element By : By.id: check_3
Found Element By : By.id: check_3
Trying to click on: [[ChromeDriver: chrome on WINDOWS (15c9a7a27bf3ad9a87345a7644c02216)] -> id: check_3]
Clicked on: [[ChromeDriver: chrome on WINDOWS (15c9a7a27bf3ad9a87345a7644c02216)] -> id: check_3]
Trying to find Element By : By.xpath: //select[contains(@name,'evo_pt')]
Found Element By : By.xpath: //select[contains(@name,'evo_pt')]
Trying to find Element By : By.xpath: //select[contains(@name,'evo_pt')]
Found Element By : By.xpath: //select[contains(@name,'evo_pt')]
Trying to find Element By : By.xpath: //select[contains(@name,'bg_pt')]
Found Element By : By.xpath: //select[contains(@name,'bg_pt')]
Trying to find Element By : By.xpath: //select[contains(@name,'bg_pt')]
Found Element By : By.xpath: //select[contains(@name,'bg_pt')]
Trying to find Element By : By.xpath: //select[contains(@name,'titanium_pt')]
Found Element By : By.xpath: //select[contains(@name,'titanium_pt')]
Trying to find Element By : By.xpath: //select[contains(@name,'titanium_pt')]
Found Element By : By.xpath: //select[contains(@name,'titanium_pt')]
Trying to find Element By : By.xpath: //select[contains(@name,'asg_pt')]
Found Element By : By.xpath: //select[contains(@name,'asg_pt')]
Trying to find Element By : By.xpath: //select[contains(@name,'asg_pt')]
Found Element By : By.xpath: //select[contains(@name,'asg_pt')]
Trying to find Element By : By.xpath: //select[contains(@name,'dg_pt')]
Found Element By : By.xpath: //select[contains(@name,'dg_pt')]
Trying to find Element By : By.xpath: //select[contains(@name,'dg_pt')]
Found Element By : By.xpath: //select[contains(@name,'dg_pt')]
Trying to find Element By : By.xpath: //select[contains(@name,'av_pt')]
Found Element By : By.xpath: //select[contains(@name,'av_pt')]
Trying to find Element By : By.xpath: //select[contains(@name,'av_pt')]
Found Element By : By.xpath: //select[contains(@name,'av_pt')]
Trying to find Element By : By.xpath: //select[contains(@name,'pp_pt')]
Found Element By : By.xpath: //select[contains(@name,'pp_pt')]
Trying to find Element By : By.xpath: //select[contains(@name,'pp_pt')]
Found Element By : By.xpath: //select[contains(@name,'pp_pt')]
Trying to find Element By : By.xpath: //select[contains(@name,'sxg_pt')]
Found Element By : By.xpath: //select[contains(@name,'sxg_pt')]
Trying to find Element By : By.xpath: //select[contains(@name,'sxg_pt')]
Found Element By : By.xpath: //select[contains(@name,'sxg_pt')]
Trying to find Element By : By.xpath: //select[contains(@name,'pps_pt')]
Found Element By : By.xpath: //select[contains(@name,'pps_pt')]
Trying to find Element By : By.xpath: //select[contains(@name,'pps_pt')]
Found Element By : By.xpath: //select[contains(@name,'pps_pt')]
Trying to find Element By : By.xpath: //select[contains(@name,'haba_pt')]
Found Element By : By.xpath: //select[contains(@name,'haba_pt')]
Trying to find Element By : By.xpath: //select[contains(@name,'haba_pt')]
Found Element By : By.xpath: //select[contains(@name,'haba_pt')]
Trying to find Element By : By.xpath: //select[contains(@name,'mv_pt')]
Found Element By : By.xpath: //select[contains(@name,'mv_pt')]
Trying to find Element By : By.xpath: //select[contains(@name,'mv_pt')]
Found Element By : By.xpath: //select[contains(@name,'mv_pt')]
Trying to find Element By : By.xpath: //select[contains(@name,'nt_pt')]
Found Element By : By.xpath: //select[contains(@name,'nt_pt')]
Trying to find Element By : By.xpath: //select[contains(@name,'nt_pt')]
Found Element By : By.xpath: //select[contains(@name,'nt_pt')]
Trying to find Element By : By.xpath: //select[contains(@name,'qs_pt')]
Found Element By : By.xpath: //select[contains(@name,'qs_pt')]
Trying to find Element By : By.xpath: //select[contains(@name,'qs_pt')]
Found Element By : By.xpath: //select[contains(@name,'qs_pt')]
Trying to find Element By : By.xpath: //div[contains(@class,'table-responsive')]/table/tfoot/tr/td[31]/select
Found Element By : By.xpath: //div[contains(@class,'table-responsive')]/table/tfoot/tr/td[31]/select
Trying to find Element By : By.xpath: //div[contains(@class,'table-responsive')]/table/tfoot/tr/td[31]/select
Found Element By : By.xpath: //div[contains(@class,'table-responsive')]/table/tfoot/tr/td[31]/select
Trying to find Element By : By.xpath: //select[contains(@name,'png_pt')]
Found Element By : By.xpath: //select[contains(@name,'png_pt')]
Trying to find Element By : By.xpath: //select[contains(@name,'png_pt')]
Found Element By : By.xpath: //select[contains(@name,'png_pt')]
Trying to find Element By : By.xpath: //select[contains(@name,'av_pt')]
Found Element By : By.xpath: //select[contains(@name,'av_pt')]
Trying to find Element By : By.xpath: .//option[normalize-space(.) = "19"]
Found Element By : By.xpath: .//option[normalize-space(.) = "19"]
Trying to click on: [[[[ChromeDriver: chrome on WINDOWS (15c9a7a27bf3ad9a87345a7644c02216)] -> xpath: //select[contains(@name,'av_pt')]]] -> xpath: .//option[normalize-space(.) = "19"]]
Clicked on: [[[[ChromeDriver: chrome on WINDOWS (15c9a7a27bf3ad9a87345a7644c02216)] -> xpath: //select[contains(@name,'av_pt')]]] -> xpath: .//option[normalize-space(.) = "19"]]
Trying to find Element By : By.id: btnSubmit
Found Element By : By.id: btnSubmit
Trying to click on: [[ChromeDriver: chrome on WINDOWS (15c9a7a27bf3ad9a87345a7644c02216)] -> id: btnSubmit]
Clicked on: [[ChromeDriver: chrome on WINDOWS (15c9a7a27bf3ad9a87345a7644c02216)] -> id: btnSubmit]
Trying to find Element By : By.xpath: //div[contains(@class,'table-responsive')]/table/tbody/tr/td[15]
Found Element By : By.xpath: //div[contains(@class,'table-responsive')]/table/tbody/tr/td[15]
Trying to find Element By : By.xpath: //div[contains(@class,'table-responsive')]/table/tbody/tr/td[16]
Found Element By : By.xpath: //div[contains(@class,'table-responsive')]/table/tbody/tr/td[16]
]]></system-out>
  </testcase>
  <testcase name="PTSettingSMANegativeTest01" classname="AASProductTestCase.AASProductTest.qa.testcases.PTSettingPageTest" time="4.592">
    <failure type="java.lang.AssertionError:">java.lang.AssertionError: null
	at AASProductTestCase.AASProductTest.qa.testcases.PTSettingPageTest.PTSettingSMANegativeTest01(PTSettingPageTest.java:240)
</failure>
    <system-out><![CDATA[***************************
Screenshot stored at C:\Users\User\git\AASStagingTest\AASProductTestTools/screenshots/PTSettingSMANegativeTest01_Sun_Aug_30_21_44_04_SGT_2020.png
***************************
Trying to find Element By : By.xpath: //div[contains(@class,'table-responsive')]/table/tbody/tr/td[17]
Found Element By : By.xpath: //div[contains(@class,'table-responsive')]/table/tbody/tr/td[17]
Trying to find Element By : By.xpath: //div[contains(@class,'table-responsive')]/table/tbody/tr/td[18]
Found Element By : By.xpath: //div[contains(@class,'table-responsive')]/table/tbody/tr/td[18]
Trying to find Element By : By.id: check_3
Found Element By : By.id: check_3
Trying to click on: [[ChromeDriver: chrome on WINDOWS (15c9a7a27bf3ad9a87345a7644c02216)] -> id: check_3]
Clicked on: [[ChromeDriver: chrome on WINDOWS (15c9a7a27bf3ad9a87345a7644c02216)] -> id: check_3]
Trying to find Element By : By.xpath: //select[contains(@name,'evo_pt')]
Found Element By : By.xpath: //select[contains(@name,'evo_pt')]
Trying to find Element By : By.xpath: //select[contains(@name,'evo_pt')]
Found Element By : By.xpath: //select[contains(@name,'evo_pt')]
Trying to find Element By : By.xpath: //select[contains(@name,'bg_pt')]
Found Element By : By.xpath: //select[contains(@name,'bg_pt')]
Trying to find Element By : By.xpath: //select[contains(@name,'bg_pt')]
Found Element By : By.xpath: //select[contains(@name,'bg_pt')]
Trying to find Element By : By.xpath: //select[contains(@name,'titanium_pt')]
Found Element By : By.xpath: //select[contains(@name,'titanium_pt')]
Trying to find Element By : By.xpath: //select[contains(@name,'titanium_pt')]
Found Element By : By.xpath: //select[contains(@name,'titanium_pt')]
Trying to find Element By : By.xpath: //select[contains(@name,'asg_pt')]
Found Element By : By.xpath: //select[contains(@name,'asg_pt')]
Trying to find Element By : By.xpath: //select[contains(@name,'asg_pt')]
Found Element By : By.xpath: //select[contains(@name,'asg_pt')]
Trying to find Element By : By.xpath: //select[contains(@name,'dg_pt')]
Found Element By : By.xpath: //select[contains(@name,'dg_pt')]
Trying to find Element By : By.xpath: //select[contains(@name,'dg_pt')]
Found Element By : By.xpath: //select[contains(@name,'dg_pt')]
Trying to find Element By : By.xpath: //select[contains(@name,'av_pt')]
Found Element By : By.xpath: //select[contains(@name,'av_pt')]
Trying to find Element By : By.xpath: //select[contains(@name,'av_pt')]
Found Element By : By.xpath: //select[contains(@name,'av_pt')]
Trying to find Element By : By.xpath: //select[contains(@name,'pp_pt')]
Found Element By : By.xpath: //select[contains(@name,'pp_pt')]
Trying to find Element By : By.xpath: //select[contains(@name,'pp_pt')]
Found Element By : By.xpath: //select[contains(@name,'pp_pt')]
Trying to find Element By : By.xpath: //select[contains(@name,'sxg_pt')]
Found Element By : By.xpath: //select[contains(@name,'sxg_pt')]
Trying to find Element By : By.xpath: //select[contains(@name,'sxg_pt')]
Found Element By : By.xpath: //select[contains(@name,'sxg_pt')]
Trying to find Element By : By.xpath: //select[contains(@name,'pps_pt')]
Found Element By : By.xpath: //select[contains(@name,'pps_pt')]
Trying to find Element By : By.xpath: //select[contains(@name,'pps_pt')]
Found Element By : By.xpath: //select[contains(@name,'pps_pt')]
Trying to find Element By : By.xpath: //select[contains(@name,'haba_pt')]
Found Element By : By.xpath: //select[contains(@name,'haba_pt')]
Trying to find Element By : By.xpath: //select[contains(@name,'haba_pt')]
Found Element By : By.xpath: //select[contains(@name,'haba_pt')]
Trying to find Element By : By.xpath: //select[contains(@name,'mv_pt')]
Found Element By : By.xpath: //select[contains(@name,'mv_pt')]
Trying to find Element By : By.xpath: //select[contains(@name,'mv_pt')]
Found Element By : By.xpath: //select[contains(@name,'mv_pt')]
Trying to find Element By : By.xpath: //select[contains(@name,'nt_pt')]
Found Element By : By.xpath: //select[contains(@name,'nt_pt')]
Trying to find Element By : By.xpath: //select[contains(@name,'nt_pt')]
Found Element By : By.xpath: //select[contains(@name,'nt_pt')]
Trying to find Element By : By.xpath: //select[contains(@name,'qs_pt')]
Found Element By : By.xpath: //select[contains(@name,'qs_pt')]
Trying to find Element By : By.xpath: //select[contains(@name,'qs_pt')]
Found Element By : By.xpath: //select[contains(@name,'qs_pt')]
Trying to find Element By : By.xpath: //div[contains(@class,'table-responsive')]/table/tfoot/tr/td[31]/select
Found Element By : By.xpath: //div[contains(@class,'table-responsive')]/table/tfoot/tr/td[31]/select
Trying to find Element By : By.xpath: //div[contains(@class,'table-responsive')]/table/tfoot/tr/td[31]/select
Found Element By : By.xpath: //div[contains(@class,'table-responsive')]/table/tfoot/tr/td[31]/select
Trying to find Element By : By.xpath: //select[contains(@name,'png_pt')]
Found Element By : By.xpath: //select[contains(@name,'png_pt')]
Trying to find Element By : By.xpath: //select[contains(@name,'png_pt')]
Found Element By : By.xpath: //select[contains(@name,'png_pt')]
Trying to find Element By : By.xpath: //select[contains(@name,'pp_pt')]
Found Element By : By.xpath: //select[contains(@name,'pp_pt')]
Trying to find Element By : By.xpath: .//option[normalize-space(.) = "19"]
Found Element By : By.xpath: .//option[normalize-space(.) = "19"]
Trying to click on: [[[[ChromeDriver: chrome on WINDOWS (15c9a7a27bf3ad9a87345a7644c02216)] -> xpath: //select[contains(@name,'pp_pt')]]] -> xpath: .//option[normalize-space(.) = "19"]]
Clicked on: [[[[ChromeDriver: chrome on WINDOWS (15c9a7a27bf3ad9a87345a7644c02216)] -> xpath: //select[contains(@name,'pp_pt')]]] -> xpath: .//option[normalize-space(.) = "19"]]
Trying to find Element By : By.id: btnSubmit
Found Element By : By.id: btnSubmit
Trying to click on: [[ChromeDriver: chrome on WINDOWS (15c9a7a27bf3ad9a87345a7644c02216)] -> id: btnSubmit]
Clicked on: [[ChromeDriver: chrome on WINDOWS (15c9a7a27bf3ad9a87345a7644c02216)] -> id: btnSubmit]
Trying to find Element By : By.xpath: //div[contains(@class,'table-responsive')]/table/tbody/tr/td[17]
Found Element By : By.xpath: //div[contains(@class,'table-responsive')]/table/tbody/tr/td[17]
Trying to find Element By : By.xpath: //div[contains(@class,'table-responsive')]/table/tbody/tr/td[18]
Found Element By : By.xpath: //div[contains(@class,'table-responsive')]/table/tbody/tr/td[18]
]]></system-out>
  </testcase>
  <testcase name="PTSettingSMANegativeTest01" classname="AASProductTestCase.AASProductTest.qa.testcases.PTSettingPageTest" time="4.581">
    <failure type="java.lang.AssertionError:">java.lang.AssertionError: null
	at AASProductTestCase.AASProductTest.qa.testcases.PTSettingPageTest.PTSettingSMANegativeTest01(PTSettingPageTest.java:240)
</failure>
    <system-out><![CDATA[***************************
Screenshot stored at C:\Users\User\git\AASStagingTest\AASProductTestTools/screenshots/PTSettingSMANegativeTest01_Sun_Aug_30_21_44_09_SGT_2020.png
***************************
Trying to find Element By : By.xpath: //div[contains(@class,'table-responsive')]/table/tbody/tr/td[19]
Found Element By : By.xpath: //div[contains(@class,'table-responsive')]/table/tbody/tr/td[19]
Trying to find Element By : By.xpath: //div[contains(@class,'table-responsive')]/table/tbody/tr/td[20]
Found Element By : By.xpath: //div[contains(@class,'table-responsive')]/table/tbody/tr/td[20]
Trying to find Element By : By.id: check_3
Found Element By : By.id: check_3
Trying to click on: [[ChromeDriver: chrome on WINDOWS (15c9a7a27bf3ad9a87345a7644c02216)] -> id: check_3]
Clicked on: [[ChromeDriver: chrome on WINDOWS (15c9a7a27bf3ad9a87345a7644c02216)] -> id: check_3]
Trying to find Element By : By.xpath: //select[contains(@name,'evo_pt')]
Found Element By : By.xpath: //select[contains(@name,'evo_pt')]
Trying to find Element By : By.xpath: //select[contains(@name,'evo_pt')]
Found Element By : By.xpath: //select[contains(@name,'evo_pt')]
Trying to find Element By : By.xpath: //select[contains(@name,'bg_pt')]
Found Element By : By.xpath: //select[contains(@name,'bg_pt')]
Trying to find Element By : By.xpath: //select[contains(@name,'bg_pt')]
Found Element By : By.xpath: //select[contains(@name,'bg_pt')]
Trying to find Element By : By.xpath: //select[contains(@name,'titanium_pt')]
Found Element By : By.xpath: //select[contains(@name,'titanium_pt')]
Trying to find Element By : By.xpath: //select[contains(@name,'titanium_pt')]
Found Element By : By.xpath: //select[contains(@name,'titanium_pt')]
Trying to find Element By : By.xpath: //select[contains(@name,'asg_pt')]
Found Element By : By.xpath: //select[contains(@name,'asg_pt')]
Trying to find Element By : By.xpath: //select[contains(@name,'asg_pt')]
Found Element By : By.xpath: //select[contains(@name,'asg_pt')]
Trying to find Element By : By.xpath: //select[contains(@name,'dg_pt')]
Found Element By : By.xpath: //select[contains(@name,'dg_pt')]
Trying to find Element By : By.xpath: //select[contains(@name,'dg_pt')]
Found Element By : By.xpath: //select[contains(@name,'dg_pt')]
Trying to find Element By : By.xpath: //select[contains(@name,'av_pt')]
Found Element By : By.xpath: //select[contains(@name,'av_pt')]
Trying to find Element By : By.xpath: //select[contains(@name,'av_pt')]
Found Element By : By.xpath: //select[contains(@name,'av_pt')]
Trying to find Element By : By.xpath: //select[contains(@name,'pp_pt')]
Found Element By : By.xpath: //select[contains(@name,'pp_pt')]
Trying to find Element By : By.xpath: //select[contains(@name,'pp_pt')]
Found Element By : By.xpath: //select[contains(@name,'pp_pt')]
Trying to find Element By : By.xpath: //select[contains(@name,'sxg_pt')]
Found Element By : By.xpath: //select[contains(@name,'sxg_pt')]
Trying to find Element By : By.xpath: //select[contains(@name,'sxg_pt')]
Found Element By : By.xpath: //select[contains(@name,'sxg_pt')]
Trying to find Element By : By.xpath: //select[contains(@name,'pps_pt')]
Found Element By : By.xpath: //select[contains(@name,'pps_pt')]
Trying to find Element By : By.xpath: //select[contains(@name,'pps_pt')]
Found Element By : By.xpath: //select[contains(@name,'pps_pt')]
Trying to find Element By : By.xpath: //select[contains(@name,'haba_pt')]
Found Element By : By.xpath: //select[contains(@name,'haba_pt')]
Trying to find Element By : By.xpath: //select[contains(@name,'haba_pt')]
Found Element By : By.xpath: //select[contains(@name,'haba_pt')]
Trying to find Element By : By.xpath: //select[contains(@name,'mv_pt')]
Found Element By : By.xpath: //select[contains(@name,'mv_pt')]
Trying to find Element By : By.xpath: //select[contains(@name,'mv_pt')]
Found Element By : By.xpath: //select[contains(@name,'mv_pt')]
Trying to find Element By : By.xpath: //select[contains(@name,'nt_pt')]
Found Element By : By.xpath: //select[contains(@name,'nt_pt')]
Trying to find Element By : By.xpath: //select[contains(@name,'nt_pt')]
Found Element By : By.xpath: //select[contains(@name,'nt_pt')]
Trying to find Element By : By.xpath: //select[contains(@name,'qs_pt')]
Found Element By : By.xpath: //select[contains(@name,'qs_pt')]
Trying to find Element By : By.xpath: //select[contains(@name,'qs_pt')]
Found Element By : By.xpath: //select[contains(@name,'qs_pt')]
Trying to find Element By : By.xpath: //div[contains(@class,'table-responsive')]/table/tfoot/tr/td[31]/select
Found Element By : By.xpath: //div[contains(@class,'table-responsive')]/table/tfoot/tr/td[31]/select
Trying to find Element By : By.xpath: //div[contains(@class,'table-responsive')]/table/tfoot/tr/td[31]/select
Found Element By : By.xpath: //div[contains(@class,'table-responsive')]/table/tfoot/tr/td[31]/select
Trying to find Element By : By.xpath: //select[contains(@name,'png_pt')]
Found Element By : By.xpath: //select[contains(@name,'png_pt')]
Trying to find Element By : By.xpath: //select[contains(@name,'png_pt')]
Found Element By : By.xpath: //select[contains(@name,'png_pt')]
Trying to find Element By : By.xpath: //select[contains(@name,'sxg_pt')]
Found Element By : By.xpath: //select[contains(@name,'sxg_pt')]
Trying to find Element By : By.xpath: .//option[normalize-space(.) = "19"]
Found Element By : By.xpath: .//option[normalize-space(.) = "19"]
Trying to click on: [[[[ChromeDriver: chrome on WINDOWS (15c9a7a27bf3ad9a87345a7644c02216)] -> xpath: //select[contains(@name,'sxg_pt')]]] -> xpath: .//option[normalize-space(.) = "19"]]
Clicked on: [[[[ChromeDriver: chrome on WINDOWS (15c9a7a27bf3ad9a87345a7644c02216)] -> xpath: //select[contains(@name,'sxg_pt')]]] -> xpath: .//option[normalize-space(.) = "19"]]
Trying to find Element By : By.id: btnSubmit
Found Element By : By.id: btnSubmit
Trying to click on: [[ChromeDriver: chrome on WINDOWS (15c9a7a27bf3ad9a87345a7644c02216)] -> id: btnSubmit]
Clicked on: [[ChromeDriver: chrome on WINDOWS (15c9a7a27bf3ad9a87345a7644c02216)] -> id: btnSubmit]
Trying to find Element By : By.xpath: //div[contains(@class,'table-responsive')]/table/tbody/tr/td[19]
Found Element By : By.xpath: //div[contains(@class,'table-responsive')]/table/tbody/tr/td[19]
Trying to find Element By : By.xpath: //div[contains(@class,'table-responsive')]/table/tbody/tr/td[20]
Found Element By : By.xpath: //div[contains(@class,'table-responsive')]/table/tbody/tr/td[20]
]]></system-out>
  </testcase>
  <testcase name="PTSettingSMANegativeTest01" classname="AASProductTestCase.AASProductTest.qa.testcases.PTSettingPageTest" time="4.602">
    <failure type="java.lang.AssertionError:">java.lang.AssertionError: null
	at AASProductTestCase.AASProductTest.qa.testcases.PTSettingPageTest.PTSettingSMANegativeTest01(PTSettingPageTest.java:240)
</failure>
    <system-out><![CDATA[***************************
Screenshot stored at C:\Users\User\git\AASStagingTest\AASProductTestTools/screenshots/PTSettingSMANegativeTest01_Sun_Aug_30_21_44_14_SGT_2020.png
***************************
Trying to find Element By : By.xpath: //div[contains(@class,'table-responsive')]/table/tbody/tr/td[21]
Found Element By : By.xpath: //div[contains(@class,'table-responsive')]/table/tbody/tr/td[21]
Trying to find Element By : By.xpath: //div[contains(@class,'table-responsive')]/table/tbody/tr/td[22]
Found Element By : By.xpath: //div[contains(@class,'table-responsive')]/table/tbody/tr/td[22]
Trying to find Element By : By.id: check_3
Found Element By : By.id: check_3
Trying to click on: [[ChromeDriver: chrome on WINDOWS (15c9a7a27bf3ad9a87345a7644c02216)] -> id: check_3]
Clicked on: [[ChromeDriver: chrome on WINDOWS (15c9a7a27bf3ad9a87345a7644c02216)] -> id: check_3]
Trying to find Element By : By.xpath: //select[contains(@name,'evo_pt')]
Found Element By : By.xpath: //select[contains(@name,'evo_pt')]
Trying to find Element By : By.xpath: //select[contains(@name,'evo_pt')]
Found Element By : By.xpath: //select[contains(@name,'evo_pt')]
Trying to find Element By : By.xpath: //select[contains(@name,'bg_pt')]
Found Element By : By.xpath: //select[contains(@name,'bg_pt')]
Trying to find Element By : By.xpath: //select[contains(@name,'bg_pt')]
Found Element By : By.xpath: //select[contains(@name,'bg_pt')]
Trying to find Element By : By.xpath: //select[contains(@name,'titanium_pt')]
Found Element By : By.xpath: //select[contains(@name,'titanium_pt')]
Trying to find Element By : By.xpath: //select[contains(@name,'titanium_pt')]
Found Element By : By.xpath: //select[contains(@name,'titanium_pt')]
Trying to find Element By : By.xpath: //select[contains(@name,'asg_pt')]
Found Element By : By.xpath: //select[contains(@name,'asg_pt')]
Trying to find Element By : By.xpath: //select[contains(@name,'asg_pt')]
Found Element By : By.xpath: //select[contains(@name,'asg_pt')]
Trying to find Element By : By.xpath: //select[contains(@name,'dg_pt')]
Found Element By : By.xpath: //select[contains(@name,'dg_pt')]
Trying to find Element By : By.xpath: //select[contains(@name,'dg_pt')]
Found Element By : By.xpath: //select[contains(@name,'dg_pt')]
Trying to find Element By : By.xpath: //select[contains(@name,'av_pt')]
Found Element By : By.xpath: //select[contains(@name,'av_pt')]
Trying to find Element By : By.xpath: //select[contains(@name,'av_pt')]
Found Element By : By.xpath: //select[contains(@name,'av_pt')]
Trying to find Element By : By.xpath: //select[contains(@name,'pp_pt')]
Found Element By : By.xpath: //select[contains(@name,'pp_pt')]
Trying to find Element By : By.xpath: //select[contains(@name,'pp_pt')]
Found Element By : By.xpath: //select[contains(@name,'pp_pt')]
Trying to find Element By : By.xpath: //select[contains(@name,'sxg_pt')]
Found Element By : By.xpath: //select[contains(@name,'sxg_pt')]
Trying to find Element By : By.xpath: //select[contains(@name,'sxg_pt')]
Found Element By : By.xpath: //select[contains(@name,'sxg_pt')]
Trying to find Element By : By.xpath: //select[contains(@name,'pps_pt')]
Found Element By : By.xpath: //select[contains(@name,'pps_pt')]
Trying to find Element By : By.xpath: //select[contains(@name,'pps_pt')]
Found Element By : By.xpath: //select[contains(@name,'pps_pt')]
Trying to find Element By : By.xpath: //select[contains(@name,'haba_pt')]
Found Element By : By.xpath: //select[contains(@name,'haba_pt')]
Trying to find Element By : By.xpath: //select[contains(@name,'haba_pt')]
Found Element By : By.xpath: //select[contains(@name,'haba_pt')]
Trying to find Element By : By.xpath: //select[contains(@name,'mv_pt')]
Found Element By : By.xpath: //select[contains(@name,'mv_pt')]
Trying to find Element By : By.xpath: //select[contains(@name,'mv_pt')]
Found Element By : By.xpath: //select[contains(@name,'mv_pt')]
Trying to find Element By : By.xpath: //select[contains(@name,'nt_pt')]
Found Element By : By.xpath: //select[contains(@name,'nt_pt')]
Trying to find Element By : By.xpath: //select[contains(@name,'nt_pt')]
Found Element By : By.xpath: //select[contains(@name,'nt_pt')]
Trying to find Element By : By.xpath: //select[contains(@name,'qs_pt')]
Found Element By : By.xpath: //select[contains(@name,'qs_pt')]
Trying to find Element By : By.xpath: //select[contains(@name,'qs_pt')]
Found Element By : By.xpath: //select[contains(@name,'qs_pt')]
Trying to find Element By : By.xpath: //div[contains(@class,'table-responsive')]/table/tfoot/tr/td[31]/select
Found Element By : By.xpath: //div[contains(@class,'table-responsive')]/table/tfoot/tr/td[31]/select
Trying to find Element By : By.xpath: //div[contains(@class,'table-responsive')]/table/tfoot/tr/td[31]/select
Found Element By : By.xpath: //div[contains(@class,'table-responsive')]/table/tfoot/tr/td[31]/select
Trying to find Element By : By.xpath: //select[contains(@name,'png_pt')]
Found Element By : By.xpath: //select[contains(@name,'png_pt')]
Trying to find Element By : By.xpath: //select[contains(@name,'png_pt')]
Found Element By : By.xpath: //select[contains(@name,'png_pt')]
Trying to find Element By : By.xpath: //select[contains(@name,'pps_pt')]
Found Element By : By.xpath: //select[contains(@name,'pps_pt')]
Trying to find Element By : By.xpath: .//option[normalize-space(.) = "19"]
Found Element By : By.xpath: .//option[normalize-space(.) = "19"]
Trying to click on: [[[[ChromeDriver: chrome on WINDOWS (15c9a7a27bf3ad9a87345a7644c02216)] -> xpath: //select[contains(@name,'pps_pt')]]] -> xpath: .//option[normalize-space(.) = "19"]]
Clicked on: [[[[ChromeDriver: chrome on WINDOWS (15c9a7a27bf3ad9a87345a7644c02216)] -> xpath: //select[contains(@name,'pps_pt')]]] -> xpath: .//option[normalize-space(.) = "19"]]
Trying to find Element By : By.id: btnSubmit
Found Element By : By.id: btnSubmit
Trying to click on: [[ChromeDriver: chrome on WINDOWS (15c9a7a27bf3ad9a87345a7644c02216)] -> id: btnSubmit]
Clicked on: [[ChromeDriver: chrome on WINDOWS (15c9a7a27bf3ad9a87345a7644c02216)] -> id: btnSubmit]
Trying to find Element By : By.xpath: //div[contains(@class,'table-responsive')]/table/tbody/tr/td[21]
Found Element By : By.xpath: //div[contains(@class,'table-responsive')]/table/tbody/tr/td[21]
Trying to find Element By : By.xpath: //div[contains(@class,'table-responsive')]/table/tbody/tr/td[22]
Found Element By : By.xpath: //div[contains(@class,'table-responsive')]/table/tbody/tr/td[22]
]]></system-out>
  </testcase>
  <testcase name="PTSettingSMANegativeTest01" classname="AASProductTestCase.AASProductTest.qa.testcases.PTSettingPageTest" time="4.599">
    <failure type="java.lang.AssertionError:">java.lang.AssertionError: null
	at AASProductTestCase.AASProductTest.qa.testcases.PTSettingPageTest.PTSettingSMANegativeTest01(PTSettingPageTest.java:240)
</failure>
    <system-out><![CDATA[***************************
Screenshot stored at C:\Users\User\git\AASStagingTest\AASProductTestTools/screenshots/PTSettingSMANegativeTest01_Sun_Aug_30_21_44_19_SGT_2020.png
***************************
Trying to find Element By : By.xpath: //div[contains(@class,'table-responsive')]/table/tbody/tr/td[23]
Found Element By : By.xpath: //div[contains(@class,'table-responsive')]/table/tbody/tr/td[23]
Trying to find Element By : By.xpath: //div[contains(@class,'table-responsive')]/table/tbody/tr/td[24]
Found Element By : By.xpath: //div[contains(@class,'table-responsive')]/table/tbody/tr/td[24]
Trying to find Element By : By.id: check_3
Found Element By : By.id: check_3
Trying to click on: [[ChromeDriver: chrome on WINDOWS (15c9a7a27bf3ad9a87345a7644c02216)] -> id: check_3]
Clicked on: [[ChromeDriver: chrome on WINDOWS (15c9a7a27bf3ad9a87345a7644c02216)] -> id: check_3]
Trying to find Element By : By.xpath: //select[contains(@name,'evo_pt')]
Found Element By : By.xpath: //select[contains(@name,'evo_pt')]
Trying to find Element By : By.xpath: //select[contains(@name,'evo_pt')]
Found Element By : By.xpath: //select[contains(@name,'evo_pt')]
Trying to find Element By : By.xpath: //select[contains(@name,'bg_pt')]
Found Element By : By.xpath: //select[contains(@name,'bg_pt')]
Trying to find Element By : By.xpath: //select[contains(@name,'bg_pt')]
Found Element By : By.xpath: //select[contains(@name,'bg_pt')]
Trying to find Element By : By.xpath: //select[contains(@name,'titanium_pt')]
Found Element By : By.xpath: //select[contains(@name,'titanium_pt')]
Trying to find Element By : By.xpath: //select[contains(@name,'titanium_pt')]
Found Element By : By.xpath: //select[contains(@name,'titanium_pt')]
Trying to find Element By : By.xpath: //select[contains(@name,'asg_pt')]
Found Element By : By.xpath: //select[contains(@name,'asg_pt')]
Trying to find Element By : By.xpath: //select[contains(@name,'asg_pt')]
Found Element By : By.xpath: //select[contains(@name,'asg_pt')]
Trying to find Element By : By.xpath: //select[contains(@name,'dg_pt')]
Found Element By : By.xpath: //select[contains(@name,'dg_pt')]
Trying to find Element By : By.xpath: //select[contains(@name,'dg_pt')]
Found Element By : By.xpath: //select[contains(@name,'dg_pt')]
Trying to find Element By : By.xpath: //select[contains(@name,'av_pt')]
Found Element By : By.xpath: //select[contains(@name,'av_pt')]
Trying to find Element By : By.xpath: //select[contains(@name,'av_pt')]
Found Element By : By.xpath: //select[contains(@name,'av_pt')]
Trying to find Element By : By.xpath: //select[contains(@name,'pp_pt')]
Found Element By : By.xpath: //select[contains(@name,'pp_pt')]
Trying to find Element By : By.xpath: //select[contains(@name,'pp_pt')]
Found Element By : By.xpath: //select[contains(@name,'pp_pt')]
Trying to find Element By : By.xpath: //select[contains(@name,'sxg_pt')]
Found Element By : By.xpath: //select[contains(@name,'sxg_pt')]
Trying to find Element By : By.xpath: //select[contains(@name,'sxg_pt')]
Found Element By : By.xpath: //select[contains(@name,'sxg_pt')]
Trying to find Element By : By.xpath: //select[contains(@name,'pps_pt')]
Found Element By : By.xpath: //select[contains(@name,'pps_pt')]
Trying to find Element By : By.xpath: //select[contains(@name,'pps_pt')]
Found Element By : By.xpath: //select[contains(@name,'pps_pt')]
Trying to find Element By : By.xpath: //select[contains(@name,'haba_pt')]
Found Element By : By.xpath: //select[contains(@name,'haba_pt')]
Trying to find Element By : By.xpath: //select[contains(@name,'haba_pt')]
Found Element By : By.xpath: //select[contains(@name,'haba_pt')]
Trying to find Element By : By.xpath: //select[contains(@name,'mv_pt')]
Found Element By : By.xpath: //select[contains(@name,'mv_pt')]
Trying to find Element By : By.xpath: //select[contains(@name,'mv_pt')]
Found Element By : By.xpath: //select[contains(@name,'mv_pt')]
Trying to find Element By : By.xpath: //select[contains(@name,'nt_pt')]
Found Element By : By.xpath: //select[contains(@name,'nt_pt')]
Trying to find Element By : By.xpath: //select[contains(@name,'nt_pt')]
Found Element By : By.xpath: //select[contains(@name,'nt_pt')]
Trying to find Element By : By.xpath: //select[contains(@name,'qs_pt')]
Found Element By : By.xpath: //select[contains(@name,'qs_pt')]
Trying to find Element By : By.xpath: //select[contains(@name,'qs_pt')]
Found Element By : By.xpath: //select[contains(@name,'qs_pt')]
Trying to find Element By : By.xpath: //div[contains(@class,'table-responsive')]/table/tfoot/tr/td[31]/select
Found Element By : By.xpath: //div[contains(@class,'table-responsive')]/table/tfoot/tr/td[31]/select
Trying to find Element By : By.xpath: //div[contains(@class,'table-responsive')]/table/tfoot/tr/td[31]/select
Found Element By : By.xpath: //div[contains(@class,'table-responsive')]/table/tfoot/tr/td[31]/select
Trying to find Element By : By.xpath: //select[contains(@name,'png_pt')]
Found Element By : By.xpath: //select[contains(@name,'png_pt')]
Trying to find Element By : By.xpath: //select[contains(@name,'png_pt')]
Found Element By : By.xpath: //select[contains(@name,'png_pt')]
[...]
Found Element By : By.xpath: //div[contains(@class,'table-responsive')]/table/tbody/tr/td[31]
Trying to find Element By : By.xpath: //div[contains(@class,'table-responsive')]/table/tbody/tr/td[32]
Found Element By : By.xpath: //div[contains(@class,'table-responsive')]/table/tbody/tr/td[32]
]]></system-out>
  </testcase>
  <testcase name="PTSettingSMANegativeTest01" classname="AASProductTestCase.AASProductTest.qa.testcases.PTSettingPageTest" time="4.678">
    <failure type="java.lang.AssertionError:">java.lang.AssertionError: null
	at AASProductTestCase.AASProductTest.qa.testcases.PTSettingPageTest.PTSettingSMANegativeTest01(PTSettingPageTest.java:240)
</failure>
    <system-out><![CDATA[***************************
Screenshot stored at C:\Users\User\git\AASStagingTest\AASProductTestTools/screenshots/PTSettingSMANegativeTest01_Sun_Aug_30_21_44_43_SGT_2020.png
***************************
Trying to find Element By : By.xpath: //div[contains(@class,'table-responsive')]/table/tbody/tr/td[33]
Found Element By : By.xpath: //div[contains(@class,'table-responsive')]/table/tbody/tr/td[33]
Trying to find Element By : By.xpath: //div[contains(@class,'table-responsive')]/table/tbody/tr/td[34]
Found Element By : By.xpath: //div[contains(@class,'table-responsive')]/table/tbody/tr/td[34]
Trying to find Element By : By.id: check_3
Found Element By : By.id: check_3
Trying to click on: [[ChromeDriver: chrome on WINDOWS (15c9a7a27bf3ad9a87345a7644c02216)] -> id: check_3]
Clicked on: [[ChromeDriver: chrome on WINDOWS (15c9a7a27bf3ad9a87345a7644c02216)] -> id: check_3]
Trying to find Element By : By.xpath: //select[contains(@name,'evo_pt')]
Found Element By : By.xpath: //select[contains(@name,'evo_pt')]
Trying to find Element By : By.xpath: //select[contains(@name,'evo_pt')]
Found Element By : By.xpath: //select[contains(@name,'evo_pt')]
Trying to find Element By : By.xpath: //select[contains(@name,'bg_pt')]
Found Element By : By.xpath: //select[contains(@name,'bg_pt')]
Trying to find Element By : By.xpath: //select[contains(@name,'bg_pt')]
Found Element By : By.xpath: //select[contains(@name,'bg_pt')]
Trying to find Element By : By.xpath: //select[contains(@name,'titanium_pt')]
Found Element By : By.xpath: //select[contains(@name,'titanium_pt')]
Trying to find Element By : By.xpath: //select[contains(@name,'titanium_pt')]
Found Element By : By.xpath: //select[contains(@name,'titanium_pt')]
Trying to find Element By : By.xpath: //select[contains(@name,'asg_pt')]
Found Element By : By.xpath: //select[contains(@name,'asg_pt')]
Trying to find Element By : By.xpath: //select[contains(@name,'asg_pt')]
Found Element By : By.xpath: //select[contains(@name,'asg_pt')]
Trying to find Element By : By.xpath: //select[contains(@name,'dg_pt')]
Found Element By : By.xpath: //select[contains(@name,'dg_pt')]
Trying to find Element By : By.xpath: //select[contains(@name,'dg_pt')]
Found Element By : By.xpath: //select[contains(@name,'dg_pt')]
Trying to find Element By : By.xpath: //select[contains(@name,'av_pt')]
Found Element By : By.xpath: //select[contains(@name,'av_pt')]
Trying to find Element By : By.xpath: //select[contains(@name,'av_pt')]
Found Element By : By.xpath: //select[contains(@name,'av_pt')]
Trying to find Element By : By.xpath: //select[contains(@name,'pp_pt')]
Found Element By : By.xpath: //select[contains(@name,'pp_pt')]
Trying to find Element By : By.xpath: //select[contains(@name,'pp_pt')]
Found Element By : By.xpath: //select[contains(@name,'pp_pt')]
Trying to find Element By : By.xpath: //select[contains(@name,'sxg_pt')]
Found Element By : By.xpath: //select[contains(@name,'sxg_pt')]
Trying to find Element By : By.xpath: //select[contains(@name,'sxg_pt')]
Found Element By : By.xpath: //select[contains(@name,'sxg_pt')]
Trying to find Element By : By.xpath: //select[contains(@name,'pps_pt')]
Found Element By : By.xpath: //select[contains(@name,'pps_pt')]
Trying to find Element By : By.xpath: //select[contains(@name,'pps_pt')]
Found Element By : By.xpath: //select[contains(@name,'pps_pt')]
Trying to find Element By : By.xpath: //select[contains(@name,'haba_pt')]
Found Element By : By.xpath: //select[contains(@name,'haba_pt')]
Trying to find Element By : By.xpath: //select[contains(@name,'haba_pt')]
Found Element By : By.xpath: //select[contains(@name,'haba_pt')]
Trying to find Element By : By.xpath: //select[contains(@name,'mv_pt')]
Found Element By : By.xpath: //select[contains(@name,'mv_pt')]
Trying to find Element By : By.xpath: //select[contains(@name,'mv_pt')]
Found Element By : By.xpath: //select[contains(@name,'mv_pt')]
Trying to find Element By : By.xpath: //select[contains(@name,'nt_pt')]
Found Element By : By.xpath: //select[contains(@name,'nt_pt')]
Trying to find Element By : By.xpath: //select[contains(@name,'nt_pt')]
Found Element By : By.xpath: //select[contains(@name,'nt_pt')]
Trying to find Element By : By.xpath: //select[contains(@name,'qs_pt')]
Found Element By : By.xpath: //select[contains(@name,'qs_pt')]
Trying to find Element By : By.xpath: //select[contains(@name,'qs_pt')]
Found Element By : By.xpath: //select[contains(@name,'qs_pt')]
Trying to find Element By : By.xpath: //div[contains(@class,'table-responsive')]/table/tfoot/tr/td[31]/select
Found Element By : By.xpath: //div[contains(@class,'table-responsive')]/table/tfoot/tr/td[31]/select
Trying to find Element By : By.xpath: //div[contains(@class,'table-responsive')]/table/tfoot/tr/td[31]/select
Found Element By : By.xpath: //div[contains(@class,'table-responsive')]/table/tfoot/tr/td[31]/select
Trying to find Element By : By.xpath: //select[contains(@name,'png_pt')]
Found Element By : By.xpath: //select[contains(@name,'png_pt')]
Trying to find Element By : By.xpath: //select[contains(@name,'png_pt')]
Found Element By : By.xpath: //select[contains(@name,'png_pt')]
Trying to find Element By : By.xpath: //select[contains(@name,'png_pt')]
Found Element By : By.xpath: //select[contains(@name,'png_pt')]
Trying to find Element By : By.xpath: .//option[normalize-space(.) = "19"]
Found Element By : By.xpath: .//option[normalize-space(.) = "19"]
Trying to click on: [[[[ChromeDriver: chrome on WINDOWS (15c9a7a27bf3ad9a87345a7644c02216)] -> xpath: //select[contains(@name,'png_pt')]]] -> xpath: .//option[normalize-space(.) = "19"]]
Clicked on: [[[[ChromeDriver: chrome on WINDOWS (15c9a7a27bf3ad9a87345a7644c02216)] -> xpath: //select[contains(@name,'png_pt')]]] -> xpath: .//option[normalize-space(.) = "19"]]
Trying to find Element By : By.id: btnSubmit
Found Element By : By.id: btnSubmit
Trying to click on: [[ChromeDriver: chrome on WINDOWS (15c9a7a27bf3ad9a87345a7644c02216)] -> id: btnSubmit]
Clicked on: [[ChromeDriver: chrome on WINDOWS (15c9a7a27bf3ad9a87345a7644c02216)] -> id: btnSubmit]
Trying to find Element By : By.xpath: //div[contains(@class,'table-responsive')]/table/tbody/tr/td[33]
Found Element By : By.xpath: //div[contains(@class,'table-responsive')]/table/tbody/tr/td[33]
Trying to find Element By : By.xpath: //div[contains(@class,'table-responsive')]/table/tbody/tr/td[34]
Found Element By : By.xpath: //div[contains(@class,'table-responsive')]/table/tbody/tr/td[34]
]]></system-out>
  </testcase>
  <testcase name="PTSettingSMANegativeTest02" classname="AASProductTestCase.AASProductTest.qa.testcases.PTSettingPageTest" time="4.59"/>
  <testcase name="PTSettingSMANegativeTest02" classname="AASProductTestCase.AASProductTest.qa.testcases.PTSettingPageTest" time="4.6"/>
  <testcase name="PTSettingSMANegativeTest02" classname="AASProductTestCase.AASProductTest.qa.testcases.PTSettingPageTest" time="4.605"/>
  <testcase name="PTSettingSMANegativeTest02" classname="AASProductTestCase.AASProductTest.qa.testcases.PTSettingPageTest" time="4.611"/>
  <testcase name="PTSettingSMANegativeTest02" classname="AASProductTestCase.AASProductTest.qa.testcases.PTSettingPageTest" time="4.579"/>
  <testcase name="PTSettingSMANegativeTest02" classname="AASProductTestCase.AASProductTest.qa.testcases.PTSettingPageTest" time="4.571"/>
  <testcase name="PTSettingSMANegativeTest02" classname="AASProductTestCase.AASProductTest.qa.testcases.PTSettingPageTest" time="4.679"/>
  <testcase name="PTSettingSMANegativeTest02" classname="AASProductTestCase.AASProductTest.qa.testcases.PTSettingPageTest" time="4.582"/>
  <testcase name="PTSettingSMANegativeTest02" classname="AASProductTestCase.AASProductTest.qa.testcases.PTSettingPageTest" time="4.593"/>
  <testcase name="PTSettingSMANegativeTest02" classname="AASProductTestCase.AASProductTest.qa.testcases.PTSettingPageTest" time="4.601"/>
  <testcase name="PTSettingSMANegativeTest02" classname="AASProductTestCase.AASProductTest.qa.testcases.PTSettingPageTest" time="4.615"/>
  <testcase name="PTSettingSMANegativeTest02" classname="AASProductTestCase.AASProductTest.qa.testcases.PTSettingPageTest" time="4.628"/>
  <testcase name="PTSettingSMANegativeTest02" classname="AASProductTestCase.AASProductTest.qa.testcases.PTSettingPageTest" time="4.59"/>
  <testcase name="PTSettingSMANegativeTest02" classname="AASProductTestCase.AASProductTest.qa.testcases.PTSettingPageTest" time="4.69"/>
  <testcase name="PTSettingSMANegativeTest02" classname="AASProductTestCase.AASProductTest.qa.testcases.PTSettingPageTest" time="4.581"/>
  <testcase name="PTSettingSMAGroupUpdate" classname="AASProductTestCase.AASProductTest.qa.testcases.PTSettingPageTest" time="8.397"/>
  <testcase name="PTSettingSMAPositiveTest02" classname="AASProductTestCase.AASProductTest.qa.testcases.PTSettingPageTest" time="1.046"/>
  <testcase name="PTSettingSMAPositiveTest02" classname="AASProductTestCase.AASProductTest.qa.testcases.PTSettingPageTest" time="1.05"/>
  <testcase name="PTSettingSMAPositiveTest02" classname="AASProductTestCase.AASProductTest.qa.testcases.PTSettingPageTest" time="1.042"/>
  <testcase name="PTSettingSMAPositiveTest02" classname="AASProductTestCase.AASProductTest.qa.testcases.PTSettingPageTest" time="1.06"/>
  <testcase name="PTSettingSMAPositiveTest02" classname="AASProductTestCase.AASProductTest.qa.testcases.PTSettingPageTest" time="1.055"/>
  <testcase name="PTSettingSMAPositiveTest02" classname="AASProductTestCase.AASProductTest.qa.testcases.PTSettingPageTest" time="1.046"/>
  <testcase name="PTSettingSMAPositiveTest02" classname="AASProductTestCase.AASProductTest.qa.testcases.PTSettingPageTest" time="1.109"/>
  <testcase name="PTSettingSMAPositiveTest02" classname="AASProductTestCase.AASProductTest.qa.testcases.PTSettingPageTest" time="1.045"/>
  <testcase name="PTSettingSMAPositiveTest02" classname="AASProductTestCase.AASProductTest.qa.testcases.PTSettingPageTest" time="1.044"/>
  <testcase name="PTSettingSMAPositiveTest02" classname="AASProductTestCase.AASProductTest.qa.testcases.PTSettingPageTest" time="1.044"/>
  <testcase name="PTSettingSMAPositiveTest02" classname="AASProductTestCase.AASProductTest.qa.testcases.PTSettingPageTest" time="1.048"/>
  <testcase name="PTSettingSMAPositiveTest02" classname="AASProductTestCase.AASProductTest.qa.testcases.PTSettingPageTest" time="1.045"/>
  <testcase name="PTSettingSMAPositiveTest02" classname="AASProductTestCase.AASProductTest.qa.testcases.PTSettingPageTest" time="1.046"/>
  <testcase name="PTSettingSMAPositiveTest02" classname="AASProductTestCase.AASProductTest.qa.testcases.PTSettingPageTest" time="1.043"/>
  <testcase name="PTSettingSMAPositiveTest02" classname="AASProductTestCase.AASProductTest.qa.testcases.PTSettingPageTest" time="1.043"/>
  <testcase name="ProceedMACheck" classname="AASProductTestCase.AASProductTest.qa.testcases.PTSettingPageTest" time="4.498"/>
  <testcase name="PTSettingMAGivenPTCheck" classname="AASProductTestCase.AASProductTest.qa.testcases.PTSettingPageTest" time="1.048"/>
  <testcase name="PTSettingMAGivenPTCheck" classname="AASProductTestCase.AASProductTest.qa.testcases.PTSettingPageTest" time="1.04"/>
  <testcase name="PTSettingMAGivenPTCheck" classname="AASProductTestCase.AASProductTest.qa.testcases.PTSettingPageTest" time="1.046"/>
  <testcase name="PTSettingMAGivenPTCheck" classname="AASProductTestCase.AASProductTest.qa.testcases.PTSettingPageTest" time="1.046"/>
  <testcase name="PTSettingMAGivenPTCheck" classname="AASProductTestCase.AASProductTest.qa.testcases.PTSettingPageTest" time="1.041"/>
  <testcase name="PTSettingMAGivenPTCheck" classname="AASProductTestCase.AASProductTest.qa.testcases.PTSettingPageTest" time="1.054"/>
  <testcase name="PTSettingMAGivenPTCheck" classname="AASProductTestCase.AASProductTest.qa.testcases.PTSettingPageTest" time="1.043"/>
  <testcase name="PTSettingMAGivenPTCheck" classname="AASProductTestCase.AASProductTest.qa.testcases.PTSettingPageTest" time="1.043"/>
  <testcase name="PTSettingMAGivenPTCheck" classname="AASProductTestCase.AASProductTest.qa.testcases.PTSettingPageTest" time="1.061"/>
  <testcase name="PTSettingMAGivenPTCheck" classname="AASProductTestCase.AASProductTest.qa.testcases.PTSettingPageTest" time="1.056"/>
  <testcase name="PTSettingMAGivenPTCheck" classname="AASProductTestCase.AASProductTest.qa.testcases.PTSettingPageTest" time="1.046"/>
  <testcase name="PTSettingMAGivenPTCheck" classname="AASProductTestCase.AASProductTest.qa.testcases.PTSettingPageTest" time="1.047"/>
  <testcase name="PTSettingMAGivenPTCheck" classname="AASProductTestCase.AASProductTest.qa.testcases.PTSettingPageTest" time="1.046"/>
  <testcase name="PTSettingMAGivenPTCheck" classname="AASProductTestCase.AASProductTest.qa.testcases.PTSettingPageTest" time="1.045"/>
  <testcase name="PTSettingMAGivenPTCheck" classname="AASProductTestCase.AASProductTest.qa.testcases.PTSettingPageTest" time="1.05"/>
  <testcase name="PTSettingMAPositiveTest01" classname="AASProductTestCase.AASProductTest.qa.testcases.PTSettingPageTest" time="4.663"/>
  <testcase name="PTSettingMAPositiveTest01" classname="AASProductTestCase.AASProductTest.qa.testcases.PTSettingPageTest" time="4.577"/>
  <testcase name="PTSettingMAPositiveTest01" classname="AASProductTestCase.AASProductTest.qa.testcases.PTSettingPageTest" time="4.591"/>
  <testcase name="PTSettingMAPositiveTest01" classname="AASProductTestCase.AASProductTest.qa.testcases.PTSettingPageTest" time="4.621"/>
  <testcase name="PTSettingMAPositiveTest01" classname="AASProductTestCase.AASProductTest.qa.testcases.PTSettingPageTest" time="4.586"/>
  <testcase name="PTSettingMAPositiveTest01" classname="AASProductTestCase.AASProductTest.qa.testcases.PTSettingPageTest" time="4.574"/>
  <testcase name="PTSettingMAPositiveTest01" classname="AASProductTestCase.AASProductTest.qa.testcases.PTSettingPageTest" time="4.58"/>
  <testcase name="PTSettingMAPositiveTest01" classname="AASProductTestCase.AASProductTest.qa.testcases.PTSettingPageTest" time="4.581"/>
  <testcase name="PTSettingMAPositiveTest01" classname="AASProductTestCase.AASProductTest.qa.testcases.PTSettingPageTest" time="4.597"/>
  <testcase name="PTSettingMAPositiveTest01" classname="AASProductTestCase.AASProductTest.qa.testcases.PTSettingPageTest" time="4.569"/>
  <testcase name="PTSettingMAPositiveTest01" classname="AASProductTestCase.AASProductTest.qa.testcases.PTSettingPageTest" time="4.586"/>
  <testcase name="PTSettingMAPositiveTest01" classname="AASProductTestCase.AASProductTest.qa.testcases.PTSettingPageTest" time="4.594"/>
  <testcase name="PTSettingMAPositiveTest01" classname="AASProductTestCase.AASProductTest.qa.testcases.PTSettingPageTest" time="4.584"/>
  <testcase name="PTSettingMAPositiveTest01" classname="AASProductTestCase.AASProductTest.qa.testcases.PTSettingPageTest" time="4.6"/>
  <testcase name="PTSettingMAPositiveTest01" classname="AASProductTestCase.AASProductTest.qa.testcases.PTSettingPageTest" time="4.618"/>
  <testcase name="PTSettingMANegativeTest01" classname="AASProductTestCase.AASProductTest.qa.testcases.PTSettingPageTest" time="4.601"/>
  <testcase name="PTSettingMANegativeTest01" classname="AASProductTestCase.AASProductTest.qa.testcases.PTSettingPageTest" time="4.579"/>
  <testcase name="PTSettingMANegativeTest01" classname="AASProductTestCase.AASProductTest.qa.testcases.PTSettingPageTest" time="4.74"/>
  <testcase name="PTSettingMANegativeTest01" classname="AASProductTestCase.AASProductTest.qa.testcases.PTSettingPageTest" time="4.699"/>
  <testcase name="PTSettingMANegativeTest01" classname="AASProductTestCase.AASProductTest.qa.testcases.PTSettingPageTest" time="4.574"/>
  <testcase name="PTSettingMANegativeTest01" classname="AASProductTestCase.AASProductTest.qa.testcases.PTSettingPageTest" time="4.605"/>
  <testcase name="PTSettingMANegativeTest01" classname="AASProductTestCase.AASProductTest.qa.testcases.PTSettingPageTest" time="4.612"/>
  <testcase name="PTSettingMANegativeTest01" classname="AASProductTestCase.AASProductTest.qa.testcases.PTSettingPageTest" time="4.622"/>
  <testcase name="PTSettingMANegativeTest01" classname="AASProductTestCase.AASProductTest.qa.testcases.PTSettingPageTest" time="4.582"/>
  <testcase name="PTSettingMANegativeTest01" classname="AASProductTestCase.AASProductTest.qa.testcases.PTSettingPageTest" time="4.576"/>
  <testcase name="PTSettingMANegativeTest01" classname="AASProductTestCase.AASProductTest.qa.testcases.PTSettingPageTest" time="4.567"/>
  <testcase name="PTSettingMANegativeTest01" classname="AASProductTestCase.AASProductTest.qa.testcases.PTSettingPageTest" time="4.619"/>
  <testcase name="PTSettingMANegativeTest01" classname="AASProductTestCase.AASProductTest.qa.testcases.PTSettingPageTest" time="4.587"/>
  <testcase name="PTSettingMANegativeTest01" classname="AASProductTestCase.AASProductTest.qa.testcases.PTSettingPageTest" time="4.648"/>
  <testcase name="PTSettingMANegativeTest01" classname="AASProductTestCase.AASProductTest.qa.testcases.PTSettingPageTest" time="4.751"/>
  <testcase name="PTSettingMAGroupUpdate" classname="AASProductTestCase.AASProductTest.qa.testcases.PTSettingPageTest" time="8.471"/>
  <testcase name="PTSettingMAPositiveTest02" classname="AASProductTestCase.AASProductTest.qa.testcases.PTSettingPageTest" time="1.047"/>
  <testcase name="PTSettingMAPositiveTest02" classname="AASProductTestCase.AASProductTest.qa.testcases.PTSettingPageTest" time="1.044"/>
  <testcase name="PTSettingMAPositiveTest02" classname="AASProductTestCase.AASProductTest.qa.testcases.PTSettingPageTest" time="1.045"/>
  <testcase name="PTSettingMAPositiveTest02" classname="AASProductTestCase.AASProductTest.qa.testcases.PTSettingPageTest" time="1.048"/>
  <testcase name="PTSettingMAPositiveTest02" classname="AASProductTestCase.AASProductTest.qa.testcases.PTSettingPageTest" time="1.041"/>
  <testcase name="PTSettingMAPositiveTest02" classname="AASProductTestCase.AASProductTest.qa.testcases.PTSettingPageTest" time="1.047"/>
  <testcase name="PTSettingMAPositiveTest02" classname="AASProductTestCase.AASProductTest.qa.testcases.PTSettingPageTest" time="1.045"/>
  <testcase name="PTSettingMAPositiveTest02" classname="AASProductTestCase.AASProductTest.qa.testcases.PTSettingPageTest" time="1.049"/>
  <testcase name="PTSettingMAPositiveTest02" classname="AASProductTestCase.AASProductTest.qa.testcases.PTSettingPageTest" time="1.048"/>
  <testcase name="PTSettingMAPositiveTest02" classname="AASProductTestCase.AASProductTest.qa.testcases.PTSettingPageTest" time="1.041"/>
  <testcase name="PTSettingMAPositiveTest02" classname="AASProductTestCase.AASProductTest.qa.testcases.PTSettingPageTest" time="1.041"/>
  <testcase name="PTSettingMAPositiveTest02" classname="AASProductTestCase.AASProductTest.qa.testcases.PTSettingPageTest" time="1.044"/>
  <testcase name="PTSettingMAPositiveTest02" classname="AASProductTestCase.AASProductTest.qa.testcases.PTSettingPageTest" time="1.041"/>
  <testcase name="PTSettingMAPositiveTest02" classname="AASProductTestCase.AASProductTest.qa.testcases.PTSettingPageTest" time="1.043"/>
  <testcase name="PTSettingMAPositiveTest02" classname="AASProductTestCase.AASProductTest.qa.testcases.PTSettingPageTest" time="1.046"/>
</testsuite>