<?xml version="1.0" encoding="UTF-8"?>
<testsuite xmlns:xsi="http://www.w3.org/2001/XMLSchema-instance" xsi:noNamespaceSchemaLocation="https://maven.apache.org/surefire/maven-surefire-plugin/xsd/surefire-test-report.xsd" name="TestSuite" time="72.959" tests="14" errors="0" skipped="0" failures="3">
  <properties>
[...]
</properties>
  <testcase name="ProductStatusPositiveTest01" classname="AASProductTestCase.AASProductTest.qa.testcases.ProductSettingPageTest" time="4.619"/>
  <testcase name="ProductStatusPositiveTest01" classname="AASProductTestCase.AASProductTest.qa.testcases.ProductSettingPageTest" time="4.557"/>
  <testcase name="ProductStatusPositiveTest01" classname="AASProductTestCase.AASProductTest.qa.testcases.ProductSettingPageTest" time="2.854">
    <failure message="no such alert&#10;  (Session info: chrome=84.0.4147.125)&#10;Build info: version: &apos;3.14.0&apos;, revision: &apos;aacccce0&apos;, time: &apos;2018-08-02T20:19:58.91Z&apos;&#10;System info: host: &apos;LTP11&apos;, ip: &apos;192.168.0.44&apos;, os.name: &apos;Windows 10&apos;, os.arch: &apos;amd64&apos;, os.version: &apos;10.0&apos;, java.version: &apos;14.0.1&apos;&#10;Driver info: org.openqa.selenium.chrome.ChromeDriver&#10;Capabilities {acceptInsecureCerts: false, browserName: chrome, browserVersion: 84.0.4147.125, chrome: {chromedriverVersion: 83.0.4103.39 (ccbf011cb2d2b..., userDataDir: C:\Users\User\AppData\Local...}, goog:chromeOptions: {debuggerAddress: localhost:60243}, javascriptEnabled: true, networkConnectionEnabled: false, pageLoadStrategy: normal, platform: WINDOWS, platformName: WINDOWS, proxy: Proxy(), setWindowRect: true, strictFileInteractability: false, timeouts: {implicit: 0, pageLoad: 300000, script: 30000}, unhandledPromptBehavior: dismiss and notify, webauthn:virtualAuthenticators: true}&#10;Session ID: 59a94a746b52db79144516268c35e361" type="org.openqa.selenium.NoAlertPresentException">org.openqa.selenium.NoAlertPresentException: 
no such alert
  (Session info: chrome=84.0.4147.125)
Build info: version: '3.14.0', revision: 'aacccce0', time: '2018-08-02T20:19:58.91Z'
System info: host: 'LTP11', ip: '192.168.0.44', os.name: 'Windows 10', os.arch: 'amd64', os.version: '10.0', java.version: '14.0.1'
Driver info: org.openqa.selenium.chrome.ChromeDriver
Capabilities {acceptInsecureCerts: false, browserName: chrome, browserVersion: 84.0.4147.125, chrome: {chromedriverVersion: 83.0.4103.39 (ccbf011cb2d2b..., userDataDir: C:\Users\User\AppData\Local...}, goog:chromeOptions: {debuggerAddress: localhost:60243}, javascriptEnabled: true, networkConnectionEnabled: false, pageLoadStrategy: normal, platform: WINDOWS, platformName: WINDOWS, proxy: Proxy(), setWindowRect: true, strictFileInteractability: false, timeouts: {implicit: 0, pageLoad: 300000, script: 30000}, unhandledPromptBehavior: dismiss and notify, webauthn:virtualAuthenticators: true}
Session ID: 59a94a746b52db79144516268c35e361
	at AASProductTestCase.AASProductTest.qa.testcases.ProductSettingPageTest.ProductStatusPositiveTest01(ProductSettingPageTest.java:82)
</failure>
    <system-out><![CDATA[Trying to find Element By : By.id: check_1
Found Element By : By.id: check_1
Trying to click on: [[ChromeDriver: chrome on WINDOWS (59a94a746b52db79144516268c35e361)] -> id: check_1]
Clicked on: [[ChromeDriver: chrome on WINDOWS (59a94a746b52db79144516268c35e361)] -> id: check_1]
Trying to find Element By : By.xpath: //select[contains(@name,'evo_status')]
Found Element By : By.xpath: //select[contains(@name,'evo_status')]
Trying to find Element By : By.xpath: //select[contains(@name,'evo_status')]
Found Element By : By.xpath: //select[contains(@name,'evo_status')]
Trying to find Element By : By.xpath: //select[contains(@name,'bg_status')]
Found Element By : By.xpath: //select[contains(@name,'bg_status')]
Trying to find Element By : By.xpath: //select[contains(@name,'bg_status')]
Found Element By : By.xpath: //select[contains(@name,'bg_status')]
Trying to find Element By : By.xpath: //select[contains(@name,'titanium_status')]
Found Element By : By.xpath: //select[contains(@name,'titanium_status')]
Trying to find Element By : By.xpath: //select[contains(@name,'titanium_status')]
Found Element By : By.xpath: //select[contains(@name,'titanium_status')]
Trying to find Element By : By.xpath: //select[contains(@name,'asg_status')]
Found Element By : By.xpath: //select[contains(@name,'asg_status')]
Trying to find Element By : By.xpath: //select[contains(@name,'asg_status')]
Found Element By : By.xpath: //select[contains(@name,'asg_status')]
Trying to find Element By : By.xpath: //select[contains(@name,'dg_status')]
Found Element By : By.xpath: //select[contains(@name,'dg_status')]
Trying to find Element By : By.xpath: //select[contains(@name,'dg_status')]
Found Element By : By.xpath: //select[contains(@name,'dg_status')]
Trying to find Element By : By.xpath: //select[contains(@name,'av_status')]
Found Element By : By.xpath: //select[contains(@name,'av_status')]
Trying to find Element By : By.xpath: //select[contains(@name,'av_status')]
Found Element By : By.xpath: //select[contains(@name,'av_status')]
Trying to find Element By : By.xpath: //select[contains(@name,'pp_status')]
Found Element By : By.xpath: //select[contains(@name,'pp_status')]
Trying to find Element By : By.xpath: //select[contains(@name,'pp_status')]
Found Element By : By.xpath: //select[contains(@name,'pp_status')]
Trying to find Element By : By.xpath: //select[contains(@name,'sxg_status')]
Found Element By : By.xpath: //select[contains(@name,'sxg_status')]
Trying to find Element By : By.xpath: //select[contains(@name,'sxg_status')]
Found Element By : By.xpath: //select[contains(@name,'sxg_status')]
Trying to find Element By : By.xpath: //select[contains(@name,'pps_status')]
Found Element By : By.xpath: //select[contains(@name,'pps_status')]
Trying to find Element By : By.xpath: //select[contains(@name,'pps_status')]
Found Element By : By.xpath: //select[contains(@name,'pps_status')]
Trying to find Element By : By.xpath: //select[contains(@name,'haba_status')]
Found Element By : By.xpath: //select[contains(@name,'haba_status')]
Trying to find Element By : By.xpath: //select[contains(@name,'haba_status')]
Found Element By : By.xpath: //select[contains(@name,'haba_status')]
Trying to find Element By : By.xpath: //select[contains(@name,'mv_status')]
Found Element By : By.xpath: //select[contains(@name,'mv_status')]
Trying to find Element By : By.xpath: //select[contains(@name,'mv_status')]
Found Element By : By.xpath: //select[contains(@name,'mv_status')]
Trying to find Element By : By.xpath: //select[contains(@name,'nt_status')]
Found Element By : By.xpath: //select[contains(@name,'nt_status')]
Trying to find Element By : By.xpath: //select[contains(@name,'nt_status')]
Found Element By : By.xpath: //select[contains(@name,'nt_status')]
Trying to find Element By : By.xpath: //select[contains(@name,'qs_status')]
Found Element By : By.xpath: //select[contains(@name,'qs_status')]
Trying to find Element By : By.xpath: //select[contains(@name,'qs_status')]
Found Element By : By.xpath: //select[contains(@name,'qs_status')]
Trying to find Element By : By.xpath: //select[contains(@name,'sg_status')]
Found Element By : By.xpath: //select[contains(@name,'sg_status')]
Trying to find Element By : By.xpath: //select[contains(@name,'sg_status')]
Found Element By : By.xpath: //select[contains(@name,'sg_status')]
Trying to find Element By : By.xpath: //select[contains(@name,'titanium_status')]
Found Element By : By.xpath: //select[contains(@name,'titanium_status')]
Trying to find Element By : By.xpath: .//option[normalize-space(.) = "Disabled"]
Found Element By : By.xpath: .//option[normalize-space(.) = "Disabled"]
Trying to click on: [[[[ChromeDriver: chrome on WINDOWS (59a94a746b52db79144516268c35e361)] -> xpath: //select[contains(@name,'titanium_status')]]] -> xpath: .//option[normalize-space(.) = "Disabled"]]
Clicked on: [[[[ChromeDriver: chrome on WINDOWS (59a94a746b52db79144516268c35e361)] -> xpath: //select[contains(@name,'titanium_status')]]] -> xpath: .//option[normalize-space(.) = "Disabled"]]
Trying to find Element By : By.id: btnSubmit
Found Element By : By.id: btnSubmit
Trying to click on: [[ChromeDriver: chrome on WINDOWS (59a94a746b52db79144516268c35e361)] -> id: btnSubmit]
Clicked on: [[ChromeDriver: chrome on WINDOWS (59a94a746b52db79144516268c35e361)] -> id: btnSubmit]
***************************
Screenshot stored at C:\Users\User\git\AASStagingTest\AASProductTestTools/screenshots/ProductStatusPositiveTest01_Fri_Aug_21_16_20_04_SGT_2020.png
***************************
]]></system-out>
  </testcase>
  <testcase name="ProductStatusPositiveTest01" classname="AASProductTestCase.AASProductTest.qa.testcases.ProductSettingPageTest" time="1.383">
    <failure message="unexpected alert open: {Alert text : You have successfully updated selected item!}&#10;  (Session info: chrome=84.0.4147.125): You have successfully updated selected item!&#10;Build info: version: &apos;3.14.0&apos;, revision: &apos;aacccce0&apos;, time: &apos;2018-08-02T20:19:58.91Z&apos;&#10;System info: host: &apos;LTP11&apos;, ip: &apos;192.168.0.44&apos;, os.name: &apos;Windows 10&apos;, os.arch: &apos;amd64&apos;, os.version: &apos;10.0&apos;, java.version: &apos;14.0.1&apos;&#10;Driver info: org.openqa.selenium.chrome.ChromeDriver&#10;Capabilities {acceptInsecureCerts: false, browserName: chrome, browserVersion: 84.0.4147.125, chrome: {chromedriverVersion: 83.0.4103.39 (ccbf011cb2d2b..., userDataDir: C:\Users\User\AppData\Local...}, goog:chromeOptions: {debuggerAddress: localhost:60243}, javascriptEnabled: true, networkConnectionEnabled: false, pageLoadStrategy: normal, platform: WINDOWS, platformName: WINDOWS, proxy: Proxy(), setWindowRect: true, strictFileInteractability: false, timeouts: {implicit: 0, pageLoad: 300000, script: 30000}, unhandledPromptBehavior: dismiss and notify, webauthn:virtualAuthenticators: true}&#10;Session ID: 59a94a746b52db79144516268c35e361&#10;*** Element info: {Using=id, value=check_1}" type="org.openqa.selenium.UnhandledAlertException">org.openqa.selenium.UnhandledAlertException: 
unexpected alert open: {Alert text : You have successfully updated selected item!}
  (Session info: chrome=84.0.4147.125): You have successfully updated selected item!
Build info: version: '3.14.0', revision: 'aacccce0', time: '2018-08-02T20:19:58.91Z'
System info: host: 'LTP11', ip: '192.168.0.44', os.name: 'Windows 10', os.arch: 'amd64', os.version: '10.0', java.version: '14.0.1'
Driver info: org.openqa.selenium.chrome.ChromeDriver
Capabilities {acceptInsecureCerts: false, browserName: chrome, browserVersion: 84.0.4147.125, chrome: {chromedriverVersion: 83.0.4103.39 (ccbf011cb2d2b..., userDataDir: C:\Users\User\AppData\Local...}, goog:chromeOptions: {debuggerAddress: localhost:60243}, javascriptEnabled: true, networkConnectionEnabled: false, pageLoadStrategy: normal, platform: WINDOWS, platformName: WINDOWS, proxy: Proxy(), setWindowRect: true, strictFileInteractability: false, timeouts: {implicit: 0, pageLoad: 300000, script: 30000}, unhandledPromptBehavior: dismiss and notify, webauthn:virtualAuthenticators: true}
Session ID: 59a94a746b52db79144516268c35e361
*** Element info: {Using=id, value=check_1}
	at AASProductTestCase.AASProductTest.qa.testcases.ProductSettingPageTest.ProductStatusPositiveTest01(ProductSettingPageTest.java:82)
</failure>
    <system-out><![CDATA[Trying to find Element By : By.id: check_1
Exception occured: org.openqa.selenium.UnhandledAlertException: unexpected alert open: {Alert text : You have successfully updated selected item!}
  (Session info: chrome=84.0.4147.125): You have successfully updated selected item!
Build info: version: '3.14.0', revision: 'aacccce0', time: '2018-08-02T20:19:58.91Z'
System info: host: 'LTP11', ip: '192.168.0.44', os.name: 'Windows 10', os.arch: 'amd64', os.version: '10.0', java.version: '14.0.1'
Driver info: org.openqa.selenium.chrome.ChromeDriver
Capabilities {acceptInsecureCerts: false, browserName: chrome, browserVersion: 84.0.4147.125, chrome: {chromedriverVersion: 83.0.4103.39 (ccbf011cb2d2b..., userDataDir: C:\Users\User\AppData\Local...}, goog:chromeOptions: {debuggerAddress: localhost:60243}, javascriptEnabled: true, networkConnectionEnabled: false, pageLoadStrategy: normal, platform: WINDOWS, platformName: WINDOWS, proxy: Proxy(), setWindowRect: true, strictFileInteractability: false, timeouts: {implicit: 0, pageLoad: 300000, script: 30000}, unhandledPromptBehavior: dismiss and notify, webauthn:virtualAuthenticators: true}
Session ID: 59a94a746b52db79144516268c35e361
*** Element info: {Using=id, value=check_1}
***************************
Screenshot stored at C:\Users\User\git\AASStagingTest\AASProductTestTools/screenshots/ProductStatusPositiveTest01_Fri_Aug_21_16_20_05_SGT_2020.png
***************************
]]></system-out>
  </testcase>
  <testcase name="ProductStatusPositiveTest01" classname="AASProductTestCase.AASProductTest.qa.testcases.ProductSettingPageTest" time="4.544"/>
  <testcase name="ProductStatusPositiveTest01" classname="AASProductTestCase.AASProductTest.qa.testcases.ProductSettingPageTest" time="4.497"/>
  <testcase name="ProductStatusPositiveTest01" classname="AASProductTestCase.AASProductTest.qa.testcases.ProductSettingPageTest" time="4.559"/>
  <testcase name="ProductStatusPositiveTest01" classname="AASProductTestCase.AASProductTest.qa.testcases.ProductSettingPageTest" time="4.492"/>
  <testcase name="ProductStatusPositiveTest01" classname="AASProductTestCase.AASProductTest.qa.testcases.ProductSettingPageTest" time="4.558"/>
  <testcase name="ProductStatusPositiveTest01" classname="AASProductTestCase.AASProductTest.qa.testcases.ProductSettingPageTest" time="4.652"/>
  <testcase name="ProductStatusPositiveTest01" classname="AASProductTestCase.AASProductTest.qa.testcases.ProductSettingPageTest" time="4.559"/>
  <testcase name="ProductStatusPositiveTest01" classname="AASProductTestCase.AASProductTest.qa.testcases.ProductSettingPageTest" time="4.548"/>
  <testcase name="ProductStatusPositiveTest01" classname="AASProductTestCase.AASProductTest.qa.testcases.ProductSettingPageTest" time="4.498"/>
  <testcase name="ProductStatusPositiveTest01" classname="AASProductTestCase.AASProductTest.qa.testcases.ProductSettingPageTest" time="4.816">
    <failure message="expected [Active] but found [Disabled]" type="java.lang.AssertionError">java.lang.AssertionError: expected [Active] but found [Disabled]
	at AASProductTestCase.AASProductTest.qa.testcases.ProductSettingPageTest.ProductStatusPositiveTest01(ProductSettingPageTest.java:86)
</failure>
    <system-out><![CDATA[Trying to find Element By : By.id: check_1
Found Element By : By.id: check_1
Trying to click on: [[ChromeDriver: chrome on WINDOWS (59a94a746b52db79144516268c35e361)] -> id: check_1]
Clicked on: [[ChromeDriver: chrome on WINDOWS (59a94a746b52db79144516268c35e361)] -> id: check_1]
Trying to find Element By : By.xpath: //select[contains(@name,'evo_status')]
Found Element By : By.xpath: //select[contains(@name,'evo_status')]
Trying to find Element By : By.xpath: //select[contains(@name,'evo_status')]
Found Element By : By.xpath: //select[contains(@name,'evo_status')]
Trying to find Element By : By.xpath: //select[contains(@name,'bg_status')]
Found Element By : By.xpath: //select[contains(@name,'bg_status')]
Trying to find Element By : By.xpath: //select[contains(@name,'bg_status')]
Found Element By : By.xpath: //select[contains(@name,'bg_status')]
Trying to find Element By : By.xpath: //select[contains(@name,'titanium_status')]
Found Element By : By.xpath: //select[contains(@name,'titanium_status')]
Trying to find Element By : By.xpath: //select[contains(@name,'titanium_status')]
Found Element By : By.xpath: //select[contains(@name,'titanium_status')]
Trying to find Element By : By.xpath: //select[contains(@name,'asg_status')]
Found Element By : By.xpath: //select[contains(@name,'asg_status')]
Trying to find Element By : By.xpath: //select[contains(@name,'asg_status')]
Found Element By : By.xpath: //select[contains(@name,'asg_status')]
Trying to find Element By : By.xpath: //select[contains(@name,'dg_status')]
Found Element By : By.xpath: //select[contains(@name,'dg_status')]
Trying to find Element By : By.xpath: //select[contains(@name,'dg_status')]
Found Element By : By.xpath: //select[contains(@name,'dg_status')]
Trying to find Element By : By.xpath: //select[contains(@name,'av_status')]
Found Element By : By.xpath: //select[contains(@name,'av_status')]
Trying to find Element By : By.xpath: //select[contains(@name,'av_status')]
Found Element By : By.xpath: //select[contains(@name,'av_status')]
Trying to find Element By : By.xpath: //select[contains(@name,'pp_status')]
Found Element By : By.xpath: //select[contains(@name,'pp_status')]
Trying to find Element By : By.xpath: //select[contains(@name,'pp_status')]
Found Element By : By.xpath: //select[contains(@name,'pp_status')]
Trying to find Element By : By.xpath: //select[contains(@name,'sxg_status')]
Found Element By : By.xpath: //select[contains(@name,'sxg_status')]
Trying to find Element By : By.xpath: //select[contains(@name,'sxg_status')]
Found Element By : By.xpath: //select[contains(@name,'sxg_status')]
Trying to find Element By : By.xpath: //select[contains(@name,'pps_status')]
Found Element By : By.xpath: //select[contains(@name,'pps_status')]
Trying to find Element By : By.xpath: //select[contains(@name,'pps_status')]
Found Element By : By.xpath: //select[contains(@name,'pps_status')]
Trying to find Element By : By.xpath: //select[contains(@name,'haba_status')]
Found Element By : By.xpath: //select[contains(@name,'haba_status')]
Trying to find Element By : By.xpath: //select[contains(@name,'haba_status')]
Found Element By : By.xpath: //select[contains(@name,'haba_status')]
Trying to find Element By : By.xpath: //select[contains(@name,'mv_status')]
Found Element By : By.xpath: //select[contains(@name,'mv_status')]
Trying to find Element By : By.xpath: //select[contains(@name,'mv_status')]
Found Element By : By.xpath: //select[contains(@name,'mv_status')]
Trying to find Element By : By.xpath: //select[contains(@name,'nt_status')]
Found Element By : By.xpath: //select[contains(@name,'nt_status')]
Trying to find Element By : By.xpath: //select[contains(@name,'nt_status')]
Found Element By : By.xpath: //select[contains(@name,'nt_status')]
Trying to find Element By : By.xpath: //select[contains(@name,'qs_status')]
Found Element By : By.xpath: //select[contains(@name,'qs_status')]
Trying to find Element By : By.xpath: //select[contains(@name,'qs_status')]
Found Element By : By.xpath: //select[contains(@name,'qs_status')]
Trying to find Element By : By.xpath: //select[contains(@name,'sg_status')]
Found Element By : By.xpath: //select[contains(@name,'sg_status')]
Trying to find Element By : By.xpath: //select[contains(@name,'sg_status')]
Found Element By : By.xpath: //select[contains(@name,'sg_status')]
Trying to find Element By : By.xpath: //select[contains(@name,'sg_status')]
Found Element By : By.xpath: //select[contains(@name,'sg_status')]
Trying to find Element By : By.xpath: .//option[normalize-space(.) = "Disabled"]
Found Element By : By.xpath: .//option[normalize-space(.) = "Disabled"]
Trying to click on: [[[[ChromeDriver: chrome on WINDOWS (59a94a746b52db79144516268c35e361)] -> xpath: //select[contains(@name,'sg_status')]]] -> xpath: .//option[normalize-space(.) = "Disabled"]]
Clicked on: [[[[ChromeDriver: chrome on WINDOWS (59a94a746b52db79144516268c35e361)] -> xpath: //select[contains(@name,'sg_status')]]] -> xpath: .//option[normalize-space(.) = "Disabled"]]
Trying to find Element By : By.id: btnSubmit
Found Element By : By.id: btnSubmit
Trying to click on: [[ChromeDriver: chrome on WINDOWS (59a94a746b52db79144516268c35e361)] -> id: btnSubmit]
Clicked on: [[ChromeDriver: chrome on WINDOWS (59a94a746b52db79144516268c35e361)] -> id: btnSubmit]
Trying to find Element By : By.xpath: //div[contains(@class,'table-responsive')]/table/tbody/tr/td[18]/font
Found Element By : By.xpath: //div[contains(@class,'table-responsive')]/table/tbody/tr/td[18]/font
***************************
Screenshot stored at C:\Users\User\git\AASStagingTest\AASProductTestTools/screenshots/ProductStatusPositiveTest01_Fri_Aug_21_16_20_51_SGT_2020.png
***************************
]]></system-out>
  </testcase>
</testsuite>