<?xml version="1.0" encoding="UTF-8"?>
<testng-results ignored="0" total="9" passed="9" failed="0" skipped="0">
  <reporter-output>
  </reporter-output>
  <suite started-at="2020-09-20T17:36:44Z" name="AAS Account List Test Suite" finished-at="2020-09-20T17:38:02Z" duration-ms="77885">
    <groups>
    </groups>
    <test started-at="2020-09-20T17:36:44Z" name="AAS Account List Test" finished-at="2020-09-20T17:38:02Z" duration-ms="77885">
      <class name="AASProductTestCase.AASProductTest.qa.testcases.AccountListPageTest">
        <test-method is-config="true" signature="setUp()[pri:0, instance:AASProductTestCase.AASProductTest.qa.testcases.AccountListPageTest@49139829]" started-at="2020-09-21T01:36:44Z" name="setUp" finished-at="2020-09-21T01:36:52Z" duration-ms="7754" status="PASS">
          <reporter-output>
          </reporter-output>
        </test-method> <!-- setUp -->
        <test-method signature="AccountListStatusFilterTest(org.testng.ITestContext)[pri:1, instance:AASProductTestCase.AASProductTest.qa.testcases.AccountListPageTest@49139829]" started-at="2020-09-21T01:36:52Z" name="AccountListStatusFilterTest" finished-at="2020-09-21T01:37:01Z" duration-ms="8926" status="PASS">
          <params>
            <param index="0">
              <value>
                <![CDATA[org.testng.TestRunner@6c796cc1]]>
              </value>
            </param>
          </params>
          <reporter-output>
          </reporter-output>
        </test-method> <!-- AccountListStatusFilterTest -->
        <test-method signature="SMA_Filter(org.testng.ITestContext)[pri:2, instance:AASProductTestCase.AASProductTest.qa.testcases.AccountListPageTest@49139829]" started-at="2020-09-21T01:37:01Z" name="SMA_Filter" finished-at="2020-09-21T01:37:04Z" duration-ms="3124" status="PASS">
          <params>
            <param index="0">
              <value>
                <![CDATA[org.testng.TestRunner@6c796cc1]]>
              </value>
            </param>
          </params>
          <reporter-output>
          </reporter-output>
        </test-method> <!-- SMA_Filter -->
        <test-method signature="AccountListUpdateTestSMA01(org.testng.ITestContext)[pri:3, instance:AASProductTestCase.AASProductTest.qa.testcases.AccountListPageTest@49139829]" started-at="2020-09-21T01:37:04Z" name="AccountListUpdateTestSMA01" finished-at="2020-09-21T01:37:13Z" duration-ms="8709" status="PASS">
          <params>
            <param index="0">
              <value>
                <![CDATA[org.testng.TestRunner@6c796cc1]]>
              </value>
            </param>
          </params>
          <reporter-output>
          </reporter-output>
        </test-method> <!-- AccountListUpdateTestSMA01 -->
        <test-method signature="AccountListUpdateTestSMA02(org.testng.ITestContext)[pri:4, instance:AASProductTestCase.AASProductTest.qa.testcases.AccountListPageTest@49139829]" started-at="2020-09-21T01:37:13Z" name="AccountListUpdateTestSMA02" finished-at="2020-09-21T01:37:21Z" duration-ms="8549" status="PASS">
          <params>
            <param index="0">
              <value>
                <![CDATA[org.testng.TestRunner@6c796cc1]]>
              </value>
            </param>
          </params>
          <reporter-output>
          </reporter-output>
        </test-method> <!-- AccountListUpdateTestSMA02 -->
        <test-method signature="AccountListUpdateTestSMANegative01(org.testng.ITestContext)[pri:5, instance:AASProductTestCase.AASProductTest.qa.testcases.AccountListPageTest@49139829]" started-at="2020-09-21T01:37:21Z" name="AccountListUpdateTestSMANegative01" finished-at="2020-09-21T01:37:30Z" duration-ms="8407" status="PASS">
          <params>
            <param index="0">
              <value>
                <![CDATA[org.testng.TestRunner@6c796cc1]]>
              </value>
            </param>
          </params>
          <reporter-output>
          </reporter-output>
        </test-method> <!-- AccountListUpdateTestSMANegative01 -->
        <test-method signature="AccountListUpdateTestSMANegative02(org.testng.ITestContext)[pri:6, instance:AASProductTestCase.AASProductTest.qa.testcases.AccountListPageTest@49139829]" started-at="2020-09-21T01:37:30Z" name="AccountListUpdateTestSMANegative02" finished-at="2020-09-21T01:37:38Z" duration-ms="8524" status="PASS">
          <params>
            <param index="0">
              <value>
                <![CDATA[org.testng.TestRunner@6c796cc1]]>
              </value>
            </param>
          </params>
          <reporter-output>
          </reporter-output>
        </test-method> <!-- AccountListUpdateTestSMANegative02 -->
        <test-method signature="ProceedSMACheck(org.testng.ITestContext)[pri:7, instance:AASProductTestCase.AASProductTest.qa.testcases.AccountListPageTest@49139829]" started-at="2020-09-21T01:37:38Z" name="ProceedSMACheck" finished-at="2020-09-21T01:37:44Z" duration-ms="6049" status="PASS">
          <params>
            <param index="0">
              <value>
                <![CDATA[org.testng.TestRunner@6c796cc1]]>
              </value>
            </param>
          </params>
          <reporter-output>
          </reporter-output>
        </test-method> <!-- ProceedSMACheck -->
        <test-method signature="AccountListUpdateTestMA01(org.testng.ITestContext)[pri:8, instance:AASProductTestCase.AASProductTest.qa.testcases.AccountListPageTest@49139829]" started-at="2020-09-21T01:37:44Z" name="AccountListUpdateTestMA01" finished-at="2020-09-21T01:37:53Z" duration-ms="8673" status="PASS">
          <params>
            <param index="0">
              <value>
                <![CDATA[org.testng.TestRunner@6c796cc1]]>
              </value>
            </param>
          </params>
          <reporter-output>
          </reporter-output>
        </test-method> <!-- AccountListUpdateTestMA01 -->
        <test-method signature="AccountListUpdateTestMA02(org.testng.ITestContext)[pri:9, instance:AASProductTestCase.AASProductTest.qa.testcases.AccountListPageTest@49139829]" started-at="2020-09-21T01:37:53Z" name="AccountListUpdateTestMA02" finished-at="2020-09-21T01:38:02Z" duration-ms="8525" status="PASS">
          <params>
            <param index="0">
              <value>
                <![CDATA[org.testng.TestRunner@6c796cc1]]>
              </value>
            </param>
          </params>
          <reporter-output>
          </reporter-output>
        </test-method> <!-- AccountListUpdateTestMA02 -->
        <test-method is-config="true" signature="tearDown()[pri:0, instance:AASProductTestCase.AASProductTest.qa.testcases.AccountListPageTest@49139829]" started-at="2020-09-21T01:38:02Z" name="tearDown" finished-at="2020-09-21T01:38:02Z" duration-ms="618" status="PASS">
          <reporter-output>
          </reporter-output>
        </test-method> <!-- tearDown -->
      </class> <!-- AASProductTestCase.AASProductTest.qa.testcases.AccountListPageTest -->
    </test> <!-- AAS Account List Test -->
  </suite> <!-- AAS Account List Test Suite -->
  <suite started-at="2020-09-20T17:38:03Z" name="AAS Product Test Suite" finished-at="2020-09-20T17:38:03Z" duration-ms="0">
    <groups>
    </groups>
  </suite> <!-- AAS Product Test Suite -->
</testng-results>
