<?xml version="1.0" encoding="UTF-8"?>
<testsuite xmlns:xsi="http://www.w3.org/2001/XMLSchema-instance" xsi:noNamespaceSchemaLocation="https://maven.apache.org/surefire/maven-surefire-plugin/xsd/surefire-test-report.xsd" name="TestSuite" time="706.154" tests="200" errors="0" skipped="0" failures="46">
  <properties>
[...]
</properties>
  <testcase name="PTSettingCAPositiveTest01" classname="AASProductTestCase.AASProductTest.qa.testcases.PTSettingPageTest" time="4.91"/>
  <testcase name="PTSettingCAPositiveTest01" classname="AASProductTestCase.AASProductTest.qa.testcases.PTSettingPageTest" time="4.748"/>
  <testcase name="PTSettingCAPositiveTest01" classname="AASProductTestCase.AASProductTest.qa.testcases.PTSettingPageTest" time="4.851"/>
  <testcase name="PTSettingCAPositiveTest01" classname="AASProductTestCase.AASProductTest.qa.testcases.PTSettingPageTest" time="4.727"/>
  <testcase name="PTSettingCAPositiveTest01" classname="AASProductTestCase.AASProductTest.qa.testcases.PTSettingPageTest" time="4.816"/>
  <testcase name="PTSettingCAPositiveTest01" classname="AASProductTestCase.AASProductTest.qa.testcases.PTSettingPageTest" time="4.732"/>
  <testcase name="PTSettingCAPositiveTest01" classname="AASProductTestCase.AASProductTest.qa.testcases.PTSettingPageTest" time="5.364">
    <failure message="expected [70] but found [50.5]" type="java.lang.AssertionError">java.lang.AssertionError: expected [70] but found [50.5]
	at AASProductTestCase.AASProductTest.qa.testcases.PTSettingPageTest.PTSettingCAPositiveTest01(PTSettingPageTest.java:112)
</failure>
    <system-out><![CDATA[Trying to find Element By : By.xpath: //div[contains(@class,'table-responsive')]/table/tbody/tr/td[17]
Found Element By : By.xpath: //div[contains(@class,'table-responsive')]/table/tbody/tr/td[17]
Trying to find Element By : By.xpath: //div[contains(@class,'table-responsive')]/table/tbody/tr/td[18]
Found Element By : By.xpath: //div[contains(@class,'table-responsive')]/table/tbody/tr/td[18]
Trying to find Element By : By.id: check_3
Found Element By : By.id: check_3
Trying to click on: [[ChromeDriver: chrome on WINDOWS (300a125f6f09334f5c388f64b4abd9ed)] -> id: check_3]
Clicked on: [[ChromeDriver: chrome on WINDOWS (300a125f6f09334f5c388f64b4abd9ed)] -> id: check_3]
Trying to find Element By : By.xpath: //select[contains(@name,'evo_pt')]
Found Element By : By.xpath: //select[contains(@name,'evo_pt')]
Trying to find Element By : By.xpath: //select[contains(@name,'evo_pt')]
Found Element By : By.xpath: //select[contains(@name,'evo_pt')]
Trying to find Element By : By.xpath: //select[contains(@name,'bg_pt')]
Found Element By : By.xpath: //select[contains(@name,'bg_pt')]
Trying to find Element By : By.xpath: //select[contains(@name,'bg_pt')]
Found Element By : By.xpath: //select[contains(@name,'bg_pt')]
Trying to find Element By : By.xpath: //select[contains(@name,'mg_t_pt')]
Found Element By : By.xpath: //select[contains(@name,'mg_t_pt')]
Trying to find Element By : By.xpath: //select[contains(@name,'mg_t_pt')]
Found Element By : By.xpath: //select[contains(@name,'mg_t_pt')]
Trying to find Element By : By.xpath: //select[contains(@name,'asg_pt')]
Found Element By : By.xpath: //select[contains(@name,'asg_pt')]
Trying to find Element By : By.xpath: //select[contains(@name,'asg_pt')]
Found Element By : By.xpath: //select[contains(@name,'asg_pt')]
Trying to find Element By : By.xpath: //select[contains(@name,'dg_pt')]
Found Element By : By.xpath: //select[contains(@name,'dg_pt')]
Trying to find Element By : By.xpath: //select[contains(@name,'dg_pt')]
Found Element By : By.xpath: //select[contains(@name,'dg_pt')]
Trying to find Element By : By.xpath: //select[contains(@name,'av_pt')]
Found Element By : By.xpath: //select[contains(@name,'av_pt')]
Trying to find Element By : By.xpath: //select[contains(@name,'av_pt')]
Found Element By : By.xpath: //select[contains(@name,'av_pt')]
Trying to find Element By : By.xpath: //select[contains(@name,'pp_pt')]
Found Element By : By.xpath: //select[contains(@name,'pp_pt')]
Trying to find Element By : By.xpath: //select[contains(@name,'pp_pt')]
Found Element By : By.xpath: //select[contains(@name,'pp_pt')]
Trying to find Element By : By.xpath: //select[contains(@name,'sxg_pt')]
Found Element By : By.xpath: //select[contains(@name,'sxg_pt')]
Trying to find Element By : By.xpath: //select[contains(@name,'sxg_pt')]
Found Element By : By.xpath: //select[contains(@name,'sxg_pt')]
Trying to find Element By : By.xpath: //select[contains(@name,'pps_pt')]
Found Element By : By.xpath: //select[contains(@name,'pps_pt')]
Trying to find Element By : By.xpath: //select[contains(@name,'pps_pt')]
Found Element By : By.xpath: //select[contains(@name,'pps_pt')]
Trying to find Element By : By.xpath: //select[contains(@name,'haba_pt')]
Found Element By : By.xpath: //select[contains(@name,'haba_pt')]
Trying to find Element By : By.xpath: //select[contains(@name,'haba_pt')]
Found Element By : By.xpath: //select[contains(@name,'haba_pt')]
Trying to find Element By : By.xpath: //select[contains(@name,'mv_pt')]
Found Element By : By.xpath: //select[contains(@name,'mv_pt')]
Trying to find Element By : By.xpath: //select[contains(@name,'mv_pt')]
Found Element By : By.xpath: //select[contains(@name,'mv_pt')]
Trying to find Element By : By.xpath: //select[contains(@name,'nt_pt')]
Found Element By : By.xpath: //select[contains(@name,'nt_pt')]
Trying to find Element By : By.xpath: //select[contains(@name,'nt_pt')]
Found Element By : By.xpath: //select[contains(@name,'nt_pt')]
Trying to find Element By : By.xpath: //select[contains(@name,'qs_pt')]
Found Element By : By.xpath: //select[contains(@name,'qs_pt')]
Trying to find Element By : By.xpath: //select[contains(@name,'qs_pt')]
Found Element By : By.xpath: //select[contains(@name,'qs_pt')]
Trying to find Element By : By.xpath: //div[contains(@class,'table-responsive')]/table/tfoot/tr/td[31]/select
Found Element By : By.xpath: //div[contains(@class,'table-responsive')]/table/tfoot/tr/td[31]/select
Trying to find Element By : By.xpath: //div[contains(@class,'table-responsive')]/table/tfoot/tr/td[31]/select
Found Element By : By.xpath: //div[contains(@class,'table-responsive')]/table/tfoot/tr/td[31]/select
Trying to find Element By : By.xpath: //select[contains(@name,'png_pt')]
Found Element By : By.xpath: //select[contains(@name,'png_pt')]
Trying to find Element By : By.xpath: //select[contains(@name,'png_pt')]
Found Element By : By.xpath: //select[contains(@name,'png_pt')]
Trying to find Element By : By.xpath: //select[contains(@name,'pp_pt')]
Found Element By : By.xpath: //select[contains(@name,'pp_pt')]
Trying to find Element By : By.xpath: .//option[normalize-space(.) = "50.5"]
Found Element By : By.xpath: .//option[normalize-space(.) = "50.5"]
Trying to click on: [[[[ChromeDriver: chrome on WINDOWS (300a125f6f09334f5c388f64b4abd9ed)] -> xpath: //select[contains(@name,'pp_pt')]]] -> xpath: .//option[normalize-space(.) = "50.5"]]
Clicked on: [[[[ChromeDriver: chrome on WINDOWS (300a125f6f09334f5c388f64b4abd9ed)] -> xpath: //select[contains(@name,'pp_pt')]]] -> xpath: .//option[normalize-space(.) = "50.5"]]
Trying to find Element By : By.id: btnSubmit
Found Element By : By.id: btnSubmit
Trying to click on: [[ChromeDriver: chrome on WINDOWS (300a125f6f09334f5c388f64b4abd9ed)] -> id: btnSubmit]
Clicked on: [[ChromeDriver: chrome on WINDOWS (300a125f6f09334f5c388f64b4abd9ed)] -> id: btnSubmit]
Trying to find Element By : By.xpath: //div[contains(@class,'table-responsive')]/table/tbody/tr/td[17]
Found Element By : By.xpath: //div[contains(@class,'table-responsive')]/table/tbody/tr/td[17]
Trying to find Element By : By.xpath: //div[contains(@class,'table-responsive')]/table/tbody/tr/td[18]
Found Element By : By.xpath: //div[contains(@class,'table-responsive')]/table/tbody/tr/td[18]
***************************
Screenshot stored at C:\Users\User\git\AASStagingTest\AASProductTestTools/screenshots/PTSettingCAPositiveTest01_Fri_Oct_16_17_08_43_SGT_2020.png
***************************
]]></system-out>
  </testcase>
  <testcase name="PTSettingCAPositiveTest01" classname="AASProductTestCase.AASProductTest.qa.testcases.PTSettingPageTest" time="4.932"/>
  <testcase name="PTSettingCAPositiveTest01" classname="AASProductTestCase.AASProductTest.qa.testcases.PTSettingPageTest" time="4.948"/>
  <testcase name="PTSettingCAPositiveTest01" classname="AASProductTestCase.AASProductTest.qa.testcases.PTSettingPageTest" time="4.752"/>
  <testcase name="PTSettingCAPositiveTest01" classname="AASProductTestCase.AASProductTest.qa.testcases.PTSettingPageTest" time="4.746"/>
  <testcase name="PTSettingCAPositiveTest01" classname="AASProductTestCase.AASProductTest.qa.testcases.PTSettingPageTest" time="4.739"/>
  <testcase name="PTSettingCAPositiveTest01" classname="AASProductTestCase.AASProductTest.qa.testcases.PTSettingPageTest" time="4.758"/>
  <testcase name="PTSettingCAPositiveTest01" classname="AASProductTestCase.AASProductTest.qa.testcases.PTSettingPageTest" time="4.773"/>
  <testcase name="PTSettingCAPositiveTest01" classname="AASProductTestCase.AASProductTest.qa.testcases.PTSettingPageTest" time="4.803"/>
  <testcase name="PTSettingCAGroupUpdate" classname="AASProductTestCase.AASProductTest.qa.testcases.PTSettingPageTest" time="8.633"/>
  <testcase name="PTSettingCAPositiveTest02" classname="AASProductTestCase.AASProductTest.qa.testcases.PTSettingPageTest" time="1.049"/>
  <testcase name="PTSettingCAPositiveTest02" classname="AASProductTestCase.AASProductTest.qa.testcases.PTSettingPageTest" time="1.053"/>
  <testcase name="PTSettingCAPositiveTest02" classname="AASProductTestCase.AASProductTest.qa.testcases.PTSettingPageTest" time="1.049"/>
  <testcase name="PTSettingCAPositiveTest02" classname="AASProductTestCase.AASProductTest.qa.testcases.PTSettingPageTest" time="1.063"/>
  <testcase name="PTSettingCAPositiveTest02" classname="AASProductTestCase.AASProductTest.qa.testcases.PTSettingPageTest" time="1.071"/>
  <testcase name="PTSettingCAPositiveTest02" classname="AASProductTestCase.AASProductTest.qa.testcases.PTSettingPageTest" time="1.05"/>
  <testcase name="PTSettingCAPositiveTest02" classname="AASProductTestCase.AASProductTest.qa.testcases.PTSettingPageTest" time="1.053"/>
  <testcase name="PTSettingCAPositiveTest02" classname="AASProductTestCase.AASProductTest.qa.testcases.PTSettingPageTest" time="1.052"/>
  <testcase name="PTSettingCAPositiveTest02" classname="AASProductTestCase.AASProductTest.qa.testcases.PTSettingPageTest" time="1.052"/>
  <testcase name="PTSettingCAPositiveTest02" classname="AASProductTestCase.AASProductTest.qa.testcases.PTSettingPageTest" time="1.054"/>
  <testcase name="PTSettingCAPositiveTest02" classname="AASProductTestCase.AASProductTest.qa.testcases.PTSettingPageTest" time="1.052"/>
  <testcase name="PTSettingCAPositiveTest02" classname="AASProductTestCase.AASProductTest.qa.testcases.PTSettingPageTest" time="1.055"/>
  <testcase name="PTSettingCAPositiveTest02" classname="AASProductTestCase.AASProductTest.qa.testcases.PTSettingPageTest" time="1.05"/>
  <testcase name="PTSettingCAPositiveTest02" classname="AASProductTestCase.AASProductTest.qa.testcases.PTSettingPageTest" time="1.048"/>
  <testcase name="PTSettingCAPositiveTest02" classname="AASProductTestCase.AASProductTest.qa.testcases.PTSettingPageTest" time="1.053"/>
  <testcase name="PTSettingCANegativeTest01" classname="AASProductTestCase.AASProductTest.qa.testcases.PTSettingPageTest" time="4.682"/>
  <testcase name="PTSettingCANegativeTest01" classname="AASProductTestCase.AASProductTest.qa.testcases.PTSettingPageTest" time="4.763"/>
  <testcase name="PTSettingCANegativeTest01" classname="AASProductTestCase.AASProductTest.qa.testcases.PTSettingPageTest" time="4.845"/>
  <testcase name="PTSettingCANegativeTest01" classname="AASProductTestCase.AASProductTest.qa.testcases.PTSettingPageTest" time="5.014"/>
  <testcase name="PTSettingCANegativeTest01" classname="AASProductTestCase.AASProductTest.qa.testcases.PTSettingPageTest" time="4.655"/>
  <testcase name="PTSettingCANegativeTest01" classname="AASProductTestCase.AASProductTest.qa.testcases.PTSettingPageTest" time="4.693"/>
  <testcase name="PTSettingCANegativeTest01" classname="AASProductTestCase.AASProductTest.qa.testcases.PTSettingPageTest" time="4.669"/>
  <testcase name="PTSettingCANegativeTest01" classname="AASProductTestCase.AASProductTest.qa.testcases.PTSettingPageTest" time="4.653"/>
  <testcase name="PTSettingCANegativeTest01" classname="AASProductTestCase.AASProductTest.qa.testcases.PTSettingPageTest" time="4.681"/>
  <testcase name="PTSettingCANegativeTest01" classname="AASProductTestCase.AASProductTest.qa.testcases.PTSettingPageTest" time="4.689"/>
  <testcase name="PTSettingCANegativeTest01" classname="AASProductTestCase.AASProductTest.qa.testcases.PTSettingPageTest" time="4.692"/>
  <testcase name="PTSettingCANegativeTest01" classname="AASProductTestCase.AASProductTest.qa.testcases.PTSettingPageTest" time="4.697"/>
  <testcase name="PTSettingCANegativeTest01" classname="AASProductTestCase.AASProductTest.qa.testcases.PTSettingPageTest" time="4.737"/>
  <testcase name="PTSettingCANegativeTest01" classname="AASProductTestCase.AASProductTest.qa.testcases.PTSettingPageTest" time="4.671"/>
  <testcase name="PTSettingCANegativeTest01" classname="AASProductTestCase.AASProductTest.qa.testcases.PTSettingPageTest" time="4.686"/>
  <testcase name="PTSettingCANegativeTest02" classname="AASProductTestCase.AASProductTest.qa.testcases.PTSettingPageTest" time="4.658"/>
  <testcase name="PTSettingCANegativeTest02" classname="AASProductTestCase.AASProductTest.qa.testcases.PTSettingPageTest" time="4.666"/>
  <testcase name="PTSettingCANegativeTest02" classname="AASProductTestCase.AASProductTest.qa.testcases.PTSettingPageTest" time="4.669"/>
  <testcase name="PTSettingCANegativeTest02" classname="AASProductTestCase.AASProductTest.qa.testcases.PTSettingPageTest" time="4.665"/>
  <testcase name="PTSettingCANegativeTest02" classname="AASProductTestCase.AASProductTest.qa.testcases.PTSettingPageTest" time="4.747"/>
  <testcase name="PTSettingCANegativeTest02" classname="AASProductTestCase.AASProductTest.qa.testcases.PTSettingPageTest" time="4.731"/>
  <testcase name="PTSettingCANegativeTest02" classname="AASProductTestCase.AASProductTest.qa.testcases.PTSettingPageTest" time="4.74"/>
  <testcase name="PTSettingCANegativeTest02" classname="AASProductTestCase.AASProductTest.qa.testcases.PTSettingPageTest" time="4.672"/>
  <testcase name="PTSettingCANegativeTest02" classname="AASProductTestCase.AASProductTest.qa.testcases.PTSettingPageTest" time="4.666"/>
  <testcase name="PTSettingCANegativeTest02" classname="AASProductTestCase.AASProductTest.qa.testcases.PTSettingPageTest" time="4.7"/>
  <testcase name="PTSettingCANegativeTest02" classname="AASProductTestCase.AASProductTest.qa.testcases.PTSettingPageTest" time="4.7"/>
  <testcase name="PTSettingCANegativeTest02" classname="AASProductTestCase.AASProductTest.qa.testcases.PTSettingPageTest" time="4.701"/>
  <testcase name="PTSettingCANegativeTest02" classname="AASProductTestCase.AASProductTest.qa.testcases.PTSettingPageTest" time="4.685"/>
  <testcase name="PTSettingCANegativeTest02" classname="AASProductTestCase.AASProductTest.qa.testcases.PTSettingPageTest" time="4.664"/>
  <testcase name="PTSettingCANegativeTest02" classname="AASProductTestCase.AASProductTest.qa.testcases.PTSettingPageTest" time="4.664"/>
  <testcase name="ProceedSMACheck" classname="AASProductTestCase.AASProductTest.qa.testcases.PTSettingPageTest" time="4.575"/>
  <testcase name="PTSettingSMAGivenPTCheck" classname="AASProductTestCase.AASProductTest.qa.testcases.PTSettingPageTest" time="1.051"/>
  <testcase name="PTSettingSMAGivenPTCheck" classname="AASProductTestCase.AASProductTest.qa.testcases.PTSettingPageTest" time="1.052"/>
  <testcase name="PTSettingSMAGivenPTCheck" classname="AASProductTestCase.AASProductTest.qa.testcases.PTSettingPageTest" time="1.055"/>
  <testcase name="PTSettingSMAGivenPTCheck" classname="AASProductTestCase.AASProductTest.qa.testcases.PTSettingPageTest" time="1.05"/>
  <testcase name="PTSettingSMAGivenPTCheck" classname="AASProductTestCase.AASProductTest.qa.testcases.PTSettingPageTest" time="1.049"/>
  <testcase name="PTSettingSMAGivenPTCheck" classname="AASProductTestCase.AASProductTest.qa.testcases.PTSettingPageTest" time="1.051"/>
  <testcase name="PTSettingSMAGivenPTCheck" classname="AASProductTestCase.AASProductTest.qa.testcases.PTSettingPageTest" time="1.058"/>
  <testcase name="PTSettingSMAGivenPTCheck" classname="AASProductTestCase.AASProductTest.qa.testcases.PTSettingPageTest" time="1.054"/>
  <testcase name="PTSettingSMAGivenPTCheck" classname="AASProductTestCase.AASProductTest.qa.testcases.PTSettingPageTest" time="1.054"/>
  <testcase name="PTSettingSMAGivenPTCheck" classname="AASProductTestCase.AASProductTest.qa.testcases.PTSettingPageTest" time="1.049"/>
  <testcase name="PTSettingSMAGivenPTCheck" classname="AASProductTestCase.AASProductTest.qa.testcases.PTSettingPageTest" time="1.047"/>
  <testcase name="PTSettingSMAGivenPTCheck" classname="AASProductTestCase.AASProductTest.qa.testcases.PTSettingPageTest" time="1.069"/>
  <testcase name="PTSettingSMAGivenPTCheck" classname="AASProductTestCase.AASProductTest.qa.testcases.PTSettingPageTest" time="1.051"/>
  <testcase name="PTSettingSMAGivenPTCheck" classname="AASProductTestCase.AASProductTest.qa.testcases.PTSettingPageTest" time="1.06"/>
  <testcase name="PTSettingSMAGivenPTCheck" classname="AASProductTestCase.AASProductTest.qa.testcases.PTSettingPageTest" time="1.059"/>
  <testcase name="PTSettingSMAPositiveTest01" classname="AASProductTestCase.AASProductTest.qa.testcases.PTSettingPageTest" time="5.013"/>
  <testcase name="PTSettingSMAPositiveTest01" classname="AASProductTestCase.AASProductTest.qa.testcases.PTSettingPageTest" time="4.679"/>
  <testcase name="PTSettingSMAPositiveTest01" classname="AASProductTestCase.AASProductTest.qa.testcases.PTSettingPageTest" time="4.696"/>
  <testcase name="PTSettingSMAPositiveTest01" classname="AASProductTestCase.AASProductTest.qa.testcases.PTSettingPageTest" time="4.666"/>
  <testcase name="PTSettingSMAPositiveTest01" classname="AASProductTestCase.AASProductTest.qa.testcases.PTSettingPageTest" time="4.656"/>
  <testcase name="PTSettingSMAPositiveTest01" classname="AASProductTestCase.AASProductTest.qa.testcases.PTSettingPageTest" time="4.69"/>
  <testcase name="PTSettingSMAPositiveTest01" classname="AASProductTestCase.AASProductTest.qa.testcases.PTSettingPageTest" time="4.988">
    <failure message="expected [50] but found [20.5]" type="java.lang.AssertionError">java.lang.AssertionError: expected [50] but found [20.5]
	at AASProductTestCase.AASProductTest.qa.testcases.PTSettingPageTest.PTSettingSMAPositiveTest01(PTSettingPageTest.java:225)
</failure>
    <system-out><![CDATA[Trying to find Element By : By.xpath: //div[contains(@class,'table-responsive')]/table/tbody/tr/td[17]
Found Element By : By.xpath: //div[contains(@class,'table-responsive')]/table/tbody/tr/td[17]
Trying to find Element By : By.xpath: //div[contains(@class,'table-responsive')]/table/tbody/tr/td[18]
Found Element By : By.xpath: //div[contains(@class,'table-responsive')]/table/tbody/tr/td[18]
Trying to find Element By : By.id: check_3
Found Element By : By.id: check_3
Trying to click on: [[ChromeDriver: chrome on WINDOWS (300a125f6f09334f5c388f64b4abd9ed)] -> id: check_3]
Clicked on: [[ChromeDriver: chrome on WINDOWS (300a125f6f09334f5c388f64b4abd9ed)] -> id: check_3]
Trying to find Element By : By.xpath: //select[contains(@name,'evo_pt')]
Found Element By : By.xpath: //select[contains(@name,'evo_pt')]
Trying to find Element By : By.xpath: //select[contains(@name,'evo_pt')]
Found Element By : By.xpath: //select[contains(@name,'evo_pt')]
Trying to find Element By : By.xpath: //select[contains(@name,'bg_pt')]
Found Element By : By.xpath: //select[contains(@name,'bg_pt')]
Trying to find Element By : By.xpath: //select[contains(@name,'bg_pt')]
Found Element By : By.xpath: //select[contains(@name,'bg_pt')]
Trying to find Element By : By.xpath: //select[contains(@name,'mg_t_pt')]
Found Element By : By.xpath: //select[contains(@name,'mg_t_pt')]
Trying to find Element By : By.xpath: //select[contains(@name,'mg_t_pt')]
Found Element By : By.xpath: //select[contains(@name,'mg_t_pt')]
Trying to find Element By : By.xpath: //select[contains(@name,'asg_pt')]
Found Element By : By.xpath: //select[contains(@name,'asg_pt')]
Trying to find Element By : By.xpath: //select[contains(@name,'asg_pt')]
Found Element By : By.xpath: //select[contains(@name,'asg_pt')]
Trying to find Element By : By.xpath: //select[contains(@name,'dg_pt')]
Found Element By : By.xpath: //select[contains(@name,'dg_pt')]
Trying to find Element By : By.xpath: //select[contains(@name,'dg_pt')]
Found Element By : By.xpath: //select[contains(@name,'dg_pt')]
Trying to find Element By : By.xpath: //select[contains(@name,'av_pt')]
Found Element By : By.xpath: //select[contains(@name,'av_pt')]
Trying to find Element By : By.xpath: //select[contains(@name,'av_pt')]
Found Element By : By.xpath: //select[contains(@name,'av_pt')]
Trying to find Element By : By.xpath: //select[contains(@name,'pp_pt')]
Found Element By : By.xpath: //select[contains(@name,'pp_pt')]
Trying to find Element By : By.xpath: //select[contains(@name,'pp_pt')]
Found Element By : By.xpath: //select[contains(@name,'pp_pt')]
Trying to find Element By : By.xpath: //select[contains(@name,'sxg_pt')]
Found Element By : By.xpath: //select[contains(@name,'sxg_pt')]
Trying to find Element By : By.xpath: //select[contains(@name,'sxg_pt')]
Found Element By : By.xpath: //select[contains(@name,'sxg_pt')]
Trying to find Element By : By.xpath: //select[contains(@name,'pps_pt')]
Found Element By : By.xpath: //select[contains(@name,'pps_pt')]
Trying to find Element By : By.xpath: //select[contains(@name,'pps_pt')]
Found Element By : By.xpath: //select[contains(@name,'pps_pt')]
Trying to find Element By : By.xpath: //select[contains(@name,'haba_pt')]
Found Element By : By.xpath: //select[contains(@name,'haba_pt')]
Trying to find Element By : By.xpath: //select[contains(@name,'haba_pt')]
Found Element By : By.xpath: //select[contains(@name,'haba_pt')]
Trying to find Element By : By.xpath: //select[contains(@name,'mv_pt')]
Found Element By : By.xpath: //select[contains(@name,'mv_pt')]
Trying to find Element By : By.xpath: //select[contains(@name,'mv_pt')]
Found Element By : By.xpath: //select[contains(@name,'mv_pt')]
Trying to find Element By : By.xpath: //select[contains(@name,'nt_pt')]
Found Element By : By.xpath: //select[contains(@name,'nt_pt')]
Trying to find Element By : By.xpath: //select[contains(@name,'nt_pt')]
Found Element By : By.xpath: //select[contains(@name,'nt_pt')]
Trying to find Element By : By.xpath: //select[contains(@name,'qs_pt')]
Found Element By : By.xpath: //select[contains(@name,'qs_pt')]
Trying to find Element By : By.xpath: //select[contains(@name,'qs_pt')]
Found Element By : By.xpath: //select[contains(@name,'qs_pt')]
Trying to find Element By : By.xpath: //div[contains(@class,'table-responsive')]/table/tfoot/tr/td[31]/select
Found Element By : By.xpath: //div[contains(@class,'table-responsive')]/table/tfoot/tr/td[31]/select
Trying to find Element By : By.xpath: //div[contains(@class,'table-responsive')]/table/tfoot/tr/td[31]/select
Found Element By : By.xpath: //div[contains(@class,'table-responsive')]/table/tfoot/tr/td[31]/select
Trying to find Element By : By.xpath: //select[contains(@name,'png_pt')]
Found Element By : By.xpath: //select[contains(@name,'png_pt')]
Trying to find Element By : By.xpath: //select[contains(@name,'png_pt')]
Found Element By : By.xpath: //select[contains(@name,'png_pt')]
Trying to find Element By : By.xpath: //select[contains(@name,'pp_pt')]
Found Element By : By.xpath: //select[contains(@name,'pp_pt')]
Trying to find Element By : By.xpath: .//option[normalize-space(.) = "20.5"]
Found Element By : By.xpath: .//option[normalize-space(.) = "20.5"]
Trying to click on: [[[[ChromeDriver: chrome on WINDOWS (300a125f6f09334f5c388f64b4abd9ed)] -> xpath: //select[contains(@name,'pp_pt')]]] -> xpath: .//option[normalize-space(.) = "20.5"]]
Clicked on: [[[[ChromeDriver: chrome on WINDOWS (300a125f6f09334f5c388f64b4abd9ed)] -> xpath: //select[contains(@name,'pp_pt')]]] -> xpath: .//option[normalize-space(.) = "20.5"]]
Trying to find Element By : By.id: btnSubmit
Found Element By : By.id: btnSubmit
Trying to click on: [[ChromeDriver: chrome on WINDOWS (300a125f6f09334f5c388f64b4abd9ed)] -> id: btnSubmit]
Clicked on: [[ChromeDriver: chrome on WINDOWS (300a125f6f09334f5c388f64b4abd9ed)] -> id: btnSubmit]
Trying to find Element By : By.xpath: //div[contains(@class,'table-responsive')]/table/tbody/tr/td[17]
Found Element By : By.xpath: //div[contains(@class,'table-responsive')]/table/tbody/tr/td[17]
Trying to find Element By : By.xpath: //div[contains(@class,'table-responsive')]/table/tbody/tr/td[18]
Found Element By : By.xpath: //div[contains(@class,'table-responsive')]/table/tbody/tr/td[18]
***************************
Screenshot stored at C:\Users\User\git\AASStagingTest\AASProductTestTools/screenshots/PTSettingSMAPositiveTest01_Fri_Oct_16_17_13_01_SGT_2020.png
***************************
]]></system-out>
  </testcase>
  <testcase name="PTSettingSMAPositiveTest01" classname="AASProductTestCase.AASProductTest.qa.testcases.PTSettingPageTest" time="4.676"/>
  <testcase name="PTSettingSMAPositiveTest01" classname="AASProductTestCase.AASProductTest.qa.testcases.PTSettingPageTest" time="4.77"/>
  <testcase name="PTSettingSMAPositiveTest01" classname="AASProductTestCase.AASProductTest.qa.testcases.PTSettingPageTest" time="4.718"/>
  <testcase name="PTSettingSMAPositiveTest01" classname="AASProductTestCase.AASProductTest.qa.testcases.PTSettingPageTest" time="4.686"/>
  <testcase name="PTSettingSMAPositiveTest01" classname="AASProductTestCase.AASProductTest.qa.testcases.PTSettingPageTest" time="4.691"/>
  <testcase name="PTSettingSMAPositiveTest01" classname="AASProductTestCase.AASProductTest.qa.testcases.PTSettingPageTest" time="4.684"/>
  <testcase name="PTSettingSMAPositiveTest01" classname="AASProductTestCase.AASProductTest.qa.testcases.PTSettingPageTest" time="4.688"/>
  <testcase name="PTSettingSMAPositiveTest01" classname="AASProductTestCase.AASProductTest.qa.testcases.PTSettingPageTest" time="4.684"/>
  <testcase name="PTSettingSMANegativeTest01" classname="AASProductTestCase.AASProductTest.qa.testcases.PTSettingPageTest" time="4.656"/>
  <testcase name="PTSettingSMANegativeTest01" classname="AASProductTestCase.AASProductTest.qa.testcases.PTSettingPageTest" time="4.671"/>
  <testcase name="PTSettingSMANegativeTest01" classname="AASProductTestCase.AASProductTest.qa.testcases.PTSettingPageTest" time="4.731"/>
  <testcase name="PTSettingSMANegativeTest01" classname="AASProductTestCase.AASProductTest.qa.testcases.PTSettingPageTest" time="4.664"/>
  <testcase name="PTSettingSMANegativeTest01" classname="AASProductTestCase.AASProductTest.qa.testcases.PTSettingPageTest" time="4.673"/>
  <testcase name="PTSettingSMANegativeTest01" classname="AASProductTestCase.AASProductTest.qa.testcases.PTSettingPageTest" time="4.665"/>
  <testcase name="PTSettingSMANegativeTest01" classname="AASProductTestCase.AASProductTest.qa.testcases.PTSettingPageTest" time="4.679"/>
  <testcase name="PTSettingSMANegativeTest01" classname="AASProductTestCase.AASProductTest.qa.testcases.PTSettingPageTest" time="4.67"/>
  <testcase name="PTSettingSMANegativeTest01" classname="AASProductTestCase.AASProductTest.qa.testcases.PTSettingPageTest" time="4.715"/>
  <testcase name="PTSettingSMANegativeTest01" classname="AASProductTestCase.AASProductTest.qa.testcases.PTSettingPageTest" time="4.652"/>
  <testcase name="PTSettingSMANegativeTest01" classname="AASProductTestCase.AASProductTest.qa.testcases.PTSettingPageTest" time="4.677"/>
  <testcase name="PTSettingSMANegativeTest01" classname="AASProductTestCase.AASProductTest.qa.testcases.PTSettingPageTest" time="4.675"/>
  <testcase name="PTSettingSMANegativeTest01" classname="AASProductTestCase.AASProductTest.qa.testcases.PTSettingPageTest" time="4.663"/>
  <testcase name="PTSettingSMANegativeTest01" classname="AASProductTestCase.AASProductTest.qa.testcases.PTSettingPageTest" time="4.721"/>
  <testcase name="PTSettingSMANegativeTest01" classname="AASProductTestCase.AASProductTest.qa.testcases.PTSettingPageTest" time="4.69"/>
  <testcase name="PTSettingSMANegativeTest02" classname="AASProductTestCase.AASProductTest.qa.testcases.PTSettingPageTest" time="4.663"/>
  <testcase name="PTSettingSMANegativeTest02" classname="AASProductTestCase.AASProductTest.qa.testcases.PTSettingPageTest" time="4.656"/>
  <testcase name="PTSettingSMANegativeTest02" classname="AASProductTestCase.AASProductTest.qa.testcases.PTSettingPageTest" time="4.642"/>
  <testcase name="PTSettingSMANegativeTest02" classname="AASProductTestCase.AASProductTest.qa.testcases.PTSettingPageTest" time="4.674"/>
  <testcase name="PTSettingSMANegativeTest02" classname="AASProductTestCase.AASProductTest.qa.testcases.PTSettingPageTest" time="4.654"/>
  <testcase name="PTSettingSMANegativeTest02" classname="AASProductTestCase.AASProductTest.qa.testcases.PTSettingPageTest" time="4.69"/>
  <testcase name="PTSettingSMANegativeTest02" classname="AASProductTestCase.AASProductTest.qa.testcases.PTSettingPageTest" time="4.659"/>
  <testcase name="PTSettingSMANegativeTest02" classname="AASProductTestCase.AASProductTest.qa.testcases.PTSettingPageTest" time="4.712"/>
  <testcase name="PTSettingSMANegativeTest02" classname="AASProductTestCase.AASProductTest.qa.testcases.PTSettingPageTest" time="4.675"/>
  <testcase name="PTSettingSMANegativeTest02" classname="AASProductTestCase.AASProductTest.qa.testcases.PTSettingPageTest" time="4.64"/>
  <testcase name="PTSettingSMANegativeTest02" classname="AASProductTestCase.AASProductTest.qa.testcases.PTSettingPageTest" time="4.711"/>
  <testcase name="PTSettingSMANegativeTest02" classname="AASProductTestCase.AASProductTest.qa.testcases.PTSettingPageTest" time="4.658"/>
  <testcase name="PTSettingSMANegativeTest02" classname="AASProductTestCase.AASProductTest.qa.testcases.PTSettingPageTest" time="4.646"/>
  <testcase name="PTSettingSMANegativeTest02" classname="AASProductTestCase.AASProductTest.qa.testcases.PTSettingPageTest" time="4.784"/>
  <testcase name="PTSettingSMANegativeTest02" classname="AASProductTestCase.AASProductTest.qa.testcases.PTSettingPageTest" time="4.732"/>
  <testcase name="PTSettingSMAGroupUpdate" classname="AASProductTestCase.AASProductTest.qa.testcases.PTSettingPageTest" time="8.716"/>
  <testcase name="PTSettingSMAPositiveTest02" classname="AASProductTestCase.AASProductTest.qa.testcases.PTSettingPageTest" time="1.051"/>
  <testcase name="PTSettingSMAPositiveTest02" classname="AASProductTestCase.AASProductTest.qa.testcases.PTSettingPageTest" time="1.055"/>
  <testcase name="PTSettingSMAPositiveTest02" classname="AASProductTestCase.AASProductTest.qa.testcases.PTSettingPageTest" time="1.055"/>
  <testcase name="PTSettingSMAPositiveTest02" classname="AASProductTestCase.AASProductTest.qa.testcases.PTSettingPageTest" time="1.049"/>
  <testcase name="PTSettingSMAPositiveTest02" classname="AASProductTestCase.AASProductTest.qa.testcases.PTSettingPageTest" time="1.049"/>
  <testcase name="PTSettingSMAPositiveTest02" classname="AASProductTestCase.AASProductTest.qa.testcases.PTSettingPageTest" time="1.052"/>
  <testcase name="PTSettingSMAPositiveTest02" classname="AASProductTestCase.AASProductTest.qa.testcases.PTSettingPageTest" time="1.056"/>
  <testcase name="PTSettingSMAPositiveTest02" classname="AASProductTestCase.AASProductTest.qa.testcases.PTSettingPageTest" time="1.054"/>
  <testcase name="PTSettingSMAPositiveTest02" classname="AASProductTestCase.AASProductTest.qa.testcases.PTSettingPageTest" time="1.069"/>
  <testcase name="PTSettingSMAPositiveTest02" classname="AASProductTestCase.AASProductTest.qa.testcases.PTSettingPageTest" time="1.072"/>
  <testcase name="PTSettingSMAPositiveTest02" classname="AASProductTestCase.AASProductTest.qa.testcases.PTSettingPageTest" time="1.047"/>
  <testcase name="PTSettingSMAPositiveTest02" classname="AASProductTestCase.AASProductTest.qa.testcases.PTSettingPageTest" time="1.051"/>
  <testcase name="PTSettingSMAPositiveTest02" classname="AASProductTestCase.AASProductTest.qa.testcases.PTSettingPageTest" time="1.061"/>
  <testcase name="PTSettingSMAPositiveTest02" classname="AASProductTestCase.AASProductTest.qa.testcases.PTSettingPageTest" time="1.048"/>
  <testcase name="PTSettingSMAPositiveTest02" classname="AASProductTestCase.AASProductTest.qa.testcases.PTSettingPageTest" time="1.048"/>
  <testcase name="ProceedMACheck" classname="AASProductTestCase.AASProductTest.qa.testcases.PTSettingPageTest" time="4.444"/>
  <testcase name="PTSettingMAGivenPTCheck" classname="AASProductTestCase.AASProductTest.qa.testcases.PTSettingPageTest" time="1.051"/>
  <testcase name="PTSettingMAGivenPTCheck" classname="AASProductTestCase.AASProductTest.qa.testcases.PTSettingPageTest" time="1.045"/>
  <testcase name="PTSettingMAGivenPTCheck" classname="AASProductTestCase.AASProductTest.qa.testcases.PTSettingPageTest" time="1.052"/>
  <testcase name="PTSettingMAGivenPTCheck" classname="AASProductTestCase.AASProductTest.qa.testcases.PTSettingPageTest" time="1.048"/>
  <testcase name="PTSettingMAGivenPTCheck" classname="AASProductTestCase.AASProductTest.qa.testcases.PTSettingPageTest" time="1.049"/>
  <testcase name="PTSettingMAGivenPTCheck" classname="AASProductTestCase.AASProductTest.qa.testcases.PTSettingPageTest" time="1.05"/>
  <testcase name="PTSettingMAGivenPTCheck" classname="AASProductTestCase.AASProductTest.qa.testcases.PTSettingPageTest" time="1.055"/>
  <testcase name="PTSettingMAGivenPTCheck" classname="AASProductTestCase.AASProductTest.qa.testcases.PTSettingPageTest" time="1.063"/>
  <testcase name="PTSettingMAGivenPTCheck" classname="AASProductTestCase.AASProductTest.qa.testcases.PTSettingPageTest" time="1.047"/>
  <testcase name="PTSettingMAGivenPTCheck" classname="AASProductTestCase.AASProductTest.qa.testcases.PTSettingPageTest" time="1.049"/>
  <testcase name="PTSettingMAGivenPTCheck" classname="AASProductTestCase.AASProductTest.qa.testcases.PTSettingPageTest" time="1.059"/>
  <testcase name="PTSettingMAGivenPTCheck" classname="AASProductTestCase.AASProductTest.qa.testcases.PTSettingPageTest" time="1.051"/>
  <testcase name="PTSettingMAGivenPTCheck" classname="AASProductTestCase.AASProductTest.qa.testcases.PTSettingPageTest" time="1.052"/>
  <testcase name="PTSettingMAGivenPTCheck" classname="AASProductTestCase.AASProductTest.qa.testcases.PTSettingPageTest" time="1.049"/>
  <testcase name="PTSettingMAGivenPTCheck" classname="AASProductTestCase.AASProductTest.qa.testcases.PTSettingPageTest" time="1.057"/>
  <testcase name="PTSettingMAPositiveTest01" classname="AASProductTestCase.AASProductTest.qa.testcases.PTSettingPageTest" time="5.083">
    <failure message="begin 0, end -2, length 4" type="java.lang.StringIndexOutOfBoundsException">java.lang.StringIndexOutOfBoundsException: begin 0, end -2, length 4
	at AASProductTestCase.AASProductTest.qa.testcases.PTSettingPageTest.PTSettingMAPositiveTest01(PTSettingPageTest.java:331)
</failure>
    <system-out><![CDATA[Trying to find Element By : By.xpath: //div[contains(@class,'table-responsive')]/table/tbody/tr/td[5]
Found Element By : By.xpath: //div[contains(@class,'table-responsive')]/table/tbody/tr/td[5]
Trying to find Element By : By.xpath: //div[contains(@class,'table-responsive')]/table/tbody/tr/td[6]
Found Element By : By.xpath: //div[contains(@class,'table-responsive')]/table/tbody/tr/td[6]
Trying to find Element By : By.id: check_3
Found Element By : By.id: check_3
Trying to click on: [[ChromeDriver: chrome on WINDOWS (300a125f6f09334f5c388f64b4abd9ed)] -> id: check_3]
Clicked on: [[ChromeDriver: chrome on WINDOWS (300a125f6f09334f5c388f64b4abd9ed)] -> id: check_3]
Trying to find Element By : By.xpath: //select[contains(@name,'evo_pt')]
Found Element By : By.xpath: //select[contains(@name,'evo_pt')]
Trying to find Element By : By.xpath: //select[contains(@name,'evo_pt')]
Found Element By : By.xpath: //select[contains(@name,'evo_pt')]
Trying to find Element By : By.xpath: //select[contains(@name,'bg_pt')]
Found Element By : By.xpath: //select[contains(@name,'bg_pt')]
Trying to find Element By : By.xpath: //select[contains(@name,'bg_pt')]
Found Element By : By.xpath: //select[contains(@name,'bg_pt')]
Trying to find Element By : By.xpath: //select[contains(@name,'mg_t_pt')]
Found Element By : By.xpath: //select[contains(@name,'mg_t_pt')]
Trying to find Element By : By.xpath: //select[contains(@name,'mg_t_pt')]
Found Element By : By.xpath: //select[contains(@name,'mg_t_pt')]
Trying to find Element By : By.xpath: //select[contains(@name,'asg_pt')]
Found Element By : By.xpath: //select[contains(@name,'asg_pt')]
Trying to find Element By : By.xpath: //select[contains(@name,'asg_pt')]
Found Element By : By.xpath: //select[contains(@name,'asg_pt')]
Trying to find Element By : By.xpath: //select[contains(@name,'dg_pt')]
Found Element By : By.xpath: //select[contains(@name,'dg_pt')]
Trying to find Element By : By.xpath: //select[contains(@name,'dg_pt')]
Found Element By : By.xpath: //select[contains(@name,'dg_pt')]
Trying to find Element By : By.xpath: //select[contains(@name,'av_pt')]
Found Element By : By.xpath: //select[contains(@name,'av_pt')]
Trying to find Element By : By.xpath: //select[contains(@name,'av_pt')]
Found Element By : By.xpath: //select[contains(@name,'av_pt')]
Trying to find Element By : By.xpath: //select[contains(@name,'pp_pt')]
Found Element By : By.xpath: //select[contains(@name,'pp_pt')]
Trying to find Element By : By.xpath: //select[contains(@name,'pp_pt')]
Found Element By : By.xpath: //select[contains(@name,'pp_pt')]
Trying to find Element By : By.xpath: //select[contains(@name,'sxg_pt')]
Found Element By : By.xpath: //select[contains(@name,'sxg_pt')]
Trying to find Element By : By.xpath: //select[contains(@name,'sxg_pt')]
Found Element By : By.xpath: //select[contains(@name,'sxg_pt')]
Trying to find Element By : By.xpath: //select[contains(@name,'pps_pt')]
Found Element By : By.xpath: //select[contains(@name,'pps_pt')]
Trying to find Element By : By.xpath: //select[contains(@name,'pps_pt')]
Found Element By : By.xpath: //select[contains(@name,'pps_pt')]
Trying to find Element By : By.xpath: //select[contains(@name,'haba_pt')]
Found Element By : By.xpath: //select[contains(@name,'haba_pt')]
Trying to find Element By : By.xpath: //select[contains(@name,'haba_pt')]
Found Element By : By.xpath: //select[contains(@name,'haba_pt')]
Trying to find Element By : By.xpath: //select[contains(@name,'mv_pt')]
Found Element By : By.xpath: //select[contains(@name,'mv_pt')]
Trying to find Element By : By.xpath: //select[contains(@name,'mv_pt')]
Found Element By : By.xpath: //select[contains(@name,'mv_pt')]
Trying to find Element By : By.xpath: //select[contains(@name,'nt_pt')]
Found Element By : By.xpath: //select[contains(@name,'nt_pt')]
Trying to find Element By : By.xpath: //select[contains(@name,'nt_pt')]
Found Element By : By.xpath: //select[contains(@name,'nt_pt')]
Trying to find Element By : By.xpath: //select[contains(@name,'qs_pt')]
Found Element By : By.xpath: //select[contains(@name,'qs_pt')]
Trying to find Element By : By.xpath: //select[contains(@name,'qs_pt')]
Found Element By : By.xpath: //select[contains(@name,'qs_pt')]
Trying to find Element By : By.xpath: //div[contains(@class,'table-responsive')]/table/tfoot/tr/td[31]/select
Found Element By : By.xpath: //div[contains(@class,'table-responsive')]/table/tfoot/tr/td[31]/select
Trying to find Element By : By.xpath: //div[contains(@class,'table-responsive')]/table/tfoot/tr/td[31]/select
Found Element By : By.xpath: //div[contains(@class,'table-responsive')]/table/tfoot/tr/td[31]/select
Trying to find Element By : By.xpath: //select[contains(@name,'png_pt')]
Found Element By : By.xpath: //select[contains(@name,'png_pt')]
Trying to find Element By : By.xpath: //select[contains(@name,'png_pt')]
Found Element By : By.xpath: //select[contains(@name,'png_pt')]
Trying to find Element By : By.xpath: //select[contains(@name,'evo_pt')]
Found Element By : By.xpath: //select[contains(@name,'evo_pt')]
Trying to find Element By : By.xpath: .//option[normalize-space(.) = "30.5"]
Found Element By : By.xpath: .//option[normalize-space(.) = "30.5"]
Trying to click on: [[[[ChromeDriver: chrome on WINDOWS (300a125f6f09334f5c388f64b4abd9ed)] -> xpath: //select[contains(@name,'evo_pt')]]] -> xpath: .//option[normalize-space(.) = "30.5"]]
Clicked on: [[[[ChromeDriver: chrome on WINDOWS (300a125f6f09334f5c388f64b4abd9ed)] -> xpath: //select[contains(@name,'evo_pt')]]] -> xpath: .//option[normalize-space(.) = "30.5"]]
Trying to find Element By : By.id: btnSubmit
Found Element By : By.id: btnSubmit
Trying to click on: [[ChromeDriver: chrome on WINDOWS (300a125f6f09334f5c388f64b4abd9ed)] -> id: btnSubmit]
Clicked on: [[ChromeDriver: chrome on WINDOWS (300a125f6f09334f5c388f64b4abd9ed)] -> id: btnSubmit]
Trying to find Element By : By.xpath: //div[contains(@class,'table-responsive')]/table/tbody/tr/td[5]
Found Element By : By.xpath: //div[contains(@class,'table-responsive')]/table/tbody/tr/td[5]
***************************
Screenshot stored at C:\Users\User\git\AASStagingTest\AASProductTestTools/screenshots/PTSettingMAPositiveTest01_Fri_Oct_16_17_16_48_SGT_2020.png
***************************
]]></system-out>
  </testcase>
  <testcase name="PTSettingMAPositiveTest01" classname="AASProductTestCase.AASProductTest.qa.testcases.PTSettingPageTest" time="4.966">
    <failure message="begin 0, end -2, length 4" type="java.lang.StringIndexOutOfBoundsException">java.lang.StringIndexOutOfBoundsException: begin 0, end -2, length 4
	at AASProductTestCase.AASProductTest.qa.testcases.PTSettingPageTest.PTSettingMAPositiveTest01(PTSettingPageTest.java:331)
</failure>
    <system-out><![CDATA[Trying to find Element By : By.xpath: //div[contains(@class,'table-responsive')]/table/tbody/tr/td[7]
Found Element By : By.xpath: //div[contains(@class,'table-responsive')]/table/tbody/tr/td[7]
Trying to find Element By : By.xpath: //div[contains(@class,'table-responsive')]/table/tbody/tr/td[8]
Found Element By : By.xpath: //div[contains(@class,'table-responsive')]/table/tbody/tr/td[8]
Trying to find Element By : By.id: check_3
Found Element By : By.id: check_3
Trying to click on: [[ChromeDriver: chrome on WINDOWS (300a125f6f09334f5c388f64b4abd9ed)] -> id: check_3]
Clicked on: [[ChromeDriver: chrome on WINDOWS (300a125f6f09334f5c388f64b4abd9ed)] -> id: check_3]
Trying to find Element By : By.xpath: //select[contains(@name,'evo_pt')]
Found Element By : By.xpath: //select[contains(@name,'evo_pt')]
Trying to find Element By : By.xpath: //select[contains(@name,'evo_pt')]
Found Element By : By.xpath: //select[contains(@name,'evo_pt')]
Trying to find Element By : By.xpath: //select[contains(@name,'bg_pt')]
Found Element By : By.xpath: //select[contains(@name,'bg_pt')]
Trying to find Element By : By.xpath: //select[contains(@name,'bg_pt')]
Found Element By : By.xpath: //select[contains(@name,'bg_pt')]
Trying to find Element By : By.xpath: //select[contains(@name,'mg_t_pt')]
Found Element By : By.xpath: //select[contains(@name,'mg_t_pt')]
Trying to find Element By : By.xpath: //select[contains(@name,'mg_t_pt')]
Found Element By : By.xpath: //select[contains(@name,'mg_t_pt')]
Trying to find Element By : By.xpath: //select[contains(@name,'asg_pt')]
Found Element By : By.xpath: //select[contains(@name,'asg_pt')]
Trying to find Element By : By.xpath: //select[contains(@name,'asg_pt')]
Found Element By : By.xpath: //select[contains(@name,'asg_pt')]
Trying to find Element By : By.xpath: //select[contains(@name,'dg_pt')]
Found Element By : By.xpath: //select[contains(@name,'dg_pt')]
Trying to find Element By : By.xpath: //select[contains(@name,'dg_pt')]
Found Element By : By.xpath: //select[contains(@name,'dg_pt')]
Trying to find Element By : By.xpath: //select[contains(@name,'av_pt')]
Found Element By : By.xpath: //select[contains(@name,'av_pt')]
Trying to find Element By : By.xpath: //select[contains(@name,'av_pt')]
Found Element By : By.xpath: //select[contains(@name,'av_pt')]
Trying to find Element By : By.xpath: //select[contains(@name,'pp_pt')]
Found Element By : By.xpath: //select[contains(@name,'pp_pt')]
Trying to find Element By : By.xpath: //select[contains(@name,'pp_pt')]
Found Element By : By.xpath: //select[contains(@name,'pp_pt')]
Trying to find Element By : By.xpath: //select[contains(@name,'sxg_pt')]
Found Element By : By.xpath: //select[contains(@name,'sxg_pt')]
Trying to find Element By : By.xpath: //select[contains(@name,'sxg_pt')]
Found Element By : By.xpath: //select[contains(@name,'sxg_pt')]
Trying to find Element By : By.xpath: //select[contains(@name,'pps_pt')]
Found Element By : By.xpath: //select[contains(@name,'pps_pt')]
Trying to find Element By : By.xpath: //select[contains(@name,'pps_pt')]
Found Element By : By.xpath: //select[contains(@name,'pps_pt')]
Trying to find Element By : By.xpath: //select[contains(@name,'haba_pt')]
Found Element By : By.xpath: //select[contains(@name,'haba_pt')]
Trying to find Element By : By.xpath: //select[contains(@name,'haba_pt')]
Found Element By : By.xpath: //select[contains(@name,'haba_pt')]
Trying to find Element By : By.xpath: //select[contains(@name,'mv_pt')]
Found Element By : By.xpath: //select[contains(@name,'mv_pt')]
Trying to find Element By : By.xpath: //select[contains(@name,'mv_pt')]
Found Element By : By.xpath: //select[contains(@name,'mv_pt')]
Trying to find Element By : By.xpath: //select[contains(@name,'nt_pt')]
Found Element By : By.xpath: //select[contains(@name,'nt_pt')]
Trying to find Element By : By.xpath: //select[contains(@name,'nt_pt')]
Found Element By : By.xpath: //select[contains(@name,'nt_pt')]
Trying to find Element By : By.xpath: //select[contains(@name,'qs_pt')]
Found Element By : By.xpath: //select[contains(@name,'qs_pt')]
Trying to find Element By : By.xpath: //select[contains(@name,'qs_pt')]
Found Element By : By.xpath: //select[contains(@name,'qs_pt')]
Trying to find Element By : By.xpath: //div[contains(@class,'table-responsive')]/table/tfoot/tr/td[31]/select
Found Element By : By.xpath: //div[contains(@class,'table-responsive')]/table/tfoot/tr/td[31]/select
Trying to find Element By : By.xpath: //div[contains(@class,'table-responsive')]/table/tfoot/tr/td[31]/select
Found Element By : By.xpath: //div[contains(@class,'table-responsive')]/table/tfoot/tr/td[31]/select
Trying to find Element By : By.xpath: //select[contains(@name,'png_pt')]
Found Element By : By.xpath: //select[contains(@name,'png_pt')]
Trying to find Element By : By.xpath: //select[contains(@name,'png_pt')]
Found Element By : By.xpath: //select[contains(@name,'png_pt')]
Trying to find Element By : By.xpath: //select[contains(@name,'bg_pt')]
Found Element By : By.xpath: //select[contains(@name,'bg_pt')]
Trying to find Element By : By.xpath: .//option[normalize-space(.) = "30.5"]
Found Element By : By.xpath: .//option[normalize-space(.) = "30.5"]
Trying to click on: [[[[ChromeDriver: chrome on WINDOWS (300a125f6f09334f5c388f64b4abd9ed)] -> xpath: //select[contains(@name,'bg_pt')]]] -> xpath: .//option[normalize-space(.) = "30.5"]]
Clicked on: [[[[ChromeDriver: chrome on WINDOWS (300a125f6f09334f5c388f64b4abd9ed)] -> xpath: //select[contains(@name,'bg_pt')]]] -> xpath: .//option[normalize-space(.) = "30.5"]]
Trying to find Element By : By.id: btnSubmit
Found Element By : By.id: btnSubmit
Trying to click on: [[ChromeDriver: chrome on WINDOWS (300a125f6f09334f5c388f64b4abd9ed)] -> id: btnSubmit]
Clicked on: [[ChromeDriver: chrome on WINDOWS (300a125f6f09334f5c388f64b4abd9ed)] -> id: btnSubmit]
Trying to find Element By : By.xpath: //div[contains(@class,'table-responsive')]/table/tbody/tr/td[7]
Found Element By : By.xpath: //div[contains(@class,'table-responsive')]/table/tbody/tr/td[7]
***************************
Screenshot stored at C:\Users\User\git\AASStagingTest\AASProductTestTools/screenshots/PTSettingMAPositiveTest01_Fri_Oct_16_17_16_53_SGT_2020.png
***************************
]]></system-out>
  </testcase>
  <testcase name="PTSettingMAPositiveTest01" classname="AASProductTestCase.AASProductTest.qa.testcases.PTSettingPageTest" time="4.95">
    <failure message="begin 0, end -2, length 4" type="java.lang.StringIndexOutOfBoundsException">java.lang.StringIndexOutOfBoundsException: begin 0, end -2, length 4
	at AASProductTestCase.AASProductTest.qa.testcases.PTSettingPageTest.PTSettingMAPositiveTest01(PTSettingPageTest.java:331)
</failure>
    <system-out><![CDATA[Trying to find Element By : By.xpath: //div[contains(@class,'table-responsive')]/table/tbody/tr/td[9]
Found Element By : By.xpath: //div[contains(@class,'table-responsive')]/table/tbody/tr/td[9]
Trying to find Element By : By.xpath: //div[contains(@class,'table-responsive')]/table/tbody/tr/td[10]
Found Element By : By.xpath: //div[contains(@class,'table-responsive')]/table/tbody/tr/td[10]
Trying to find Element By : By.id: check_3
Found Element By : By.id: check_3
Trying to click on: [[ChromeDriver: chrome on WINDOWS (300a125f6f09334f5c388f64b4abd9ed)] -> id: check_3]
Clicked on: [[ChromeDriver: chrome on WINDOWS (300a125f6f09334f5c388f64b4abd9ed)] -> id: check_3]
Trying to find Element By : By.xpath: //select[contains(@name,'evo_pt')]
Found Element By : By.xpath: //select[contains(@name,'evo_pt')]
Trying to find Element By : By.xpath: //select[contains(@name,'evo_pt')]
Found Element By : By.xpath: //select[contains(@name,'evo_pt')]
Trying to find Element By : By.xpath: //select[contains(@name,'bg_pt')]
Found Element By : By.xpath: //select[contains(@name,'bg_pt')]
Trying to find Element By : By.xpath: //select[contains(@name,'bg_pt')]
Found Element By : By.xpath: //select[contains(@name,'bg_pt')]
Trying to find Element By : By.xpath: //select[contains(@name,'mg_t_pt')]
Found Element By : By.xpath: //select[contains(@name,'mg_t_pt')]
Trying to find Element By : By.xpath: //select[contains(@name,'mg_t_pt')]
Found Element By : By.xpath: //select[contains(@name,'mg_t_pt')]
Trying to find Element By : By.xpath: //select[contains(@name,'asg_pt')]
Found Element By : By.xpath: //select[contains(@name,'asg_pt')]
Trying to find Element By : By.xpath: //select[contains(@name,'asg_pt')]
Found Element By : By.xpath: //select[contains(@name,'asg_pt')]
Trying to find Element By : By.xpath: //select[contains(@name,'dg_pt')]
Found Element By : By.xpath: //select[contains(@name,'dg_pt')]
Trying to find Element By : By.xpath: //select[contains(@name,'dg_pt')]
Found Element By : By.xpath: //select[contains(@name,'dg_pt')]
Trying to find Element By : By.xpath: //select[contains(@name,'av_pt')]
Found Element By : By.xpath: //select[contains(@name,'av_pt')]
Trying to find Element By : By.xpath: //select[contains(@name,'av_pt')]
Found Element By : By.xpath: //select[contains(@name,'av_pt')]
Trying to find Element By : By.xpath: //select[contains(@name,'pp_pt')]
Found Element By : By.xpath: //select[contains(@name,'pp_pt')]
Trying to find Element By : By.xpath: //select[contains(@name,'pp_pt')]
Found Element By : By.xpath: //select[contains(@name,'pp_pt')]
Trying to find Element By : By.xpath: //select[contains(@name,'sxg_pt')]
Found Element By : By.xpath: //select[contains(@name,'sxg_pt')]
Trying to find Element By : By.xpath: //select[contains(@name,'sxg_pt')]
Found Element By : By.xpath: //select[contains(@name,'sxg_pt')]
Trying to find Element By : By.xpath: //select[contains(@name,'pps_pt')]
Found Element By : By.xpath: //select[contains(@name,'pps_pt')]
Trying to find Element By : By.xpath: //select[contains(@name,'pps_pt')]
Found Element By : By.xpath: //select[contains(@name,'pps_pt')]
Trying to find Element By : By.xpath: //select[contains(@name,'haba_pt')]
Found Element By : By.xpath: //select[contains(@name,'haba_pt')]
Trying to find Element By : By.xpath: //select[contains(@name,'haba_pt')]
Found Element By : By.xpath: //select[contains(@name,'haba_pt')]
Trying to find Element By : By.xpath: //select[contains(@name,'mv_pt')]
Found Element By : By.xpath: //select[contains(@name,'mv_pt')]
Trying to find Element By : By.xpath: //select[contains(@name,'mv_pt')]
Found Element By : By.xpath: //select[contains(@name,'mv_pt')]
Trying to find Element By : By.xpath: //select[contains(@name,'nt_pt')]
Found Element By : By.xpath: //select[contains(@name,'nt_pt')]
Trying to find Element By : By.xpath: //select[contains(@name,'nt_pt')]
Found Element By : By.xpath: //select[contains(@name,'nt_pt')]
Trying to find Element By : By.xpath: //select[contains(@name,'qs_pt')]
Found Element By : By.xpath: //select[contains(@name,'qs_pt')]
Trying to find Element By : By.xpath: //select[contains(@name,'qs_pt')]
Found Element By : By.xpath: //select[contains(@name,'qs_pt')]
Trying to find Element By : By.xpath: //div[contains(@class,'table-responsive')]/table/tfoot/tr/td[31]/select
Found Element By : By.xpath: //div[contains(@class,'table-responsive')]/table/tfoot/tr/td[31]/select
Trying to find Element By : By.xpath: //div[contains(@class,'table-responsive')]/table/tfoot/tr/td[31]/select
Found Element By : By.xpath: //div[contains(@class,'table-responsive')]/table/tfoot/tr/td[31]/select
Trying to find Element By : By.xpath: //select[contains(@name,'png_pt')]
Found Element By : By.xpath: //select[contains(@name,'png_pt')]
Trying to find Element By : By.xpath: //select[contains(@name,'png_pt')]
Found Element By : By.xpath: //select[contains(@name,'png_pt')]
Trying to find Element By : By.xpath: //select[contains(@name,'mg_t_pt')]
Found Element By : By.xpath: //select[contains(@name,'mg_t_pt')]
Trying to find Element By : By.xpath: .//option[normalize-space(.) = "30.5"]
Found Element By : By.xpath: .//option[normalize-space(.) = "30.5"]
Trying to click on: [[[[ChromeDriver: chrome on WINDOWS (300a125f6f09334f5c388f64b4abd9ed)] -> xpath: //select[contains(@name,'mg_t_pt')]]] -> xpath: .//option[normalize-space(.) = "30.5"]]
Clicked on: [[[[ChromeDriver: chrome on WINDOWS (300a125f6f09334f5c388f64b4abd9ed)] -> xpath: //select[contains(@name,'mg_t_pt')]]] -> xpath: .//option[normalize-space(.) = "30.5"]]
Trying to find Element By : By.id: btnSubmit
Found Element By : By.id: btnSubmit
Trying to click on: [[ChromeDriver: chrome on WINDOWS (300a125f6f09334f5c388f64b4abd9ed)] -> id: btnSubmit]
Clicked on: [[ChromeDriver: chrome on WINDOWS (300a125f6f09334f5c388f64b4abd9ed)] -> id: btnSubmit]
Trying to find Element By : By.xpath: //div[contains(@class,'table-responsive')]/table/tbody/tr/td[9]
Found Element By : By.xpath: //div[contains(@class,'table-responsive')]/table/tbody/tr/td[9]
***************************
Screenshot stored at C:\Users\User\git\AASStagingTest\AASProductTestTools/screenshots/PTSettingMAPositiveTest01_Fri_Oct_16_17_16_58_SGT_2020.png
***************************
]]></system-out>
  </testcase>
  <testcase name="PTSettingMAPositiveTest01" classname="AASProductTestCase.AASProductTest.qa.testcases.PTSettingPageTest" time="4.984">
    <failure message="begin 0, end -2, length 4" type="java.lang.StringIndexOutOfBoundsException">java.lang.StringIndexOutOfBoundsException: begin 0, end -2, length 4
	at AASProductTestCase.AASProductTest.qa.testcases.PTSettingPageTest.PTSettingMAPositiveTest01(PTSettingPageTest.java:331)
</failure>
    <system-out><![CDATA[Trying to find Element By : By.xpath: //div[contains(@class,'table-responsive')]/table/tbody/tr/td[11]
Found Element By : By.xpath: //div[contains(@class,'table-responsive')]/table/tbody/tr/td[11]
Trying to find Element By : By.xpath: //div[contains(@class,'table-responsive')]/table/tbody/tr/td[12]
Found Element By : By.xpath: //div[contains(@class,'table-responsive')]/table/tbody/tr/td[12]
Trying to find Element By : By.id: check_3
Found Element By : By.id: check_3
Trying to click on: [[ChromeDriver: chrome on WINDOWS (300a125f6f09334f5c388f64b4abd9ed)] -> id: check_3]
Clicked on: [[ChromeDriver: chrome on WINDOWS (300a125f6f09334f5c388f64b4abd9ed)] -> id: check_3]
Trying to find Element By : By.xpath: //select[contains(@name,'evo_pt')]
Found Element By : By.xpath: //select[contains(@name,'evo_pt')]
Trying to find Element By : By.xpath: //select[contains(@name,'evo_pt')]
Found Element By : By.xpath: //select[contains(@name,'evo_pt')]
Trying to find Element By : By.xpath: //select[contains(@name,'bg_pt')]
Found Element By : By.xpath: //select[contains(@name,'bg_pt')]
Trying to find Element By : By.xpath: //select[contains(@name,'bg_pt')]
Found Element By : By.xpath: //select[contains(@name,'bg_pt')]
Trying to find Element By : By.xpath: //select[contains(@name,'mg_t_pt')]
Found Element By : By.xpath: //select[contains(@name,'mg_t_pt')]
Trying to find Element By : By.xpath: //select[contains(@name,'mg_t_pt')]
Found Element By : By.xpath: //select[contains(@name,'mg_t_pt')]
Trying to find Element By : By.xpath: //select[contains(@name,'asg_pt')]
Found Element By : By.xpath: //select[contains(@name,'asg_pt')]
Trying to find Element By : By.xpath: //select[contains(@name,'asg_pt')]
Found Element By : By.xpath: //select[contains(@name,'asg_pt')]
Trying to find Element By : By.xpath: //select[contains(@name,'dg_pt')]
Found Element By : By.xpath: //select[contains(@name,'dg_pt')]
Trying to find Element By : By.xpath: //select[contains(@name,'dg_pt')]
Found Element By : By.xpath: //select[contains(@name,'dg_pt')]
Trying to find Element By : By.xpath: //select[contains(@name,'av_pt')]
Found Element By : By.xpath: //select[contains(@name,'av_pt')]
Trying to find Element By : By.xpath: //select[contains(@name,'av_pt')]
Found Element By : By.xpath: //select[contains(@name,'av_pt')]
Trying to find Element By : By.xpath: //select[contains(@name,'pp_pt')]
Found Element By : By.xpath: //select[contains(@name,'pp_pt')]
Trying to find Element By : By.xpath: //select[contains(@name,'pp_pt')]
Found Element By : By.xpath: //select[contains(@name,'pp_pt')]
Trying to find Element By : By.xpath: //select[contains(@name,'sxg_pt')]
Found Element By : By.xpath: //select[contains(@name,'sxg_pt')]
Trying to find Element By : By.xpath: //select[contains(@name,'sxg_pt')]
Found Element By : By.xpath: //select[contains(@name,'sxg_pt')]
Trying to find Element By : By.xpath: //select[contains(@name,'pps_pt')]
Found Element By : By.xpath: //select[contains(@name,'pps_pt')]
Trying to find Element By : By.xpath: //select[contains(@name,'pps_pt')]
Found Element By : By.xpath: //select[contains(@name,'pps_pt')]
Trying to find Element By : By.xpath: //select[contains(@name,'haba_pt')]
Found Element By : By.xpath: //select[contains(@name,'haba_pt')]
Trying to find Element By : By.xpath: //select[contains(@name,'haba_pt')]
Found Element By : By.xpath: //select[contains(@name,'haba_pt')]
Trying to find Element By : By.xpath: //select[contains(@name,'mv_pt')]
Found Element By : By.xpath: //select[contains(@name,'mv_pt')]
Trying to find Element By : By.xpath: //select[contains(@name,'mv_pt')]
Found Element By : By.xpath: //select[contains(@name,'mv_pt')]
Trying to find Element By : By.xpath: //select[contains(@name,'nt_pt')]
Found Element By : By.xpath: //select[contains(@name,'nt_pt')]
Trying to find Element By : By.xpath: //select[contains(@name,'nt_pt')]
Found Element By : By.xpath: //select[contains(@name,'nt_pt')]
Trying to find Element By : By.xpath: //select[contains(@name,'qs_pt')]
Found Element By : By.xpath: //select[contains(@name,'qs_pt')]
Trying to find Element By : By.xpath: //select[contains(@name,'qs_pt')]
Found Element By : By.xpath: //select[contains(@name,'qs_pt')]
Trying to find Element By : By.xpath: //div[contains(@class,'table-responsive')]/table/tfoot/tr/td[31]/select
Found Element By : By.xpath: //div[contains(@class,'table-responsive')]/table/tfoot/tr/td[31]/select
Trying to find Element By : By.xpath: //div[contains(@class,'table-responsive')]/table/tfoot/tr/td[31]/select
Found Element By : By.xpath: //div[contains(@class,'table-responsive')]/table/tfoot/tr/td[31]/select
Trying to find Element By : By.xpath: //select[contains(@name,'png_pt')]
Found Element By : By.xpath: //select[contains(@name,'png_pt')]
Trying to find Element By : By.xpath: //select[contains(@name,'png_pt')]
Found Element By : By.xpath: //select[contains(@name,'png_pt')]
Trying to find Element By : By.xpath: //select[contains(@name,'asg_pt')]
Found Element By : By.xpath: //select[contains(@name,'asg_pt')]
Trying to find Element By : By.xpath: .//option[normalize-space(.) = "30.5"]
Found Element By : By.xpath: .//option[normalize-space(.) = "30.5"]
Trying to click on: [[[[ChromeDriver: chrome on WINDOWS (300a125f6f09334f5c388f64b4abd9ed)] -> xpath: //select[contains(@name,'asg_pt')]]] -> xpath: .//option[normalize-space(.) = "30.5"]]
Clicked on: [[[[ChromeDriver: chrome on WINDOWS (300a125f6f09334f5c388f64b4abd9ed)] -> xpath: //select[contains(@name,'asg_pt')]]] -> xpath: .//option[normalize-space(.) = "30.5"]]
Trying to find Element By : By.id: btnSubmit
Found Element By : By.id: btnSubmit
Trying to click on: [[ChromeDriver: chrome on WINDOWS (300a125f6f09334f5c388f64b4abd9ed)] -> id: btnSubmit]
Clicked on: [[ChromeDriver: chrome on WINDOWS (300a125f6f09334f5c388f64b4abd9ed)] -> id: btnSubmit]
Trying to find Element By : By.xpath: //div[contains(@class,'table-responsive')]/table/tbody/tr/td[11]
Found Element By : By.xpath: //div[contains(@class,'table-responsive')]/table/tbody/tr/td[11]
***************************
Screenshot stored at C:\Users\User\git\AASStagingTest\AASProductTestTools/screenshots/PTSettingMAPositiveTest01_Fri_Oct_16_17_17_03_SGT_2020.png
***************************
]]></system-out>
  </testcase>
  <testcase name="PTSettingMAPositiveTest01" classname="AASProductTestCase.AASProductTest.qa.testcases.PTSettingPageTest" time="4.968">
    <failure message="begin 0, end -2, length 4" type="java.lang.StringIndexOutOfBoundsException">java.lang.StringIndexOutOfBoundsException: begin 0, end -2, length 4
	at AASProductTestCase.AASProductTest.qa.testcases.PTSettingPageTest.PTSettingMAPositiveTest01(PTSettingPageTest.java:331)
</failure>
    <system-out><![CDATA[Trying to find Element By : By.xpath: //div[contains(@class,'table-responsive')]/table/tbody/tr/td[13]
Found Element By : By.xpath: //div[contains(@class,'table-responsive')]/table/tbody/tr/td[13]
Trying to find Element By : By.xpath: //div[contains(@class,'table-responsive')]/table/tbody/tr/td[14]
Found Element By : By.xpath: //div[contains(@class,'table-responsive')]/table/tbody/tr/td[14]
Trying to find Element By : By.id: check_3
Found Element By : By.id: check_3
Trying to click on: [[ChromeDriver: chrome on WINDOWS (300a125f6f09334f5c388f64b4abd9ed)] -> id: check_3]
Clicked on: [[ChromeDriver: chrome on WINDOWS (300a125f6f09334f5c388f64b4abd9ed)] -> id: check_3]
Trying to find Element By : By.xpath: //select[contains(@name,'evo_pt')]
Found Element By : By.xpath: //select[contains(@name,'evo_pt')]
Trying to find Element By : By.xpath: //select[contains(@name,'evo_pt')]
Found Element By : By.xpath: //select[contains(@name,'evo_pt')]
Trying to find Element By : By.xpath: //select[contains(@name,'bg_pt')]
Found Element By : By.xpath: //select[contains(@name,'bg_pt')]
Trying to find Element By : By.xpath: //select[contains(@name,'bg_pt')]
Found Element By : By.xpath: //select[contains(@name,'bg_pt')]
Trying to find Element By : By.xpath: //select[contains(@name,'mg_t_pt')]
Found Element By : By.xpath: //select[contains(@name,'mg_t_pt')]
Trying to find Element By : By.xpath: //select[contains(@name,'mg_t_pt')]
Found Element By : By.xpath: //select[contains(@name,'mg_t_pt')]
Trying to find Element By : By.xpath: //select[contains(@name,'asg_pt')]
Found Element By : By.xpath: //select[contains(@name,'asg_pt')]
Trying to find Element By : By.xpath: //select[contains(@name,'asg_pt')]
Found Element By : By.xpath: //select[contains(@name,'asg_pt')]
Trying to find Element By : By.xpath: //select[contains(@name,'dg_pt')]
Found Element By : By.xpath: //select[contains(@name,'dg_pt')]
Trying to find Element By : By.xpath: //select[contains(@name,'dg_pt')]
Found Element By : By.xpath: //select[contains(@name,'dg_pt')]
Trying to find Element By : By.xpath: //select[contains(@name,'av_pt')]
Found Element By : By.xpath: //select[contains(@name,'av_pt')]
Trying to find Element By : By.xpath: //select[contains(@name,'av_pt')]
Found Element By : By.xpath: //select[contains(@name,'av_pt')]
Trying to find Element By : By.xpath: //select[contains(@name,'pp_pt')]
Found Element By : By.xpath: //select[contains(@name,'pp_pt')]
Trying to find Element By : By.xpath: //select[contains(@name,'pp_pt')]
Found Element By : By.xpath: //select[contains(@name,'pp_pt')]
Trying to find Element By : By.xpath: //select[contains(@name,'sxg_pt')]
Found Element By : By.xpath: //select[contains(@name,'sxg_pt')]
Trying to find Element By : By.xpath: //select[contains(@name,'sxg_pt')]
Found Element By : By.xpath: //select[contains(@name,'sxg_pt')]
Trying to find Element By : By.xpath: //select[contains(@name,'pps_pt')]
Found Element By : By.xpath: //select[contains(@name,'pps_pt')]
Trying to find Element By : By.xpath: //select[contains(@name,'pps_pt')]
Found Element By : By.xpath: //select[contains(@name,'pps_pt')]
Trying to find Element By : By.xpath: //select[contains(@name,'haba_pt')]
Found Element By : By.xpath: //select[contains(@name,'haba_pt')]
Trying to find Element By : By.xpath: //select[contains(@name,'haba_pt')]
Found Element By : By.xpath: //select[contains(@name,'haba_pt')]
Trying to find Element By : By.xpath: //select[contains(@name,'mv_pt')]
Found Element By : By.xpath: //select[contains(@name,'mv_pt')]
Trying to find Element By : By.xpath: //select[contains(@name,'mv_pt')]
Found Element By : By.xpath: //select[contains(@name,'mv_pt')]
Trying to find Element By : By.xpath: //select[contains(@name,'nt_pt')]
Found Element By : By.xpath: //select[contains(@name,'nt_pt')]
Trying to find Element By : By.xpath: //select[contains(@name,'nt_pt')]
Found Element By : By.xpath: //select[contains(@name,'nt_pt')]
Trying to find Element By : By.xpath: //select[contains(@name,'qs_pt')]
Found Element By : By.xpath: //select[contains(@name,'qs_pt')]
Trying to find Element By : By.xpath: //select[contains(@name,'qs_pt')]
Found Element By : By.xpath: //select[contains(@name,'qs_pt')]
Trying to find Element By : By.xpath: //div[contains(@class,'table-responsive')]/table/tfoot/tr/td[31]/select
Found Element By : By.xpath: //div[contains(@class,'table-responsive')]/table/tfoot/tr/td[31]/select
Trying to find Element By : By.xpath: //div[contains(@class,'table-responsive')]/table/tfoot/tr/td[31]/select
Found Element By : By.xpath: //div[contains(@class,'table-responsive')]/table/tfoot/tr/td[31]/select
Trying to find Element By : By.xpath: //select[contains(@name,'png_pt')]
Found Element By : By.xpath: //select[contains(@name,'png_pt')]
Trying to find Element By : By.xpath: //select[contains(@name,'png_pt')]
Found Element By : By.xpath: //select[contains(@name,'png_pt')]
Trying to find Element By : By.xpath: //select[contains(@name,'dg_pt')]
Found Element By : By.xpath: //select[contains(@name,'dg_pt')]
Trying to find Element By : By.xpath: .//option[normalize-space(.) = "30.5"]
Found Element By : By.xpath: .//option[normalize-space(.) = "30.5"]
Trying to click on: [[[[ChromeDriver: chrome on WINDOWS (300a125f6f09334f5c388f64b4abd9ed)] -> xpath: //select[contains(@name,'dg_pt')]]] -> xpath: .//option[normalize-space(.) = "30.5"]]
Clicked on: [[[[ChromeDriver: chrome on WINDOWS (300a125f6f09334f5c388f64b4abd9ed)] -> xpath: //select[contains(@name,'dg_pt')]]] -> xpath: .//option[normalize-space(.) = "30.5"]]
Trying to find Element By : By.id: btnSubmit
Found Element By : By.id: btnSubmit
Trying to click on: [[ChromeDriver: chrome on WINDOWS (300a125f6f09334f5c388f64b4abd9ed)] -> id: btnSubmit]
Clicked on: [[ChromeDriver: chrome on WINDOWS (300a125f6f09334f5c388f64b4abd9ed)] -> id: btnSubmit]
Trying to find Element By : By.xpath: //div[contains(@class,'table-responsive')]/table/tbody/tr/td[13]
Found Element By : By.xpath: //div[contains(@class,'table-responsive')]/table/tbody/tr/td[13]
***************************
Screenshot stored at C:\Users\User\git\AASStagingTest\AASProductTestTools/screenshots/PTSettingMAPositiveTest01_Fri_Oct_16_17_17_08_SGT_2020.png
***************************
]]></system-out>
  </testcase>
  <testcase name="PTSettingMAPositiveTest01" classname="AASProductTestCase.AASProductTest.qa.testcases.PTSettingPageTest" time="4.981">
    <failure message="begin 0, end -2, length 4" type="java.lang.StringIndexOutOfBoundsException">java.lang.StringIndexOutOfBoundsException: begin 0, end -2, length 4
	at AASProductTestCase.AASProductTest.qa.testcases.PTSettingPageTest.PTSettingMAPositiveTest01(PTSettingPageTest.java:331)
</failure>
    <system-out><![CDATA[Trying to find Element By : By.xpath: //div[contains(@class,'table-responsive')]/table/tbody/tr/td[15]
Found Element By : By.xpath: //div[contains(@class,'table-responsive')]/table/tbody/tr/td[15]
Trying to find Element By : By.xpath: //div[contains(@class,'table-responsive')]/table/tbody/tr/td[16]
Found Element By : By.xpath: //div[contains(@class,'table-responsive')]/table/tbody/tr/td[16]
Trying to find Element By : By.id: check_3
Found Element By : By.id: check_3
Trying to click on: [[ChromeDriver: chrome on WINDOWS (300a125f6f09334f5c388f64b4abd9ed)] -> id: check_3]
Clicked on: [[ChromeDriver: chrome on WINDOWS (300a125f6f09334f5c388f64b4abd9ed)] -> id: check_3]
Trying to find Element By : By.xpath: //select[contains(@name,'evo_pt')]
Found Element By : By.xpath: //select[contains(@name,'evo_pt')]
Trying to find Element By : By.xpath: //select[contains(@name,'evo_pt')]
Found Element By : By.xpath: //select[contains(@name,'evo_pt')]
Trying to find Element By : By.xpath: //select[contains(@name,'bg_pt')]
Found Element By : By.xpath: //select[contains(@name,'bg_pt')]
Trying to find Element By : By.xpath: //select[contains(@name,'bg_pt')]
Found Element By : By.xpath: //select[contains(@name,'bg_pt')]
Trying to find Element By : By.xpath: //select[contains(@name,'mg_t_pt')]
Found Element By : By.xpath: //select[contains(@name,'mg_t_pt')]
Trying to find Element By : By.xpath: //select[contains(@name,'mg_t_pt')]
Found Element By : By.xpath: //select[contains(@name,'mg_t_pt')]
Trying to find Element By : By.xpath: //select[contains(@name,'asg_pt')]
Found Element By : By.xpath: //select[contains(@name,'asg_pt')]
Trying to find Element By : By.xpath: //select[contains(@name,'asg_pt')]
Found Element By : By.xpath: //select[contains(@name,'asg_pt')]
Trying to find Element By : By.xpath: //select[contains(@name,'dg_pt')]
Found Element By : By.xpath: //select[contains(@name,'dg_pt')]
Trying to find Element By : By.xpath: //select[contains(@name,'dg_pt')]
Found Element By : By.xpath: //select[contains(@name,'dg_pt')]
Trying to find Element By : By.xpath: //select[contains(@name,'av_pt')]
Found Element By : By.xpath: //select[contains(@name,'av_pt')]
Trying to find Element By : By.xpath: //select[contains(@name,'av_pt')]
Found Element By : By.xpath: //select[contains(@name,'av_pt')]
Trying to find Element By : By.xpath: //select[contains(@name,'pp_pt')]
Found Element By : By.xpath: //select[contains(@name,'pp_pt')]
Trying to find Element By : By.xpath: //select[contains(@name,'pp_pt')]
Found Element By : By.xpath: //select[contains(@name,'pp_pt')]
Trying to find Element By : By.xpath: //select[contains(@name,'sxg_pt')]
Found Element By : By.xpath: //select[contains(@name,'sxg_pt')]
Trying to find Element By : By.xpath: //select[contains(@name,'sxg_pt')]
Found Element By : By.xpath: //select[contains(@name,'sxg_pt')]
Trying to find Element By : By.xpath: //select[contains(@name,'pps_pt')]
Found Element By : By.xpath: //select[contains(@name,'pps_pt')]
Trying to find Element By : By.xpath: //select[contains(@name,'pps_pt')]
Found Element By : By.xpath: //select[contains(@name,'pps_pt')]
Trying to find Element By : By.xpath: //select[contains(@name,'haba_pt')]
Found Element By : By.xpath: //select[contains(@name,'haba_pt')]
Trying to find Element By : By.xpath: //select[contains(@name,'haba_pt')]
Found Element By : By.xpath: //select[contains(@name,'haba_pt')]
Trying to find Element By : By.xpath: //select[contains(@name,'mv_pt')]
Found Element By : By.xpath: //select[contains(@name,'mv_pt')]
Trying to find Element By : By.xpath: //select[contains(@name,'mv_pt')]
Found Element By : By.xpath: //select[contains(@name,'mv_pt')]
Trying to find Element By : By.xpath: //select[contains(@name,'nt_pt')]
Found Element By : By.xpath: //select[contains(@name,'nt_pt')]
Trying to find Element By : By.xpath: //select[contains(@name,'nt_pt')]
Found Element By : By.xpath: //select[contains(@name,'nt_pt')]
Trying to find Element By : By.xpath: //select[contains(@name,'qs_pt')]
Found Element By : By.xpath: //select[contains(@name,'qs_pt')]
Trying to find Element By : By.xpath: //select[contains(@name,'qs_pt')]
Found Element By : By.xpath: //select[contains(@name,'qs_pt')]
Trying to find Element By : By.xpath: //div[contains(@class,'table-responsive')]/table/tfoot/tr/td[31]/select
Found Element By : By.xpath: //div[contains(@class,'table-responsive')]/table/tfoot/tr/td[31]/select
Trying to find Element By : By.xpath: //div[contains(@class,'table-responsive')]/table/tfoot/tr/td[31]/select
Found Element By : By.xpath: //div[contains(@class,'table-responsive')]/table/tfoot/tr/td[31]/select
Trying to find Element By : By.xpath: //select[contains(@name,'png_pt')]
Found Element By : By.xpath: //select[contains(@name,'png_pt')]
Trying to find Element By : By.xpath: //select[contains(@name,'png_pt')]
Found Element By : By.xpath: //select[contains(@name,'png_pt')]
Trying to find Element By : By.xpath: //select[contains(@name,'av_pt')]
Found Element By : By.xpath: //select[contains(@name,'av_pt')]
Trying to find Element By : By.xpath: .//option[normalize-space(.) = "30.5"]
Found Element By : By.xpath: .//option[normalize-space(.) = "30.5"]
Trying to click on: [[[[ChromeDriver: chrome on WINDOWS (300a125f6f09334f5c388f64b4abd9ed)] -> xpath: //select[contains(@name,'av_pt')]]] -> xpath: .//option[normalize-space(.) = "30.5"]]
Clicked on: [[[[ChromeDriver: chrome on WINDOWS (300a125f6f09334f5c388f64b4abd9ed)] -> xpath: //select[contains(@name,'av_pt')]]] -> xpath: .//option[normalize-space(.) = "30.5"]]
Trying to find Element By : By.id: btnSubmit
Found Element By : By.id: btnSubmit
Trying to click on: [[ChromeDriver: chrome on WINDOWS (300a125f6f09334f5c388f64b4abd9ed)] -> id: btnSubmit]
Clicked on: [[ChromeDriver: chrome on WINDOWS (300a125f6f09334f5c388f64b4abd9ed)] -> id: btnSubmit]
Trying to find Element By : By.xpath: //div[contains(@class,'table-responsive')]/table/tbody/tr/td[15]
Found Element By : By.xpath: //div[contains(@class,'table-responsive')]/table/tbody/tr/td[15]
***************************
Screenshot stored at C:\Users\User\git\AASStagingTest\AASProductTestTools/screenshots/PTSettingMAPositiveTest01_Fri_Oct_16_17_17_13_SGT_2020.png
***************************
]]></system-out>
  </testcase>
  <testcase name="PTSettingMAPositiveTest01" classname="AASProductTestCase.AASProductTest.qa.testcases.PTSettingPageTest" time="5.004">
    <failure message="expected [20] but found [30.5]" type="java.lang.AssertionError">java.lang.AssertionError: expected [20] but found [30.5]
	at AASProductTestCase.AASProductTest.qa.testcases.PTSettingPageTest.PTSettingMAPositiveTest01(PTSettingPageTest.java:338)
</failure>
    <system-out><![CDATA[Trying to find Element By : By.xpath: //div[contains(@class,'table-responsive')]/table/tbody/tr/td[17]
Found Element By : By.xpath: //div[contains(@class,'table-responsive')]/table/tbody/tr/td[17]
Trying to find Element By : By.xpath: //div[contains(@class,'table-responsive')]/table/tbody/tr/td[18]
Found Element By : By.xpath: //div[contains(@class,'table-responsive')]/table/tbody/tr/td[18]
Trying to find Element By : By.id: check_3
Found Element By : By.id: check_3
Trying to click on: [[ChromeDriver: chrome on WINDOWS (300a125f6f09334f5c388f64b4abd9ed)] -> id: check_3]
Clicked on: [[ChromeDriver: chrome on WINDOWS (300a125f6f09334f5c388f64b4abd9ed)] -> id: check_3]
Trying to find Element By : By.xpath: //select[contains(@name,'evo_pt')]
Found Element By : By.xpath: //select[contains(@name,'evo_pt')]
Trying to find Element By : By.xpath: //select[contains(@name,'evo_pt')]
Found Element By : By.xpath: //select[contains(@name,'evo_pt')]
Trying to find Element By : By.xpath: //select[contains(@name,'bg_pt')]
Found Element By : By.xpath: //select[contains(@name,'bg_pt')]
Trying to find Element By : By.xpath: //select[contains(@name,'bg_pt')]
Found Element By : By.xpath: //select[contains(@name,'bg_pt')]
Trying to find Element By : By.xpath: //select[contains(@name,'mg_t_pt')]
Found Element By : By.xpath: //select[contains(@name,'mg_t_pt')]
Trying to find Element By : By.xpath: //select[contains(@name,'mg_t_pt')]
Found Element By : By.xpath: //select[contains(@name,'mg_t_pt')]
Trying to find Element By : By.xpath: //select[contains(@name,'asg_pt')]
Found Element By : By.xpath: //select[contains(@name,'asg_pt')]
Trying to find Element By : By.xpath: //select[contains(@name,'asg_pt')]
Found Element By : By.xpath: //select[contains(@name,'asg_pt')]
Trying to find Element By : By.xpath: //select[contains(@name,'dg_pt')]
Found Element By : By.xpath: //select[contains(@name,'dg_pt')]
Trying to find Element By : By.xpath: //select[contains(@name,'dg_pt')]
Found Element By : By.xpath: //select[contains(@name,'dg_pt')]
Trying to find Element By : By.xpath: //select[contains(@name,'av_pt')]
Found Element By : By.xpath: //select[contains(@name,'av_pt')]
Trying to find Element By : By.xpath: //select[contains(@name,'av_pt')]
Found Element By : By.xpath: //select[contains(@name,'av_pt')]
Trying to find Element By : By.xpath: //select[contains(@name,'pp_pt')]
Found Element By : By.xpath: //select[contains(@name,'pp_pt')]
Trying to find Element By : By.xpath: //select[contains(@name,'pp_pt')]
Found Element By : By.xpath: //select[contains(@name,'pp_pt')]
Trying to find Element By : By.xpath: //select[contains(@name,'sxg_pt')]
Found Element By : By.xpath: //select[contains(@name,'sxg_pt')]
Trying to find Element By : By.xpath: //select[contains(@name,'sxg_pt')]
Found Element By : By.xpath: //select[contains(@name,'sxg_pt')]
Trying to find Element By : By.xpath: //select[contains(@name,'pps_pt')]
Found Element By : By.xpath: //select[contains(@name,'pps_pt')]
Trying to find Element By : By.xpath: //select[contains(@name,'pps_pt')]
Found Element By : By.xpath: //select[contains(@name,'pps_pt')]
Trying to find Element By : By.xpath: //select[contains(@name,'haba_pt')]
Found Element By : By.xpath: //select[contains(@name,'haba_pt')]
Trying to find Element By : By.xpath: //select[contains(@name,'haba_pt')]
Found Element By : By.xpath: //select[contains(@name,'haba_pt')]
Trying to find Element By : By.xpath: //select[contains(@name,'mv_pt')]
Found Element By : By.xpath: //select[contains(@name,'mv_pt')]
Trying to find Element By : By.xpath: //select[contains(@name,'mv_pt')]
Found Element By : By.xpath: //select[contains(@name,'mv_pt')]
Trying to find Element By : By.xpath: //select[contains(@name,'nt_pt')]
Found Element By : By.xpath: //select[contains(@name,'nt_pt')]
Trying to find Element By : By.xpath: //select[contains(@name,'nt_pt')]
Found Element By : By.xpath: //select[contains(@name,'nt_pt')]
Trying to find Element By : By.xpath: //select[contains(@name,'qs_pt')]
Found Element By : By.xpath: //select[contains(@name,'qs_pt')]
[...]
	at AASProductTestCase.AASProductTest.qa.testcases.PTSettingPageTest.PTSettingMANegativeTest01(PTSettingPageTest.java:351)
</failure>
    <system-out><![CDATA[Trying to find Element By : By.xpath: //div[contains(@class,'table-responsive')]/table/tbody/tr/td[33]
Found Element By : By.xpath: //div[contains(@class,'table-responsive')]/table/tbody/tr/td[33]
Trying to find Element By : By.xpath: //div[contains(@class,'table-responsive')]/table/tbody/tr/td[34]
Found Element By : By.xpath: //div[contains(@class,'table-responsive')]/table/tbody/tr/td[34]
Trying to find Element By : By.id: check_3
Found Element By : By.id: check_3
Trying to click on: [[ChromeDriver: chrome on WINDOWS (300a125f6f09334f5c388f64b4abd9ed)] -> id: check_3]
Clicked on: [[ChromeDriver: chrome on WINDOWS (300a125f6f09334f5c388f64b4abd9ed)] -> id: check_3]
Trying to find Element By : By.xpath: //select[contains(@name,'evo_pt')]
Found Element By : By.xpath: //select[contains(@name,'evo_pt')]
Trying to find Element By : By.xpath: //select[contains(@name,'evo_pt')]
Found Element By : By.xpath: //select[contains(@name,'evo_pt')]
Trying to find Element By : By.xpath: //select[contains(@name,'bg_pt')]
Found Element By : By.xpath: //select[contains(@name,'bg_pt')]
Trying to find Element By : By.xpath: //select[contains(@name,'bg_pt')]
Found Element By : By.xpath: //select[contains(@name,'bg_pt')]
Trying to find Element By : By.xpath: //select[contains(@name,'mg_t_pt')]
Found Element By : By.xpath: //select[contains(@name,'mg_t_pt')]
Trying to find Element By : By.xpath: //select[contains(@name,'mg_t_pt')]
Found Element By : By.xpath: //select[contains(@name,'mg_t_pt')]
Trying to find Element By : By.xpath: //select[contains(@name,'asg_pt')]
Found Element By : By.xpath: //select[contains(@name,'asg_pt')]
Trying to find Element By : By.xpath: //select[contains(@name,'asg_pt')]
Found Element By : By.xpath: //select[contains(@name,'asg_pt')]
Trying to find Element By : By.xpath: //select[contains(@name,'dg_pt')]
Found Element By : By.xpath: //select[contains(@name,'dg_pt')]
Trying to find Element By : By.xpath: //select[contains(@name,'dg_pt')]
Found Element By : By.xpath: //select[contains(@name,'dg_pt')]
Trying to find Element By : By.xpath: //select[contains(@name,'av_pt')]
Found Element By : By.xpath: //select[contains(@name,'av_pt')]
Trying to find Element By : By.xpath: //select[contains(@name,'av_pt')]
Found Element By : By.xpath: //select[contains(@name,'av_pt')]
Trying to find Element By : By.xpath: //select[contains(@name,'pp_pt')]
Found Element By : By.xpath: //select[contains(@name,'pp_pt')]
Trying to find Element By : By.xpath: //select[contains(@name,'pp_pt')]
Found Element By : By.xpath: //select[contains(@name,'pp_pt')]
Trying to find Element By : By.xpath: //select[contains(@name,'sxg_pt')]
Found Element By : By.xpath: //select[contains(@name,'sxg_pt')]
Trying to find Element By : By.xpath: //select[contains(@name,'sxg_pt')]
Found Element By : By.xpath: //select[contains(@name,'sxg_pt')]
Trying to find Element By : By.xpath: //select[contains(@name,'pps_pt')]
Found Element By : By.xpath: //select[contains(@name,'pps_pt')]
Trying to find Element By : By.xpath: //select[contains(@name,'pps_pt')]
Found Element By : By.xpath: //select[contains(@name,'pps_pt')]
Trying to find Element By : By.xpath: //select[contains(@name,'haba_pt')]
Found Element By : By.xpath: //select[contains(@name,'haba_pt')]
Trying to find Element By : By.xpath: //select[contains(@name,'haba_pt')]
Found Element By : By.xpath: //select[contains(@name,'haba_pt')]
Trying to find Element By : By.xpath: //select[contains(@name,'mv_pt')]
Found Element By : By.xpath: //select[contains(@name,'mv_pt')]
Trying to find Element By : By.xpath: //select[contains(@name,'mv_pt')]
Found Element By : By.xpath: //select[contains(@name,'mv_pt')]
Trying to find Element By : By.xpath: //select[contains(@name,'nt_pt')]
Found Element By : By.xpath: //select[contains(@name,'nt_pt')]
Trying to find Element By : By.xpath: //select[contains(@name,'nt_pt')]
Found Element By : By.xpath: //select[contains(@name,'nt_pt')]
Trying to find Element By : By.xpath: //select[contains(@name,'qs_pt')]
Found Element By : By.xpath: //select[contains(@name,'qs_pt')]
Trying to find Element By : By.xpath: //select[contains(@name,'qs_pt')]
Found Element By : By.xpath: //select[contains(@name,'qs_pt')]
Trying to find Element By : By.xpath: //div[contains(@class,'table-responsive')]/table/tfoot/tr/td[31]/select
Found Element By : By.xpath: //div[contains(@class,'table-responsive')]/table/tfoot/tr/td[31]/select
Trying to find Element By : By.xpath: //div[contains(@class,'table-responsive')]/table/tfoot/tr/td[31]/select
Found Element By : By.xpath: //div[contains(@class,'table-responsive')]/table/tfoot/tr/td[31]/select
Trying to find Element By : By.xpath: //select[contains(@name,'png_pt')]
Found Element By : By.xpath: //select[contains(@name,'png_pt')]
Trying to find Element By : By.xpath: //select[contains(@name,'png_pt')]
Found Element By : By.xpath: //select[contains(@name,'png_pt')]
Trying to find Element By : By.xpath: //select[contains(@name,'png_pt')]
Found Element By : By.xpath: //select[contains(@name,'png_pt')]
Trying to find Element By : By.xpath: .//option[normalize-space(.) = "60"]
Found Element By : By.xpath: .//option[normalize-space(.) = "60"]
Trying to click on: [[[[ChromeDriver: chrome on WINDOWS (300a125f6f09334f5c388f64b4abd9ed)] -> xpath: //select[contains(@name,'png_pt')]]] -> xpath: .//option[normalize-space(.) = "60"]]
Clicked on: [[[[ChromeDriver: chrome on WINDOWS (300a125f6f09334f5c388f64b4abd9ed)] -> xpath: //select[contains(@name,'png_pt')]]] -> xpath: .//option[normalize-space(.) = "60"]]
Trying to find Element By : By.id: btnSubmit
Found Element By : By.id: btnSubmit
Trying to click on: [[ChromeDriver: chrome on WINDOWS (300a125f6f09334f5c388f64b4abd9ed)] -> id: btnSubmit]
Clicked on: [[ChromeDriver: chrome on WINDOWS (300a125f6f09334f5c388f64b4abd9ed)] -> id: btnSubmit]
Trying to find Element By : By.xpath: //div[contains(@class,'table-responsive')]/table/tbody/tr/td[33]
Found Element By : By.xpath: //div[contains(@class,'table-responsive')]/table/tbody/tr/td[33]
***************************
Screenshot stored at C:\Users\User\git\AASStagingTest\AASProductTestTools/screenshots/PTSettingMANegativeTest01_Fri_Oct_16_17_19_03_SGT_2020.png
***************************
]]></system-out>
  </testcase>
  <testcase name="PTSettingMAGroupUpdate" classname="AASProductTestCase.AASProductTest.qa.testcases.PTSettingPageTest" time="8.654"/>
  <testcase name="PTSettingMAPositiveTest02" classname="AASProductTestCase.AASProductTest.qa.testcases.PTSettingPageTest" time="1.393">
    <failure message="begin 0, end -2, length 2" type="java.lang.StringIndexOutOfBoundsException">java.lang.StringIndexOutOfBoundsException: begin 0, end -2, length 2
	at AASProductTestCase.AASProductTest.qa.testcases.PTSettingPageTest.PTSettingMAPositiveTest02(PTSettingPageTest.java:376)
</failure>
    <system-out><![CDATA[Trying to find Element By : By.xpath: //div[contains(@class,'table-responsive')]/table/tbody/tr/td[5]
Found Element By : By.xpath: //div[contains(@class,'table-responsive')]/table/tbody/tr/td[5]
***************************
Screenshot stored at C:\Users\User\git\AASStagingTest\AASProductTestTools/screenshots/PTSettingMAPositiveTest02_Fri_Oct_16_17_19_13_SGT_2020.png
***************************
]]></system-out>
  </testcase>
  <testcase name="PTSettingMAPositiveTest02" classname="AASProductTestCase.AASProductTest.qa.testcases.PTSettingPageTest" time="1.336">
    <failure message="begin 0, end -2, length 2" type="java.lang.StringIndexOutOfBoundsException">java.lang.StringIndexOutOfBoundsException: begin 0, end -2, length 2
	at AASProductTestCase.AASProductTest.qa.testcases.PTSettingPageTest.PTSettingMAPositiveTest02(PTSettingPageTest.java:376)
</failure>
    <system-out><![CDATA[Trying to find Element By : By.xpath: //div[contains(@class,'table-responsive')]/table/tbody/tr/td[7]
Found Element By : By.xpath: //div[contains(@class,'table-responsive')]/table/tbody/tr/td[7]
***************************
Screenshot stored at C:\Users\User\git\AASStagingTest\AASProductTestTools/screenshots/PTSettingMAPositiveTest02_Fri_Oct_16_17_19_15_SGT_2020.png
***************************
]]></system-out>
  </testcase>
  <testcase name="PTSettingMAPositiveTest02" classname="AASProductTestCase.AASProductTest.qa.testcases.PTSettingPageTest" time="1.334">
    <failure message="begin 0, end -2, length 2" type="java.lang.StringIndexOutOfBoundsException">java.lang.StringIndexOutOfBoundsException: begin 0, end -2, length 2
	at AASProductTestCase.AASProductTest.qa.testcases.PTSettingPageTest.PTSettingMAPositiveTest02(PTSettingPageTest.java:376)
</failure>
    <system-out><![CDATA[Trying to find Element By : By.xpath: //div[contains(@class,'table-responsive')]/table/tbody/tr/td[9]
Found Element By : By.xpath: //div[contains(@class,'table-responsive')]/table/tbody/tr/td[9]
***************************
Screenshot stored at C:\Users\User\git\AASStagingTest\AASProductTestTools/screenshots/PTSettingMAPositiveTest02_Fri_Oct_16_17_19_16_SGT_2020.png
***************************
]]></system-out>
  </testcase>
  <testcase name="PTSettingMAPositiveTest02" classname="AASProductTestCase.AASProductTest.qa.testcases.PTSettingPageTest" time="1.357">
    <failure message="begin 0, end -2, length 2" type="java.lang.StringIndexOutOfBoundsException">java.lang.StringIndexOutOfBoundsException: begin 0, end -2, length 2
	at AASProductTestCase.AASProductTest.qa.testcases.PTSettingPageTest.PTSettingMAPositiveTest02(PTSettingPageTest.java:376)
</failure>
    <system-out><![CDATA[Trying to find Element By : By.xpath: //div[contains(@class,'table-responsive')]/table/tbody/tr/td[11]
Found Element By : By.xpath: //div[contains(@class,'table-responsive')]/table/tbody/tr/td[11]
***************************
Screenshot stored at C:\Users\User\git\AASStagingTest\AASProductTestTools/screenshots/PTSettingMAPositiveTest02_Fri_Oct_16_17_19_18_SGT_2020.png
***************************
]]></system-out>
  </testcase>
  <testcase name="PTSettingMAPositiveTest02" classname="AASProductTestCase.AASProductTest.qa.testcases.PTSettingPageTest" time="1.349">
    <failure message="begin 0, end -2, length 2" type="java.lang.StringIndexOutOfBoundsException">java.lang.StringIndexOutOfBoundsException: begin 0, end -2, length 2
	at AASProductTestCase.AASProductTest.qa.testcases.PTSettingPageTest.PTSettingMAPositiveTest02(PTSettingPageTest.java:376)
</failure>
    <system-out><![CDATA[Trying to find Element By : By.xpath: //div[contains(@class,'table-responsive')]/table/tbody/tr/td[13]
Found Element By : By.xpath: //div[contains(@class,'table-responsive')]/table/tbody/tr/td[13]
***************************
Screenshot stored at C:\Users\User\git\AASStagingTest\AASProductTestTools/screenshots/PTSettingMAPositiveTest02_Fri_Oct_16_17_19_19_SGT_2020.png
***************************
]]></system-out>
  </testcase>
  <testcase name="PTSettingMAPositiveTest02" classname="AASProductTestCase.AASProductTest.qa.testcases.PTSettingPageTest" time="1.343">
    <failure message="begin 0, end -2, length 2" type="java.lang.StringIndexOutOfBoundsException">java.lang.StringIndexOutOfBoundsException: begin 0, end -2, length 2
	at AASProductTestCase.AASProductTest.qa.testcases.PTSettingPageTest.PTSettingMAPositiveTest02(PTSettingPageTest.java:376)
</failure>
    <system-out><![CDATA[Trying to find Element By : By.xpath: //div[contains(@class,'table-responsive')]/table/tbody/tr/td[15]
Found Element By : By.xpath: //div[contains(@class,'table-responsive')]/table/tbody/tr/td[15]
***************************
Screenshot stored at C:\Users\User\git\AASStagingTest\AASProductTestTools/screenshots/PTSettingMAPositiveTest02_Fri_Oct_16_17_19_20_SGT_2020.png
***************************
]]></system-out>
  </testcase>
  <testcase name="PTSettingMAPositiveTest02" classname="AASProductTestCase.AASProductTest.qa.testcases.PTSettingPageTest" time="1.359">
    <failure message="begin 0, end -2, length 2" type="java.lang.StringIndexOutOfBoundsException">java.lang.StringIndexOutOfBoundsException: begin 0, end -2, length 2
	at AASProductTestCase.AASProductTest.qa.testcases.PTSettingPageTest.PTSettingMAPositiveTest02(PTSettingPageTest.java:376)
</failure>
    <system-out><![CDATA[Trying to find Element By : By.xpath: //div[contains(@class,'table-responsive')]/table/tbody/tr/td[17]
Found Element By : By.xpath: //div[contains(@class,'table-responsive')]/table/tbody/tr/td[17]
***************************
Screenshot stored at C:\Users\User\git\AASStagingTest\AASProductTestTools/screenshots/PTSettingMAPositiveTest02_Fri_Oct_16_17_19_22_SGT_2020.png
***************************
]]></system-out>
  </testcase>
  <testcase name="PTSettingMAPositiveTest02" classname="AASProductTestCase.AASProductTest.qa.testcases.PTSettingPageTest" time="1.354">
    <failure message="begin 0, end -2, length 2" type="java.lang.StringIndexOutOfBoundsException">java.lang.StringIndexOutOfBoundsException: begin 0, end -2, length 2
	at AASProductTestCase.AASProductTest.qa.testcases.PTSettingPageTest.PTSettingMAPositiveTest02(PTSettingPageTest.java:376)
</failure>
    <system-out><![CDATA[Trying to find Element By : By.xpath: //div[contains(@class,'table-responsive')]/table/tbody/tr/td[19]
Found Element By : By.xpath: //div[contains(@class,'table-responsive')]/table/tbody/tr/td[19]
***************************
Screenshot stored at C:\Users\User\git\AASStagingTest\AASProductTestTools/screenshots/PTSettingMAPositiveTest02_Fri_Oct_16_17_19_23_SGT_2020.png
***************************
]]></system-out>
  </testcase>
  <testcase name="PTSettingMAPositiveTest02" classname="AASProductTestCase.AASProductTest.qa.testcases.PTSettingPageTest" time="1.336">
    <failure message="begin 0, end -2, length 2" type="java.lang.StringIndexOutOfBoundsException">java.lang.StringIndexOutOfBoundsException: begin 0, end -2, length 2
	at AASProductTestCase.AASProductTest.qa.testcases.PTSettingPageTest.PTSettingMAPositiveTest02(PTSettingPageTest.java:376)
</failure>
    <system-out><![CDATA[Trying to find Element By : By.xpath: //div[contains(@class,'table-responsive')]/table/tbody/tr/td[21]
Found Element By : By.xpath: //div[contains(@class,'table-responsive')]/table/tbody/tr/td[21]
***************************
Screenshot stored at C:\Users\User\git\AASStagingTest\AASProductTestTools/screenshots/PTSettingMAPositiveTest02_Fri_Oct_16_17_19_24_SGT_2020.png
***************************
]]></system-out>
  </testcase>
  <testcase name="PTSettingMAPositiveTest02" classname="AASProductTestCase.AASProductTest.qa.testcases.PTSettingPageTest" time="1.333">
    <failure message="begin 0, end -2, length 2" type="java.lang.StringIndexOutOfBoundsException">java.lang.StringIndexOutOfBoundsException: begin 0, end -2, length 2
	at AASProductTestCase.AASProductTest.qa.testcases.PTSettingPageTest.PTSettingMAPositiveTest02(PTSettingPageTest.java:376)
</failure>
    <system-out><![CDATA[Trying to find Element By : By.xpath: //div[contains(@class,'table-responsive')]/table/tbody/tr/td[23]
Found Element By : By.xpath: //div[contains(@class,'table-responsive')]/table/tbody/tr/td[23]
***************************
Screenshot stored at C:\Users\User\git\AASStagingTest\AASProductTestTools/screenshots/PTSettingMAPositiveTest02_Fri_Oct_16_17_19_26_SGT_2020.png
***************************
]]></system-out>
  </testcase>
  <testcase name="PTSettingMAPositiveTest02" classname="AASProductTestCase.AASProductTest.qa.testcases.PTSettingPageTest" time="1.332">
    <failure message="begin 0, end -2, length 2" type="java.lang.StringIndexOutOfBoundsException">java.lang.StringIndexOutOfBoundsException: begin 0, end -2, length 2
	at AASProductTestCase.AASProductTest.qa.testcases.PTSettingPageTest.PTSettingMAPositiveTest02(PTSettingPageTest.java:376)
</failure>
    <system-out><![CDATA[Trying to find Element By : By.xpath: //div[contains(@class,'table-responsive')]/table/tbody/tr/td[25]
Found Element By : By.xpath: //div[contains(@class,'table-responsive')]/table/tbody/tr/td[25]
***************************
Screenshot stored at C:\Users\User\git\AASStagingTest\AASProductTestTools/screenshots/PTSettingMAPositiveTest02_Fri_Oct_16_17_19_27_SGT_2020.png
***************************
]]></system-out>
  </testcase>
  <testcase name="PTSettingMAPositiveTest02" classname="AASProductTestCase.AASProductTest.qa.testcases.PTSettingPageTest" time="1.358">
    <failure message="begin 0, end -2, length 2" type="java.lang.StringIndexOutOfBoundsException">java.lang.StringIndexOutOfBoundsException: begin 0, end -2, length 2
	at AASProductTestCase.AASProductTest.qa.testcases.PTSettingPageTest.PTSettingMAPositiveTest02(PTSettingPageTest.java:376)
</failure>
    <system-out><![CDATA[Trying to find Element By : By.xpath: //div[contains(@class,'table-responsive')]/table/tbody/tr/td[27]
Found Element By : By.xpath: //div[contains(@class,'table-responsive')]/table/tbody/tr/td[27]
***************************
Screenshot stored at C:\Users\User\git\AASStagingTest\AASProductTestTools/screenshots/PTSettingMAPositiveTest02_Fri_Oct_16_17_19_28_SGT_2020.png
***************************
]]></system-out>
  </testcase>
  <testcase name="PTSettingMAPositiveTest02" classname="AASProductTestCase.AASProductTest.qa.testcases.PTSettingPageTest" time="1.342">
    <failure message="begin 0, end -2, length 2" type="java.lang.StringIndexOutOfBoundsException">java.lang.StringIndexOutOfBoundsException: begin 0, end -2, length 2
	at AASProductTestCase.AASProductTest.qa.testcases.PTSettingPageTest.PTSettingMAPositiveTest02(PTSettingPageTest.java:376)
</failure>
    <system-out><![CDATA[Trying to find Element By : By.xpath: //div[contains(@class,'table-responsive')]/table/tbody/tr/td[29]
Found Element By : By.xpath: //div[contains(@class,'table-responsive')]/table/tbody/tr/td[29]
***************************
Screenshot stored at C:\Users\User\git\AASStagingTest\AASProductTestTools/screenshots/PTSettingMAPositiveTest02_Fri_Oct_16_17_19_30_SGT_2020.png
***************************
]]></system-out>
  </testcase>
  <testcase name="PTSettingMAPositiveTest02" classname="AASProductTestCase.AASProductTest.qa.testcases.PTSettingPageTest" time="1.333">
    <failure message="begin 0, end -2, length 2" type="java.lang.StringIndexOutOfBoundsException">java.lang.StringIndexOutOfBoundsException: begin 0, end -2, length 2
	at AASProductTestCase.AASProductTest.qa.testcases.PTSettingPageTest.PTSettingMAPositiveTest02(PTSettingPageTest.java:376)
</failure>
    <system-out><![CDATA[Trying to find Element By : By.xpath: //div[contains(@class,'table-responsive')]/table/tbody/tr/td[31]
Found Element By : By.xpath: //div[contains(@class,'table-responsive')]/table/tbody/tr/td[31]
***************************
Screenshot stored at C:\Users\User\git\AASStagingTest\AASProductTestTools/screenshots/PTSettingMAPositiveTest02_Fri_Oct_16_17_19_31_SGT_2020.png
***************************
]]></system-out>
  </testcase>
  <testcase name="PTSettingMAPositiveTest02" classname="AASProductTestCase.AASProductTest.qa.testcases.PTSettingPageTest" time="1.341">
    <failure message="begin 0, end -2, length 2" type="java.lang.StringIndexOutOfBoundsException">java.lang.StringIndexOutOfBoundsException: begin 0, end -2, length 2
	at AASProductTestCase.AASProductTest.qa.testcases.PTSettingPageTest.PTSettingMAPositiveTest02(PTSettingPageTest.java:376)
</failure>
    <system-out><![CDATA[Trying to find Element By : By.xpath: //div[contains(@class,'table-responsive')]/table/tbody/tr/td[33]
Found Element By : By.xpath: //div[contains(@class,'table-responsive')]/table/tbody/tr/td[33]
***************************
Screenshot stored at C:\Users\User\git\AASStagingTest\AASProductTestTools/screenshots/PTSettingMAPositiveTest02_Fri_Oct_16_17_19_32_SGT_2020.png
***************************
]]></system-out>
  </testcase>
</testsuite>