<?xml version="1.0" encoding="UTF-8"?>
<testsuite xmlns:xsi="http://www.w3.org/2001/XMLSchema-instance" xsi:noNamespaceSchemaLocation="https://maven.apache.org/surefire/maven-surefire-plugin/xsd/surefire-test-report.xsd" name="TestSuite" time="137.4" tests="16" errors="0" skipped="0" failures="0">
  <properties>
[...]
</properties>
  <testcase name="AccountListStatusFilterTest" classname="AASProductTestCase.AASProductTest.qa.testcases.AccountListPageTest" time="8.91"/>
  <testcase name="SMA_Filter" classname="AASProductTestCase.AASProductTest.qa.testcases.AccountListPageTest" time="3.131"/>
  <testcase name="AccountListUpdateTestSMA01" classname="AASProductTestCase.AASProductTest.qa.testcases.AccountListPageTest" time="8.731"/>
  <testcase name="AccountListUpdateTestSMA02" classname="AASProductTestCase.AASProductTest.qa.testcases.AccountListPageTest" time="8.534"/>
  <testcase name="AccountListUpdateTestSMANegative01" classname="AASProductTestCase.AASProductTest.qa.testcases.AccountListPageTest" time="8.401"/>
  <testcase name="AccountListUpdateTestSMANegative02" classname="AASProductTestCase.AASProductTest.qa.testcases.AccountListPageTest" time="8.466"/>
  <testcase name="ProceedSMACheck" classname="AASProductTestCase.AASProductTest.qa.testcases.AccountListPageTest" time="6.147"/>
  <testcase name="AccountListUpdateTestMA01" classname="AASProductTestCase.AASProductTest.qa.testcases.AccountListPageTest" time="8.648"/>
  <testcase name="AccountListUpdateTestMA02" classname="AASProductTestCase.AASProductTest.qa.testcases.AccountListPageTest" time="8.506"/>
  <testcase name="AccountListUpdateTestMANegative01" classname="AASProductTestCase.AASProductTest.qa.testcases.AccountListPageTest" time="8.381"/>
  <testcase name="AccountListUpdateTestMANegative02" classname="AASProductTestCase.AASProductTest.qa.testcases.AccountListPageTest" time="8.401"/>
  <testcase name="ProceedMACheck" classname="AASProductTestCase.AASProductTest.qa.testcases.AccountListPageTest" time="6.022"/>
  <testcase name="AccountListUpdateTestAG01" classname="AASProductTestCase.AASProductTest.qa.testcases.AccountListPageTest" time="8.623"/>
  <testcase name="AccountListUpdateTestAG02" classname="AASProductTestCase.AASProductTest.qa.testcases.AccountListPageTest" time="8.513"/>
  <testcase name="AccountListUpdateTestAGNegative01" classname="AASProductTestCase.AASProductTest.qa.testcases.AccountListPageTest" time="8.401"/>
  <testcase name="AccountListUpdateTestAGNegative02" classname="AASProductTestCase.AASProductTest.qa.testcases.AccountListPageTest" time="8.44"/>
</testsuite>