<?xml version="1.0" encoding="UTF-8"?>
<testsuite xmlns:xsi="http://www.w3.org/2001/XMLSchema-instance" xsi:noNamespaceSchemaLocation="https://maven.apache.org/surefire/maven-surefire-plugin/xsd/surefire-test-report.xsd" name="TestSuite" time="128.684" tests="44" errors="0" skipped="0" failures="0">
  <properties>
[...]
</properties>
  <testcase name="ProductStatusPositiveTest01" classname="AASProductTestCase.AASProductTest.qa.testcases.ProductSettingPageTest" time="5.628"/>
  <testcase name="ProductStatusPositiveTest01" classname="AASProductTestCase.AASProductTest.qa.testcases.ProductSettingPageTest" time="5.535"/>
  <testcase name="ProductStatusPositiveTest01" classname="AASProductTestCase.AASProductTest.qa.testcases.ProductSettingPageTest" time="5.521"/>
  <testcase name="ProductStatusPositiveTest01" classname="AASProductTestCase.AASProductTest.qa.testcases.ProductSettingPageTest" time="5.528"/>
  <testcase name="ProductStatusPositiveTest01" classname="AASProductTestCase.AASProductTest.qa.testcases.ProductSettingPageTest" time="5.499"/>
  <testcase name="ProductStatusPositiveTest01" classname="AASProductTestCase.AASProductTest.qa.testcases.ProductSettingPageTest" time="5.49"/>
  <testcase name="ProductStatusPositiveTest01" classname="AASProductTestCase.AASProductTest.qa.testcases.ProductSettingPageTest" time="5.536"/>
  <testcase name="ProductStatusPositiveTest01" classname="AASProductTestCase.AASProductTest.qa.testcases.ProductSettingPageTest" time="5.623"/>
  <testcase name="ProductStatusPositiveTest01" classname="AASProductTestCase.AASProductTest.qa.testcases.ProductSettingPageTest" time="5.498"/>
  <testcase name="ProductStatusPositiveTest01" classname="AASProductTestCase.AASProductTest.qa.testcases.ProductSettingPageTest" time="5.485"/>
  <testcase name="ProductStatusPositiveTest01" classname="AASProductTestCase.AASProductTest.qa.testcases.ProductSettingPageTest" time="5.499"/>
  <testcase name="ProductStatusPositiveTest01" classname="AASProductTestCase.AASProductTest.qa.testcases.ProductSettingPageTest" time="5.483"/>
  <testcase name="ProductStatusPositiveTest01" classname="AASProductTestCase.AASProductTest.qa.testcases.ProductSettingPageTest" time="5.502"/>
  <testcase name="ProductStatusPositiveTest01" classname="AASProductTestCase.AASProductTest.qa.testcases.ProductSettingPageTest" time="5.546"/>
  <testcase name="ProceedMACheck" classname="AASProductTestCase.AASProductTest.qa.testcases.ProductSettingPageTest" time="4.372"/>
  <testcase name="ProductStatusDownlineCheck_MA" classname="AASProductTestCase.AASProductTest.qa.testcases.ProductSettingPageTest" time="1.032"/>
  <testcase name="ProductStatusDownlineCheck_MA" classname="AASProductTestCase.AASProductTest.qa.testcases.ProductSettingPageTest" time="1.026"/>
  <testcase name="ProductStatusDownlineCheck_MA" classname="AASProductTestCase.AASProductTest.qa.testcases.ProductSettingPageTest" time="1.025"/>
  <testcase name="ProductStatusDownlineCheck_MA" classname="AASProductTestCase.AASProductTest.qa.testcases.ProductSettingPageTest" time="1.031"/>
  <testcase name="ProductStatusDownlineCheck_MA" classname="AASProductTestCase.AASProductTest.qa.testcases.ProductSettingPageTest" time="1.022"/>
  <testcase name="ProductStatusDownlineCheck_MA" classname="AASProductTestCase.AASProductTest.qa.testcases.ProductSettingPageTest" time="1.027"/>
  <testcase name="ProductStatusDownlineCheck_MA" classname="AASProductTestCase.AASProductTest.qa.testcases.ProductSettingPageTest" time="1.022"/>
  <testcase name="ProductStatusDownlineCheck_MA" classname="AASProductTestCase.AASProductTest.qa.testcases.ProductSettingPageTest" time="1.022"/>
  <testcase name="ProductStatusDownlineCheck_MA" classname="AASProductTestCase.AASProductTest.qa.testcases.ProductSettingPageTest" time="1.025"/>
  <testcase name="ProductStatusDownlineCheck_MA" classname="AASProductTestCase.AASProductTest.qa.testcases.ProductSettingPageTest" time="1.021"/>
  <testcase name="ProductStatusDownlineCheck_MA" classname="AASProductTestCase.AASProductTest.qa.testcases.ProductSettingPageTest" time="1.023"/>
  <testcase name="ProductStatusDownlineCheck_MA" classname="AASProductTestCase.AASProductTest.qa.testcases.ProductSettingPageTest" time="1.021"/>
  <testcase name="ProductStatusDownlineCheck_MA" classname="AASProductTestCase.AASProductTest.qa.testcases.ProductSettingPageTest" time="1.023"/>
  <testcase name="ProductStatusDownlineCheck_MA" classname="AASProductTestCase.AASProductTest.qa.testcases.ProductSettingPageTest" time="1.033"/>
  <testcase name="ProceedAGCheck" classname="AASProductTestCase.AASProductTest.qa.testcases.ProductSettingPageTest" time="4.414"/>
  <testcase name="ProductStatusDownlineCheck_AG" classname="AASProductTestCase.AASProductTest.qa.testcases.ProductSettingPageTest" time="1.025"/>
  <testcase name="ProductStatusDownlineCheck_AG" classname="AASProductTestCase.AASProductTest.qa.testcases.ProductSettingPageTest" time="1.025"/>
  <testcase name="ProductStatusDownlineCheck_AG" classname="AASProductTestCase.AASProductTest.qa.testcases.ProductSettingPageTest" time="1.025"/>
  <testcase name="ProductStatusDownlineCheck_AG" classname="AASProductTestCase.AASProductTest.qa.testcases.ProductSettingPageTest" time="1.021"/>
  <testcase name="ProductStatusDownlineCheck_AG" classname="AASProductTestCase.AASProductTest.qa.testcases.ProductSettingPageTest" time="1.024"/>
  <testcase name="ProductStatusDownlineCheck_AG" classname="AASProductTestCase.AASProductTest.qa.testcases.ProductSettingPageTest" time="1.025"/>
  <testcase name="ProductStatusDownlineCheck_AG" classname="AASProductTestCase.AASProductTest.qa.testcases.ProductSettingPageTest" time="1.024"/>
  <testcase name="ProductStatusDownlineCheck_AG" classname="AASProductTestCase.AASProductTest.qa.testcases.ProductSettingPageTest" time="1.023"/>
  <testcase name="ProductStatusDownlineCheck_AG" classname="AASProductTestCase.AASProductTest.qa.testcases.ProductSettingPageTest" time="1.022"/>
  <testcase name="ProductStatusDownlineCheck_AG" classname="AASProductTestCase.AASProductTest.qa.testcases.ProductSettingPageTest" time="1.027"/>
  <testcase name="ProductStatusDownlineCheck_AG" classname="AASProductTestCase.AASProductTest.qa.testcases.ProductSettingPageTest" time="1.023"/>
  <testcase name="ProductStatusDownlineCheck_AG" classname="AASProductTestCase.AASProductTest.qa.testcases.ProductSettingPageTest" time="1.029"/>
  <testcase name="ProductStatusDownlineCheck_AG" classname="AASProductTestCase.AASProductTest.qa.testcases.ProductSettingPageTest" time="1.026"/>
  <testcase name="ProductStatusDownlineCheck_AG" classname="AASProductTestCase.AASProductTest.qa.testcases.ProductSettingPageTest" time="1.026"/>
</testsuite>