<?xml version="1.0" encoding="UTF-8"?>
<testsuite xmlns:xsi="http://www.w3.org/2001/XMLSchema-instance" xsi:noNamespaceSchemaLocation="https://maven.apache.org/surefire/maven-surefire-plugin/xsd/surefire-test-report.xsd" name="TestSuite" time="109.778" tests="16" errors="0" skipped="0" failures="2">
  <properties>
[...]
</properties>
  <testcase name="LoginPageTitleTest" classname="AASProductTestCase.AASProductTest.qa.testcases.LoginPageTest" time="0.012"/>
  <testcase name="LoginTest" classname="AASProductTestCase.AASProductTest.qa.testcases.LoginPageTest" time="2.297"/>
  <testcase name="ExtraPTTest" classname="AASProductTestCase.AASProductTest.qa.testcases.ExtraPTPageTest" time="6.14"/>
  <testcase name="ExtraPTTest" classname="AASProductTestCase.AASProductTest.qa.testcases.ExtraPTPageTest" time="6.045"/>
  <testcase name="ExtraPTTest" classname="AASProductTestCase.AASProductTest.qa.testcases.ExtraPTPageTest" time="6.1"/>
  <testcase name="ExtraPTTest" classname="AASProductTestCase.AASProductTest.qa.testcases.ExtraPTPageTest" time="6.049"/>
  <testcase name="ExtraPTTest" classname="AASProductTestCase.AASProductTest.qa.testcases.ExtraPTPageTest" time="6.395">
    <failure message="expected [] but found [10.50]" type="java.lang.AssertionError">java.lang.AssertionError: expected [] but found [10.50]
	at AASProductTestCase.AASProductTest.qa.testcases.ExtraPTPageTest.ExtraPTTest(ExtraPTPageTest.java:93)
</failure>
    <system-out><![CDATA[Trying to find Element By : By.xpath: //div[contains(@class,'table-responsive')]/table/tbody/tr/td[3]/i
Found Element By : By.xpath: //div[contains(@class,'table-responsive')]/table/tbody/tr/td[3]/i
Trying to click on: [[ChromeDriver: chrome on WINDOWS (4a935b5fc4a7dd67c04d35ce68fa5333)] -> xpath: //div[contains(@class,'table-responsive')]/table/tbody/tr/td[3]/i]
Clicked on: [[ChromeDriver: chrome on WINDOWS (4a935b5fc4a7dd67c04d35ce68fa5333)] -> xpath: //div[contains(@class,'table-responsive')]/table/tbody/tr/td[3]/i]
Trying to find Element By : By.id: evo_pt
Found Element By : By.id: evo_pt
Trying to find Element By : By.id: evo_pt
Found Element By : By.id: evo_pt
Trying to find Element By : By.id: bg_pt
Found Element By : By.id: bg_pt
Trying to find Element By : By.id: bg_pt
Found Element By : By.id: bg_pt
Trying to find Element By : By.id: mg_t_pt
Found Element By : By.id: mg_t_pt
Trying to find Element By : By.id: mg_t_pt
Found Element By : By.id: mg_t_pt
Trying to find Element By : By.id: asg_pt
Found Element By : By.id: asg_pt
Trying to find Element By : By.id: asg_pt
Found Element By : By.id: asg_pt
Trying to find Element By : By.id: dg_pt
Found Element By : By.id: dg_pt
Trying to find Element By : By.id: dg_pt
Found Element By : By.id: dg_pt
Trying to find Element By : By.id: av_pt
Found Element By : By.id: av_pt
Trying to find Element By : By.id: av_pt
Found Element By : By.id: av_pt
Trying to find Element By : By.id: pp_pt
Found Element By : By.id: pp_pt
Trying to find Element By : By.id: pp_pt
Found Element By : By.id: pp_pt
Trying to find Element By : By.id: sxg_pt
Found Element By : By.id: sxg_pt
Trying to find Element By : By.id: sxg_pt
Found Element By : By.id: sxg_pt
Trying to find Element By : By.id: pps_pt
Found Element By : By.id: pps_pt
Trying to find Element By : By.id: pps_pt
Found Element By : By.id: pps_pt
Trying to find Element By : By.id: haba_pt
Found Element By : By.id: haba_pt
Trying to find Element By : By.id: haba_pt
Found Element By : By.id: haba_pt
Trying to find Element By : By.id: mv_pt
Found Element By : By.id: mv_pt
Trying to find Element By : By.id: mv_pt
Found Element By : By.id: mv_pt
Trying to find Element By : By.id: nt_pt
Found Element By : By.id: nt_pt
Trying to find Element By : By.id: nt_pt
Found Element By : By.id: nt_pt
Trying to find Element By : By.id: qs_pt
Found Element By : By.id: qs_pt
Trying to find Element By : By.id: qs_pt
Found Element By : By.id: qs_pt
Trying to find Element By : By.id: sg_pt
Found Element By : By.id: sg_pt
Trying to find Element By : By.id: sg_pt
Found Element By : By.id: sg_pt
Trying to find Element By : By.id: dg_pt
Found Element By : By.id: dg_pt
Trying to find Element By : By.xpath: .//option[normalize-space(.) = "10.5"]
Found Element By : By.xpath: .//option[normalize-space(.) = "10.5"]
Trying to click on: [[[[ChromeDriver: chrome on WINDOWS (4a935b5fc4a7dd67c04d35ce68fa5333)] -> id: dg_pt]] -> xpath: .//option[normalize-space(.) = "10.5"]]
Clicked on: [[[[ChromeDriver: chrome on WINDOWS (4a935b5fc4a7dd67c04d35ce68fa5333)] -> id: dg_pt]] -> xpath: .//option[normalize-space(.) = "10.5"]]
Trying to find Element By : By.xpath: //div[contains(@class,'table-responsive')]/table/tbody/tr/td[3]/i[1]
Found Element By : By.xpath: //div[contains(@class,'table-responsive')]/table/tbody/tr/td[3]/i[1]
Trying to click on: [[ChromeDriver: chrome on WINDOWS (4a935b5fc4a7dd67c04d35ce68fa5333)] -> xpath: //div[contains(@class,'table-responsive')]/table/tbody/tr/td[3]/i[1]]
Clicked on: [[ChromeDriver: chrome on WINDOWS (4a935b5fc4a7dd67c04d35ce68fa5333)] -> xpath: //div[contains(@class,'table-responsive')]/table/tbody/tr/td[3]/i[1]]
Trying to find Element By : By.xpath: //div[contains(@class,'table-responsive')]/table/tbody/tr/td[8]
Found Element By : By.xpath: //div[contains(@class,'table-responsive')]/table/tbody/tr/td[8]
***************************
Screenshot stored at C:\Users\User\git\AASStagingTest\AASProductTestTools/screenshots/ExtraPTTest_Mon_Aug_17_11_57_02_SGT_2020.png
***************************
]]></system-out>
  </testcase>
  <testcase name="ExtraPTTest" classname="AASProductTestCase.AASProductTest.qa.testcases.ExtraPTPageTest" time="6.416">
    <failure message="expected [999] but found [10.50]" type="java.lang.AssertionError">java.lang.AssertionError: expected [999] but found [10.50]
	at AASProductTestCase.AASProductTest.qa.testcases.ExtraPTPageTest.ExtraPTTest(ExtraPTPageTest.java:93)
</failure>
    <system-out><![CDATA[Trying to find Element By : By.xpath: //div[contains(@class,'table-responsive')]/table/tbody/tr/td[3]/i
Found Element By : By.xpath: //div[contains(@class,'table-responsive')]/table/tbody/tr/td[3]/i
Trying to click on: [[ChromeDriver: chrome on WINDOWS (4a935b5fc4a7dd67c04d35ce68fa5333)] -> xpath: //div[contains(@class,'table-responsive')]/table/tbody/tr/td[3]/i]
Clicked on: [[ChromeDriver: chrome on WINDOWS (4a935b5fc4a7dd67c04d35ce68fa5333)] -> xpath: //div[contains(@class,'table-responsive')]/table/tbody/tr/td[3]/i]
Trying to find Element By : By.id: evo_pt
Found Element By : By.id: evo_pt
Trying to find Element By : By.id: evo_pt
Found Element By : By.id: evo_pt
Trying to find Element By : By.id: bg_pt
Found Element By : By.id: bg_pt
Trying to find Element By : By.id: bg_pt
Found Element By : By.id: bg_pt
Trying to find Element By : By.id: mg_t_pt
Found Element By : By.id: mg_t_pt
Trying to find Element By : By.id: mg_t_pt
Found Element By : By.id: mg_t_pt
Trying to find Element By : By.id: asg_pt
Found Element By : By.id: asg_pt
Trying to find Element By : By.id: asg_pt
Found Element By : By.id: asg_pt
Trying to find Element By : By.id: dg_pt
Found Element By : By.id: dg_pt
Trying to find Element By : By.id: dg_pt
Found Element By : By.id: dg_pt
Trying to find Element By : By.id: av_pt
Found Element By : By.id: av_pt
Trying to find Element By : By.id: av_pt
Found Element By : By.id: av_pt
Trying to find Element By : By.id: pp_pt
Found Element By : By.id: pp_pt
Trying to find Element By : By.id: pp_pt
Found Element By : By.id: pp_pt
Trying to find Element By : By.id: sxg_pt
Found Element By : By.id: sxg_pt
Trying to find Element By : By.id: sxg_pt
Found Element By : By.id: sxg_pt
Trying to find Element By : By.id: pps_pt
Found Element By : By.id: pps_pt
Trying to find Element By : By.id: pps_pt
Found Element By : By.id: pps_pt
Trying to find Element By : By.id: haba_pt
Found Element By : By.id: haba_pt
Trying to find Element By : By.id: haba_pt
Found Element By : By.id: haba_pt
Trying to find Element By : By.id: mv_pt
Found Element By : By.id: mv_pt
Trying to find Element By : By.id: mv_pt
Found Element By : By.id: mv_pt
Trying to find Element By : By.id: nt_pt
Found Element By : By.id: nt_pt
Trying to find Element By : By.id: nt_pt
Found Element By : By.id: nt_pt
Trying to find Element By : By.id: qs_pt
Found Element By : By.id: qs_pt
Trying to find Element By : By.id: qs_pt
Found Element By : By.id: qs_pt
Trying to find Element By : By.id: sg_pt
Found Element By : By.id: sg_pt
Trying to find Element By : By.id: sg_pt
Found Element By : By.id: sg_pt
Trying to find Element By : By.id: av_pt
Found Element By : By.id: av_pt
Trying to find Element By : By.xpath: .//option[normalize-space(.) = "10.5"]
Found Element By : By.xpath: .//option[normalize-space(.) = "10.5"]
Trying to click on: [[[[ChromeDriver: chrome on WINDOWS (4a935b5fc4a7dd67c04d35ce68fa5333)] -> id: av_pt]] -> xpath: .//option[normalize-space(.) = "10.5"]]
Clicked on: [[[[ChromeDriver: chrome on WINDOWS (4a935b5fc4a7dd67c04d35ce68fa5333)] -> id: av_pt]] -> xpath: .//option[normalize-space(.) = "10.5"]]
Trying to find Element By : By.xpath: //div[contains(@class,'table-responsive')]/table/tbody/tr/td[3]/i[1]
Found Element By : By.xpath: //div[contains(@class,'table-responsive')]/table/tbody/tr/td[3]/i[1]
Trying to click on: [[ChromeDriver: chrome on WINDOWS (4a935b5fc4a7dd67c04d35ce68fa5333)] -> xpath: //div[contains(@class,'table-responsive')]/table/tbody/tr/td[3]/i[1]]
Clicked on: [[ChromeDriver: chrome on WINDOWS (4a935b5fc4a7dd67c04d35ce68fa5333)] -> xpath: //div[contains(@class,'table-responsive')]/table/tbody/tr/td[3]/i[1]]
Trying to find Element By : By.xpath: //div[contains(@class,'table-responsive')]/table/tbody/tr/td[9]
Found Element By : By.xpath: //div[contains(@class,'table-responsive')]/table/tbody/tr/td[9]
***************************
Screenshot stored at C:\Users\User\git\AASStagingTest\AASProductTestTools/screenshots/ExtraPTTest_Mon_Aug_17_11_57_09_SGT_2020.png
***************************
]]></system-out>
  </testcase>
  <testcase name="ExtraPTTest" classname="AASProductTestCase.AASProductTest.qa.testcases.ExtraPTPageTest" time="6.176"/>
  <testcase name="ExtraPTTest" classname="AASProductTestCase.AASProductTest.qa.testcases.ExtraPTPageTest" time="6.166"/>
  <testcase name="ExtraPTTest" classname="AASProductTestCase.AASProductTest.qa.testcases.ExtraPTPageTest" time="6.078"/>
  <testcase name="ExtraPTTest" classname="AASProductTestCase.AASProductTest.qa.testcases.ExtraPTPageTest" time="5.996"/>
  <testcase name="ExtraPTTest" classname="AASProductTestCase.AASProductTest.qa.testcases.ExtraPTPageTest" time="6.003"/>
  <testcase name="ExtraPTTest" classname="AASProductTestCase.AASProductTest.qa.testcases.ExtraPTPageTest" time="6.003"/>
  <testcase name="ExtraPTTest" classname="AASProductTestCase.AASProductTest.qa.testcases.ExtraPTPageTest" time="5.993"/>
  <testcase name="ExtraPTTest" classname="AASProductTestCase.AASProductTest.qa.testcases.ExtraPTPageTest" time="5.99"/>
</testsuite>