<?xml version="1.0" encoding="UTF-8"?>
<testsuite xmlns:xsi="http://www.w3.org/2001/XMLSchema-instance" xsi:noNamespaceSchemaLocation="https://maven.apache.org/surefire/maven-surefire-plugin/xsd/surefire-test-report.xsd" name="TestSuite" time="526.924" tests="151" errors="0" skipped="0" failures="0">
  <properties>
[...]
</properties>
  <testcase name="ProductStatusPositiveTest01" classname="AASProductTestCase.AASProductTest.qa.testcases.ProductSettingPageTest" time="5.944"/>
  <testcase name="ProductStatusPositiveTest01" classname="AASProductTestCase.AASProductTest.qa.testcases.ProductSettingPageTest" time="5.787"/>
  <testcase name="ProductStatusPositiveTest01" classname="AASProductTestCase.AASProductTest.qa.testcases.ProductSettingPageTest" time="5.705"/>
  <testcase name="ProductStatusPositiveTest01" classname="AASProductTestCase.AASProductTest.qa.testcases.ProductSettingPageTest" time="5.806"/>
  <testcase name="ProductStatusPositiveTest01" classname="AASProductTestCase.AASProductTest.qa.testcases.ProductSettingPageTest" time="5.704"/>
  <testcase name="ProductStatusPositiveTest01" classname="AASProductTestCase.AASProductTest.qa.testcases.ProductSettingPageTest" time="5.803"/>
  <testcase name="ProductStatusPositiveTest01" classname="AASProductTestCase.AASProductTest.qa.testcases.ProductSettingPageTest" time="5.918"/>
  <testcase name="ProductStatusPositiveTest01" classname="AASProductTestCase.AASProductTest.qa.testcases.ProductSettingPageTest" time="5.727"/>
  <testcase name="ProductStatusPositiveTest01" classname="AASProductTestCase.AASProductTest.qa.testcases.ProductSettingPageTest" time="5.724"/>
  <testcase name="ProductStatusPositiveTest01" classname="AASProductTestCase.AASProductTest.qa.testcases.ProductSettingPageTest" time="5.665"/>
  <testcase name="ProductStatusPositiveTest01" classname="AASProductTestCase.AASProductTest.qa.testcases.ProductSettingPageTest" time="5.669"/>
  <testcase name="ProductStatusPositiveTest01" classname="AASProductTestCase.AASProductTest.qa.testcases.ProductSettingPageTest" time="5.679"/>
  <testcase name="ProductStatusPositiveTest01" classname="AASProductTestCase.AASProductTest.qa.testcases.ProductSettingPageTest" time="5.742"/>
  <testcase name="ProductStatusPositiveTest01" classname="AASProductTestCase.AASProductTest.qa.testcases.ProductSettingPageTest" time="5.704"/>
  <testcase name="ProductStatusPositiveTest01" classname="AASProductTestCase.AASProductTest.qa.testcases.ProductSettingPageTest" time="5.666"/>
  <testcase name="ProductStatusPositiveTest01" classname="AASProductTestCase.AASProductTest.qa.testcases.ProductSettingPageTest" time="5.735"/>
  <testcase name="ProductStatusPositiveTest01" classname="AASProductTestCase.AASProductTest.qa.testcases.ProductSettingPageTest" time="5.676"/>
  <testcase name="ProductStatusPositiveTest01" classname="AASProductTestCase.AASProductTest.qa.testcases.ProductSettingPageTest" time="5.709"/>
  <testcase name="ProductSettingSMAGroupUpdate" classname="AASProductTestCase.AASProductTest.qa.testcases.ProductSettingPageTest" time="10.255"/>
  <testcase name="SMAProductStatusGroupActiveTest" classname="AASProductTestCase.AASProductTest.qa.testcases.ProductSettingPageTest" time="2.046"/>
  <testcase name="SMAProductStatusGroupActiveTest" classname="AASProductTestCase.AASProductTest.qa.testcases.ProductSettingPageTest" time="2.03"/>
  <testcase name="SMAProductStatusGroupActiveTest" classname="AASProductTestCase.AASProductTest.qa.testcases.ProductSettingPageTest" time="2.027"/>
  <testcase name="SMAProductStatusGroupActiveTest" classname="AASProductTestCase.AASProductTest.qa.testcases.ProductSettingPageTest" time="2.028"/>
  <testcase name="SMAProductStatusGroupActiveTest" classname="AASProductTestCase.AASProductTest.qa.testcases.ProductSettingPageTest" time="2.04"/>
  <testcase name="SMAProductStatusGroupActiveTest" classname="AASProductTestCase.AASProductTest.qa.testcases.ProductSettingPageTest" time="2.027"/>
  <testcase name="SMAProductStatusGroupActiveTest" classname="AASProductTestCase.AASProductTest.qa.testcases.ProductSettingPageTest" time="2.027"/>
  <testcase name="SMAProductStatusGroupActiveTest" classname="AASProductTestCase.AASProductTest.qa.testcases.ProductSettingPageTest" time="2.032"/>
  <testcase name="SMAProductStatusGroupActiveTest" classname="AASProductTestCase.AASProductTest.qa.testcases.ProductSettingPageTest" time="2.033"/>
  <testcase name="SMAProductStatusGroupActiveTest" classname="AASProductTestCase.AASProductTest.qa.testcases.ProductSettingPageTest" time="2.028"/>
  <testcase name="SMAProductStatusGroupActiveTest" classname="AASProductTestCase.AASProductTest.qa.testcases.ProductSettingPageTest" time="2.025"/>
  <testcase name="SMAProductStatusGroupActiveTest" classname="AASProductTestCase.AASProductTest.qa.testcases.ProductSettingPageTest" time="2.023"/>
  <testcase name="SMAProductStatusGroupActiveTest" classname="AASProductTestCase.AASProductTest.qa.testcases.ProductSettingPageTest" time="2.029"/>
  <testcase name="SMAProductStatusGroupActiveTest" classname="AASProductTestCase.AASProductTest.qa.testcases.ProductSettingPageTest" time="2.029"/>
  <testcase name="SMAProductStatusGroupActiveTest" classname="AASProductTestCase.AASProductTest.qa.testcases.ProductSettingPageTest" time="2.026"/>
  <testcase name="SMAProductStatusGroupActiveTest" classname="AASProductTestCase.AASProductTest.qa.testcases.ProductSettingPageTest" time="2.029"/>
  <testcase name="SMAProductStatusGroupActiveTest" classname="AASProductTestCase.AASProductTest.qa.testcases.ProductSettingPageTest" time="2.024"/>
  <testcase name="SMAProductStatusGroupActiveTest" classname="AASProductTestCase.AASProductTest.qa.testcases.ProductSettingPageTest" time="2.028"/>
  <testcase name="ProceedMACheck" classname="AASProductTestCase.AASProductTest.qa.testcases.ProductSettingPageTest" time="4.506"/>
  <testcase name="ProductStatusDownlineCheck_MA" classname="AASProductTestCase.AASProductTest.qa.testcases.ProductSettingPageTest" time="1.029"/>
  <testcase name="ProductStatusDownlineCheck_MA" classname="AASProductTestCase.AASProductTest.qa.testcases.ProductSettingPageTest" time="1.027"/>
  <testcase name="ProductStatusDownlineCheck_MA" classname="AASProductTestCase.AASProductTest.qa.testcases.ProductSettingPageTest" time="1.022"/>
  <testcase name="ProductStatusDownlineCheck_MA" classname="AASProductTestCase.AASProductTest.qa.testcases.ProductSettingPageTest" time="1.024"/>
  <testcase name="ProductStatusDownlineCheck_MA" classname="AASProductTestCase.AASProductTest.qa.testcases.ProductSettingPageTest" time="1.031"/>
  <testcase name="ProductStatusDownlineCheck_MA" classname="AASProductTestCase.AASProductTest.qa.testcases.ProductSettingPageTest" time="1.022"/>
  <testcase name="ProductStatusDownlineCheck_MA" classname="AASProductTestCase.AASProductTest.qa.testcases.ProductSettingPageTest" time="1.02"/>
  <testcase name="ProductStatusDownlineCheck_MA" classname="AASProductTestCase.AASProductTest.qa.testcases.ProductSettingPageTest" time="1.023"/>
  <testcase name="ProductStatusDownlineCheck_MA" classname="AASProductTestCase.AASProductTest.qa.testcases.ProductSettingPageTest" time="1.03"/>
  <testcase name="ProductStatusDownlineCheck_MA" classname="AASProductTestCase.AASProductTest.qa.testcases.ProductSettingPageTest" time="1.029"/>
  <testcase name="ProductStatusDownlineCheck_MA" classname="AASProductTestCase.AASProductTest.qa.testcases.ProductSettingPageTest" time="1.023"/>
  <testcase name="ProductStatusDownlineCheck_MA" classname="AASProductTestCase.AASProductTest.qa.testcases.ProductSettingPageTest" time="1.023"/>
  <testcase name="ProductStatusDownlineCheck_MA" classname="AASProductTestCase.AASProductTest.qa.testcases.ProductSettingPageTest" time="1.023"/>
  <testcase name="ProductStatusDownlineCheck_MA" classname="AASProductTestCase.AASProductTest.qa.testcases.ProductSettingPageTest" time="1.022"/>
  <testcase name="ProductStatusDownlineCheck_MA" classname="AASProductTestCase.AASProductTest.qa.testcases.ProductSettingPageTest" time="1.026"/>
  <testcase name="ProductStatusDownlineCheck_MA" classname="AASProductTestCase.AASProductTest.qa.testcases.ProductSettingPageTest" time="1.037"/>
  <testcase name="ProductStatusDownlineCheck_MA" classname="AASProductTestCase.AASProductTest.qa.testcases.ProductSettingPageTest" time="1.03"/>
  <testcase name="ProductStatusDownlineCheck_MA" classname="AASProductTestCase.AASProductTest.qa.testcases.ProductSettingPageTest" time="1.021"/>
  <testcase name="ProductSettingMASingleUpdate" classname="AASProductTestCase.AASProductTest.qa.testcases.ProductSettingPageTest" time="5.768"/>
  <testcase name="ProductSettingMASingleUpdate" classname="AASProductTestCase.AASProductTest.qa.testcases.ProductSettingPageTest" time="5.705"/>
  <testcase name="ProductSettingMASingleUpdate" classname="AASProductTestCase.AASProductTest.qa.testcases.ProductSettingPageTest" time="5.692"/>
  <testcase name="ProductSettingMASingleUpdate" classname="AASProductTestCase.AASProductTest.qa.testcases.ProductSettingPageTest" time="5.655"/>
  <testcase name="ProductSettingMASingleUpdate" classname="AASProductTestCase.AASProductTest.qa.testcases.ProductSettingPageTest" time="5.676"/>
  <testcase name="ProductSettingMASingleUpdate" classname="AASProductTestCase.AASProductTest.qa.testcases.ProductSettingPageTest" time="5.69"/>
  <testcase name="ProductSettingMASingleUpdate" classname="AASProductTestCase.AASProductTest.qa.testcases.ProductSettingPageTest" time="5.671"/>
  <testcase name="ProductSettingMASingleUpdate" classname="AASProductTestCase.AASProductTest.qa.testcases.ProductSettingPageTest" time="5.673"/>
  <testcase name="ProductSettingMASingleUpdate" classname="AASProductTestCase.AASProductTest.qa.testcases.ProductSettingPageTest" time="5.726"/>
  <testcase name="ProductSettingMASingleUpdate" classname="AASProductTestCase.AASProductTest.qa.testcases.ProductSettingPageTest" time="5.659"/>
  <testcase name="ProductSettingMASingleUpdate" classname="AASProductTestCase.AASProductTest.qa.testcases.ProductSettingPageTest" time="5.645"/>
  <testcase name="ProductSettingMASingleUpdate" classname="AASProductTestCase.AASProductTest.qa.testcases.ProductSettingPageTest" time="5.648"/>
  <testcase name="ProductSettingMASingleUpdate" classname="AASProductTestCase.AASProductTest.qa.testcases.ProductSettingPageTest" time="5.653"/>
  <testcase name="ProductSettingMASingleUpdate" classname="AASProductTestCase.AASProductTest.qa.testcases.ProductSettingPageTest" time="5.631"/>
  <testcase name="ProductSettingMASingleUpdate" classname="AASProductTestCase.AASProductTest.qa.testcases.ProductSettingPageTest" time="5.706"/>
  <testcase name="ProductSettingMASingleUpdate" classname="AASProductTestCase.AASProductTest.qa.testcases.ProductSettingPageTest" time="5.701"/>
  <testcase name="ProductSettingMASingleUpdate" classname="AASProductTestCase.AASProductTest.qa.testcases.ProductSettingPageTest" time="5.745"/>
  <testcase name="ProductSettingMASingleUpdate" classname="AASProductTestCase.AASProductTest.qa.testcases.ProductSettingPageTest" time="5.665"/>
  <testcase name="ProductSettingMAGroupUpdate" classname="AASProductTestCase.AASProductTest.qa.testcases.ProductSettingPageTest" time="9.797"/>
  <testcase name="MAProductStatusGroupActiveTest" classname="AASProductTestCase.AASProductTest.qa.testcases.ProductSettingPageTest" time="2.028"/>
  <testcase name="MAProductStatusGroupActiveTest" classname="AASProductTestCase.AASProductTest.qa.testcases.ProductSettingPageTest" time="2.027"/>
  <testcase name="MAProductStatusGroupActiveTest" classname="AASProductTestCase.AASProductTest.qa.testcases.ProductSettingPageTest" time="2.033"/>
  <testcase name="MAProductStatusGroupActiveTest" classname="AASProductTestCase.AASProductTest.qa.testcases.ProductSettingPageTest" time="2.034"/>
  <testcase name="MAProductStatusGroupActiveTest" classname="AASProductTestCase.AASProductTest.qa.testcases.ProductSettingPageTest" time="2.03"/>
  <testcase name="MAProductStatusGroupActiveTest" classname="AASProductTestCase.AASProductTest.qa.testcases.ProductSettingPageTest" time="2.025"/>
  <testcase name="MAProductStatusGroupActiveTest" classname="AASProductTestCase.AASProductTest.qa.testcases.ProductSettingPageTest" time="2.036"/>
  <testcase name="MAProductStatusGroupActiveTest" classname="AASProductTestCase.AASProductTest.qa.testcases.ProductSettingPageTest" time="2.027"/>
  <testcase name="MAProductStatusGroupActiveTest" classname="AASProductTestCase.AASProductTest.qa.testcases.ProductSettingPageTest" time="2.023"/>
  <testcase name="MAProductStatusGroupActiveTest" classname="AASProductTestCase.AASProductTest.qa.testcases.ProductSettingPageTest" time="2.022"/>
  <testcase name="MAProductStatusGroupActiveTest" classname="AASProductTestCase.AASProductTest.qa.testcases.ProductSettingPageTest" time="2.029"/>
  <testcase name="MAProductStatusGroupActiveTest" classname="AASProductTestCase.AASProductTest.qa.testcases.ProductSettingPageTest" time="2.028"/>
  <testcase name="MAProductStatusGroupActiveTest" classname="AASProductTestCase.AASProductTest.qa.testcases.ProductSettingPageTest" time="2.025"/>
  <testcase name="MAProductStatusGroupActiveTest" classname="AASProductTestCase.AASProductTest.qa.testcases.ProductSettingPageTest" time="2.026"/>
  <testcase name="MAProductStatusGroupActiveTest" classname="AASProductTestCase.AASProductTest.qa.testcases.ProductSettingPageTest" time="2.023"/>
  <testcase name="MAProductStatusGroupActiveTest" classname="AASProductTestCase.AASProductTest.qa.testcases.ProductSettingPageTest" time="2.024"/>
  <testcase name="MAProductStatusGroupActiveTest" classname="AASProductTestCase.AASProductTest.qa.testcases.ProductSettingPageTest" time="2.027"/>
  <testcase name="MAProductStatusGroupActiveTest" classname="AASProductTestCase.AASProductTest.qa.testcases.ProductSettingPageTest" time="2.028"/>
  <testcase name="ProductSettingMAGroupUpdate02" classname="AASProductTestCase.AASProductTest.qa.testcases.ProductSettingPageTest" time="9.759"/>
  <testcase name="ProceedAGCheck" classname="AASProductTestCase.AASProductTest.qa.testcases.ProductSettingPageTest" time="4.617"/>
  <testcase name="ProductStatusDownlineCheck_AG" classname="AASProductTestCase.AASProductTest.qa.testcases.ProductSettingPageTest" time="1.038"/>
  <testcase name="ProductStatusDownlineCheck_AG" classname="AASProductTestCase.AASProductTest.qa.testcases.ProductSettingPageTest" time="1.03"/>
  <testcase name="ProductStatusDownlineCheck_AG" classname="AASProductTestCase.AASProductTest.qa.testcases.ProductSettingPageTest" time="1.024"/>
  <testcase name="ProductStatusDownlineCheck_AG" classname="AASProductTestCase.AASProductTest.qa.testcases.ProductSettingPageTest" time="1.027"/>
  <testcase name="ProductStatusDownlineCheck_AG" classname="AASProductTestCase.AASProductTest.qa.testcases.ProductSettingPageTest" time="1.023"/>
  <testcase name="ProductStatusDownlineCheck_AG" classname="AASProductTestCase.AASProductTest.qa.testcases.ProductSettingPageTest" time="1.029"/>
  <testcase name="ProductStatusDownlineCheck_AG" classname="AASProductTestCase.AASProductTest.qa.testcases.ProductSettingPageTest" time="1.028"/>
  <testcase name="ProductStatusDownlineCheck_AG" classname="AASProductTestCase.AASProductTest.qa.testcases.ProductSettingPageTest" time="1.027"/>
  <testcase name="ProductStatusDownlineCheck_AG" classname="AASProductTestCase.AASProductTest.qa.testcases.ProductSettingPageTest" time="1.028"/>
  <testcase name="ProductStatusDownlineCheck_AG" classname="AASProductTestCase.AASProductTest.qa.testcases.ProductSettingPageTest" time="1.029"/>
  <testcase name="ProductStatusDownlineCheck_AG" classname="AASProductTestCase.AASProductTest.qa.testcases.ProductSettingPageTest" time="1.029"/>
  <testcase name="ProductStatusDownlineCheck_AG" classname="AASProductTestCase.AASProductTest.qa.testcases.ProductSettingPageTest" time="1.026"/>
  <testcase name="ProductStatusDownlineCheck_AG" classname="AASProductTestCase.AASProductTest.qa.testcases.ProductSettingPageTest" time="1.033"/>
  <testcase name="ProductStatusDownlineCheck_AG" classname="AASProductTestCase.AASProductTest.qa.testcases.ProductSettingPageTest" time="1.029"/>
  <testcase name="ProductStatusDownlineCheck_AG" classname="AASProductTestCase.AASProductTest.qa.testcases.ProductSettingPageTest" time="1.024"/>
  <testcase name="ProductStatusDownlineCheck_AG" classname="AASProductTestCase.AASProductTest.qa.testcases.ProductSettingPageTest" time="1.026"/>
  <testcase name="ProductStatusDownlineCheck_AG" classname="AASProductTestCase.AASProductTest.qa.testcases.ProductSettingPageTest" time="1.027"/>
  <testcase name="ProductStatusDownlineCheck_AG" classname="AASProductTestCase.AASProductTest.qa.testcases.ProductSettingPageTest" time="1.027"/>
  <testcase name="ProductSettingAGSingleUpdate" classname="AASProductTestCase.AASProductTest.qa.testcases.ProductSettingPageTest" time="5.725"/>
  <testcase name="ProductSettingAGSingleUpdate" classname="AASProductTestCase.AASProductTest.qa.testcases.ProductSettingPageTest" time="5.663"/>
  <testcase name="ProductSettingAGSingleUpdate" classname="AASProductTestCase.AASProductTest.qa.testcases.ProductSettingPageTest" time="5.643"/>
  <testcase name="ProductSettingAGSingleUpdate" classname="AASProductTestCase.AASProductTest.qa.testcases.ProductSettingPageTest" time="5.634"/>
  <testcase name="ProductSettingAGSingleUpdate" classname="AASProductTestCase.AASProductTest.qa.testcases.ProductSettingPageTest" time="5.636"/>
  <testcase name="ProductSettingAGSingleUpdate" classname="AASProductTestCase.AASProductTest.qa.testcases.ProductSettingPageTest" time="5.651"/>
  <testcase name="ProductSettingAGSingleUpdate" classname="AASProductTestCase.AASProductTest.qa.testcases.ProductSettingPageTest" time="5.673"/>
  <testcase name="ProductSettingAGSingleUpdate" classname="AASProductTestCase.AASProductTest.qa.testcases.ProductSettingPageTest" time="5.772"/>
  <testcase name="ProductSettingAGSingleUpdate" classname="AASProductTestCase.AASProductTest.qa.testcases.ProductSettingPageTest" time="5.657"/>
  <testcase name="ProductSettingAGSingleUpdate" classname="AASProductTestCase.AASProductTest.qa.testcases.ProductSettingPageTest" time="5.703"/>
  <testcase name="ProductSettingAGSingleUpdate" classname="AASProductTestCase.AASProductTest.qa.testcases.ProductSettingPageTest" time="5.676"/>
  <testcase name="ProductSettingAGSingleUpdate" classname="AASProductTestCase.AASProductTest.qa.testcases.ProductSettingPageTest" time="5.714"/>
  <testcase name="ProductSettingAGSingleUpdate" classname="AASProductTestCase.AASProductTest.qa.testcases.ProductSettingPageTest" time="5.647"/>
  <testcase name="ProductSettingAGSingleUpdate" classname="AASProductTestCase.AASProductTest.qa.testcases.ProductSettingPageTest" time="5.66"/>
  <testcase name="ProductSettingAGSingleUpdate" classname="AASProductTestCase.AASProductTest.qa.testcases.ProductSettingPageTest" time="5.626"/>
  <testcase name="ProductSettingAGSingleUpdate" classname="AASProductTestCase.AASProductTest.qa.testcases.ProductSettingPageTest" time="5.724"/>
  <testcase name="ProductSettingAGSingleUpdate" classname="AASProductTestCase.AASProductTest.qa.testcases.ProductSettingPageTest" time="5.646"/>
  <testcase name="ProductSettingAGSingleUpdate" classname="AASProductTestCase.AASProductTest.qa.testcases.ProductSettingPageTest" time="5.653"/>
  <testcase name="ProductSettingAGroupUpdate" classname="AASProductTestCase.AASProductTest.qa.testcases.ProductSettingPageTest" time="9.734"/>
  <testcase name="AGProductStatusGroupActiveTest" classname="AASProductTestCase.AASProductTest.qa.testcases.ProductSettingPageTest" time="2.033"/>
  <testcase name="AGProductStatusGroupActiveTest" classname="AASProductTestCase.AASProductTest.qa.testcases.ProductSettingPageTest" time="2.032"/>
  <testcase name="AGProductStatusGroupActiveTest" classname="AASProductTestCase.AASProductTest.qa.testcases.ProductSettingPageTest" time="2.033"/>
  <testcase name="AGProductStatusGroupActiveTest" classname="AASProductTestCase.AASProductTest.qa.testcases.ProductSettingPageTest" time="2.024"/>
  <testcase name="AGProductStatusGroupActiveTest" classname="AASProductTestCase.AASProductTest.qa.testcases.ProductSettingPageTest" time="2.029"/>
  <testcase name="AGProductStatusGroupActiveTest" classname="AASProductTestCase.AASProductTest.qa.testcases.ProductSettingPageTest" time="2.027"/>
  <testcase name="AGProductStatusGroupActiveTest" classname="AASProductTestCase.AASProductTest.qa.testcases.ProductSettingPageTest" time="2.027"/>
  <testcase name="AGProductStatusGroupActiveTest" classname="AASProductTestCase.AASProductTest.qa.testcases.ProductSettingPageTest" time="2.025"/>
  <testcase name="AGProductStatusGroupActiveTest" classname="AASProductTestCase.AASProductTest.qa.testcases.ProductSettingPageTest" time="2.025"/>
  <testcase name="AGProductStatusGroupActiveTest" classname="AASProductTestCase.AASProductTest.qa.testcases.ProductSettingPageTest" time="2.029"/>
  <testcase name="AGProductStatusGroupActiveTest" classname="AASProductTestCase.AASProductTest.qa.testcases.ProductSettingPageTest" time="2.028"/>
  <testcase name="AGProductStatusGroupActiveTest" classname="AASProductTestCase.AASProductTest.qa.testcases.ProductSettingPageTest" time="2.027"/>
  <testcase name="AGProductStatusGroupActiveTest" classname="AASProductTestCase.AASProductTest.qa.testcases.ProductSettingPageTest" time="2.026"/>
  <testcase name="AGProductStatusGroupActiveTest" classname="AASProductTestCase.AASProductTest.qa.testcases.ProductSettingPageTest" time="2.028"/>
  <testcase name="AGProductStatusGroupActiveTest" classname="AASProductTestCase.AASProductTest.qa.testcases.ProductSettingPageTest" time="2.028"/>
  <testcase name="AGProductStatusGroupActiveTest" classname="AASProductTestCase.AASProductTest.qa.testcases.ProductSettingPageTest" time="2.026"/>
  <testcase name="AGProductStatusGroupActiveTest" classname="AASProductTestCase.AASProductTest.qa.testcases.ProductSettingPageTest" time="2.029"/>
  <testcase name="AGProductStatusGroupActiveTest" classname="AASProductTestCase.AASProductTest.qa.testcases.ProductSettingPageTest" time="2.025"/>
  <testcase name="ProductSettingAGroupUpdate02" classname="AASProductTestCase.AASProductTest.qa.testcases.ProductSettingPageTest" time="9.787"/>
</testsuite>